<?xml version="1.0" encoding="UTF-8"?>
<coverage generated="1762525334836" clover="3.2.0">
  <project timestamp="1762525334836" name="All files">
    <metrics statements="5409" coveredstatements="4535" conditionals="1354" coveredconditionals="1086" methods="344" coveredmethods="284" elements="7107" coveredelements="5905" complexity="0" loc="5409" ncloc="5409" packages="3" files="47" classes="47"/>
    <package name="javascript">
      <metrics statements="55" coveredstatements="55" conditionals="4" coveredconditionals="4" methods="1" coveredmethods="1"/>
      <file name="application.js" path="/home/morik/emotion_music_box/app/javascript/application.js">
        <metrics statements="55" coveredstatements="55" conditionals="4" coveredconditionals="4" methods="1" coveredmethods="1"/>
        <line num="1" count="1" type="stmt"/>
        <line num="2" count="1" type="stmt"/>
        <line num="3" count="1" type="stmt"/>
        <line num="4" count="1" type="stmt"/>
        <line num="5" count="1" type="stmt"/>
        <line num="6" count="1" type="stmt"/>
        <line num="7" count="1" type="stmt"/>
        <line num="8" count="1" type="stmt"/>
        <line num="9" count="1" type="stmt"/>
        <line num="10" count="1" type="stmt"/>
        <line num="11" count="1" type="stmt"/>
        <line num="12" count="1" type="stmt"/>
        <line num="13" count="1" type="stmt"/>
        <line num="14" count="1" type="stmt"/>
        <line num="15" count="1" type="stmt"/>
        <line num="16" count="1" type="stmt"/>
        <line num="17" count="1" type="stmt"/>
        <line num="18" count="1" type="stmt"/>
        <line num="19" count="1" type="stmt"/>
        <line num="20" count="1" type="stmt"/>
        <line num="21" count="1" type="stmt"/>
        <line num="22" count="1" type="stmt"/>
        <line num="23" count="1" type="stmt"/>
        <line num="24" count="1" type="stmt"/>
        <line num="25" count="1" type="stmt"/>
        <line num="26" count="1" type="stmt"/>
        <line num="27" count="1" type="stmt"/>
        <line num="28" count="1" type="stmt"/>
        <line num="29" count="1" type="stmt"/>
        <line num="30" count="1" type="stmt"/>
        <line num="31" count="1" type="stmt"/>
        <line num="32" count="1" type="stmt"/>
        <line num="33" count="1" type="stmt"/>
        <line num="34" count="1" type="stmt"/>
        <line num="35" count="1" type="stmt"/>
        <line num="36" count="1" type="cond" truecount="1" falsecount="0"/>
        <line num="37" count="11" type="stmt"/>
        <line num="38" count="11" type="stmt"/>
        <line num="39" count="1" type="stmt"/>
        <line num="40" count="1" type="stmt"/>
        <line num="41" count="1" type="cond" truecount="1" falsecount="0"/>
        <line num="42" count="11" type="stmt"/>
        <line num="43" count="11" type="stmt"/>
        <line num="44" count="11" type="cond" truecount="1" falsecount="0"/>
        <line num="45" count="43" type="cond" truecount="1" falsecount="0"/>
        <line num="46" count="11" type="stmt"/>
        <line num="47" count="11" type="stmt"/>
        <line num="48" count="11" type="stmt"/>
        <line num="49" count="11" type="stmt"/>
        <line num="50" count="11" type="stmt"/>
        <line num="51" count="11" type="stmt"/>
        <line num="52" count="11" type="stmt"/>
        <line num="53" count="1" type="stmt"/>
        <line num="54" count="1" type="stmt"/>
        <line num="55" count="1" type="stmt"/>
      </file>
    </package>
    <package name="javascript.controllers">
      <metrics statements="3942" coveredstatements="3161" conditionals="961" coveredconditionals="732" methods="279" coveredmethods="228"/>
      <file name="add_song_modal_controller.js" path="/home/morik/emotion_music_box/app/javascript/controllers/add_song_modal_controller.js">
        <metrics statements="53" coveredstatements="53" conditionals="8" coveredconditionals="8" methods="5" coveredmethods="5"/>
        <line num="1" count="1" type="stmt"/>
        <line num="2" count="1" type="stmt"/>
        <line num="3" count="1" type="stmt"/>
        <line num="4" count="1" type="stmt"/>
        <line num="5" count="1" type="cond" truecount="1" falsecount="0"/>
        <line num="6" count="1" type="stmt"/>
        <line num="7" count="1" type="cond" truecount="1" falsecount="0"/>
        <line num="8" count="5" type="stmt"/>
        <line num="9" count="5" type="stmt"/>
        <line num="10" count="5" type="stmt"/>
        <line num="11" count="1" type="stmt"/>
        <line num="12" count="1" type="stmt"/>
        <line num="13" count="1" type="cond" truecount="1" falsecount="0"/>
        <line num="14" count="3" type="stmt"/>
        <line num="15" count="3" type="stmt"/>
        <line num="16" count="3" type="stmt"/>
        <line num="17" count="3" type="stmt"/>
        <line num="18" count="3" type="stmt"/>
        <line num="19" count="3" type="stmt"/>
        <line num="20" count="3" type="stmt"/>
        <line num="21" count="3" type="stmt"/>
        <line num="22" count="3" type="stmt"/>
        <line num="23" count="1" type="stmt"/>
        <line num="24" count="1" type="stmt"/>
        <line num="25" count="1" type="cond" truecount="1" falsecount="0"/>
        <line num="26" count="3" type="stmt"/>
        <line num="27" count="3" type="stmt"/>
        <line num="28" count="3" type="stmt"/>
        <line num="29" count="3" type="stmt"/>
        <line num="30" count="3" type="stmt"/>
        <line num="31" count="3" type="stmt"/>
        <line num="32" count="3" type="cond" truecount="1" falsecount="0"/>
        <line num="33" count="3" type="stmt"/>
        <line num="34" count="3" type="stmt"/>
        <line num="35" count="3" type="stmt"/>
        <line num="36" count="3" type="stmt"/>
        <line num="37" count="3" type="stmt"/>
        <line num="38" count="3" type="cond" truecount="2" falsecount="0"/>
        <line num="39" count="2" type="stmt"/>
        <line num="40" count="2" type="stmt"/>
        <line num="41" count="2" type="stmt"/>
        <line num="42" count="2" type="stmt"/>
        <line num="43" count="3" type="stmt"/>
        <line num="44" count="3" type="stmt"/>
        <line num="45" count="3" type="stmt"/>
        <line num="46" count="3" type="stmt"/>
        <line num="47" count="1" type="stmt"/>
        <line num="48" count="1" type="stmt"/>
        <line num="49" count="1" type="cond" truecount="1" falsecount="0"/>
        <line num="50" count="1" type="stmt"/>
        <line num="51" count="1" type="stmt"/>
        <line num="52" count="1" type="stmt"/>
        <line num="53" count="1" type="stmt"/>
      </file>
      <file name="application.js" path="/home/morik/emotion_music_box/app/javascript/controllers/application.js">
        <metrics statements="9" coveredstatements="9" conditionals="0" coveredconditionals="0" methods="0" coveredmethods="0"/>
        <line num="1" count="1" type="stmt"/>
        <line num="2" count="1" type="stmt"/>
        <line num="3" count="1" type="stmt"/>
        <line num="4" count="1" type="stmt"/>
        <line num="5" count="1" type="stmt"/>
        <line num="6" count="1" type="stmt"/>
        <line num="7" count="1" type="stmt"/>
        <line num="8" count="1" type="stmt"/>
        <line num="9" count="1" type="stmt"/>
      </file>
      <file name="bookmark_controller.js" path="/home/morik/emotion_music_box/app/javascript/controllers/bookmark_controller.js">
        <metrics statements="174" coveredstatements="164" conditionals="52" coveredconditionals="44" methods="11" coveredmethods="11"/>
        <line num="1" count="1" type="stmt"/>
        <line num="2" count="1" type="stmt"/>
        <line num="3" count="1" type="stmt"/>
        <line num="4" count="1" type="stmt"/>
        <line num="5" count="1" type="cond" truecount="1" falsecount="0"/>
        <line num="6" count="1" type="stmt"/>
        <line num="7" count="1" type="cond" truecount="1" falsecount="0"/>
        <line num="8" count="17" type="stmt"/>
        <line num="9" count="17" type="stmt"/>
        <line num="10" count="17" type="cond" truecount="0" falsecount="1"/>
        <line num="11" count="17" type="cond" truecount="1" falsecount="0"/>
        <line num="12" count="1" type="stmt"/>
        <line num="13" count="1" type="stmt"/>
        <line num="14" count="17" type="stmt"/>
        <line num="15" count="17" type="stmt"/>
        <line num="16" count="17" type="stmt"/>
        <line num="17" count="17" type="stmt"/>
        <line num="18" count="17" type="cond" truecount="1" falsecount="0"/>
        <line num="19" count="1" type="stmt"/>
        <line num="20" count="1" type="cond" truecount="0" falsecount="1"/>
        <line num="21" count="1" type="stmt"/>
        <line num="22" count="1" type="stmt"/>
        <line num="23" count="1" type="stmt"/>
        <line num="24" count="1" type="stmt"/>
        <line num="25" count="17" type="stmt"/>
        <line num="26" count="17" type="stmt"/>
        <line num="27" count="17" type="cond" truecount="1" falsecount="0"/>
        <line num="28" count="3" type="stmt"/>
        <line num="29" count="3" type="cond" truecount="2" falsecount="0"/>
        <line num="30" count="2" type="stmt"/>
        <line num="31" count="3" type="cond" truecount="1" falsecount="0"/>
        <line num="32" count="1" type="stmt"/>
        <line num="33" count="2" type="cond" truecount="1" falsecount="0"/>
        <line num="34" count="2" type="stmt"/>
        <line num="35" count="2" type="stmt"/>
        <line num="36" count="17" type="stmt"/>
        <line num="37" count="17" type="stmt"/>
        <line num="38" count="1" type="stmt"/>
        <line num="39" count="1" type="cond" truecount="1" falsecount="0"/>
        <line num="40" count="16" type="stmt"/>
        <line num="41" count="16" type="stmt"/>
        <line num="42" count="16" type="stmt"/>
        <line num="43" count="1" type="stmt"/>
        <line num="44" count="1" type="cond" truecount="1" falsecount="0"/>
        <line num="45" count="8" type="stmt"/>
        <line num="46" count="8" type="stmt"/>
        <line num="47" count="8" type="stmt"/>
        <line num="48" count="8" type="stmt"/>
        <line num="49" count="8" type="stmt"/>
        <line num="50" count="8" type="cond" truecount="1" falsecount="0"/>
        <line num="51" count="8" type="stmt"/>
        <line num="52" count="8" type="stmt"/>
        <line num="53" count="8" type="stmt"/>
        <line num="54" count="8" type="stmt"/>
        <line num="55" count="8" type="cond" truecount="1" falsecount="0"/>
        <line num="56" count="5" type="stmt"/>
        <line num="57" count="8" type="stmt"/>
        <line num="58" count="8" type="stmt"/>
        <line num="59" count="8" type="cond" truecount="1" falsecount="0"/>
        <line num="60" count="3" type="stmt"/>
        <line num="61" count="3" type="stmt"/>
        <line num="62" count="3" type="stmt"/>
        <line num="63" count="3" type="stmt"/>
        <line num="64" count="3" type="stmt"/>
        <line num="65" count="3" type="stmt"/>
        <line num="66" count="3" type="cond" truecount="1" falsecount="0"/>
        <line num="67" count="6" type="stmt"/>
        <line num="68" count="6" type="stmt"/>
        <line num="69" count="3" type="stmt"/>
        <line num="70" count="3" type="cond" truecount="1" falsecount="0"/>
        <line num="71" count="1" type="cond" truecount="1" falsecount="0"/>
        <line num="72" count="3" type="stmt"/>
        <line num="73" count="3" type="stmt"/>
        <line num="74" count="3" type="stmt"/>
        <line num="75" count="3" type="stmt"/>
        <line num="76" count="3" type="stmt"/>
        <line num="77" count="3" type="cond" truecount="1" falsecount="0"/>
        <line num="78" count="2" type="cond" truecount="3" falsecount="0"/>
        <line num="79" count="1" type="stmt"/>
        <line num="80" count="3" type="stmt"/>
        <line num="81" count="3" type="cond" truecount="1" falsecount="0"/>
        <line num="82" count="5" type="stmt"/>
        <line num="83" count="5" type="stmt"/>
        <line num="84" count="5" type="stmt"/>
        <line num="85" count="5" type="stmt"/>
        <line num="86" count="8" type="cond" truecount="0" falsecount="1"/>
        <line num="87" count="0" type="stmt"/>
        <line num="88" count="0" type="stmt"/>
        <line num="89" count="0" type="stmt"/>
        <line num="90" count="0" type="stmt"/>
        <line num="91" count="0" type="stmt"/>
        <line num="92" count="0" type="stmt"/>
        <line num="93" count="0" type="stmt"/>
        <line num="94" count="0" type="cond" truecount="1" falsecount="0"/>
        <line num="95" count="5" type="stmt"/>
        <line num="96" count="5" type="stmt"/>
        <line num="97" count="5" type="stmt"/>
        <line num="98" count="5" type="stmt"/>
        <line num="99" count="5" type="cond" truecount="1" falsecount="0"/>
        <line num="100" count="8" type="cond" truecount="1" falsecount="0"/>
        <line num="101" count="8" type="cond" truecount="4" falsecount="0"/>
        <line num="102" count="8" type="stmt"/>
        <line num="103" count="1" type="stmt"/>
        <line num="104" count="1" type="stmt"/>
        <line num="105" count="1" type="stmt"/>
        <line num="106" count="1" type="stmt"/>
        <line num="107" count="1" type="stmt"/>
        <line num="108" count="1" type="stmt"/>
        <line num="109" count="1" type="cond" truecount="1" falsecount="0"/>
        <line num="110" count="2" type="cond" truecount="1" falsecount="0"/>
        <line num="111" count="2" type="cond" truecount="1" falsecount="0"/>
        <line num="112" count="1" type="stmt"/>
        <line num="113" count="1" type="stmt"/>
        <line num="114" count="1" type="stmt"/>
        <line num="115" count="2" type="cond" truecount="0" falsecount="1"/>
        <line num="116" count="2" type="cond" truecount="0" falsecount="1"/>
        <line num="117" count="0" type="stmt"/>
        <line num="118" count="0" type="cond" truecount="1" falsecount="0"/>
        <line num="119" count="1" type="stmt"/>
        <line num="120" count="1" type="stmt"/>
        <line num="121" count="1" type="stmt"/>
        <line num="122" count="1" type="stmt"/>
        <line num="123" count="1" type="cond" truecount="0" falsecount="1"/>
        <line num="124" count="2" type="stmt"/>
        <line num="125" count="2" type="cond" truecount="1" falsecount="0"/>
        <line num="126" count="1" type="stmt"/>
        <line num="127" count="1" type="stmt"/>
        <line num="128" count="1" type="stmt"/>
        <line num="129" count="1" type="stmt"/>
        <line num="130" count="1" type="stmt"/>
        <line num="131" count="1" type="stmt"/>
        <line num="132" count="1" type="stmt"/>
        <line num="133" count="1" type="stmt"/>
        <line num="134" count="1" type="stmt"/>
        <line num="135" count="1" type="cond" truecount="1" falsecount="0"/>
        <line num="136" count="3" type="stmt"/>
        <line num="137" count="3" type="stmt"/>
        <line num="138" count="3" type="stmt"/>
        <line num="139" count="3" type="stmt"/>
        <line num="140" count="3" type="stmt"/>
        <line num="141" count="1" type="stmt"/>
        <line num="142" count="1" type="stmt"/>
        <line num="143" count="1" type="stmt"/>
        <line num="144" count="1" type="cond" truecount="1" falsecount="0"/>
        <line num="145" count="2" type="cond" truecount="1" falsecount="0"/>
        <line num="146" count="1" type="stmt"/>
        <line num="147" count="1" type="stmt"/>
        <line num="148" count="2" type="cond" truecount="1" falsecount="0"/>
        <line num="149" count="2" type="stmt"/>
        <line num="150" count="2" type="stmt"/>
        <line num="151" count="1" type="stmt"/>
        <line num="152" count="1" type="stmt"/>
        <line num="153" count="1" type="cond" truecount="1" falsecount="0"/>
        <line num="154" count="18" type="cond" truecount="1" falsecount="0"/>
        <line num="155" count="15" type="stmt"/>
        <line num="156" count="18" type="stmt"/>
        <line num="157" count="18" type="stmt"/>
        <line num="158" count="1" type="stmt"/>
        <line num="159" count="1" type="cond" truecount="1" falsecount="0"/>
        <line num="160" count="21" type="stmt"/>
        <line num="161" count="21" type="stmt"/>
        <line num="162" count="21" type="cond" truecount="0" falsecount="1"/>
        <line num="163" count="21" type="cond" truecount="1" falsecount="0"/>
        <line num="164" count="1" type="cond" truecount="0" falsecount="1"/>
        <line num="165" count="1" type="stmt"/>
        <line num="166" count="21" type="cond" truecount="1" falsecount="0"/>
        <line num="167" count="11" type="stmt"/>
        <line num="168" count="11" type="stmt"/>
        <line num="169" count="21" type="stmt"/>
        <line num="170" count="1" type="stmt"/>
        <line num="171" count="1" type="cond" truecount="1" falsecount="0"/>
        <line num="172" count="2" type="stmt"/>
        <line num="173" count="2" type="stmt"/>
        <line num="174" count="1" type="stmt"/>
      </file>
      <file name="bookmark_toggle_controller.js" path="/home/morik/emotion_music_box/app/javascript/controllers/bookmark_toggle_controller.js">
        <metrics statements="41" coveredstatements="41" conditionals="10" coveredconditionals="10" methods="3" coveredmethods="3"/>
        <line num="1" count="1" type="stmt"/>
        <line num="2" count="1" type="stmt"/>
        <line num="3" count="1" type="stmt"/>
        <line num="4" count="1" type="cond" truecount="1" falsecount="0"/>
        <line num="5" count="1" type="stmt"/>
        <line num="6" count="1" type="cond" truecount="1" falsecount="0"/>
        <line num="7" count="4" type="stmt"/>
        <line num="8" count="4" type="cond" truecount="1" falsecount="0"/>
        <line num="9" count="1" type="stmt"/>
        <line num="10" count="4" type="stmt"/>
        <line num="11" count="4" type="stmt"/>
        <line num="12" count="1" type="stmt"/>
        <line num="13" count="1" type="cond" truecount="1" falsecount="0"/>
        <line num="14" count="3" type="stmt"/>
        <line num="15" count="3" type="stmt"/>
        <line num="16" count="3" type="stmt"/>
        <line num="17" count="3" type="stmt"/>
        <line num="18" count="3" type="stmt"/>
        <line num="19" count="3" type="stmt"/>
        <line num="20" count="3" type="stmt"/>
        <line num="21" count="3" type="stmt"/>
        <line num="22" count="1" type="cond" truecount="1" falsecount="0"/>
        <line num="23" count="3" type="cond" truecount="1" falsecount="0"/>
        <line num="24" count="3" type="stmt"/>
        <line num="25" count="3" type="stmt"/>
        <line num="26" count="3" type="stmt"/>
        <line num="27" count="3" type="stmt"/>
        <line num="28" count="3" type="stmt"/>
        <line num="29" count="3" type="stmt"/>
        <line num="30" count="3" type="stmt"/>
        <line num="31" count="3" type="cond" truecount="2" falsecount="0"/>
        <line num="32" count="3" type="stmt"/>
        <line num="33" count="3" type="stmt"/>
        <line num="34" count="3" type="stmt"/>
        <line num="35" count="3" type="stmt"/>
        <line num="36" count="3" type="cond" truecount="2" falsecount="0"/>
        <line num="37" count="3" type="stmt"/>
        <line num="38" count="3" type="stmt"/>
        <line num="39" count="3" type="stmt"/>
        <line num="40" count="3" type="stmt"/>
        <line num="41" count="1" type="stmt"/>
      </file>
      <file name="comment_form_controller.js" path="/home/morik/emotion_music_box/app/javascript/controllers/comment_form_controller.js">
        <metrics statements="51" coveredstatements="51" conditionals="11" coveredconditionals="10" methods="5" coveredmethods="5"/>
        <line num="1" count="1" type="stmt"/>
        <line num="2" count="1" type="stmt"/>
        <line num="3" count="1" type="stmt"/>
        <line num="4" count="1" type="stmt"/>
        <line num="5" count="1" type="cond" truecount="1" falsecount="0"/>
        <line num="6" count="1" type="stmt"/>
        <line num="7" count="1" type="cond" truecount="1" falsecount="0"/>
        <line num="8" count="1" type="stmt"/>
        <line num="9" count="1" type="stmt"/>
        <line num="10" count="1" type="stmt"/>
        <line num="11" count="1" type="stmt"/>
        <line num="12" count="1" type="cond" truecount="1" falsecount="0"/>
        <line num="13" count="2" type="cond" truecount="1" falsecount="0"/>
        <line num="14" count="1" type="stmt"/>
        <line num="15" count="1" type="stmt"/>
        <line num="16" count="1" type="stmt"/>
        <line num="17" count="1" type="stmt"/>
        <line num="18" count="1" type="stmt"/>
        <line num="19" count="1" type="stmt"/>
        <line num="20" count="1" type="stmt"/>
        <line num="21" count="2" type="stmt"/>
        <line num="22" count="2" type="stmt"/>
        <line num="23" count="1" type="stmt"/>
        <line num="24" count="1" type="stmt"/>
        <line num="25" count="1" type="cond" truecount="1" falsecount="0"/>
        <line num="26" count="4" type="stmt"/>
        <line num="27" count="4" type="stmt"/>
        <line num="28" count="4" type="stmt"/>
        <line num="29" count="4" type="stmt"/>
        <line num="30" count="4" type="stmt"/>
        <line num="31" count="4" type="stmt"/>
        <line num="32" count="4" type="stmt"/>
        <line num="33" count="4" type="stmt"/>
        <line num="34" count="4" type="stmt"/>
        <line num="35" count="4" type="stmt"/>
        <line num="36" count="4" type="stmt"/>
        <line num="37" count="4" type="stmt"/>
        <line num="38" count="4" type="cond" truecount="1" falsecount="0"/>
        <line num="39" count="3" type="cond" truecount="1" falsecount="0"/>
        <line num="40" count="1" type="stmt"/>
        <line num="41" count="3" type="stmt"/>
        <line num="42" count="3" type="stmt"/>
        <line num="43" count="4" type="stmt"/>
        <line num="44" count="1" type="stmt"/>
        <line num="45" count="1" type="cond" truecount="1" falsecount="0"/>
        <line num="46" count="2" type="cond" truecount="1" falsecount="0"/>
        <line num="47" count="1" type="cond" truecount="1" falsecount="0"/>
        <line num="48" count="2" type="cond" truecount="0" falsecount="1"/>
        <line num="49" count="2" type="stmt"/>
        <line num="50" count="2" type="stmt"/>
        <line num="51" count="1" type="stmt"/>
      </file>
      <file name="comment_update_controller.js" path="/home/morik/emotion_music_box/app/javascript/controllers/comment_update_controller.js">
        <metrics statements="10" coveredstatements="10" conditionals="2" coveredconditionals="2" methods="1" coveredmethods="1"/>
        <line num="1" count="1" type="stmt"/>
        <line num="2" count="1" type="stmt"/>
        <line num="3" count="1" type="stmt"/>
        <line num="4" count="1" type="stmt"/>
        <line num="5" count="1" type="cond" truecount="1" falsecount="0"/>
        <line num="6" count="1" type="cond" truecount="1" falsecount="0"/>
        <line num="7" count="1" type="stmt"/>
        <line num="8" count="1" type="stmt"/>
        <line num="9" count="1" type="stmt"/>
        <line num="10" count="1" type="stmt"/>
      </file>
      <file name="flash_then_redirect_controller.js" path="/home/morik/emotion_music_box/app/javascript/controllers/flash_then_redirect_controller.js">
        <metrics statements="45" coveredstatements="45" conditionals="14" coveredconditionals="13" methods="3" coveredmethods="3"/>
        <line num="1" count="1" type="stmt"/>
        <line num="2" count="1" type="stmt"/>
        <line num="3" count="1" type="stmt"/>
        <line num="4" count="1" type="cond" truecount="1" falsecount="0"/>
        <line num="5" count="60" type="stmt"/>
        <line num="6" count="60" type="stmt"/>
        <line num="7" count="60" type="stmt"/>
        <line num="8" count="60" type="stmt"/>
        <line num="9" count="60" type="stmt"/>
        <line num="10" count="60" type="stmt"/>
        <line num="11" count="1" type="stmt"/>
        <line num="12" count="1" type="cond" truecount="1" falsecount="0"/>
        <line num="13" count="3" type="stmt"/>
        <line num="14" count="3" type="cond" truecount="1" falsecount="0"/>
        <line num="15" count="1" type="cond" truecount="0" falsecount="1"/>
        <line num="16" count="3" type="stmt"/>
        <line num="17" count="3" type="cond" truecount="1" falsecount="0"/>
        <line num="18" count="3" type="stmt"/>
        <line num="19" count="3" type="stmt"/>
        <line num="20" count="3" type="stmt"/>
        <line num="21" count="3" type="stmt"/>
        <line num="22" count="3" type="stmt"/>
        <line num="23" count="3" type="cond" truecount="1" falsecount="0"/>
        <line num="24" count="2" type="cond" truecount="1" falsecount="0"/>
        <line num="25" count="2" type="stmt"/>
        <line num="26" count="2" type="stmt"/>
        <line num="27" count="2" type="cond" truecount="1" falsecount="0"/>
        <line num="28" count="1" type="stmt"/>
        <line num="29" count="1" type="stmt"/>
        <line num="30" count="1" type="stmt"/>
        <line num="31" count="1" type="stmt"/>
        <line num="32" count="1" type="stmt"/>
        <line num="33" count="1" type="stmt"/>
        <line num="34" count="1" type="cond" truecount="1" falsecount="0"/>
        <line num="35" count="1" type="stmt"/>
        <line num="36" count="1" type="stmt"/>
        <line num="37" count="1" type="cond" truecount="1" falsecount="0"/>
        <line num="38" count="3" type="cond" truecount="1" falsecount="0"/>
        <line num="39" count="3" type="cond" truecount="2" falsecount="0"/>
        <line num="40" count="2" type="stmt"/>
        <line num="41" count="3" type="cond" truecount="1" falsecount="0"/>
        <line num="42" count="1" type="stmt"/>
        <line num="43" count="1" type="stmt"/>
        <line num="44" count="3" type="stmt"/>
        <line num="45" count="1" type="stmt"/>
      </file>
      <file name="global-player_controller.js" path="/home/morik/emotion_music_box/app/javascript/controllers/global-player_controller.js">
        <metrics statements="1558" coveredstatements="1163" conditionals="449" coveredconditionals="257" methods="120" coveredmethods="88"/>
        <line num="1" count="1" type="stmt"/>
        <line num="2" count="1" type="stmt"/>
        <line num="3" count="1" type="stmt"/>
        <line num="4" count="1" type="stmt"/>
        <line num="5" count="1" type="stmt"/>
        <line num="6" count="1" type="stmt"/>
        <line num="7" count="1" type="stmt"/>
        <line num="8" count="1" type="stmt"/>
        <line num="9" count="1" type="stmt"/>
        <line num="10" count="1" type="stmt"/>
        <line num="11" count="1" type="stmt"/>
        <line num="12" count="1" type="stmt"/>
        <line num="13" count="1" type="stmt"/>
        <line num="14" count="1" type="stmt"/>
        <line num="15" count="1" type="stmt"/>
        <line num="16" count="1" type="stmt"/>
        <line num="17" count="1" type="stmt"/>
        <line num="18" count="1" type="stmt"/>
        <line num="19" count="1" type="stmt"/>
        <line num="20" count="1" type="cond" truecount="1" falsecount="0"/>
        <line num="21" count="52" type="cond" truecount="1" falsecount="0"/>
        <line num="22" count="52" type="stmt"/>
        <line num="23" count="52" type="stmt"/>
        <line num="24" count="52" type="cond" truecount="1" falsecount="0"/>
        <line num="25" count="449" type="stmt"/>
        <line num="26" count="449" type="stmt"/>
        <line num="27" count="449" type="cond" truecount="1" falsecount="0"/>
        <line num="28" count="449" type="cond" truecount="2" falsecount="0"/>
        <line num="29" count="449" type="cond" truecount="1" falsecount="1"/>
        <line num="30" count="449" type="cond" truecount="1" falsecount="1"/>
        <line num="31" count="411" type="stmt"/>
        <line num="32" count="449" type="cond" truecount="0" falsecount="1"/>
        <line num="33" count="449" type="stmt"/>
        <line num="34" count="52" type="stmt"/>
        <line num="35" count="52" type="stmt"/>
        <line num="36" count="52" type="cond" truecount="1" falsecount="2"/>
        <line num="37" count="52" type="cond" truecount="1" falsecount="0"/>
        <line num="38" count="219" type="stmt"/>
        <line num="39" count="219" type="stmt"/>
        <line num="40" count="219" type="cond" truecount="0" falsecount="1"/>
        <line num="41" count="219" type="cond" truecount="0" falsecount="1"/>
        <line num="42" count="219" type="stmt"/>
        <line num="43" count="52" type="cond" truecount="1" falsecount="0"/>
        <line num="44" count="2" type="stmt"/>
        <line num="45" count="2" type="stmt"/>
        <line num="46" count="2" type="cond" truecount="1" falsecount="0"/>
        <line num="47" count="2" type="stmt"/>
        <line num="48" count="2" type="cond" truecount="0" falsecount="1"/>
        <line num="49" count="2" type="stmt"/>
        <line num="50" count="52" type="cond" truecount="1" falsecount="0"/>
        <line num="51" count="52" type="stmt"/>
        <line num="52" count="52" type="stmt"/>
        <line num="53" count="52" type="stmt"/>
        <line num="54" count="52" type="cond" truecount="1" falsecount="0"/>
        <line num="55" count="3" type="stmt"/>
        <line num="56" count="3" type="stmt"/>
        <line num="57" count="3" type="cond" truecount="3" falsecount="0"/>
        <line num="58" count="1" type="stmt"/>
        <line num="59" count="1" type="stmt"/>
        <line num="60" count="3" type="cond" truecount="1" falsecount="0"/>
        <line num="61" count="1" type="stmt"/>
        <line num="62" count="1" type="stmt"/>
        <line num="63" count="1" type="stmt"/>
        <line num="64" count="1" type="stmt"/>
        <line num="65" count="1" type="stmt"/>
        <line num="66" count="1" type="stmt"/>
        <line num="67" count="1" type="stmt"/>
        <line num="68" count="1" type="stmt"/>
        <line num="69" count="1" type="stmt"/>
        <line num="70" count="1" type="stmt"/>
        <line num="71" count="1" type="stmt"/>
        <line num="72" count="3" type="cond" truecount="0" falsecount="1"/>
        <line num="73" count="0" type="stmt"/>
        <line num="74" count="0" type="stmt"/>
        <line num="75" count="3" type="stmt"/>
        <line num="76" count="52" type="stmt"/>
        <line num="77" count="52" type="stmt"/>
        <line num="78" count="52" type="cond" truecount="1" falsecount="0"/>
        <line num="79" count="52" type="cond" truecount="1" falsecount="0"/>
        <line num="80" count="52" type="cond" truecount="1" falsecount="0"/>
        <line num="81" count="52" type="cond" truecount="1" falsecount="0"/>
        <line num="82" count="52" type="stmt"/>
        <line num="83" count="52" type="stmt"/>
        <line num="84" count="52" type="stmt"/>
        <line num="85" count="0" type="stmt"/>
        <line num="86" count="0" type="stmt"/>
        <line num="87" count="0" type="stmt"/>
        <line num="88" count="0" type="stmt"/>
        <line num="89" count="0" type="stmt"/>
        <line num="90" count="0" type="stmt"/>
        <line num="91" count="0" type="stmt"/>
        <line num="92" count="0" type="stmt"/>
        <line num="93" count="0" type="stmt"/>
        <line num="94" count="0" type="stmt"/>
        <line num="95" count="0" type="stmt"/>
        <line num="96" count="0" type="stmt"/>
        <line num="97" count="52" type="stmt"/>
        <line num="98" count="52" type="cond" truecount="1" falsecount="0"/>
        <line num="99" count="449" type="stmt"/>
        <line num="100" count="449" type="stmt"/>
        <line num="101" count="449" type="cond" truecount="0" falsecount="1"/>
        <line num="102" count="449" type="stmt"/>
        <line num="103" count="449" type="cond" truecount="3" falsecount="0"/>
        <line num="104" count="71" type="cond" truecount="1" falsecount="1"/>
        <line num="105" count="38" type="stmt"/>
        <line num="106" count="71" type="cond" truecount="0" falsecount="1"/>
        <line num="107" count="449" type="stmt"/>
        <line num="108" count="52" type="stmt"/>
        <line num="109" count="52" type="stmt"/>
        <line num="110" count="52" type="cond" truecount="1" falsecount="0"/>
        <line num="111" count="271" type="stmt"/>
        <line num="112" count="271" type="cond" truecount="2" falsecount="0"/>
        <line num="113" count="250" type="stmt"/>
        <line num="114" count="271" type="cond" truecount="2" falsecount="0"/>
        <line num="115" count="271" type="cond" truecount="2" falsecount="1"/>
        <line num="116" count="271" type="cond" truecount="0" falsecount="1"/>
        <line num="117" count="271" type="cond" truecount="2" falsecount="1"/>
        <line num="118" count="271" type="cond" truecount="0" falsecount="2"/>
        <line num="119" count="271" type="cond" truecount="2" falsecount="1"/>
        <line num="120" count="6" type="stmt"/>
        <line num="121" count="6" type="stmt"/>
        <line num="122" count="52" type="cond" truecount="1" falsecount="0"/>
        <line num="123" count="2" type="cond" truecount="0" falsecount="1"/>
        <line num="124" count="2" type="cond" truecount="0" falsecount="1"/>
        <line num="125" count="2" type="stmt"/>
        <line num="126" count="2" type="cond" truecount="0" falsecount="1"/>
        <line num="127" count="2" type="stmt"/>
        <line num="128" count="2" type="stmt"/>
        <line num="129" count="52" type="stmt"/>
        <line num="130" count="52" type="stmt"/>
        <line num="131" count="52" type="stmt"/>
        <line num="132" count="52" type="cond" truecount="1" falsecount="0"/>
        <line num="133" count="2" type="stmt"/>
        <line num="134" count="2" type="stmt"/>
        <line num="135" count="2" type="stmt"/>
        <line num="136" count="2" type="stmt"/>
        <line num="137" count="2" type="stmt"/>
        <line num="138" count="2" type="stmt"/>
        <line num="139" count="2" type="stmt"/>
        <line num="140" count="2" type="stmt"/>
        <line num="141" count="2" type="cond" truecount="0" falsecount="1"/>
        <line num="142" count="2" type="cond" truecount="0" falsecount="2"/>
        <line num="143" count="2" type="stmt"/>
        <line num="144" count="2" type="stmt"/>
        <line num="145" count="2" type="stmt"/>
        <line num="146" count="2" type="stmt"/>
        <line num="147" count="2" type="stmt"/>
        <line num="148" count="2" type="stmt"/>
        <line num="149" count="2" type="stmt"/>
        <line num="150" count="2" type="stmt"/>
        <line num="151" count="2" type="stmt"/>
        <line num="152" count="2" type="stmt"/>
        <line num="153" count="2" type="stmt"/>
        <line num="154" count="2" type="stmt"/>
        <line num="155" count="2" type="stmt"/>
        <line num="156" count="2" type="stmt"/>
        <line num="157" count="2" type="stmt"/>
        <line num="158" count="2" type="stmt"/>
        <line num="159" count="2" type="stmt"/>
        <line num="160" count="2" type="stmt"/>
        <line num="161" count="2" type="stmt"/>
        <line num="162" count="2" type="cond" truecount="1" falsecount="0"/>
        <line num="163" count="2" type="stmt"/>
        <line num="164" count="2" type="cond" truecount="0" falsecount="1"/>
        <line num="165" count="0" type="stmt"/>
        <line num="166" count="0" type="stmt"/>
        <line num="167" count="0" type="stmt"/>
        <line num="168" count="0" type="stmt"/>
        <line num="169" count="0" type="stmt"/>
        <line num="170" count="0" type="stmt"/>
        <line num="171" count="0" type="stmt"/>
        <line num="172" count="0" type="stmt"/>
        <line num="173" count="0" type="stmt"/>
        <line num="174" count="0" type="stmt"/>
        <line num="175" count="0" type="stmt"/>
        <line num="176" count="0" type="stmt"/>
        <line num="177" count="0" type="stmt"/>
        <line num="178" count="0" type="stmt"/>
        <line num="179" count="0" type="stmt"/>
        <line num="180" count="0" type="stmt"/>
        <line num="181" count="0" type="stmt"/>
        <line num="182" count="0" type="stmt"/>
        <line num="183" count="0" type="stmt"/>
        <line num="184" count="0" type="stmt"/>
        <line num="185" count="0" type="stmt"/>
        <line num="186" count="0" type="stmt"/>
        <line num="187" count="0" type="stmt"/>
        <line num="188" count="0" type="stmt"/>
        <line num="189" count="0" type="stmt"/>
        <line num="190" count="0" type="stmt"/>
        <line num="191" count="0" type="stmt"/>
        <line num="192" count="0" type="stmt"/>
        <line num="193" count="0" type="stmt"/>
        <line num="194" count="0" type="stmt"/>
        <line num="195" count="0" type="stmt"/>
        <line num="196" count="0" type="stmt"/>
        <line num="197" count="0" type="stmt"/>
        <line num="198" count="0" type="stmt"/>
        <line num="199" count="0" type="stmt"/>
        <line num="200" count="0" type="stmt"/>
        <line num="201" count="0" type="stmt"/>
        <line num="202" count="0" type="stmt"/>
        <line num="203" count="0" type="stmt"/>
        <line num="204" count="0" type="stmt"/>
        <line num="205" count="0" type="stmt"/>
        <line num="206" count="0" type="stmt"/>
        <line num="207" count="0" type="stmt"/>
        <line num="208" count="0" type="stmt"/>
        <line num="209" count="0" type="stmt"/>
        <line num="210" count="0" type="stmt"/>
        <line num="211" count="0" type="stmt"/>
        <line num="212" count="0" type="stmt"/>
        <line num="213" count="0" type="stmt"/>
        <line num="214" count="2" type="cond" truecount="0" falsecount="1"/>
        <line num="215" count="0" type="stmt"/>
        <line num="216" count="0" type="stmt"/>
        <line num="217" count="2" type="stmt"/>
        <line num="218" count="52" type="stmt"/>
        <line num="219" count="52" type="cond" truecount="1" falsecount="0"/>
        <line num="220" count="102" type="cond" truecount="3" falsecount="0"/>
        <line num="221" count="102" type="stmt"/>
        <line num="222" count="102" type="cond" truecount="1" falsecount="0"/>
        <line num="223" count="102" type="stmt"/>
        <line num="224" count="102" type="stmt"/>
        <line num="225" count="102" type="stmt"/>
        <line num="226" count="52" type="stmt"/>
        <line num="227" count="52" type="stmt"/>
        <line num="228" count="52" type="stmt"/>
        <line num="229" count="52" type="cond" truecount="1" falsecount="0"/>
        <line num="230" count="126" type="cond" truecount="0" falsecount="1"/>
        <line num="231" count="126" type="stmt"/>
        <line num="232" count="126" type="stmt"/>
        <line num="233" count="52" type="stmt"/>
        <line num="234" count="52" type="stmt"/>
        <line num="235" count="52" type="cond" truecount="1" falsecount="1"/>
        <line num="236" count="52" type="stmt"/>
        <line num="237" count="52" type="cond" truecount="1" falsecount="0"/>
        <line num="238" count="25" type="stmt"/>
        <line num="239" count="25" type="stmt"/>
        <line num="240" count="25" type="cond" truecount="0" falsecount="1"/>
        <line num="241" count="25" type="cond" truecount="0" falsecount="1"/>
        <line num="242" count="25" type="stmt"/>
        <line num="243" count="52" type="stmt"/>
        <line num="244" count="52" type="stmt"/>
        <line num="245" count="0" type="stmt"/>
        <line num="246" count="0" type="stmt"/>
        <line num="247" count="0" type="stmt"/>
        <line num="248" count="0" type="stmt"/>
        <line num="249" count="0" type="stmt"/>
        <line num="250" count="0" type="stmt"/>
        <line num="251" count="0" type="stmt"/>
        <line num="252" count="0" type="stmt"/>
        <line num="253" count="0" type="stmt"/>
        <line num="254" count="0" type="stmt"/>
        <line num="255" count="0" type="stmt"/>
        <line num="256" count="52" type="cond" truecount="1" falsecount="2"/>
        <line num="257" count="52" type="stmt"/>
        <line num="258" count="52" type="cond" truecount="1" falsecount="0"/>
        <line num="259" count="91" type="stmt"/>
        <line num="260" count="91" type="cond" truecount="2" falsecount="0"/>
        <line num="261" count="60" type="stmt"/>
        <line num="262" count="60" type="stmt"/>
        <line num="263" count="60" type="stmt"/>
        <line num="264" count="91" type="cond" truecount="0" falsecount="1"/>
        <line num="265" count="91" type="stmt"/>
        <line num="266" count="52" type="stmt"/>
        <line num="267" count="52" type="cond" truecount="1" falsecount="0"/>
        <line num="268" count="16" type="stmt"/>
        <line num="269" count="16" type="stmt"/>
        <line num="270" count="16" type="cond" truecount="0" falsecount="1"/>
        <line num="271" count="16" type="stmt"/>
        <line num="272" count="16" type="cond" truecount="0" falsecount="1"/>
        <line num="273" count="0" type="stmt"/>
        <line num="274" count="0" type="stmt"/>
        <line num="275" count="0" type="stmt"/>
        <line num="276" count="16" type="stmt"/>
        <line num="277" count="16" type="stmt"/>
        <line num="278" count="52" type="stmt"/>
        <line num="279" count="52" type="cond" truecount="1" falsecount="0"/>
        <line num="280" count="19" type="cond" truecount="3" falsecount="0"/>
        <line num="281" count="15" type="stmt"/>
        <line num="282" count="15" type="stmt"/>
        <line num="283" count="15" type="stmt"/>
        <line num="284" count="15" type="stmt"/>
        <line num="285" count="16" type="cond" truecount="0" falsecount="1"/>
        <line num="286" count="19" type="stmt"/>
        <line num="287" count="52" type="stmt"/>
        <line num="288" count="52" type="stmt"/>
        <line num="289" count="52" type="cond" truecount="1" falsecount="0"/>
        <line num="290" count="52" type="stmt"/>
        <line num="291" count="52" type="cond" truecount="0" falsecount="2"/>
        <line num="292" count="0" type="stmt"/>
        <line num="293" count="0" type="stmt"/>
        <line num="294" count="0" type="stmt"/>
        <line num="295" count="0" type="stmt"/>
        <line num="296" count="0" type="stmt"/>
        <line num="297" count="0" type="stmt"/>
        <line num="298" count="0" type="stmt"/>
        <line num="299" count="0" type="stmt"/>
        <line num="300" count="0" type="stmt"/>
        <line num="301" count="0" type="stmt"/>
        <line num="302" count="0" type="stmt"/>
        <line num="303" count="0" type="stmt"/>
        <line num="304" count="0" type="stmt"/>
        <line num="305" count="0" type="stmt"/>
        <line num="306" count="0" type="stmt"/>
        <line num="307" count="52" type="stmt"/>
        <line num="308" count="52" type="stmt"/>
        <line num="309" count="52" type="stmt"/>
        <line num="310" count="52" type="cond" truecount="1" falsecount="0"/>
        <line num="311" count="2" type="stmt"/>
        <line num="312" count="2" type="cond" truecount="0" falsecount="1"/>
        <line num="313" count="2" type="stmt"/>
        <line num="314" count="2" type="stmt"/>
        <line num="315" count="2" type="cond" truecount="0" falsecount="2"/>
        <line num="316" count="2" type="stmt"/>
        <line num="317" count="2" type="stmt"/>
        <line num="318" count="2" type="cond" truecount="0" falsecount="1"/>
        <line num="319" count="2" type="stmt"/>
        <line num="320" count="52" type="stmt"/>
        <line num="321" count="52" type="stmt"/>
        <line num="322" count="0" type="stmt"/>
        <line num="323" count="0" type="stmt"/>
        <line num="324" count="0" type="stmt"/>
        <line num="325" count="0" type="stmt"/>
        <line num="326" count="0" type="stmt"/>
        <line num="327" count="0" type="stmt"/>
        <line num="328" count="0" type="stmt"/>
        <line num="329" count="0" type="stmt"/>
        <line num="330" count="0" type="stmt"/>
        <line num="331" count="0" type="stmt"/>
        <line num="332" count="0" type="stmt"/>
        <line num="333" count="0" type="stmt"/>
        <line num="334" count="0" type="stmt"/>
        <line num="335" count="0" type="stmt"/>
        <line num="336" count="0" type="stmt"/>
        <line num="337" count="0" type="stmt"/>
        <line num="338" count="0" type="stmt"/>
        <line num="339" count="0" type="stmt"/>
        <line num="340" count="0" type="stmt"/>
        <line num="341" count="0" type="stmt"/>
        <line num="342" count="0" type="stmt"/>
        <line num="343" count="0" type="stmt"/>
        <line num="344" count="0" type="stmt"/>
        <line num="345" count="0" type="stmt"/>
        <line num="346" count="0" type="stmt"/>
        <line num="347" count="52" type="stmt"/>
        <line num="348" count="52" type="stmt"/>
        <line num="349" count="52" type="cond" truecount="1" falsecount="0"/>
        <line num="350" count="3" type="cond" truecount="2" falsecount="0"/>
        <line num="351" count="3" type="cond" truecount="0" falsecount="2"/>
        <line num="352" count="3" type="stmt"/>
        <line num="353" count="3" type="cond" truecount="0" falsecount="1"/>
        <line num="354" count="3" type="stmt"/>
        <line num="355" count="3" type="stmt"/>
        <line num="356" count="3" type="stmt"/>
        <line num="357" count="3" type="stmt"/>
        <line num="358" count="3" type="stmt"/>
        <line num="359" count="3" type="stmt"/>
        <line num="360" count="3" type="stmt"/>
        <line num="361" count="3" type="stmt"/>
        <line num="362" count="3" type="stmt"/>
        <line num="363" count="3" type="stmt"/>
        <line num="364" count="3" type="stmt"/>
        <line num="365" count="3" type="stmt"/>
        <line num="366" count="3" type="stmt"/>
        <line num="367" count="3" type="stmt"/>
        <line num="368" count="3" type="stmt"/>
        <line num="369" count="3" type="stmt"/>
        <line num="370" count="3" type="stmt"/>
        <line num="371" count="3" type="stmt"/>
        <line num="372" count="3" type="stmt"/>
        <line num="373" count="3" type="stmt"/>
        <line num="374" count="52" type="stmt"/>
        <line num="375" count="52" type="stmt"/>
        <line num="376" count="52" type="cond" truecount="1" falsecount="0"/>
        <line num="377" count="2" type="stmt"/>
        <line num="378" count="2" type="stmt"/>
        <line num="379" count="2" type="stmt"/>
        <line num="380" count="2" type="stmt"/>
        <line num="381" count="2" type="stmt"/>
        <line num="382" count="2" type="stmt"/>
        <line num="383" count="2" type="stmt"/>
        <line num="384" count="2" type="stmt"/>
        <line num="385" count="2" type="cond" truecount="0" falsecount="1"/>
        <line num="386" count="2" type="cond" truecount="0" falsecount="1"/>
        <line num="387" count="2" type="stmt"/>
        <line num="388" count="2" type="stmt"/>
        <line num="389" count="2" type="stmt"/>
        <line num="390" count="2" type="stmt"/>
        <line num="391" count="2" type="stmt"/>
        <line num="392" count="2" type="stmt"/>
        <line num="393" count="2" type="cond" truecount="2" falsecount="2"/>
        <line num="394" count="0" type="stmt"/>
        <line num="395" count="0" type="stmt"/>
        <line num="396" count="0" type="stmt"/>
        <line num="397" count="0" type="stmt"/>
        <line num="398" count="0" type="stmt"/>
        <line num="399" count="2" type="stmt"/>
        <line num="400" count="2" type="stmt"/>
        <line num="401" count="2" type="stmt"/>
        <line num="402" count="2" type="cond" truecount="0" falsecount="1"/>
        <line num="403" count="2" type="stmt"/>
        <line num="404" count="2" type="stmt"/>
        <line num="405" count="2" type="stmt"/>
        <line num="406" count="2" type="cond" truecount="1" falsecount="1"/>
        <line num="407" count="2" type="stmt"/>
        <line num="408" count="2" type="stmt"/>
        <line num="409" count="2" type="stmt"/>
        <line num="410" count="0" type="stmt"/>
        <line num="411" count="0" type="stmt"/>
        <line num="412" count="0" type="stmt"/>
        <line num="413" count="0" type="stmt"/>
        <line num="414" count="0" type="stmt"/>
        <line num="415" count="0" type="stmt"/>
        <line num="416" count="2" type="stmt"/>
        <line num="417" count="2" type="stmt"/>
        <line num="418" count="2" type="stmt"/>
        <line num="419" count="2" type="stmt"/>
        <line num="420" count="2" type="stmt"/>
        <line num="421" count="2" type="stmt"/>
        <line num="422" count="2" type="stmt"/>
        <line num="423" count="2" type="stmt"/>
        <line num="424" count="2" type="stmt"/>
        <line num="425" count="2" type="stmt"/>
        <line num="426" count="2" type="stmt"/>
        <line num="427" count="2" type="cond" truecount="0" falsecount="1"/>
        <line num="428" count="0" type="stmt"/>
        <line num="429" count="0" type="stmt"/>
        <line num="430" count="0" type="stmt"/>
        <line num="431" count="0" type="stmt"/>
        <line num="432" count="0" type="stmt"/>
        <line num="433" count="0" type="stmt"/>
        <line num="434" count="0" type="stmt"/>
        <line num="435" count="0" type="stmt"/>
        <line num="436" count="2" type="stmt"/>
        <line num="437" count="2" type="stmt"/>
        <line num="438" count="2" type="cond" truecount="1" falsecount="0"/>
        <line num="439" count="2" type="stmt"/>
        <line num="440" count="2" type="cond" truecount="0" falsecount="2"/>
        <line num="441" count="0" type="stmt"/>
        <line num="442" count="0" type="stmt"/>
        <line num="443" count="0" type="stmt"/>
        <line num="444" count="2" type="cond" truecount="0" falsecount="1"/>
        <line num="445" count="2" type="stmt"/>
        <line num="446" count="2" type="stmt"/>
        <line num="447" count="2" type="cond" truecount="0" falsecount="1"/>
        <line num="448" count="0" type="stmt"/>
        <line num="449" count="0" type="stmt"/>
        <line num="450" count="0" type="stmt"/>
        <line num="451" count="0" type="stmt"/>
        <line num="452" count="0" type="stmt"/>
        <line num="453" count="2" type="stmt"/>
        <line num="454" count="2" type="stmt"/>
        <line num="455" count="2" type="stmt"/>
        <line num="456" count="2" type="cond" truecount="0" falsecount="1"/>
        <line num="457" count="2" type="cond" truecount="0" falsecount="1"/>
        <line num="458" count="2" type="stmt"/>
        <line num="459" count="2" type="stmt"/>
        <line num="460" count="52" type="stmt"/>
        <line num="461" count="52" type="stmt"/>
        <line num="462" count="52" type="stmt"/>
        <line num="463" count="0" type="stmt"/>
        <line num="464" count="0" type="stmt"/>
        <line num="465" count="0" type="stmt"/>
        <line num="466" count="0" type="stmt"/>
        <line num="467" count="52" type="stmt"/>
        <line num="468" count="52" type="stmt"/>
        <line num="469" count="52" type="cond" truecount="1" falsecount="0"/>
        <line num="470" count="6" type="stmt"/>
        <line num="471" count="6" type="cond" truecount="0" falsecount="1"/>
        <line num="472" count="6" type="stmt"/>
        <line num="473" count="6" type="cond" truecount="0" falsecount="1"/>
        <line num="474" count="6" type="cond" truecount="0" falsecount="1"/>
        <line num="475" count="6" type="cond" truecount="0" falsecount="1"/>
        <line num="476" count="6" type="cond" truecount="0" falsecount="1"/>
        <line num="477" count="6" type="cond" truecount="0" falsecount="1"/>
        <line num="478" count="6" type="stmt"/>
        <line num="479" count="6" type="cond" truecount="0" falsecount="3"/>
        <line num="480" count="0" type="stmt"/>
        <line num="481" count="0" type="stmt"/>
        <line num="482" count="0" type="stmt"/>
        <line num="483" count="6" type="cond" truecount="0" falsecount="1"/>
        <line num="484" count="6" type="stmt"/>
        <line num="485" count="6" type="stmt"/>
        <line num="486" count="52" type="stmt"/>
        <line num="487" count="52" type="stmt"/>
        <line num="488" count="0" type="stmt"/>
        <line num="489" count="0" type="stmt"/>
        <line num="490" count="0" type="stmt"/>
        <line num="491" count="0" type="stmt"/>
        <line num="492" count="0" type="stmt"/>
        <line num="493" count="0" type="stmt"/>
        <line num="494" count="0" type="stmt"/>
        <line num="495" count="0" type="stmt"/>
        <line num="496" count="0" type="stmt"/>
        <line num="497" count="0" type="stmt"/>
        <line num="498" count="0" type="stmt"/>
        <line num="499" count="0" type="stmt"/>
        <line num="500" count="0" type="stmt"/>
        <line num="501" count="0" type="stmt"/>
        <line num="502" count="0" type="stmt"/>
        <line num="503" count="0" type="stmt"/>
        <line num="504" count="0" type="stmt"/>
        <line num="505" count="0" type="stmt"/>
        <line num="506" count="0" type="stmt"/>
        <line num="507" count="0" type="stmt"/>
        <line num="508" count="0" type="stmt"/>
        <line num="509" count="0" type="stmt"/>
        <line num="510" count="0" type="stmt"/>
        <line num="511" count="0" type="stmt"/>
        <line num="512" count="0" type="stmt"/>
        <line num="513" count="0" type="stmt"/>
        <line num="514" count="0" type="stmt"/>
        <line num="515" count="0" type="stmt"/>
        <line num="516" count="0" type="stmt"/>
        <line num="517" count="0" type="stmt"/>
        <line num="518" count="0" type="stmt"/>
        <line num="519" count="0" type="stmt"/>
        <line num="520" count="0" type="stmt"/>
        <line num="521" count="0" type="stmt"/>
        <line num="522" count="0" type="stmt"/>
        <line num="523" count="0" type="stmt"/>
        <line num="524" count="0" type="stmt"/>
        <line num="525" count="0" type="stmt"/>
        <line num="526" count="0" type="stmt"/>
        <line num="527" count="0" type="stmt"/>
        <line num="528" count="0" type="stmt"/>
        <line num="529" count="0" type="stmt"/>
        <line num="530" count="0" type="stmt"/>
        <line num="531" count="0" type="stmt"/>
        <line num="532" count="0" type="stmt"/>
        <line num="533" count="0" type="stmt"/>
        <line num="534" count="0" type="stmt"/>
        <line num="535" count="0" type="stmt"/>
        <line num="536" count="0" type="stmt"/>
        <line num="537" count="0" type="stmt"/>
        <line num="538" count="0" type="stmt"/>
        <line num="539" count="0" type="stmt"/>
        <line num="540" count="0" type="stmt"/>
        <line num="541" count="0" type="stmt"/>
        <line num="542" count="0" type="stmt"/>
        <line num="543" count="0" type="stmt"/>
        <line num="544" count="0" type="stmt"/>
        <line num="545" count="0" type="stmt"/>
        <line num="546" count="0" type="stmt"/>
        <line num="547" count="0" type="stmt"/>
        <line num="548" count="0" type="stmt"/>
        <line num="549" count="0" type="stmt"/>
        <line num="550" count="0" type="stmt"/>
        <line num="551" count="0" type="stmt"/>
        <line num="552" count="0" type="stmt"/>
        <line num="553" count="0" type="stmt"/>
        <line num="554" count="0" type="stmt"/>
        <line num="555" count="0" type="stmt"/>
        <line num="556" count="0" type="stmt"/>
        <line num="557" count="0" type="stmt"/>
        <line num="558" count="0" type="stmt"/>
        <line num="559" count="52" type="stmt"/>
        <line num="560" count="52" type="stmt"/>
        <line num="561" count="52" type="cond" truecount="1" falsecount="0"/>
        <line num="562" count="31" type="stmt"/>
        <line num="563" count="31" type="stmt"/>
        <line num="564" count="31" type="stmt"/>
        <line num="565" count="31" type="stmt"/>
        <line num="566" count="31" type="stmt"/>
        <line num="567" count="31" type="stmt"/>
        <line num="568" count="31" type="stmt"/>
        <line num="569" count="31" type="stmt"/>
        <line num="570" count="31" type="cond" truecount="0" falsecount="1"/>
        <line num="571" count="31" type="stmt"/>
        <line num="572" count="31" type="cond" truecount="1" falsecount="0"/>
        <line num="573" count="31" type="stmt"/>
        <line num="574" count="31" type="stmt"/>
        <line num="575" count="31" type="stmt"/>
        <line num="576" count="31" type="stmt"/>
        <line num="577" count="31" type="stmt"/>
        <line num="578" count="31" type="stmt"/>
        <line num="579" count="31" type="cond" truecount="0" falsecount="1"/>
        <line num="580" count="31" type="stmt"/>
        <line num="581" count="31" type="stmt"/>
        <line num="582" count="31" type="stmt"/>
        <line num="583" count="31" type="stmt"/>
        <line num="584" count="31" type="stmt"/>
        <line num="585" count="31" type="stmt"/>
        <line num="586" count="31" type="stmt"/>
        <line num="587" count="31" type="cond" truecount="0" falsecount="1"/>
        <line num="588" count="31" type="stmt"/>
        <line num="589" count="31" type="stmt"/>
        <line num="590" count="31" type="stmt"/>
        <line num="591" count="52" type="stmt"/>
        <line num="592" count="52" type="stmt"/>
        <line num="593" count="52" type="stmt"/>
        <line num="594" count="52" type="cond" truecount="1" falsecount="0"/>
        <line num="595" count="61" type="stmt"/>
        <line num="596" count="61" type="stmt"/>
        <line num="597" count="52" type="stmt"/>
        <line num="598" count="52" type="stmt"/>
        <line num="599" count="52" type="cond" truecount="1" falsecount="0"/>
        <line num="600" count="2" type="stmt"/>
        <line num="601" count="2" type="stmt"/>
        <line num="602" count="2" type="stmt"/>
        <line num="603" count="2" type="stmt"/>
        <line num="604" count="2" type="stmt"/>
        <line num="605" count="2" type="cond" truecount="0" falsecount="1"/>
        <line num="606" count="2" type="cond" truecount="0" falsecount="1"/>
        <line num="607" count="2" type="stmt"/>
        <line num="608" count="2" type="stmt"/>
        <line num="609" count="2" type="stmt"/>
        <line num="610" count="2" type="stmt"/>
        <line num="611" count="2" type="cond" truecount="0" falsecount="1"/>
        <line num="612" count="2" type="stmt"/>
        <line num="613" count="52" type="stmt"/>
        <line num="614" count="52" type="cond" truecount="1" falsecount="0"/>
        <line num="615" count="17" type="stmt"/>
        <line num="616" count="17" type="stmt"/>
        <line num="617" count="17" type="cond" truecount="1" falsecount="0"/>
        <line num="618" count="17" type="stmt"/>
        <line num="619" count="52" type="stmt"/>
        <line num="620" count="52" type="cond" truecount="1" falsecount="0"/>
        <line num="621" count="52" type="stmt"/>
        <line num="622" count="52" type="stmt"/>
        <line num="623" count="52" type="cond" truecount="0" falsecount="1"/>
        <line num="624" count="52" type="cond" truecount="0" falsecount="1"/>
        <line num="625" count="52" type="cond" truecount="0" falsecount="1"/>
        <line num="626" count="52" type="stmt"/>
        <line num="627" count="52" type="stmt"/>
        <line num="628" count="52" type="stmt"/>
        <line num="629" count="52" type="cond" truecount="1" falsecount="0"/>
        <line num="630" count="1" type="stmt"/>
        <line num="631" count="1" type="stmt"/>
        <line num="632" count="52" type="stmt"/>
        <line num="633" count="52" type="stmt"/>
        <line num="634" count="52" type="cond" truecount="1" falsecount="0"/>
        <line num="635" count="52" type="stmt"/>
        <line num="636" count="52" type="stmt"/>
        <line num="637" count="52" type="stmt"/>
        <line num="638" count="52" type="stmt"/>
        <line num="639" count="52" type="stmt"/>
        <line num="640" count="52" type="stmt"/>
        <line num="641" count="52" type="stmt"/>
        <line num="642" count="52" type="stmt"/>
        <line num="643" count="52" type="stmt"/>
        <line num="644" count="52" type="stmt"/>
        <line num="645" count="52" type="stmt"/>
        <line num="646" count="52" type="stmt"/>
        <line num="647" count="52" type="stmt"/>
        <line num="648" count="52" type="stmt"/>
        <line num="649" count="52" type="stmt"/>
        <line num="650" count="52" type="stmt"/>
        <line num="651" count="52" type="stmt"/>
        <line num="652" count="52" type="stmt"/>
        <line num="653" count="52" type="stmt"/>
        <line num="654" count="52" type="stmt"/>
        <line num="655" count="52" type="stmt"/>
        <line num="656" count="52" type="stmt"/>
        <line num="657" count="52" type="stmt"/>
        <line num="658" count="52" type="stmt"/>
        <line num="659" count="52" type="stmt"/>
        <line num="660" count="52" type="stmt"/>
        <line num="661" count="52" type="stmt"/>
        <line num="662" count="52" type="stmt"/>
        <line num="663" count="52" type="stmt"/>
        <line num="664" count="52" type="stmt"/>
        <line num="665" count="52" type="stmt"/>
        <line num="666" count="52" type="stmt"/>
        <line num="667" count="52" type="stmt"/>
        <line num="668" count="52" type="stmt"/>
        <line num="669" count="52" type="stmt"/>
        <line num="670" count="52" type="stmt"/>
        <line num="671" count="52" type="stmt"/>
        <line num="672" count="52" type="stmt"/>
        <line num="673" count="52" type="cond" truecount="1" falsecount="0"/>
        <line num="674" count="52" type="cond" truecount="1" falsecount="0"/>
        <line num="675" count="52" type="stmt"/>
        <line num="676" count="52" type="stmt"/>
        <line num="677" count="52" type="stmt"/>
        <line num="678" count="52" type="stmt"/>
        <line num="679" count="52" type="stmt"/>
        <line num="680" count="52" type="stmt"/>
        <line num="681" count="52" type="stmt"/>
        <line num="682" count="52" type="stmt"/>
        <line num="683" count="52" type="stmt"/>
        <line num="684" count="52" type="stmt"/>
        <line num="685" count="52" type="cond" truecount="1" falsecount="0"/>
        <line num="686" count="1" type="cond" truecount="0" falsecount="1"/>
        <line num="687" count="1" type="stmt"/>
        <line num="688" count="1" type="cond" truecount="0" falsecount="1"/>
        <line num="689" count="1" type="cond" truecount="0" falsecount="1"/>
        <line num="690" count="1" type="cond" truecount="1" falsecount="0"/>
        <line num="691" count="1" type="stmt"/>
        <line num="692" count="52" type="stmt"/>
        <line num="693" count="52" type="stmt"/>
        <line num="694" count="52" type="stmt"/>
        <line num="695" count="52" type="stmt"/>
        <line num="696" count="52" type="cond" truecount="1" falsecount="0"/>
        <line num="697" count="36" type="cond" truecount="0" falsecount="1"/>
        <line num="698" count="36" type="stmt"/>
        <line num="699" count="52" type="stmt"/>
        <line num="700" count="52" type="stmt"/>
        <line num="701" count="52" type="stmt"/>
        <line num="702" count="52" type="stmt"/>
        <line num="703" count="52" type="cond" truecount="1" falsecount="0"/>
        <line num="704" count="83" type="stmt"/>
        <line num="705" count="83" type="stmt"/>
        <line num="706" count="83" type="stmt"/>
        <line num="707" count="83" type="stmt"/>
        <line num="708" count="83" type="stmt"/>
        <line num="709" count="52" type="stmt"/>
        <line num="710" count="52" type="stmt"/>
        <line num="711" count="52" type="stmt"/>
        <line num="712" count="52" type="stmt"/>
        <line num="713" count="52" type="stmt"/>
        <line num="714" count="52" type="stmt"/>
        <line num="715" count="52" type="stmt"/>
        <line num="716" count="52" type="stmt"/>
        <line num="717" count="52" type="stmt"/>
        <line num="718" count="52" type="stmt"/>
        <line num="719" count="52" type="cond" truecount="0" falsecount="1"/>
        <line num="720" count="52" type="stmt"/>
        <line num="721" count="52" type="cond" truecount="1" falsecount="0"/>
        <line num="722" count="94" type="stmt"/>
        <line num="723" count="94" type="cond" truecount="0" falsecount="1"/>
        <line num="724" count="94" type="stmt"/>
        <line num="725" count="94" type="stmt"/>
        <line num="726" count="94" type="stmt"/>
        <line num="727" count="94" type="stmt"/>
        <line num="728" count="52" type="stmt"/>
        <line num="729" count="52" type="stmt"/>
        <line num="730" count="52" type="stmt"/>
        <line num="731" count="52" type="stmt"/>
        <line num="732" count="52" type="cond" truecount="1" falsecount="0"/>
        <line num="733" count="52" type="cond" truecount="0" falsecount="1"/>
        <line num="734" count="52" type="stmt"/>
        <line num="735" count="52" type="stmt"/>
        <line num="736" count="52" type="stmt"/>
        <line num="737" count="52" type="stmt"/>
        <line num="738" count="52" type="cond" truecount="0" falsecount="1"/>
        <line num="739" count="0" type="stmt"/>
        <line num="740" count="0" type="stmt"/>
        <line num="741" count="0" type="stmt"/>
        <line num="742" count="52" type="cond" truecount="0" falsecount="1"/>
        <line num="743" count="52" type="stmt"/>
        <line num="744" count="52" type="stmt"/>
        <line num="745" count="52" type="cond" truecount="0" falsecount="1"/>
        <line num="746" count="0" type="stmt"/>
        <line num="747" count="52" type="stmt"/>
        <line num="748" count="52" type="stmt"/>
        <line num="749" count="52" type="stmt"/>
        <line num="750" count="52" type="stmt"/>
        <line num="751" count="52" type="stmt"/>
        <line num="752" count="52" type="stmt"/>
        <line num="753" count="52" type="cond" truecount="1" falsecount="0"/>
        <line num="754" count="2" type="stmt"/>
        <line num="755" count="2" type="cond" truecount="0" falsecount="1"/>
        <line num="756" count="2" type="stmt"/>
        <line num="757" count="52" type="stmt"/>
        <line num="758" count="52" type="stmt"/>
        <line num="759" count="0" type="cond" truecount="0" falsecount="1"/>
        <line num="760" count="52" type="stmt"/>
        <line num="761" count="52" type="stmt"/>
        <line num="762" count="52" type="stmt"/>
        <line num="763" count="52" type="cond" truecount="1" falsecount="0"/>
        <line num="764" count="138" type="cond" truecount="0" falsecount="1"/>
        <line num="765" count="138" type="cond" truecount="2" falsecount="0"/>
        <line num="766" count="138" type="stmt"/>
        <line num="767" count="52" type="cond" truecount="1" falsecount="0"/>
        <line num="768" count="120" type="cond" truecount="0" falsecount="1"/>
        <line num="769" count="120" type="stmt"/>
        <line num="770" count="120" type="stmt"/>
        <line num="771" count="120" type="stmt"/>
        <line num="772" count="120" type="cond" truecount="2" falsecount="0"/>
        <line num="773" count="120" type="stmt"/>
        <line num="774" count="52" type="cond" truecount="1" falsecount="0"/>
        <line num="775" count="64" type="cond" truecount="0" falsecount="1"/>
        <line num="776" count="64" type="stmt"/>
        <line num="777" count="64" type="stmt"/>
        <line num="778" count="64" type="stmt"/>
        <line num="779" count="52" type="stmt"/>
        <line num="780" count="52" type="stmt"/>
        <line num="781" count="52" type="cond" truecount="1" falsecount="0"/>
        <line num="782" count="49" type="stmt"/>
        <line num="783" count="49" type="cond" truecount="2" falsecount="0"/>
        <line num="784" count="3" type="stmt"/>
        <line num="785" count="3" type="stmt"/>
        <line num="786" count="3" type="cond" truecount="0" falsecount="1"/>
        <line num="787" count="3" type="cond" truecount="1" falsecount="0"/>
        <line num="788" count="3" type="cond" truecount="1" falsecount="0"/>
        <line num="789" count="3" type="stmt"/>
        <line num="790" count="3" type="stmt"/>
        <line num="791" count="3" type="stmt"/>
        <line num="792" count="3" type="stmt"/>
        <line num="793" count="3" type="stmt"/>
        <line num="794" count="3" type="stmt"/>
        <line num="795" count="49" type="cond" truecount="1" falsecount="1"/>
        <line num="796" count="46" type="cond" truecount="3" falsecount="0"/>
        <line num="797" count="41" type="stmt"/>
        <line num="798" count="41" type="cond" truecount="1" falsecount="0"/>
        <line num="799" count="41" type="cond" truecount="1" falsecount="0"/>
        <line num="800" count="41" type="stmt"/>
        <line num="801" count="41" type="stmt"/>
        <line num="802" count="41" type="stmt"/>
        <line num="803" count="41" type="cond" truecount="0" falsecount="1"/>
        <line num="804" count="41" type="cond" truecount="0" falsecount="1"/>
        <line num="805" count="41" type="stmt"/>
        <line num="806" count="41" type="stmt"/>
        <line num="807" count="41" type="stmt"/>
        <line num="808" count="41" type="stmt"/>
        <line num="809" count="41" type="stmt"/>
        <line num="810" count="41" type="stmt"/>
        <line num="811" count="44" type="cond" truecount="0" falsecount="1"/>
        <line num="812" count="49" type="stmt"/>
        <line num="813" count="52" type="stmt"/>
        <line num="814" count="52" type="stmt"/>
        <line num="815" count="0" type="stmt"/>
        <line num="816" count="0" type="stmt"/>
        <line num="817" count="0" type="stmt"/>
        <line num="818" count="0" type="stmt"/>
        <line num="819" count="0" type="stmt"/>
        <line num="820" count="0" type="stmt"/>
        <line num="821" count="0" type="stmt"/>
        <line num="822" count="0" type="stmt"/>
        <line num="823" count="0" type="stmt"/>
        <line num="824" count="0" type="stmt"/>
        <line num="825" count="0" type="stmt"/>
        <line num="826" count="0" type="stmt"/>
        <line num="827" count="0" type="stmt"/>
        <line num="828" count="0" type="stmt"/>
        <line num="829" count="0" type="stmt"/>
        <line num="830" count="0" type="stmt"/>
        <line num="831" count="52" type="stmt"/>
        <line num="832" count="52" type="cond" truecount="1" falsecount="0"/>
        <line num="833" count="1" type="stmt"/>
        <line num="834" count="1" type="cond" truecount="0" falsecount="1"/>
        <line num="835" count="1" type="stmt"/>
        <line num="836" count="1" type="stmt"/>
        <line num="837" count="1" type="cond" truecount="0" falsecount="1"/>
        <line num="838" count="0" type="stmt"/>
        <line num="839" count="0" type="stmt"/>
        <line num="840" count="1" type="stmt"/>
        <line num="841" count="1" type="stmt"/>
        <line num="842" count="52" type="cond" truecount="1" falsecount="0"/>
        <line num="843" count="1" type="cond" truecount="0" falsecount="3"/>
        <line num="844" count="1" type="stmt"/>
        <line num="845" count="1" type="stmt"/>
        <line num="846" count="52" type="stmt"/>
        <line num="847" count="52" type="cond" truecount="1" falsecount="0"/>
        <line num="848" count="56" type="stmt"/>
        <line num="849" count="56" type="cond" truecount="3" falsecount="0"/>
        <line num="850" count="54" type="stmt"/>
        <line num="851" count="55" type="cond" truecount="3" falsecount="0"/>
        <line num="852" count="45" type="cond" truecount="1" falsecount="1"/>
        <line num="853" count="56" type="cond" truecount="1" falsecount="0"/>
        <line num="854" count="56" type="stmt"/>
        <line num="855" count="56" type="stmt"/>
        <line num="856" count="56" type="cond" truecount="3" falsecount="0"/>
        <line num="857" count="1" type="stmt"/>
        <line num="858" count="1" type="stmt"/>
        <line num="859" count="1" type="cond" truecount="2" falsecount="0"/>
        <line num="860" count="14" type="stmt"/>
        <line num="861" count="14" type="stmt"/>
        <line num="862" count="41" type="cond" truecount="2" falsecount="0"/>
        <line num="863" count="14" type="stmt"/>
        <line num="864" count="41" type="cond" truecount="1" falsecount="1"/>
        <line num="865" count="14" type="stmt"/>
        <line num="866" count="14" type="stmt"/>
        <line num="867" count="41" type="cond" truecount="1" falsecount="1"/>
        <line num="868" count="14" type="stmt"/>
        <line num="869" count="14" type="cond" truecount="1" falsecount="0"/>
        <line num="870" count="1" type="cond" truecount="1" falsecount="0"/>
        <line num="871" count="1" type="stmt"/>
        <line num="872" count="1" type="cond" truecount="0" falsecount="1"/>
        <line num="873" count="1" type="cond" truecount="1" falsecount="0"/>
        <line num="874" count="1" type="cond" truecount="1" falsecount="0"/>
        <line num="875" count="1" type="cond" truecount="0" falsecount="1"/>
        <line num="876" count="1" type="cond" truecount="0" falsecount="2"/>
        <line num="877" count="1" type="stmt"/>
        <line num="878" count="1" type="cond" truecount="0" falsecount="1"/>
        <line num="879" count="1" type="cond" truecount="0" falsecount="1"/>
        <line num="880" count="1" type="stmt"/>
        <line num="881" count="1" type="stmt"/>
        <line num="882" count="14" type="stmt"/>
        <line num="883" count="14" type="stmt"/>
        <line num="884" count="52" type="stmt"/>
        <line num="885" count="52" type="cond" truecount="1" falsecount="0"/>
        <line num="886" count="17" type="stmt"/>
        <line num="887" count="17" type="stmt"/>
        <line num="888" count="17" type="stmt"/>
        <line num="889" count="52" type="stmt"/>
        <line num="890" count="52" type="stmt"/>
        <line num="891" count="52" type="cond" truecount="1" falsecount="0"/>
        <line num="892" count="10" type="cond" truecount="2" falsecount="0"/>
        <line num="893" count="9" type="stmt"/>
        <line num="894" count="9" type="cond" truecount="1" falsecount="0"/>
        <line num="895" count="11" type="cond" truecount="2" falsecount="0"/>
        <line num="896" count="10" type="cond" truecount="1" falsecount="0"/>
        <line num="897" count="10" type="cond" truecount="2" falsecount="0"/>
        <line num="898" count="10" type="cond" truecount="1" falsecount="1"/>
        <line num="899" count="2" type="stmt"/>
        <line num="900" count="2" type="stmt"/>
        <line num="901" count="10" type="stmt"/>
        <line num="902" count="9" type="stmt"/>
        <line num="903" count="9" type="stmt"/>
        <line num="904" count="9" type="stmt"/>
        <line num="905" count="52" type="stmt"/>
        <line num="906" count="52" type="stmt"/>
        <line num="907" count="52" type="cond" truecount="1" falsecount="0"/>
        <line num="908" count="103" type="cond" truecount="0" falsecount="1"/>
        <line num="909" count="103" type="cond" truecount="0" falsecount="1"/>
        <line num="910" count="103" type="stmt"/>
        <line num="911" count="103" type="stmt"/>
        <line num="912" count="103" type="stmt"/>
        <line num="913" count="52" type="stmt"/>
        <line num="914" count="52" type="stmt"/>
        <line num="915" count="52" type="cond" truecount="1" falsecount="0"/>
        <line num="916" count="58" type="stmt"/>
        <line num="917" count="58" type="cond" truecount="2" falsecount="1"/>
        <line num="918" count="58" type="cond" truecount="1" falsecount="0"/>
        <line num="919" count="58" type="stmt"/>
        <line num="920" count="58" type="stmt"/>
        <line num="921" count="58" type="stmt"/>
        <line num="922" count="58" type="stmt"/>
        <line num="923" count="58" type="stmt"/>
        <line num="924" count="58" type="stmt"/>
        <line num="925" count="58" type="stmt"/>
        <line num="926" count="58" type="stmt"/>
        <line num="927" count="58" type="stmt"/>
        <line num="928" count="58" type="stmt"/>
        <line num="929" count="58" type="stmt"/>
        <line num="930" count="52" type="stmt"/>
        <line num="931" count="52" type="stmt"/>
        <line num="932" count="52" type="cond" truecount="1" falsecount="0"/>
        <line num="933" count="43" type="cond" truecount="0" falsecount="1"/>
        <line num="934" count="43" type="stmt"/>
        <line num="935" count="43" type="cond" truecount="1" falsecount="0"/>
        <line num="936" count="43" type="stmt"/>
        <line num="937" count="43" type="cond" truecount="1" falsecount="0"/>
        <line num="938" count="4" type="stmt"/>
        <line num="939" count="4" type="stmt"/>
        <line num="940" count="4" type="stmt"/>
        <line num="941" count="0" type="stmt"/>
        <line num="942" count="0" type="stmt"/>
        <line num="943" count="0" type="stmt"/>
        <line num="944" count="0" type="stmt"/>
        <line num="945" count="0" type="stmt"/>
        <line num="946" count="0" type="stmt"/>
        <line num="947" count="0" type="stmt"/>
        <line num="948" count="0" type="stmt"/>
        <line num="949" count="0" type="stmt"/>
        <line num="950" count="0" type="stmt"/>
        <line num="951" count="0" type="stmt"/>
        <line num="952" count="0" type="stmt"/>
        <line num="953" count="4" type="stmt"/>
        <line num="954" count="4" type="stmt"/>
        <line num="955" count="4" type="cond" truecount="1" falsecount="0"/>
        <line num="956" count="39" type="stmt"/>
        <line num="957" count="39" type="stmt"/>
        <line num="958" count="39" type="cond" truecount="0" falsecount="1"/>
        <line num="959" count="39" type="cond" truecount="0" falsecount="1"/>
        <line num="960" count="39" type="stmt"/>
        <line num="961" count="43" type="cond" truecount="1" falsecount="1"/>
        <line num="962" count="43" type="cond" truecount="1" falsecount="0"/>
        <line num="963" count="39" type="stmt"/>
        <line num="964" count="39" type="cond" truecount="1" falsecount="0"/>
        <line num="965" count="4" type="cond" truecount="1" falsecount="0"/>
        <line num="966" count="4" type="cond" truecount="0" falsecount="1"/>
        <line num="967" count="4" type="cond" truecount="1" falsecount="0"/>
        <line num="968" count="4" type="cond" truecount="1" falsecount="0"/>
        <line num="969" count="4" type="cond" truecount="1" falsecount="1"/>
        <line num="970" count="4" type="stmt"/>
        <line num="971" count="4" type="stmt"/>
        <line num="972" count="4" type="stmt"/>
        <line num="973" count="4" type="stmt"/>
        <line num="974" count="4" type="stmt"/>
        <line num="975" count="4" type="stmt"/>
        <line num="976" count="4" type="stmt"/>
        <line num="977" count="4" type="stmt"/>
        <line num="978" count="39" type="stmt"/>
[...]
      </file>
      <file name="recommend_button.js" path="/home/morik/emotion_music_box/app/javascript/custom/recommend_button.js">
        <metrics statements="17" coveredstatements="16" conditionals="9" coveredconditionals="8" methods="0" coveredmethods="0"/>
        <line num="1" count="1" type="stmt"/>
        <line num="2" count="1" type="cond" truecount="1" falsecount="0"/>
        <line num="3" count="78" type="stmt"/>
        <line num="4" count="78" type="cond" truecount="4" falsecount="0"/>
        <line num="5" count="8" type="cond" truecount="2" falsecount="0"/>
        <line num="6" count="1" type="stmt"/>
        <line num="7" count="1" type="stmt"/>
        <line num="8" count="1" type="cond" truecount="1" falsecount="0"/>
        <line num="9" count="1" type="stmt"/>
        <line num="10" count="1" type="stmt"/>
        <line num="11" count="1" type="cond" truecount="0" falsecount="1"/>
        <line num="12" count="0" type="stmt"/>
        <line num="13" count="1" type="stmt"/>
        <line num="14" count="1" type="stmt"/>
        <line num="15" count="1" type="stmt"/>
        <line num="16" count="1" type="stmt"/>
        <line num="17" count="1" type="stmt"/>
      </file>
      <file name="recommended_global.js" path="/home/morik/emotion_music_box/app/javascript/custom/recommended_global.js">
        <metrics statements="10" coveredstatements="10" conditionals="2" coveredconditionals="2" methods="1" coveredmethods="1"/>
        <line num="1" count="1" type="stmt"/>
        <line num="2" count="1" type="cond" truecount="1" falsecount="0"/>
        <line num="3" count="4" type="stmt"/>
        <line num="4" count="4" type="stmt"/>
        <line num="5" count="4" type="cond" truecount="1" falsecount="0"/>
        <line num="6" count="2" type="stmt"/>
        <line num="7" count="2" type="stmt"/>
        <line num="8" count="2" type="stmt"/>
        <line num="9" count="2" type="stmt"/>
        <line num="10" count="4" type="stmt"/>
      </file>
      <file name="record_modal_patch.js" path="/home/morik/emotion_music_box/app/javascript/custom/record_modal_patch.js">
        <metrics statements="19" coveredstatements="19" conditionals="13" coveredconditionals="13" methods="1" coveredmethods="1"/>
        <line num="1" count="1" type="stmt"/>
        <line num="2" count="1" type="cond" truecount="1" falsecount="0"/>
        <line num="3" count="29" type="cond" truecount="3" falsecount="0"/>
        <line num="4" count="19" type="stmt"/>
        <line num="5" count="19" type="stmt"/>
        <line num="6" count="19" type="stmt"/>
        <line num="7" count="29" type="cond" truecount="4" falsecount="0"/>
        <line num="8" count="18" type="stmt"/>
        <line num="9" count="18" type="stmt"/>
        <line num="10" count="18" type="cond" truecount="1" falsecount="0"/>
        <line num="11" count="18" type="stmt"/>
        <line num="12" count="18" type="cond" truecount="1" falsecount="0"/>
        <line num="13" count="18" type="stmt"/>
        <line num="14" count="18" type="cond" truecount="3" falsecount="0"/>
        <line num="15" count="16" type="stmt"/>
        <line num="16" count="16" type="stmt"/>
        <line num="17" count="18" type="stmt"/>
        <line num="18" count="18" type="stmt"/>
        <line num="19" count="1" type="stmt"/>
      </file>
      <file name="register_service_worker.js" path="/home/morik/emotion_music_box/app/javascript/custom/register_service_worker.js">
        <metrics statements="15" coveredstatements="15" conditionals="5" coveredconditionals="5" methods="1" coveredmethods="1"/>
        <line num="1" count="1" type="stmt"/>
        <line num="2" count="1" type="cond" truecount="1" falsecount="0"/>
        <line num="3" count="49" type="cond" truecount="1" falsecount="0"/>
        <line num="4" count="25" type="stmt"/>
        <line num="5" count="25" type="stmt"/>
        <line num="6" count="25" type="cond" truecount="1" falsecount="0"/>
        <line num="7" count="24" type="stmt"/>
        <line num="8" count="24" type="cond" truecount="1" falsecount="0"/>
        <line num="9" count="22" type="stmt"/>
        <line num="10" count="22" type="stmt"/>
        <line num="11" count="24" type="cond" truecount="1" falsecount="0"/>
        <line num="12" count="2" type="stmt"/>
        <line num="13" count="2" type="stmt"/>
        <line num="14" count="2" type="stmt"/>
        <line num="15" count="49" type="stmt"/>
      </file>
      <file name="render_logger.js" path="/home/morik/emotion_music_box/app/javascript/custom/render_logger.js">
        <metrics statements="134" coveredstatements="58" conditionals="11" coveredconditionals="6" methods="5" coveredmethods="0"/>
        <line num="1" count="1" type="stmt"/>
        <line num="2" count="1" type="cond" truecount="1" falsecount="0"/>
        <line num="3" count="53" type="cond" truecount="2" falsecount="0"/>
        <line num="4" count="10" type="stmt"/>
        <line num="5" count="10" type="stmt"/>
        <line num="6" count="10" type="stmt"/>
        <line num="7" count="10" type="stmt"/>
        <line num="8" count="10" type="stmt"/>
        <line num="9" count="10" type="stmt"/>
        <line num="10" count="10" type="stmt"/>
        <line num="11" count="10" type="stmt"/>
        <line num="12" count="53" type="cond" truecount="1" falsecount="1"/>
        <line num="13" count="53" type="stmt"/>
        <line num="14" count="53" type="stmt"/>
        <line num="15" count="53" type="cond" truecount="1" falsecount="1"/>
        <line num="16" count="10" type="stmt"/>
        <line num="17" count="10" type="stmt"/>
        <line num="18" count="10" type="stmt"/>
        <line num="19" count="10" type="stmt"/>
        <line num="20" count="10" type="stmt"/>
        <line num="21" count="10" type="stmt"/>
        <line num="22" count="10" type="stmt"/>
        <line num="23" count="10" type="stmt"/>
        <line num="24" count="10" type="stmt"/>
        <line num="25" count="10" type="stmt"/>
        <line num="26" count="10" type="stmt"/>
        <line num="27" count="10" type="stmt"/>
        <line num="28" count="53" type="stmt"/>
        <line num="29" count="53" type="stmt"/>
        <line num="30" count="53" type="stmt"/>
        <line num="31" count="53" type="cond" truecount="1" falsecount="1"/>
        <line num="32" count="0" type="stmt"/>
        <line num="33" count="53" type="cond" truecount="0" falsecount="1"/>
        <line num="34" count="53" type="stmt"/>
        <line num="35" count="53" type="stmt"/>
        <line num="36" count="53" type="stmt"/>
        <line num="37" count="53" type="stmt"/>
        <line num="38" count="53" type="stmt"/>
        <line num="39" count="53" type="stmt"/>
        <line num="40" count="53" type="stmt"/>
        <line num="41" count="53" type="stmt"/>
        <line num="42" count="53" type="stmt"/>
        <line num="43" count="53" type="stmt"/>
        <line num="44" count="53" type="stmt"/>
        <line num="45" count="53" type="stmt"/>
        <line num="46" count="53" type="stmt"/>
        <line num="47" count="53" type="stmt"/>
        <line num="48" count="53" type="stmt"/>
        <line num="49" count="53" type="stmt"/>
        <line num="50" count="53" type="stmt"/>
        <line num="51" count="53" type="stmt"/>
        <line num="52" count="53" type="stmt"/>
        <line num="53" count="53" type="stmt"/>
        <line num="54" count="53" type="stmt"/>
        <line num="55" count="53" type="stmt"/>
        <line num="56" count="53" type="stmt"/>
        <line num="57" count="53" type="stmt"/>
        <line num="58" count="53" type="cond" truecount="0" falsecount="1"/>
        <line num="59" count="0" type="stmt"/>
        <line num="60" count="0" type="stmt"/>
        <line num="61" count="0" type="stmt"/>
        <line num="62" count="0" type="stmt"/>
        <line num="63" count="0" type="stmt"/>
        <line num="64" count="0" type="stmt"/>
        <line num="65" count="0" type="stmt"/>
        <line num="66" count="0" type="stmt"/>
        <line num="67" count="0" type="stmt"/>
        <line num="68" count="0" type="stmt"/>
        <line num="69" count="0" type="stmt"/>
        <line num="70" count="0" type="stmt"/>
        <line num="71" count="0" type="stmt"/>
        <line num="72" count="0" type="stmt"/>
        <line num="73" count="0" type="stmt"/>
        <line num="74" count="0" type="stmt"/>
        <line num="75" count="0" type="stmt"/>
        <line num="76" count="0" type="stmt"/>
        <line num="77" count="0" type="stmt"/>
        <line num="78" count="0" type="stmt"/>
        <line num="79" count="0" type="stmt"/>
        <line num="80" count="0" type="stmt"/>
        <line num="81" count="0" type="stmt"/>
        <line num="82" count="0" type="stmt"/>
        <line num="83" count="0" type="stmt"/>
        <line num="84" count="0" type="stmt"/>
        <line num="85" count="0" type="stmt"/>
        <line num="86" count="0" type="stmt"/>
        <line num="87" count="0" type="stmt"/>
        <line num="88" count="0" type="stmt"/>
        <line num="89" count="0" type="stmt"/>
        <line num="90" count="0" type="stmt"/>
        <line num="91" count="0" type="stmt"/>
        <line num="92" count="0" type="stmt"/>
        <line num="93" count="0" type="stmt"/>
        <line num="94" count="0" type="stmt"/>
        <line num="95" count="0" type="stmt"/>
        <line num="96" count="0" type="stmt"/>
        <line num="97" count="0" type="stmt"/>
        <line num="98" count="0" type="stmt"/>
        <line num="99" count="0" type="stmt"/>
        <line num="100" count="0" type="stmt"/>
        <line num="101" count="0" type="stmt"/>
        <line num="102" count="0" type="stmt"/>
        <line num="103" count="0" type="stmt"/>
        <line num="104" count="0" type="stmt"/>
        <line num="105" count="0" type="stmt"/>
        <line num="106" count="0" type="stmt"/>
        <line num="107" count="0" type="stmt"/>
        <line num="108" count="0" type="stmt"/>
        <line num="109" count="0" type="stmt"/>
        <line num="110" count="0" type="stmt"/>
        <line num="111" count="0" type="stmt"/>
        <line num="112" count="0" type="stmt"/>
        <line num="113" count="0" type="stmt"/>
        <line num="114" count="0" type="stmt"/>
        <line num="115" count="0" type="stmt"/>
        <line num="116" count="0" type="stmt"/>
        <line num="117" count="0" type="stmt"/>
        <line num="118" count="0" type="stmt"/>
        <line num="119" count="0" type="stmt"/>
        <line num="120" count="0" type="stmt"/>
        <line num="121" count="0" type="stmt"/>
        <line num="122" count="0" type="stmt"/>
        <line num="123" count="0" type="stmt"/>
        <line num="124" count="0" type="stmt"/>
        <line num="125" count="0" type="stmt"/>
        <line num="126" count="0" type="stmt"/>
        <line num="127" count="0" type="stmt"/>
        <line num="128" count="0" type="stmt"/>
        <line num="129" count="0" type="stmt"/>
        <line num="130" count="0" type="stmt"/>
        <line num="131" count="0" type="stmt"/>
        <line num="132" count="0" type="stmt"/>
        <line num="133" count="0" type="stmt"/>
        <line num="134" count="1" type="stmt"/>
      </file>
      <file name="screen_cover.js" path="/home/morik/emotion_music_box/app/javascript/custom/screen_cover.js">
        <metrics statements="14" coveredstatements="14" conditionals="4" coveredconditionals="4" methods="1" coveredmethods="1"/>
        <line num="1" count="1" type="stmt"/>
        <line num="2" count="113" type="cond" truecount="1" falsecount="0"/>
        <line num="3" count="113" type="stmt"/>
        <line num="4" count="113" type="cond" truecount="1" falsecount="0"/>
        <line num="5" count="51" type="cond" truecount="1" falsecount="0"/>
        <line num="6" count="6" type="stmt"/>
        <line num="7" count="6" type="cond" truecount="1" falsecount="0"/>
        <line num="8" count="51" type="stmt"/>
        <line num="9" count="51" type="stmt"/>
        <line num="10" count="113" type="stmt"/>
        <line num="11" count="1" type="stmt"/>
        <line num="12" count="1" type="stmt"/>
        <line num="13" count="1" type="stmt"/>
        <line num="14" count="1" type="stmt"/>
      </file>
      <file name="swal_my_create.js" path="/home/morik/emotion_music_box/app/javascript/custom/swal_my_create.js">
        <metrics statements="80" coveredstatements="77" conditionals="17" coveredconditionals="14" methods="4" coveredmethods="4"/>
        <line num="1" count="1" type="stmt"/>
        <line num="2" count="1" type="cond" truecount="1" falsecount="0"/>
        <line num="3" count="6" type="stmt"/>
        <line num="4" count="6" type="stmt"/>
        <line num="5" count="6" type="stmt"/>
        <line num="6" count="6" type="stmt"/>
        <line num="7" count="6" type="stmt"/>
        <line num="8" count="6" type="stmt"/>
        <line num="9" count="6" type="stmt"/>
        <line num="10" count="6" type="stmt"/>
        <line num="11" count="6" type="stmt"/>
        <line num="12" count="6" type="stmt"/>
        <line num="13" count="6" type="stmt"/>
        <line num="14" count="6" type="stmt"/>
        <line num="15" count="6" type="stmt"/>
        <line num="16" count="6" type="cond" truecount="1" falsecount="0"/>
        <line num="17" count="3" type="cond" truecount="1" falsecount="0"/>
        <line num="18" count="2" type="cond" truecount="2" falsecount="0"/>
        <line num="19" count="6" type="stmt"/>
        <line num="20" count="6" type="stmt"/>
        <line num="21" count="6" type="stmt"/>
        <line num="22" count="6" type="cond" truecount="1" falsecount="0"/>
        <line num="23" count="6" type="stmt"/>
        <line num="24" count="6" type="stmt"/>
        <line num="25" count="6" type="stmt"/>
        <line num="26" count="6" type="stmt"/>
        <line num="27" count="6" type="stmt"/>
        <line num="28" count="6" type="stmt"/>
        <line num="29" count="6" type="stmt"/>
        <line num="30" count="6" type="stmt"/>
        <line num="31" count="6" type="stmt"/>
        <line num="32" count="6" type="stmt"/>
        <line num="33" count="6" type="cond" truecount="1" falsecount="0"/>
        <line num="34" count="6" type="stmt"/>
        <line num="35" count="6" type="cond" truecount="2" falsecount="0"/>
        <line num="36" count="6" type="stmt"/>
        <line num="37" count="6" type="stmt"/>
        <line num="38" count="6" type="stmt"/>
        <line num="39" count="6" type="stmt"/>
        <line num="40" count="6" type="stmt"/>
        <line num="41" count="6" type="stmt"/>
        <line num="42" count="6" type="stmt"/>
        <line num="43" count="6" type="stmt"/>
        <line num="44" count="6" type="stmt"/>
        <line num="45" count="6" type="stmt"/>
        <line num="46" count="6" type="stmt"/>
        <line num="47" count="6" type="stmt"/>
        <line num="48" count="6" type="stmt"/>
        <line num="49" count="0" type="stmt"/>
        <line num="50" count="0" type="stmt"/>
        <line num="51" count="0" type="stmt"/>
        <line num="52" count="6" type="stmt"/>
        <line num="53" count="6" type="stmt"/>
        <line num="54" count="6" type="stmt"/>
        <line num="55" count="6" type="stmt"/>
        <line num="56" count="6" type="stmt"/>
        <line num="57" count="6" type="cond" truecount="1" falsecount="0"/>
        <line num="58" count="4" type="stmt"/>
        <line num="59" count="4" type="stmt"/>
        <line num="60" count="4" type="cond" truecount="0" falsecount="1"/>
        <line num="61" count="6" type="stmt"/>
        <line num="62" count="6" type="stmt"/>
        <line num="63" count="6" type="cond" truecount="1" falsecount="0"/>
        <line num="64" count="1" type="cond" truecount="1" falsecount="0"/>
        <line num="65" count="1" type="stmt"/>
        <line num="66" count="1" type="cond" truecount="0" falsecount="1"/>
        <line num="67" count="1" type="stmt"/>
        <line num="68" count="1" type="stmt"/>
        <line num="69" count="6" type="stmt"/>
        <line num="70" count="6" type="cond" truecount="1" falsecount="0"/>
        <line num="71" count="1" type="stmt"/>
        <line num="72" count="1" type="cond" truecount="0" falsecount="1"/>
        <line num="73" count="6" type="stmt"/>
        <line num="74" count="6" type="stmt"/>
        <line num="75" count="6" type="stmt"/>
        <line num="76" count="6" type="cond" truecount="1" falsecount="0"/>
        <line num="77" count="6" type="stmt"/>
        <line num="78" count="6" type="stmt"/>
        <line num="79" count="6" type="stmt"/>
        <line num="80" count="1" type="stmt"/>
      </file>
      <file name="turbo_loader.js" path="/home/morik/emotion_music_box/app/javascript/custom/turbo_loader.js">
        <metrics statements="51" coveredstatements="49" conditionals="18" coveredconditionals="15" methods="4" coveredmethods="4"/>
        <line num="1" count="1" type="stmt"/>
        <line num="2" count="1" type="stmt"/>
        <line num="3" count="1" type="stmt"/>
        <line num="4" count="1" type="stmt"/>
        <line num="5" count="1" type="cond" truecount="1" falsecount="0"/>
        <line num="6" count="1" type="stmt"/>
        <line num="7" count="1" type="stmt"/>
        <line num="8" count="1" type="stmt"/>
        <line num="9" count="115" type="cond" truecount="1" falsecount="0"/>
        <line num="10" count="115" type="stmt"/>
        <line num="11" count="115" type="cond" truecount="1" falsecount="0"/>
        <line num="12" count="115" type="stmt"/>
        <line num="13" count="7" type="cond" truecount="1" falsecount="0"/>
        <line num="14" count="7" type="stmt"/>
        <line num="15" count="7" type="cond" truecount="1" falsecount="0"/>
        <line num="16" count="1" type="stmt"/>
        <line num="17" count="1" type="stmt"/>
        <line num="18" count="7" type="stmt"/>
        <line num="19" count="7" type="stmt"/>
        <line num="20" count="115" type="cond" truecount="1" falsecount="0"/>
        <line num="21" count="115" type="stmt"/>
        <line num="22" count="115" type="stmt"/>
        <line num="23" count="115" type="stmt"/>
        <line num="24" count="115" type="stmt"/>
        <line num="25" count="1" type="stmt"/>
        <line num="26" count="1" type="cond" truecount="1" falsecount="0"/>
        <line num="27" count="153" type="stmt"/>
        <line num="28" count="153" type="stmt"/>
        <line num="29" count="153" type="cond" truecount="1" falsecount="0"/>
        <line num="30" count="46" type="cond" truecount="0" falsecount="1"/>
        <line num="31" count="46" type="cond" truecount="0" falsecount="1"/>
        <line num="32" count="153" type="stmt"/>
        <line num="33" count="153" type="stmt"/>
        <line num="34" count="153" type="stmt"/>
        <line num="35" count="1" type="stmt"/>
        <line num="36" count="1" type="stmt"/>
        <line num="37" count="1" type="cond" truecount="1" falsecount="0"/>
        <line num="38" count="7" type="cond" truecount="2" falsecount="0"/>
        <line num="39" count="7" type="cond" truecount="1" falsecount="1"/>
        <line num="40" count="0" type="stmt"/>
        <line num="41" count="0" type="stmt"/>
        <line num="42" count="7" type="stmt"/>
        <line num="43" count="1" type="stmt"/>
        <line num="44" count="1" type="stmt"/>
        <line num="45" count="1" type="stmt"/>
        <line num="46" count="1" type="cond" truecount="1" falsecount="0"/>
        <line num="47" count="1" type="stmt"/>
        <line num="48" count="1" type="cond" truecount="1" falsecount="0"/>
        <line num="49" count="78" type="stmt"/>
        <line num="50" count="78" type="cond" truecount="1" falsecount="0"/>
        <line num="51" count="1" type="stmt"/>
      </file>
    </package>
  </project>
</coverage>
