<?xml version="1.0" encoding="UTF-8"?>
<coverage generated="1756634122597" clover="3.2.0">
  <project timestamp="1756634122597" name="All files">
    <metrics statements="3723" coveredstatements="3630" conditionals="939" coveredconditionals="849" methods="217" coveredmethods="211" elements="4879" coveredelements="4690" complexity="0" loc="3723" ncloc="3723" packages="3" files="31" classes="31"/>
    <package name="javascript">
      <metrics statements="538" coveredstatements="507" conditionals="109" coveredconditionals="92" methods="15" coveredmethods="15"/>
      <file name="application.js" path="/home/morik/emotion_music_box/app/javascript/application.js">
        <metrics statements="538" coveredstatements="507" conditionals="109" coveredconditionals="92" methods="15" coveredmethods="15"/>
        <line num="1" count="1" type="stmt"/>
        <line num="2" count="1" type="stmt"/>
        <line num="3" count="1" type="stmt"/>
        <line num="4" count="1" type="stmt"/>
        <line num="5" count="1" type="stmt"/>
        <line num="6" count="1" type="stmt"/>
        <line num="7" count="1" type="stmt"/>
        <line num="8" count="1" type="stmt"/>
        <line num="9" count="1" type="stmt"/>
        <line num="10" count="1" type="stmt"/>
        <line num="11" count="1" type="stmt"/>
        <line num="12" count="1" type="stmt"/>
        <line num="13" count="1" type="stmt"/>
        <line num="14" count="1" type="stmt"/>
        <line num="15" count="1" type="stmt"/>
        <line num="16" count="1" type="stmt"/>
        <line num="17" count="1" type="stmt"/>
        <line num="18" count="1" type="stmt"/>
        <line num="19" count="1" type="stmt"/>
        <line num="20" count="1" type="stmt"/>
        <line num="21" count="1" type="stmt"/>
        <line num="22" count="1" type="stmt"/>
        <line num="23" count="1" type="stmt"/>
        <line num="24" count="1" type="stmt"/>
        <line num="25" count="1" type="stmt"/>
        <line num="26" count="84" type="cond" truecount="1" falsecount="0"/>
        <line num="27" count="84" type="cond" truecount="3" falsecount="0"/>
        <line num="28" count="36" type="cond" truecount="2" falsecount="0"/>
        <line num="29" count="8" type="stmt"/>
        <line num="30" count="8" type="stmt"/>
        <line num="31" count="0" type="stmt"/>
        <line num="32" count="8" type="stmt"/>
        <line num="33" count="8" type="stmt"/>
        <line num="34" count="1" type="stmt"/>
        <line num="35" count="1" type="stmt"/>
        <line num="36" count="15" type="cond" truecount="1" falsecount="0"/>
        <line num="37" count="15" type="stmt"/>
        <line num="38" count="15" type="stmt"/>
        <line num="39" count="15" type="cond" truecount="3" falsecount="0"/>
        <line num="40" count="9" type="stmt"/>
        <line num="41" count="15" type="stmt"/>
        <line num="42" count="15" type="cond" truecount="1" falsecount="1"/>
        <line num="43" count="9" type="stmt"/>
        <line num="44" count="9" type="cond" truecount="1" falsecount="0"/>
        <line num="45" count="9" type="stmt"/>
        <line num="46" count="9" type="stmt"/>
        <line num="47" count="9" type="stmt"/>
        <line num="48" count="9" type="stmt"/>
        <line num="49" count="9" type="stmt"/>
        <line num="50" count="9" type="stmt"/>
        <line num="51" count="9" type="stmt"/>
        <line num="52" count="9" type="stmt"/>
        <line num="53" count="1" type="stmt"/>
        <line num="54" count="1" type="stmt"/>
        <line num="55" count="1" type="stmt"/>
        <line num="56" count="1" type="stmt"/>
        <line num="57" count="1" type="stmt"/>
        <line num="58" count="1" type="stmt"/>
        <line num="59" count="1" type="stmt"/>
        <line num="60" count="1" type="cond" truecount="1" falsecount="0"/>
        <line num="61" count="4" type="stmt"/>
        <line num="62" count="1" type="stmt"/>
        <line num="63" count="1" type="stmt"/>
        <line num="64" count="1" type="stmt"/>
        <line num="65" count="1" type="stmt"/>
        <line num="66" count="1" type="stmt"/>
        <line num="67" count="1" type="stmt"/>
        <line num="68" count="1" type="stmt"/>
        <line num="69" count="1" type="stmt"/>
        <line num="70" count="1" type="stmt"/>
        <line num="71" count="1" type="cond" truecount="1" falsecount="0"/>
        <line num="72" count="15" type="stmt"/>
        <line num="73" count="1" type="stmt"/>
        <line num="74" count="1" type="stmt"/>
        <line num="75" count="1" type="stmt"/>
        <line num="76" count="1" type="stmt"/>
        <line num="77" count="1" type="stmt"/>
        <line num="78" count="1" type="stmt"/>
        <line num="79" count="1" type="stmt"/>
        <line num="80" count="1" type="stmt"/>
        <line num="81" count="1" type="stmt"/>
        <line num="82" count="1" type="cond" truecount="1" falsecount="0"/>
        <line num="83" count="1" type="stmt"/>
        <line num="84" count="1" type="stmt"/>
        <line num="85" count="1" type="stmt"/>
        <line num="86" count="80" type="cond" truecount="1" falsecount="0"/>
        <line num="87" count="80" type="stmt"/>
        <line num="88" count="80" type="cond" truecount="1" falsecount="0"/>
        <line num="89" count="80" type="stmt"/>
        <line num="90" count="7" type="cond" truecount="1" falsecount="0"/>
        <line num="91" count="7" type="stmt"/>
        <line num="92" count="7" type="cond" truecount="1" falsecount="0"/>
        <line num="93" count="1" type="stmt"/>
        <line num="94" count="1" type="stmt"/>
        <line num="95" count="7" type="stmt"/>
        <line num="96" count="7" type="stmt"/>
        <line num="97" count="80" type="cond" truecount="1" falsecount="0"/>
        <line num="98" count="80" type="stmt"/>
        <line num="99" count="80" type="stmt"/>
        <line num="100" count="80" type="stmt"/>
        <line num="101" count="80" type="stmt"/>
        <line num="102" count="1" type="stmt"/>
        <line num="103" count="1" type="stmt"/>
        <line num="104" count="1" type="cond" truecount="1" falsecount="0"/>
        <line num="105" count="111" type="stmt"/>
        <line num="106" count="111" type="stmt"/>
        <line num="107" count="111" type="cond" truecount="1" falsecount="0"/>
        <line num="108" count="45" type="cond" truecount="0" falsecount="1"/>
        <line num="109" count="45" type="cond" truecount="0" falsecount="1"/>
        <line num="110" count="111" type="stmt"/>
        <line num="111" count="111" type="stmt"/>
        <line num="112" count="111" type="stmt"/>
        <line num="113" count="1" type="stmt"/>
        <line num="114" count="1" type="stmt"/>
        <line num="115" count="1" type="stmt"/>
        <line num="116" count="1" type="cond" truecount="1" falsecount="0"/>
        <line num="117" count="7" type="cond" truecount="2" falsecount="0"/>
        <line num="118" count="7" type="stmt"/>
        <line num="119" count="7" type="cond" truecount="1" falsecount="1"/>
        <line num="120" count="0" type="stmt"/>
        <line num="121" count="0" type="stmt"/>
        <line num="122" count="7" type="stmt"/>
        <line num="123" count="1" type="stmt"/>
        <line num="124" count="1" type="stmt"/>
        <line num="125" count="1" type="stmt"/>
        <line num="126" count="1" type="stmt"/>
        <line num="127" count="1" type="cond" truecount="1" falsecount="0"/>
        <line num="128" count="1" type="stmt"/>
        <line num="129" count="1" type="stmt"/>
        <line num="130" count="1" type="cond" truecount="1" falsecount="0"/>
        <line num="131" count="69" type="stmt"/>
        <line num="132" count="69" type="cond" truecount="1" falsecount="0"/>
        <line num="133" count="69" type="stmt"/>
        <line num="134" count="69" type="stmt"/>
        <line num="135" count="69" type="stmt"/>
        <line num="136" count="69" type="stmt"/>
        <line num="137" count="69" type="stmt"/>
        <line num="138" count="69" type="stmt"/>
        <line num="139" count="69" type="stmt"/>
        <line num="140" count="69" type="stmt"/>
        <line num="141" count="69" type="cond" truecount="1" falsecount="0"/>
        <line num="142" count="17" type="stmt"/>
        <line num="143" count="17" type="stmt"/>
        <line num="144" count="17" type="stmt"/>
        <line num="145" count="69" type="stmt"/>
        <line num="146" count="69" type="stmt"/>
        <line num="147" count="69" type="stmt"/>
        <line num="148" count="69" type="cond" truecount="1" falsecount="0"/>
        <line num="149" count="338" type="stmt"/>
        <line num="150" count="338" type="stmt"/>
        <line num="151" count="338" type="stmt"/>
        <line num="152" count="338" type="cond" truecount="3" falsecount="0"/>
        <line num="153" count="19" type="stmt"/>
        <line num="154" count="19" type="stmt"/>
        <line num="155" count="69" type="stmt"/>
        <line num="156" count="69" type="stmt"/>
        <line num="157" count="69" type="stmt"/>
        <line num="158" count="69" type="stmt"/>
        <line num="159" count="69" type="stmt"/>
        <line num="160" count="69" type="stmt"/>
        <line num="161" count="69" type="stmt"/>
        <line num="162" count="69" type="stmt"/>
        <line num="163" count="69" type="stmt"/>
        <line num="164" count="69" type="cond" truecount="1" falsecount="0"/>
        <line num="165" count="3" type="cond" truecount="1" falsecount="0"/>
        <line num="166" count="3" type="stmt"/>
        <line num="167" count="3" type="stmt"/>
        <line num="168" count="3" type="cond" truecount="0" falsecount="1"/>
        <line num="169" count="0" type="stmt"/>
        <line num="170" count="3" type="stmt"/>
        <line num="171" count="3" type="stmt"/>
        <line num="172" count="3" type="stmt"/>
        <line num="173" count="3" type="stmt"/>
        <line num="174" count="3" type="stmt"/>
        <line num="175" count="69" type="stmt"/>
        <line num="176" count="69" type="stmt"/>
        <line num="177" count="69" type="stmt"/>
        <line num="178" count="69" type="stmt"/>
        <line num="179" count="69" type="stmt"/>
        <line num="180" count="69" type="stmt"/>
        <line num="181" count="69" type="stmt"/>
        <line num="182" count="69" type="stmt"/>
        <line num="183" count="69" type="stmt"/>
        <line num="184" count="69" type="stmt"/>
        <line num="185" count="69" type="stmt"/>
        <line num="186" count="69" type="cond" truecount="1" falsecount="0"/>
        <line num="187" count="29" type="stmt"/>
        <line num="188" count="29" type="stmt"/>
        <line num="189" count="29" type="cond" truecount="2" falsecount="0"/>
        <line num="190" count="40" type="stmt"/>
        <line num="191" count="40" type="stmt"/>
        <line num="192" count="40" type="stmt"/>
        <line num="193" count="40" type="stmt"/>
        <line num="194" count="40" type="stmt"/>
        <line num="195" count="40" type="cond" truecount="1" falsecount="0"/>
        <line num="196" count="2" type="stmt"/>
        <line num="197" count="2" type="stmt"/>
        <line num="198" count="40" type="stmt"/>
        <line num="199" count="40" type="stmt"/>
        <line num="200" count="40" type="stmt"/>
        <line num="201" count="40" type="stmt"/>
        <line num="202" count="40" type="stmt"/>
        <line num="203" count="40" type="stmt"/>
        <line num="204" count="40" type="stmt"/>
        <line num="205" count="40" type="stmt"/>
        <line num="206" count="40" type="stmt"/>
        <line num="207" count="40" type="stmt"/>
        <line num="208" count="40" type="stmt"/>
        <line num="209" count="40" type="stmt"/>
        <line num="210" count="40" type="stmt"/>
        <line num="211" count="58" type="cond" truecount="1" falsecount="0"/>
        <line num="212" count="9" type="stmt"/>
        <line num="213" count="9" type="stmt"/>
        <line num="214" count="9" type="stmt"/>
        <line num="215" count="0" type="stmt"/>
        <line num="216" count="0" type="stmt"/>
        <line num="217" count="0" type="stmt"/>
        <line num="218" count="0" type="stmt"/>
        <line num="219" count="0" type="stmt"/>
        <line num="220" count="0" type="stmt"/>
        <line num="221" count="0" type="stmt"/>
        <line num="222" count="0" type="stmt"/>
        <line num="223" count="0" type="stmt"/>
        <line num="224" count="0" type="stmt"/>
        <line num="225" count="0" type="stmt"/>
        <line num="226" count="0" type="stmt"/>
        <line num="227" count="0" type="stmt"/>
        <line num="228" count="0" type="stmt"/>
        <line num="229" count="0" type="stmt"/>
        <line num="230" count="0" type="stmt"/>
        <line num="231" count="0" type="stmt"/>
        <line num="232" count="0" type="stmt"/>
        <line num="233" count="0" type="stmt"/>
        <line num="234" count="0" type="stmt"/>
        <line num="235" count="0" type="stmt"/>
        <line num="236" count="0" type="stmt"/>
        <line num="237" count="9" type="stmt"/>
        <line num="238" count="9" type="cond" truecount="1" falsecount="0"/>
        <line num="239" count="40" type="stmt"/>
        <line num="240" count="40" type="stmt"/>
        <line num="241" count="58" type="cond" truecount="1" falsecount="0"/>
        <line num="242" count="9" type="stmt"/>
        <line num="243" count="9" type="stmt"/>
        <line num="244" count="9" type="cond" truecount="1" falsecount="0"/>
        <line num="245" count="2" type="stmt"/>
        <line num="246" count="2" type="stmt"/>
        <line num="247" count="2" type="stmt"/>
        <line num="248" count="2" type="stmt"/>
        <line num="249" count="2" type="stmt"/>
        <line num="250" count="2" type="stmt"/>
        <line num="251" count="9" type="stmt"/>
        <line num="252" count="9" type="stmt"/>
        <line num="253" count="9" type="cond" truecount="1" falsecount="0"/>
        <line num="254" count="2" type="cond" truecount="0" falsecount="1"/>
        <line num="255" count="2" type="stmt"/>
        <line num="256" count="2" type="stmt"/>
        <line num="257" count="2" type="stmt"/>
        <line num="258" count="2" type="stmt"/>
        <line num="259" count="2" type="stmt"/>
        <line num="260" count="2" type="stmt"/>
        <line num="261" count="2" type="stmt"/>
        <line num="262" count="9" type="stmt"/>
        <line num="263" count="9" type="stmt"/>
        <line num="264" count="9" type="cond" truecount="1" falsecount="0"/>
        <line num="265" count="2" type="stmt"/>
        <line num="266" count="2" type="stmt"/>
        <line num="267" count="2" type="stmt"/>
        <line num="268" count="2" type="stmt"/>
        <line num="269" count="2" type="stmt"/>
        <line num="270" count="9" type="stmt"/>
        <line num="271" count="9" type="cond" truecount="1" falsecount="0"/>
        <line num="272" count="40" type="stmt"/>
        <line num="273" count="40" type="stmt"/>
        <line num="274" count="40" type="cond" truecount="1" falsecount="0"/>
        <line num="275" count="1" type="cond" truecount="1" falsecount="0"/>
        <line num="276" count="1" type="stmt"/>
        <line num="277" count="1" type="stmt"/>
        <line num="278" count="1" type="stmt"/>
        <line num="279" count="1" type="stmt"/>
        <line num="280" count="1" type="stmt"/>
        <line num="281" count="1" type="stmt"/>
        <line num="282" count="1" type="stmt"/>
        <line num="283" count="1" type="stmt"/>
        <line num="284" count="1" type="stmt"/>
        <line num="285" count="1" type="stmt"/>
        <line num="286" count="1" type="stmt"/>
        <line num="287" count="1" type="stmt"/>
        <line num="288" count="1" type="stmt"/>
        <line num="289" count="1" type="stmt"/>
        <line num="290" count="1" type="stmt"/>
        <line num="291" count="1" type="stmt"/>
        <line num="292" count="1" type="stmt"/>
        <line num="293" count="1" type="stmt"/>
        <line num="294" count="1" type="stmt"/>
        <line num="295" count="1" type="stmt"/>
        <line num="296" count="1" type="cond" truecount="1" falsecount="0"/>
        <line num="297" count="1" type="stmt"/>
        <line num="298" count="1" type="stmt"/>
        <line num="299" count="1" type="stmt"/>
        <line num="300" count="1" type="stmt"/>
        <line num="301" count="1" type="stmt"/>
        <line num="302" count="40" type="stmt"/>
        <line num="303" count="40" type="stmt"/>
        <line num="304" count="58" type="cond" truecount="1" falsecount="0"/>
        <line num="305" count="9" type="stmt"/>
        <line num="306" count="9" type="stmt"/>
        <line num="307" count="9" type="cond" truecount="1" falsecount="0"/>
        <line num="308" count="2" type="stmt"/>
        <line num="309" count="2" type="stmt"/>
        <line num="310" count="2" type="stmt"/>
        <line num="311" count="2" type="stmt"/>
        <line num="312" count="2" type="stmt"/>
        <line num="313" count="2" type="stmt"/>
        <line num="314" count="2" type="stmt"/>
        <line num="315" count="2" type="stmt"/>
        <line num="316" count="2" type="stmt"/>
        <line num="317" count="2" type="stmt"/>
        <line num="318" count="2" type="stmt"/>
        <line num="319" count="2" type="stmt"/>
        <line num="320" count="2" type="stmt"/>
        <line num="321" count="2" type="stmt"/>
        <line num="322" count="2" type="stmt"/>
        <line num="323" count="2" type="stmt"/>
        <line num="324" count="2" type="stmt"/>
        <line num="325" count="2" type="stmt"/>
        <line num="326" count="2" type="stmt"/>
        <line num="327" count="2" type="stmt"/>
        <line num="328" count="2" type="stmt"/>
        <line num="329" count="2" type="stmt"/>
        <line num="330" count="2" type="stmt"/>
        <line num="331" count="2" type="stmt"/>
        <line num="332" count="2" type="stmt"/>
        <line num="333" count="2" type="stmt"/>
        <line num="334" count="2" type="stmt"/>
        <line num="335" count="2" type="cond" truecount="0" falsecount="1"/>
        <line num="336" count="2" type="cond" truecount="0" falsecount="1"/>
        <line num="337" count="2" type="stmt"/>
        <line num="338" count="2" type="stmt"/>
        <line num="339" count="2" type="cond" truecount="2" falsecount="0"/>
        <line num="340" count="1" type="stmt"/>
        <line num="341" count="1" type="stmt"/>
        <line num="342" count="1" type="stmt"/>
        <line num="343" count="1" type="stmt"/>
        <line num="344" count="1" type="cond" truecount="1" falsecount="0"/>
        <line num="345" count="1" type="stmt"/>
        <line num="346" count="1" type="stmt"/>
        <line num="347" count="1" type="stmt"/>
        <line num="348" count="1" type="stmt"/>
        <line num="349" count="1" type="stmt"/>
        <line num="350" count="1" type="stmt"/>
        <line num="351" count="1" type="stmt"/>
        <line num="352" count="1" type="stmt"/>
        <line num="353" count="1" type="stmt"/>
        <line num="354" count="1" type="stmt"/>
        <line num="355" count="1" type="stmt"/>
        <line num="356" count="1" type="stmt"/>
        <line num="357" count="1" type="stmt"/>
        <line num="358" count="1" type="stmt"/>
        <line num="359" count="1" type="stmt"/>
        <line num="360" count="1" type="stmt"/>
        <line num="361" count="1" type="cond" truecount="0" falsecount="1"/>
        <line num="362" count="0" type="stmt"/>
        <line num="363" count="0" type="stmt"/>
        <line num="364" count="0" type="stmt"/>
        <line num="365" count="0" type="stmt"/>
        <line num="366" count="1" type="stmt"/>
        <line num="367" count="1" type="stmt"/>
        <line num="368" count="1" type="stmt"/>
        <line num="369" count="1" type="stmt"/>
        <line num="370" count="9" type="stmt"/>
        <line num="371" count="9" type="cond" truecount="1" falsecount="0"/>
        <line num="372" count="40" type="stmt"/>
        <line num="373" count="40" type="stmt"/>
        <line num="374" count="40" type="stmt"/>
        <line num="375" count="40" type="stmt"/>
        <line num="376" count="69" type="cond" truecount="3" falsecount="0"/>
        <line num="377" count="32" type="cond" truecount="1" falsecount="0"/>
        <line num="378" count="16" type="stmt"/>
        <line num="379" count="16" type="cond" truecount="2" falsecount="0"/>
        <line num="380" count="16" type="stmt"/>
        <line num="381" count="16" type="stmt"/>
        <line num="382" count="16" type="stmt"/>
        <line num="383" count="16" type="cond" truecount="2" falsecount="0"/>
        <line num="384" count="16" type="stmt"/>
        <line num="385" count="16" type="stmt"/>
        <line num="386" count="16" type="stmt"/>
        <line num="387" count="32" type="stmt"/>
        <line num="388" count="32" type="cond" truecount="1" falsecount="0"/>
        <line num="389" count="40" type="stmt"/>
        <line num="390" count="40" type="stmt"/>
        <line num="391" count="58" type="cond" truecount="1" falsecount="0"/>
        <line num="392" count="32" type="cond" truecount="1" falsecount="0"/>
        <line num="393" count="11" type="stmt"/>
        <line num="394" count="11" type="stmt"/>
        <line num="395" count="11" type="stmt"/>
        <line num="396" count="11" type="stmt"/>
        <line num="397" count="32" type="stmt"/>
        <line num="398" count="32" type="stmt"/>
        <line num="399" count="1" type="stmt"/>
        <line num="400" count="1" type="stmt"/>
        <line num="401" count="1" type="stmt"/>
        <line num="402" count="1" type="cond" truecount="1" falsecount="0"/>
        <line num="403" count="206" type="stmt"/>
        <line num="404" count="206" type="stmt"/>
        <line num="405" count="206" type="stmt"/>
        <line num="406" count="206" type="cond" truecount="3" falsecount="0"/>
        <line num="407" count="14" type="stmt"/>
        <line num="408" count="14" type="stmt"/>
        <line num="409" count="14" type="stmt"/>
        <line num="410" count="1" type="stmt"/>
        <line num="411" count="1" type="stmt"/>
        <line num="412" count="1" type="stmt"/>
        <line num="413" count="1" type="stmt"/>
        <line num="414" count="1" type="stmt"/>
        <line num="415" count="1" type="stmt"/>
        <line num="416" count="1" type="stmt"/>
        <line num="417" count="1" type="stmt"/>
        <line num="418" count="1" type="cond" truecount="1" falsecount="0"/>
        <line num="419" count="4" type="stmt"/>
        <line num="420" count="4" type="stmt"/>
        <line num="421" count="4" type="cond" truecount="1" falsecount="0"/>
        <line num="422" count="2" type="stmt"/>
        <line num="423" count="2" type="stmt"/>
        <line num="424" count="2" type="stmt"/>
        <line num="425" count="2" type="stmt"/>
        <line num="426" count="4" type="stmt"/>
        <line num="427" count="1" type="stmt"/>
        <line num="428" count="1" type="stmt"/>
        <line num="429" count="104" type="cond" truecount="1" falsecount="0"/>
        <line num="430" count="104" type="stmt"/>
        <line num="431" count="104" type="cond" truecount="1" falsecount="0"/>
        <line num="432" count="51" type="cond" truecount="1" falsecount="0"/>
        <line num="433" count="6" type="stmt"/>
        <line num="434" count="6" type="cond" truecount="1" falsecount="0"/>
        <line num="435" count="51" type="stmt"/>
        <line num="436" count="51" type="stmt"/>
        <line num="437" count="104" type="stmt"/>
        <line num="438" count="1" type="stmt"/>
        <line num="439" count="1" type="stmt"/>
        <line num="440" count="1" type="stmt"/>
        <line num="441" count="1" type="stmt"/>
        <line num="442" count="1" type="stmt"/>
        <line num="443" count="1" type="stmt"/>
        <line num="444" count="1" type="stmt"/>
        <line num="445" count="1" type="stmt"/>
        <line num="446" count="1" type="stmt"/>
        <line num="447" count="1" type="cond" truecount="1" falsecount="0"/>
        <line num="448" count="15" type="cond" truecount="0" falsecount="1"/>
        <line num="449" count="15" type="stmt"/>
        <line num="450" count="15" type="stmt"/>
        <line num="451" count="15" type="stmt"/>
        <line num="452" count="15" type="cond" truecount="0" falsecount="1"/>
        <line num="453" count="15" type="stmt"/>
        <line num="454" count="15" type="stmt"/>
        <line num="455" count="15" type="cond" truecount="1" falsecount="0"/>
        <line num="456" count="15" type="stmt"/>
        <line num="457" count="15" type="cond" truecount="1" falsecount="0"/>
        <line num="458" count="15" type="stmt"/>
        <line num="459" count="15" type="stmt"/>
        <line num="460" count="15" type="stmt"/>
        <line num="461" count="15" type="stmt"/>
        <line num="462" count="15" type="stmt"/>
        <line num="463" count="15" type="stmt"/>
        <line num="464" count="1" type="stmt"/>
        <line num="465" count="1" type="stmt"/>
        <line num="466" count="1" type="stmt"/>
        <line num="467" count="1" type="stmt"/>
        <line num="468" count="1" type="stmt"/>
        <line num="469" count="1" type="stmt"/>
        <line num="470" count="1" type="stmt"/>
        <line num="471" count="1" type="stmt"/>
        <line num="472" count="1" type="stmt"/>
        <line num="473" count="84" type="cond" truecount="1" falsecount="0"/>
        <line num="474" count="84" type="stmt"/>
        <line num="475" count="84" type="cond" truecount="3" falsecount="0"/>
        <line num="476" count="4" type="stmt"/>
        <line num="477" count="4" type="stmt"/>
        <line num="478" count="4" type="cond" truecount="1" falsecount="0"/>
        <line num="479" count="1" type="stmt"/>
        <line num="480" count="1" type="stmt"/>
        <line num="481" count="1" type="stmt"/>
        <line num="482" count="1" type="cond" truecount="0" falsecount="1"/>
        <line num="483" count="1" type="stmt"/>
        <line num="484" count="1" type="stmt"/>
        <line num="485" count="1" type="stmt"/>
        <line num="486" count="1" type="stmt"/>
        <line num="487" count="1" type="stmt"/>
        <line num="488" count="1" type="cond" truecount="1" falsecount="0"/>
        <line num="489" count="1" type="stmt"/>
        <line num="490" count="1" type="stmt"/>
        <line num="491" count="1" type="stmt"/>
        <line num="492" count="1" type="stmt"/>
        <line num="493" count="1" type="stmt"/>
        <line num="494" count="1" type="cond" truecount="0" falsecount="1"/>
        <line num="495" count="1" type="stmt"/>
        <line num="496" count="1" type="cond" truecount="0" falsecount="1"/>
        <line num="497" count="1" type="cond" truecount="0" falsecount="1"/>
        <line num="498" count="0" type="stmt"/>
        <line num="499" count="1" type="stmt"/>
        <line num="500" count="1" type="stmt"/>
        <line num="501" count="1" type="stmt"/>
        <line num="502" count="1" type="stmt"/>
        <line num="503" count="1" type="stmt"/>
        <line num="504" count="1" type="cond" truecount="1" falsecount="0"/>
        <line num="505" count="1" type="stmt"/>
        <line num="506" count="1" type="stmt"/>
        <line num="507" count="1" type="stmt"/>
        <line num="508" count="1" type="stmt"/>
        <line num="509" count="1" type="stmt"/>
        <line num="510" count="1" type="stmt"/>
        <line num="511" count="1" type="stmt"/>
        <line num="512" count="4" type="stmt"/>
        <line num="513" count="4" type="stmt"/>
        <line num="514" count="1" type="stmt"/>
        <line num="515" count="1" type="stmt"/>
        <line num="516" count="1" type="stmt"/>
        <line num="517" count="1" type="stmt"/>
        <line num="518" count="1" type="stmt"/>
        <line num="519" count="15" type="cond" truecount="1" falsecount="0"/>
        <line num="520" count="15" type="stmt"/>
        <line num="521" count="15" type="stmt"/>
        <line num="522" count="15" type="cond" truecount="2" falsecount="0"/>
        <line num="523" count="4" type="stmt"/>
        <line num="524" count="15" type="cond" truecount="1" falsecount="2"/>
        <line num="525" count="4" type="stmt"/>
        <line num="526" count="4" type="stmt"/>
        <line num="527" count="4" type="stmt"/>
        <line num="528" count="4" type="stmt"/>
        <line num="529" count="4" type="stmt"/>
        <line num="530" count="4" type="stmt"/>
        <line num="531" count="4" type="stmt"/>
        <line num="532" count="4" type="stmt"/>
        <line num="533" count="4" type="stmt"/>
        <line num="534" count="4" type="stmt"/>
        <line num="535" count="1" type="stmt"/>
        <line num="536" count="1" type="stmt"/>
        <line num="537" count="1" type="stmt"/>
        <line num="538" count="1" type="cond" truecount="1" falsecount="0"/>
      </file>
    </package>
    <package name="javascript.controllers">
      <metrics statements="2489" coveredstatements="2438" conditionals="647" coveredconditionals="588" methods="168" coveredmethods="164"/>
      <file name="add_song_modal_controller.js" path="/home/morik/emotion_music_box/app/javascript/controllers/add_song_modal_controller.js">
        <metrics statements="53" coveredstatements="53" conditionals="8" coveredconditionals="8" methods="5" coveredmethods="5"/>
        <line num="1" count="1" type="stmt"/>
        <line num="2" count="1" type="stmt"/>
        <line num="3" count="1" type="stmt"/>
        <line num="4" count="1" type="stmt"/>
        <line num="5" count="1" type="cond" truecount="1" falsecount="0"/>
        <line num="6" count="1" type="stmt"/>
        <line num="7" count="1" type="cond" truecount="1" falsecount="0"/>
        <line num="8" count="5" type="stmt"/>
        <line num="9" count="5" type="stmt"/>
        <line num="10" count="5" type="stmt"/>
        <line num="11" count="1" type="stmt"/>
        <line num="12" count="1" type="stmt"/>
        <line num="13" count="1" type="cond" truecount="1" falsecount="0"/>
        <line num="14" count="3" type="stmt"/>
        <line num="15" count="3" type="stmt"/>
        <line num="16" count="3" type="stmt"/>
        <line num="17" count="3" type="stmt"/>
        <line num="18" count="3" type="stmt"/>
        <line num="19" count="3" type="stmt"/>
        <line num="20" count="3" type="stmt"/>
        <line num="21" count="3" type="stmt"/>
        <line num="22" count="3" type="stmt"/>
        <line num="23" count="1" type="stmt"/>
        <line num="24" count="1" type="stmt"/>
        <line num="25" count="1" type="cond" truecount="1" falsecount="0"/>
        <line num="26" count="3" type="stmt"/>
        <line num="27" count="3" type="stmt"/>
        <line num="28" count="3" type="stmt"/>
        <line num="29" count="3" type="stmt"/>
        <line num="30" count="3" type="stmt"/>
        <line num="31" count="3" type="stmt"/>
        <line num="32" count="3" type="cond" truecount="1" falsecount="0"/>
        <line num="33" count="3" type="stmt"/>
        <line num="34" count="3" type="stmt"/>
        <line num="35" count="3" type="stmt"/>
        <line num="36" count="3" type="stmt"/>
        <line num="37" count="3" type="stmt"/>
        <line num="38" count="3" type="cond" truecount="2" falsecount="0"/>
        <line num="39" count="2" type="stmt"/>
        <line num="40" count="2" type="stmt"/>
        <line num="41" count="2" type="stmt"/>
        <line num="42" count="2" type="stmt"/>
        <line num="43" count="3" type="stmt"/>
        <line num="44" count="3" type="stmt"/>
        <line num="45" count="3" type="stmt"/>
        <line num="46" count="3" type="stmt"/>
        <line num="47" count="1" type="stmt"/>
        <line num="48" count="1" type="stmt"/>
        <line num="49" count="1" type="cond" truecount="1" falsecount="0"/>
        <line num="50" count="1" type="stmt"/>
        <line num="51" count="1" type="stmt"/>
        <line num="52" count="1" type="stmt"/>
        <line num="53" count="1" type="stmt"/>
      </file>
      <file name="application.js" path="/home/morik/emotion_music_box/app/javascript/controllers/application.js">
        <metrics statements="9" coveredstatements="9" conditionals="0" coveredconditionals="0" methods="0" coveredmethods="0"/>
        <line num="1" count="1" type="stmt"/>
        <line num="2" count="1" type="stmt"/>
        <line num="3" count="1" type="stmt"/>
        <line num="4" count="1" type="stmt"/>
        <line num="5" count="1" type="stmt"/>
        <line num="6" count="1" type="stmt"/>
        <line num="7" count="1" type="stmt"/>
        <line num="8" count="1" type="stmt"/>
        <line num="9" count="1" type="stmt"/>
      </file>
      <file name="bookmark_controller.js" path="/home/morik/emotion_music_box/app/javascript/controllers/bookmark_controller.js">
        <metrics statements="174" coveredstatements="164" conditionals="52" coveredconditionals="44" methods="11" coveredmethods="11"/>
        <line num="1" count="1" type="stmt"/>
        <line num="2" count="1" type="stmt"/>
        <line num="3" count="1" type="stmt"/>
        <line num="4" count="1" type="stmt"/>
        <line num="5" count="1" type="cond" truecount="1" falsecount="0"/>
        <line num="6" count="1" type="stmt"/>
        <line num="7" count="1" type="cond" truecount="1" falsecount="0"/>
        <line num="8" count="17" type="stmt"/>
        <line num="9" count="17" type="stmt"/>
        <line num="10" count="17" type="cond" truecount="0" falsecount="1"/>
        <line num="11" count="17" type="cond" truecount="1" falsecount="0"/>
        <line num="12" count="1" type="stmt"/>
        <line num="13" count="1" type="stmt"/>
        <line num="14" count="17" type="stmt"/>
        <line num="15" count="17" type="stmt"/>
        <line num="16" count="17" type="stmt"/>
        <line num="17" count="17" type="stmt"/>
        <line num="18" count="17" type="cond" truecount="1" falsecount="0"/>
        <line num="19" count="1" type="stmt"/>
        <line num="20" count="1" type="cond" truecount="0" falsecount="1"/>
        <line num="21" count="1" type="stmt"/>
        <line num="22" count="1" type="stmt"/>
        <line num="23" count="1" type="stmt"/>
        <line num="24" count="1" type="stmt"/>
        <line num="25" count="17" type="stmt"/>
        <line num="26" count="17" type="stmt"/>
        <line num="27" count="17" type="cond" truecount="1" falsecount="0"/>
        <line num="28" count="3" type="stmt"/>
        <line num="29" count="3" type="cond" truecount="2" falsecount="0"/>
        <line num="30" count="2" type="stmt"/>
        <line num="31" count="3" type="cond" truecount="1" falsecount="0"/>
        <line num="32" count="1" type="stmt"/>
        <line num="33" count="2" type="cond" truecount="1" falsecount="0"/>
        <line num="34" count="2" type="stmt"/>
        <line num="35" count="2" type="stmt"/>
        <line num="36" count="17" type="stmt"/>
        <line num="37" count="17" type="stmt"/>
        <line num="38" count="1" type="stmt"/>
        <line num="39" count="1" type="cond" truecount="1" falsecount="0"/>
        <line num="40" count="16" type="stmt"/>
        <line num="41" count="16" type="stmt"/>
        <line num="42" count="16" type="stmt"/>
        <line num="43" count="1" type="stmt"/>
        <line num="44" count="1" type="cond" truecount="1" falsecount="0"/>
        <line num="45" count="8" type="stmt"/>
        <line num="46" count="8" type="stmt"/>
        <line num="47" count="8" type="stmt"/>
        <line num="48" count="8" type="stmt"/>
        <line num="49" count="8" type="stmt"/>
        <line num="50" count="8" type="cond" truecount="1" falsecount="0"/>
        <line num="51" count="8" type="stmt"/>
        <line num="52" count="8" type="stmt"/>
        <line num="53" count="8" type="stmt"/>
        <line num="54" count="8" type="stmt"/>
        <line num="55" count="8" type="cond" truecount="1" falsecount="0"/>
        <line num="56" count="5" type="stmt"/>
        <line num="57" count="8" type="stmt"/>
        <line num="58" count="8" type="stmt"/>
        <line num="59" count="8" type="cond" truecount="1" falsecount="0"/>
        <line num="60" count="3" type="stmt"/>
        <line num="61" count="3" type="stmt"/>
        <line num="62" count="3" type="stmt"/>
        <line num="63" count="3" type="stmt"/>
        <line num="64" count="3" type="stmt"/>
        <line num="65" count="3" type="stmt"/>
        <line num="66" count="3" type="cond" truecount="1" falsecount="0"/>
        <line num="67" count="6" type="stmt"/>
        <line num="68" count="6" type="stmt"/>
        <line num="69" count="3" type="stmt"/>
        <line num="70" count="3" type="cond" truecount="1" falsecount="0"/>
        <line num="71" count="1" type="cond" truecount="1" falsecount="0"/>
        <line num="72" count="3" type="stmt"/>
        <line num="73" count="3" type="stmt"/>
        <line num="74" count="3" type="stmt"/>
        <line num="75" count="3" type="stmt"/>
        <line num="76" count="3" type="stmt"/>
        <line num="77" count="3" type="cond" truecount="1" falsecount="0"/>
        <line num="78" count="2" type="cond" truecount="3" falsecount="0"/>
        <line num="79" count="1" type="stmt"/>
        <line num="80" count="3" type="stmt"/>
        <line num="81" count="3" type="cond" truecount="1" falsecount="0"/>
        <line num="82" count="5" type="stmt"/>
        <line num="83" count="5" type="stmt"/>
        <line num="84" count="5" type="stmt"/>
        <line num="85" count="5" type="stmt"/>
        <line num="86" count="8" type="cond" truecount="0" falsecount="1"/>
        <line num="87" count="0" type="stmt"/>
        <line num="88" count="0" type="stmt"/>
        <line num="89" count="0" type="stmt"/>
        <line num="90" count="0" type="stmt"/>
        <line num="91" count="0" type="stmt"/>
        <line num="92" count="0" type="stmt"/>
        <line num="93" count="0" type="stmt"/>
        <line num="94" count="0" type="cond" truecount="1" falsecount="0"/>
        <line num="95" count="5" type="stmt"/>
        <line num="96" count="5" type="stmt"/>
        <line num="97" count="5" type="stmt"/>
        <line num="98" count="5" type="stmt"/>
        <line num="99" count="5" type="cond" truecount="1" falsecount="0"/>
        <line num="100" count="8" type="cond" truecount="1" falsecount="0"/>
        <line num="101" count="8" type="cond" truecount="4" falsecount="0"/>
        <line num="102" count="8" type="stmt"/>
        <line num="103" count="1" type="stmt"/>
        <line num="104" count="1" type="stmt"/>
        <line num="105" count="1" type="stmt"/>
        <line num="106" count="1" type="stmt"/>
        <line num="107" count="1" type="stmt"/>
        <line num="108" count="1" type="stmt"/>
        <line num="109" count="1" type="cond" truecount="1" falsecount="0"/>
        <line num="110" count="2" type="cond" truecount="1" falsecount="0"/>
        <line num="111" count="2" type="cond" truecount="1" falsecount="0"/>
        <line num="112" count="1" type="stmt"/>
        <line num="113" count="1" type="stmt"/>
        <line num="114" count="1" type="stmt"/>
        <line num="115" count="2" type="cond" truecount="0" falsecount="1"/>
        <line num="116" count="2" type="cond" truecount="0" falsecount="1"/>
        <line num="117" count="0" type="stmt"/>
        <line num="118" count="0" type="cond" truecount="1" falsecount="0"/>
        <line num="119" count="1" type="stmt"/>
        <line num="120" count="1" type="stmt"/>
        <line num="121" count="1" type="stmt"/>
        <line num="122" count="1" type="stmt"/>
        <line num="123" count="1" type="cond" truecount="0" falsecount="1"/>
        <line num="124" count="2" type="stmt"/>
        <line num="125" count="2" type="cond" truecount="1" falsecount="0"/>
        <line num="126" count="1" type="stmt"/>
        <line num="127" count="1" type="stmt"/>
        <line num="128" count="1" type="stmt"/>
        <line num="129" count="1" type="stmt"/>
        <line num="130" count="1" type="stmt"/>
        <line num="131" count="1" type="stmt"/>
        <line num="132" count="1" type="stmt"/>
        <line num="133" count="1" type="stmt"/>
        <line num="134" count="1" type="stmt"/>
        <line num="135" count="1" type="cond" truecount="1" falsecount="0"/>
        <line num="136" count="3" type="stmt"/>
        <line num="137" count="3" type="stmt"/>
        <line num="138" count="3" type="stmt"/>
        <line num="139" count="3" type="stmt"/>
        <line num="140" count="3" type="stmt"/>
        <line num="141" count="1" type="stmt"/>
        <line num="142" count="1" type="stmt"/>
        <line num="143" count="1" type="stmt"/>
        <line num="144" count="1" type="cond" truecount="1" falsecount="0"/>
        <line num="145" count="2" type="cond" truecount="1" falsecount="0"/>
        <line num="146" count="1" type="stmt"/>
        <line num="147" count="1" type="stmt"/>
        <line num="148" count="2" type="cond" truecount="1" falsecount="0"/>
        <line num="149" count="2" type="stmt"/>
        <line num="150" count="2" type="stmt"/>
        <line num="151" count="1" type="stmt"/>
        <line num="152" count="1" type="stmt"/>
        <line num="153" count="1" type="cond" truecount="1" falsecount="0"/>
        <line num="154" count="18" type="cond" truecount="1" falsecount="0"/>
        <line num="155" count="15" type="stmt"/>
        <line num="156" count="18" type="stmt"/>
        <line num="157" count="18" type="stmt"/>
        <line num="158" count="1" type="stmt"/>
        <line num="159" count="1" type="cond" truecount="1" falsecount="0"/>
        <line num="160" count="21" type="stmt"/>
        <line num="161" count="21" type="stmt"/>
        <line num="162" count="21" type="cond" truecount="0" falsecount="1"/>
        <line num="163" count="21" type="cond" truecount="1" falsecount="0"/>
        <line num="164" count="1" type="cond" truecount="0" falsecount="1"/>
        <line num="165" count="1" type="stmt"/>
        <line num="166" count="21" type="cond" truecount="1" falsecount="0"/>
        <line num="167" count="11" type="stmt"/>
        <line num="168" count="11" type="stmt"/>
        <line num="169" count="21" type="stmt"/>
        <line num="170" count="1" type="stmt"/>
        <line num="171" count="1" type="cond" truecount="1" falsecount="0"/>
        <line num="172" count="2" type="stmt"/>
        <line num="173" count="2" type="stmt"/>
        <line num="174" count="1" type="stmt"/>
      </file>
      <file name="bookmark_toggle_controller.js" path="/home/morik/emotion_music_box/app/javascript/controllers/bookmark_toggle_controller.js">
        <metrics statements="41" coveredstatements="41" conditionals="10" coveredconditionals="10" methods="3" coveredmethods="3"/>
        <line num="1" count="1" type="stmt"/>
        <line num="2" count="1" type="stmt"/>
        <line num="3" count="1" type="stmt"/>
        <line num="4" count="1" type="cond" truecount="1" falsecount="0"/>
        <line num="5" count="1" type="stmt"/>
        <line num="6" count="1" type="cond" truecount="1" falsecount="0"/>
        <line num="7" count="4" type="stmt"/>
        <line num="8" count="4" type="cond" truecount="1" falsecount="0"/>
        <line num="9" count="1" type="stmt"/>
        <line num="10" count="4" type="stmt"/>
        <line num="11" count="4" type="stmt"/>
        <line num="12" count="1" type="stmt"/>
        <line num="13" count="1" type="cond" truecount="1" falsecount="0"/>
        <line num="14" count="3" type="stmt"/>
        <line num="15" count="3" type="stmt"/>
        <line num="16" count="3" type="stmt"/>
        <line num="17" count="3" type="stmt"/>
        <line num="18" count="3" type="stmt"/>
        <line num="19" count="3" type="stmt"/>
        <line num="20" count="3" type="stmt"/>
        <line num="21" count="3" type="stmt"/>
        <line num="22" count="1" type="cond" truecount="1" falsecount="0"/>
        <line num="23" count="3" type="cond" truecount="1" falsecount="0"/>
        <line num="24" count="3" type="stmt"/>
        <line num="25" count="3" type="stmt"/>
        <line num="26" count="3" type="stmt"/>
        <line num="27" count="3" type="stmt"/>
        <line num="28" count="3" type="stmt"/>
        <line num="29" count="3" type="stmt"/>
        <line num="30" count="3" type="stmt"/>
        <line num="31" count="3" type="cond" truecount="2" falsecount="0"/>
        <line num="32" count="3" type="stmt"/>
        <line num="33" count="3" type="stmt"/>
        <line num="34" count="3" type="stmt"/>
        <line num="35" count="3" type="stmt"/>
        <line num="36" count="3" type="cond" truecount="2" falsecount="0"/>
        <line num="37" count="3" type="stmt"/>
        <line num="38" count="3" type="stmt"/>
        <line num="39" count="3" type="stmt"/>
        <line num="40" count="3" type="stmt"/>
        <line num="41" count="1" type="stmt"/>
      </file>
      <file name="comment_form_controller.js" path="/home/morik/emotion_music_box/app/javascript/controllers/comment_form_controller.js">
        <metrics statements="51" coveredstatements="51" conditionals="11" coveredconditionals="10" methods="5" coveredmethods="5"/>
        <line num="1" count="1" type="stmt"/>
        <line num="2" count="1" type="stmt"/>
        <line num="3" count="1" type="stmt"/>
        <line num="4" count="1" type="stmt"/>
        <line num="5" count="1" type="cond" truecount="1" falsecount="0"/>
        <line num="6" count="1" type="stmt"/>
        <line num="7" count="1" type="cond" truecount="1" falsecount="0"/>
        <line num="8" count="1" type="stmt"/>
        <line num="9" count="1" type="stmt"/>
        <line num="10" count="1" type="stmt"/>
        <line num="11" count="1" type="stmt"/>
        <line num="12" count="1" type="cond" truecount="1" falsecount="0"/>
        <line num="13" count="2" type="cond" truecount="1" falsecount="0"/>
        <line num="14" count="1" type="stmt"/>
        <line num="15" count="1" type="stmt"/>
        <line num="16" count="1" type="stmt"/>
        <line num="17" count="1" type="stmt"/>
        <line num="18" count="1" type="stmt"/>
        <line num="19" count="1" type="stmt"/>
        <line num="20" count="1" type="stmt"/>
        <line num="21" count="2" type="stmt"/>
        <line num="22" count="2" type="stmt"/>
        <line num="23" count="1" type="stmt"/>
        <line num="24" count="1" type="stmt"/>
        <line num="25" count="1" type="cond" truecount="1" falsecount="0"/>
        <line num="26" count="4" type="stmt"/>
        <line num="27" count="4" type="stmt"/>
        <line num="28" count="4" type="stmt"/>
        <line num="29" count="4" type="stmt"/>
        <line num="30" count="4" type="stmt"/>
        <line num="31" count="4" type="stmt"/>
        <line num="32" count="4" type="stmt"/>
        <line num="33" count="4" type="stmt"/>
        <line num="34" count="4" type="stmt"/>
        <line num="35" count="4" type="stmt"/>
        <line num="36" count="4" type="stmt"/>
        <line num="37" count="4" type="stmt"/>
        <line num="38" count="4" type="cond" truecount="1" falsecount="0"/>
        <line num="39" count="3" type="cond" truecount="1" falsecount="0"/>
        <line num="40" count="1" type="stmt"/>
        <line num="41" count="3" type="stmt"/>
        <line num="42" count="3" type="stmt"/>
        <line num="43" count="4" type="stmt"/>
        <line num="44" count="1" type="stmt"/>
        <line num="45" count="1" type="cond" truecount="1" falsecount="0"/>
        <line num="46" count="2" type="cond" truecount="1" falsecount="0"/>
        <line num="47" count="1" type="cond" truecount="1" falsecount="0"/>
        <line num="48" count="2" type="cond" truecount="0" falsecount="1"/>
        <line num="49" count="2" type="stmt"/>
        <line num="50" count="2" type="stmt"/>
        <line num="51" count="1" type="stmt"/>
      </file>
      <file name="comment_update_controller.js" path="/home/morik/emotion_music_box/app/javascript/controllers/comment_update_controller.js">
        <metrics statements="10" coveredstatements="10" conditionals="2" coveredconditionals="2" methods="1" coveredmethods="1"/>
        <line num="1" count="1" type="stmt"/>
        <line num="2" count="1" type="stmt"/>
        <line num="3" count="1" type="stmt"/>
        <line num="4" count="1" type="stmt"/>
        <line num="5" count="1" type="cond" truecount="1" falsecount="0"/>
        <line num="6" count="1" type="cond" truecount="1" falsecount="0"/>
        <line num="7" count="1" type="stmt"/>
        <line num="8" count="1" type="stmt"/>
        <line num="9" count="1" type="stmt"/>
        <line num="10" count="1" type="stmt"/>
      </file>
      <file name="flash_then_redirect_controller.js" path="/home/morik/emotion_music_box/app/javascript/controllers/flash_then_redirect_controller.js">
        <metrics statements="45" coveredstatements="45" conditionals="14" coveredconditionals="13" methods="3" coveredmethods="3"/>
        <line num="1" count="1" type="stmt"/>
        <line num="2" count="1" type="stmt"/>
        <line num="3" count="1" type="stmt"/>
        <line num="4" count="1" type="cond" truecount="1" falsecount="0"/>
        <line num="5" count="37" type="stmt"/>
        <line num="6" count="37" type="stmt"/>
        <line num="7" count="37" type="stmt"/>
        <line num="8" count="37" type="stmt"/>
        <line num="9" count="37" type="stmt"/>
        <line num="10" count="37" type="stmt"/>
        <line num="11" count="1" type="stmt"/>
        <line num="12" count="1" type="cond" truecount="1" falsecount="0"/>
        <line num="13" count="3" type="stmt"/>
        <line num="14" count="3" type="cond" truecount="1" falsecount="0"/>
        <line num="15" count="1" type="cond" truecount="0" falsecount="1"/>
        <line num="16" count="3" type="stmt"/>
        <line num="17" count="3" type="cond" truecount="1" falsecount="0"/>
        <line num="18" count="3" type="stmt"/>
        <line num="19" count="3" type="stmt"/>
        <line num="20" count="3" type="stmt"/>
        <line num="21" count="3" type="stmt"/>
        <line num="22" count="3" type="stmt"/>
        <line num="23" count="3" type="cond" truecount="1" falsecount="0"/>
        <line num="24" count="2" type="cond" truecount="1" falsecount="0"/>
        <line num="25" count="2" type="stmt"/>
        <line num="26" count="2" type="stmt"/>
        <line num="27" count="2" type="cond" truecount="1" falsecount="0"/>
        <line num="28" count="1" type="stmt"/>
        <line num="29" count="1" type="stmt"/>
        <line num="30" count="1" type="stmt"/>
        <line num="31" count="1" type="stmt"/>
        <line num="32" count="1" type="stmt"/>
        <line num="33" count="1" type="stmt"/>
        <line num="34" count="1" type="cond" truecount="1" falsecount="0"/>
        <line num="35" count="1" type="stmt"/>
        <line num="36" count="1" type="stmt"/>
        <line num="37" count="1" type="cond" truecount="1" falsecount="0"/>
        <line num="38" count="3" type="cond" truecount="1" falsecount="0"/>
        <line num="39" count="3" type="cond" truecount="2" falsecount="0"/>
        <line num="40" count="2" type="stmt"/>
        <line num="41" count="3" type="cond" truecount="1" falsecount="0"/>
        <line num="42" count="1" type="stmt"/>
        <line num="43" count="1" type="stmt"/>
        <line num="44" count="3" type="stmt"/>
        <line num="45" count="1" type="stmt"/>
      </file>
      <file name="global-player_controller.js" path="/home/morik/emotion_music_box/app/javascript/controllers/global-player_controller.js">
        <metrics statements="729" coveredstatements="714" conditionals="195" coveredconditionals="164" methods="49" coveredmethods="45"/>
        <line num="1" count="1" type="stmt"/>
        <line num="2" count="1" type="stmt"/>
        <line num="3" count="1" type="cond" truecount="1" falsecount="0"/>
        <line num="4" count="75" type="cond" truecount="1" falsecount="0"/>
        <line num="5" count="75" type="stmt"/>
        <line num="6" count="75" type="cond" truecount="1" falsecount="0"/>
        <line num="7" count="45" type="stmt"/>
        <line num="8" count="45" type="cond" truecount="1" falsecount="0"/>
        <line num="9" count="15" type="stmt"/>
        <line num="10" count="15" type="stmt"/>
        <line num="11" count="15" type="stmt"/>
        <line num="12" count="15" type="stmt"/>
        <line num="13" count="15" type="stmt"/>
        <line num="14" count="75" type="stmt"/>
        <line num="15" count="75" type="stmt"/>
        <line num="16" count="75" type="cond" truecount="1" falsecount="0"/>
        <line num="17" count="18" type="stmt"/>
        <line num="18" count="18" type="stmt"/>
        <line num="19" count="18" type="stmt"/>
        <line num="20" count="18" type="stmt"/>
        <line num="21" count="75" type="stmt"/>
        <line num="22" count="75" type="cond" truecount="1" falsecount="0"/>
        <line num="23" count="75" type="stmt"/>
        <line num="24" count="75" type="stmt"/>
        <line num="25" count="75" type="stmt"/>
        <line num="26" count="75" type="cond" truecount="1" falsecount="0"/>
        <line num="27" count="1" type="stmt"/>
        <line num="28" count="1" type="stmt"/>
        <line num="29" count="75" type="stmt"/>
        <line num="30" count="75" type="stmt"/>
        <line num="31" count="75" type="stmt"/>
        <line num="32" count="75" type="stmt"/>
        <line num="33" count="75" type="stmt"/>
        <line num="34" count="75" type="stmt"/>
        <line num="35" count="75" type="stmt"/>
        <line num="36" count="75" type="stmt"/>
        <line num="37" count="75" type="stmt"/>
        <line num="38" count="75" type="stmt"/>
        <line num="39" count="75" type="stmt"/>
        <line num="40" count="75" type="stmt"/>
        <line num="41" count="75" type="stmt"/>
        <line num="42" count="75" type="stmt"/>
        <line num="43" count="75" type="stmt"/>
        <line num="44" count="75" type="stmt"/>
        <line num="45" count="75" type="stmt"/>
        <line num="46" count="75" type="stmt"/>
        <line num="47" count="75" type="stmt"/>
        <line num="48" count="75" type="stmt"/>
        <line num="49" count="75" type="stmt"/>
        <line num="50" count="75" type="stmt"/>
        <line num="51" count="75" type="stmt"/>
        <line num="52" count="75" type="stmt"/>
        <line num="53" count="75" type="stmt"/>
        <line num="54" count="75" type="stmt"/>
        <line num="55" count="75" type="stmt"/>
        <line num="56" count="75" type="stmt"/>
        <line num="57" count="75" type="stmt"/>
        <line num="58" count="75" type="stmt"/>
        <line num="59" count="75" type="stmt"/>
        <line num="60" count="75" type="cond" truecount="1" falsecount="0"/>
        <line num="61" count="1" type="stmt"/>
        <line num="62" count="1" type="stmt"/>
        <line num="63" count="75" type="stmt"/>
        <line num="64" count="75" type="cond" truecount="1" falsecount="0"/>
        <line num="65" count="57" type="cond" truecount="1" falsecount="0"/>
        <line num="66" count="1" type="stmt"/>
        <line num="67" count="1" type="stmt"/>
        <line num="68" count="1" type="stmt"/>
        <line num="69" count="75" type="stmt"/>
        <line num="70" count="75" type="stmt"/>
        <line num="71" count="75" type="stmt"/>
        <line num="72" count="75" type="stmt"/>
        <line num="73" count="75" type="stmt"/>
        <line num="74" count="75" type="cond" truecount="1" falsecount="0"/>
        <line num="75" count="49" type="stmt"/>
        <line num="76" count="49" type="stmt"/>
        <line num="77" count="75" type="stmt"/>
        <line num="78" count="75" type="stmt"/>
        <line num="79" count="75" type="stmt"/>
        <line num="80" count="75" type="cond" truecount="1" falsecount="0"/>
        <line num="81" count="166" type="stmt"/>
        <line num="82" count="166" type="stmt"/>
        <line num="83" count="166" type="stmt"/>
        <line num="84" count="166" type="stmt"/>
        <line num="85" count="166" type="stmt"/>
        <line num="86" count="75" type="stmt"/>
        <line num="87" count="75" type="stmt"/>
        <line num="88" count="75" type="stmt"/>
        <line num="89" count="75" type="stmt"/>
        <line num="90" count="75" type="stmt"/>
        <line num="91" count="75" type="stmt"/>
        <line num="92" count="75" type="stmt"/>
        <line num="93" count="75" type="stmt"/>
        <line num="94" count="75" type="stmt"/>
        <line num="95" count="75" type="stmt"/>
        <line num="96" count="75" type="stmt"/>
        <line num="97" count="75" type="stmt"/>
        <line num="98" count="75" type="stmt"/>
        <line num="99" count="75" type="stmt"/>
        <line num="100" count="75" type="stmt"/>
        <line num="101" count="75" type="stmt"/>
        <line num="102" count="75" type="stmt"/>
        <line num="103" count="75" type="cond" truecount="0" falsecount="1"/>
        <line num="104" count="75" type="stmt"/>
        <line num="105" count="75" type="stmt"/>
        <line num="106" count="75" type="stmt"/>
        <line num="107" count="75" type="stmt"/>
        <line num="108" count="75" type="stmt"/>
        <line num="109" count="75" type="stmt"/>
        <line num="110" count="75" type="cond" truecount="1" falsecount="0"/>
        <line num="111" count="215" type="cond" truecount="2" falsecount="0"/>
        <line num="112" count="215" type="cond" truecount="1" falsecount="1"/>
        <line num="113" count="215" type="stmt"/>
        <line num="114" count="75" type="stmt"/>
        <line num="115" count="75" type="cond" truecount="1" falsecount="0"/>
        <line num="116" count="172" type="cond" truecount="0" falsecount="1"/>
        <line num="117" count="172" type="stmt"/>
        <line num="118" count="172" type="stmt"/>
        <line num="119" count="172" type="stmt"/>
        <line num="120" count="172" type="stmt"/>
        <line num="121" count="172" type="stmt"/>
        <line num="122" count="172" type="cond" truecount="2" falsecount="0"/>
        <line num="123" count="172" type="stmt"/>
        <line num="124" count="75" type="stmt"/>
        <line num="125" count="75" type="cond" truecount="1" falsecount="0"/>
        <line num="126" count="85" type="cond" truecount="0" falsecount="1"/>
        <line num="127" count="85" type="stmt"/>
        <line num="128" count="85" type="stmt"/>
        <line num="129" count="85" type="stmt"/>
        <line num="130" count="85" type="stmt"/>
        <line num="131" count="75" type="stmt"/>
        <line num="132" count="75" type="stmt"/>
        <line num="133" count="75" type="cond" truecount="1" falsecount="0"/>
        <line num="134" count="85" type="cond" truecount="2" falsecount="0"/>
        <line num="135" count="81" type="cond" truecount="1" falsecount="0"/>
        <line num="136" count="81" type="cond" truecount="1" falsecount="0"/>
        <line num="137" count="81" type="stmt"/>
        <line num="138" count="81" type="stmt"/>
        <line num="139" count="81" type="stmt"/>
        <line num="140" count="81" type="stmt"/>
        <line num="141" count="81" type="stmt"/>
        <line num="142" count="81" type="stmt"/>
        <line num="143" count="81" type="stmt"/>
        <line num="144" count="81" type="stmt"/>
        <line num="145" count="81" type="stmt"/>
        <line num="146" count="81" type="stmt"/>
        <line num="147" count="81" type="stmt"/>
        <line num="148" count="75" type="stmt"/>
        <line num="149" count="75" type="cond" truecount="1" falsecount="0"/>
        <line num="150" count="10" type="cond" truecount="0" falsecount="1"/>
        <line num="151" count="10" type="stmt"/>
        <line num="152" count="10" type="cond" truecount="1" falsecount="0"/>
        <line num="153" count="10" type="cond" truecount="0" falsecount="1"/>
        <line num="154" count="10" type="stmt"/>
        <line num="155" count="10" type="cond" truecount="1" falsecount="0"/>
        <line num="156" count="10" type="cond" truecount="1" falsecount="0"/>
        <line num="157" count="1" type="stmt"/>
        <line num="158" count="1" type="cond" truecount="0" falsecount="1"/>
        <line num="159" count="1" type="stmt"/>
        <line num="160" count="1" type="stmt"/>
        <line num="161" count="10" type="cond" truecount="2" falsecount="0"/>
        <line num="162" count="8" type="cond" truecount="1" falsecount="0"/>
        <line num="163" count="9" type="cond" truecount="1" falsecount="0"/>
        <line num="164" count="1" type="stmt"/>
        <line num="165" count="1" type="stmt"/>
        <line num="166" count="1" type="stmt"/>
        <line num="167" count="1" type="stmt"/>
        <line num="168" count="10" type="stmt"/>
        <line num="169" count="10" type="stmt"/>
        <line num="170" count="10" type="stmt"/>
        <line num="171" count="10" type="stmt"/>
        <line num="172" count="10" type="stmt"/>
        <line num="173" count="10" type="stmt"/>
        <line num="174" count="10" type="cond" truecount="0" falsecount="1"/>
        <line num="175" count="10" type="stmt"/>
        <line num="176" count="10" type="stmt"/>
        <line num="177" count="10" type="stmt"/>
        <line num="178" count="75" type="stmt"/>
        <line num="179" count="75" type="cond" truecount="1" falsecount="0"/>
        <line num="180" count="82" type="stmt"/>
        <line num="181" count="82" type="cond" truecount="2" falsecount="0"/>
        <line num="182" count="23" type="stmt"/>
        <line num="183" count="23" type="stmt"/>
        <line num="184" count="82" type="cond" truecount="2" falsecount="0"/>
        <line num="185" count="22" type="stmt"/>
        <line num="186" count="22" type="stmt"/>
        <line num="187" count="82" type="stmt"/>
        <line num="188" count="82" type="stmt"/>
        <line num="189" count="82" type="stmt"/>
        <line num="190" count="82" type="cond" truecount="1" falsecount="0"/>
        <line num="191" count="1" type="stmt"/>
        <line num="192" count="1" type="stmt"/>
        <line num="193" count="1" type="stmt"/>
        <line num="194" count="1" type="stmt"/>
        <line num="195" count="1" type="stmt"/>
        <line num="196" count="1" type="cond" truecount="1" falsecount="0"/>
        <line num="197" count="22" type="stmt"/>
        <line num="198" count="82" type="cond" truecount="1" falsecount="1"/>
        <line num="199" count="22" type="stmt"/>
        <line num="200" count="22" type="stmt"/>
        <line num="201" count="22" type="stmt"/>
        <line num="202" count="22" type="stmt"/>
        <line num="203" count="22" type="cond" truecount="1" falsecount="0"/>
        <line num="204" count="2" type="cond" truecount="1" falsecount="0"/>
        <line num="205" count="2" type="stmt"/>
        <line num="206" count="2" type="stmt"/>
        <line num="207" count="2" type="stmt"/>
        <line num="208" count="2" type="cond" truecount="1" falsecount="0"/>
        <line num="209" count="2" type="cond" truecount="1" falsecount="0"/>
        <line num="210" count="2" type="stmt"/>
        <line num="211" count="2" type="stmt"/>
        <line num="212" count="2" type="cond" truecount="0" falsecount="1"/>
        <line num="213" count="2" type="stmt"/>
        <line num="214" count="2" type="cond" truecount="0" falsecount="1"/>
        <line num="215" count="0" type="stmt"/>
        <line num="216" count="0" type="stmt"/>
        <line num="217" count="0" type="stmt"/>
        <line num="218" count="2" type="stmt"/>
        <line num="219" count="2" type="stmt"/>
        <line num="220" count="2" type="cond" truecount="0" falsecount="1"/>
        <line num="221" count="2" type="stmt"/>
        <line num="222" count="2" type="stmt"/>
        <line num="223" count="2" type="stmt"/>
        <line num="224" count="2" type="stmt"/>
        <line num="225" count="2" type="stmt"/>
        <line num="226" count="2" type="stmt"/>
        <line num="227" count="2" type="stmt"/>
        <line num="228" count="2" type="stmt"/>
        <line num="229" count="2" type="stmt"/>
        <line num="230" count="2" type="stmt"/>
        <line num="231" count="22" type="stmt"/>
        <line num="232" count="22" type="stmt"/>
        <line num="233" count="75" type="stmt"/>
        <line num="234" count="75" type="cond" truecount="1" falsecount="0"/>
        <line num="235" count="18" type="stmt"/>
        <line num="236" count="18" type="stmt"/>
        <line num="237" count="18" type="stmt"/>
        <line num="238" count="75" type="stmt"/>
        <line num="239" count="75" type="stmt"/>
        <line num="240" count="75" type="cond" truecount="1" falsecount="0"/>
        <line num="241" count="53" type="stmt"/>
        <line num="242" count="53" type="stmt"/>
        <line num="243" count="53" type="stmt"/>
        <line num="244" count="53" type="cond" truecount="1" falsecount="0"/>
        <line num="245" count="1" type="stmt"/>
        <line num="246" count="1" type="stmt"/>
        <line num="247" count="1" type="stmt"/>
        <line num="248" count="1" type="stmt"/>
        <line num="249" count="1" type="stmt"/>
        <line num="250" count="1" type="stmt"/>
        <line num="251" count="53" type="stmt"/>
        <line num="252" count="53" type="stmt"/>
        <line num="253" count="53" type="cond" truecount="1" falsecount="0"/>
        <line num="254" count="1" type="stmt"/>
        <line num="255" count="1" type="stmt"/>
        <line num="256" count="1" type="cond" truecount="1" falsecount="0"/>
        <line num="257" count="52" type="stmt"/>
        <line num="258" count="52" type="stmt"/>
        <line num="259" count="52" type="stmt"/>
        <line num="260" count="52" type="stmt"/>
        <line num="261" count="52" type="cond" truecount="1" falsecount="0"/>
        <line num="262" count="4" type="cond" truecount="1" falsecount="0"/>
        <line num="263" count="4" type="stmt"/>
        <line num="264" count="4" type="stmt"/>
        <line num="265" count="4" type="stmt"/>
        <line num="266" count="4" type="cond" truecount="1" falsecount="0"/>
        <line num="267" count="4" type="cond" truecount="1" falsecount="0"/>
        <line num="268" count="4" type="cond" truecount="1" falsecount="0"/>
        <line num="269" count="3" type="stmt"/>
        <line num="270" count="3" type="cond" truecount="0" falsecount="1"/>
        <line num="271" count="3" type="stmt"/>
        <line num="272" count="4" type="cond" truecount="1" falsecount="0"/>
        <line num="273" count="1" type="stmt"/>
        <line num="274" count="1" type="stmt"/>
        <line num="275" count="1" type="stmt"/>
        <line num="276" count="4" type="stmt"/>
        <line num="277" count="4" type="stmt"/>
        <line num="278" count="4" type="stmt"/>
        <line num="279" count="4" type="stmt"/>
        <line num="280" count="4" type="stmt"/>
        <line num="281" count="4" type="stmt"/>
        <line num="282" count="4" type="stmt"/>
        <line num="283" count="4" type="stmt"/>
        <line num="284" count="4" type="stmt"/>
        <line num="285" count="4" type="stmt"/>
        <line num="286" count="52" type="stmt"/>
        <line num="287" count="52" type="stmt"/>
        <line num="288" count="75" type="stmt"/>
        <line num="289" count="75" type="stmt"/>
        <line num="290" count="75" type="cond" truecount="1" falsecount="0"/>
        <line num="291" count="22" type="cond" truecount="0" falsecount="1"/>
        <line num="292" count="22" type="stmt"/>
        <line num="293" count="22" type="stmt"/>
        <line num="294" count="22" type="stmt"/>
        <line num="295" count="22" type="stmt"/>
        <line num="296" count="22" type="stmt"/>
        <line num="297" count="22" type="stmt"/>
        <line num="298" count="22" type="stmt"/>
        <line num="299" count="22" type="cond" truecount="1" falsecount="0"/>
        <line num="300" count="842" type="cond" truecount="2" falsecount="0"/>
        <line num="301" count="835" type="stmt"/>
        <line num="302" count="835" type="stmt"/>
        <line num="303" count="835" type="stmt"/>
        <line num="304" count="835" type="stmt"/>
        <line num="305" count="835" type="stmt"/>
        <line num="306" count="842" type="cond" truecount="1" falsecount="0"/>
        <line num="307" count="62625" type="stmt"/>
        <line num="308" count="62625" type="stmt"/>
        <line num="309" count="62625" type="cond" truecount="1" falsecount="0"/>
        <line num="310" count="835" type="stmt"/>
        <line num="311" count="835" type="stmt"/>
        <line num="312" count="835" type="stmt"/>
        <line num="313" count="835" type="stmt"/>
        <line num="314" count="22" type="stmt"/>
        <line num="315" count="22" type="stmt"/>
        <line num="316" count="22" type="stmt"/>
        <line num="317" count="75" type="stmt"/>
        <line num="318" count="75" type="cond" truecount="1" falsecount="0"/>
        <line num="319" count="35" type="stmt"/>
        <line num="320" count="35" type="stmt"/>
        <line num="321" count="35" type="stmt"/>
        <line num="322" count="75" type="stmt"/>
        <line num="323" count="75" type="stmt"/>
        <line num="324" count="75" type="cond" truecount="1" falsecount="0"/>
        <line num="325" count="4" type="stmt"/>
        <line num="326" count="4" type="stmt"/>
        <line num="327" count="4" type="stmt"/>
        <line num="328" count="4" type="stmt"/>
        <line num="329" count="4" type="stmt"/>
        <line num="330" count="4" type="stmt"/>
        <line num="331" count="4" type="stmt"/>
        <line num="332" count="4" type="stmt"/>
        <line num="333" count="75" type="stmt"/>
        <line num="334" count="75" type="cond" truecount="1" falsecount="0"/>
        <line num="335" count="4" type="stmt"/>
        <line num="336" count="4" type="stmt"/>
        <line num="337" count="4" type="stmt"/>
        <line num="338" count="4" type="stmt"/>
        <line num="339" count="4" type="stmt"/>
        <line num="340" count="4" type="stmt"/>
        <line num="341" count="4" type="stmt"/>
        <line num="342" count="75" type="stmt"/>
        <line num="343" count="75" type="cond" truecount="1" falsecount="0"/>
        <line num="344" count="103" type="cond" truecount="1" falsecount="0"/>
        <line num="345" count="103" type="cond" truecount="1" falsecount="0"/>
        <line num="346" count="103" type="stmt"/>
        <line num="347" count="75" type="cond" truecount="1" falsecount="0"/>
        <line num="348" count="4" type="stmt"/>
        <line num="349" count="4" type="stmt"/>
        <line num="350" count="4" type="stmt"/>
        <line num="351" count="4" type="stmt"/>
        <line num="352" count="4" type="stmt"/>
        <line num="353" count="75" type="stmt"/>
        <line num="354" count="75" type="stmt"/>
        <line num="355" count="75" type="cond" truecount="1" falsecount="0"/>
        <line num="356" count="80" type="stmt"/>
        <line num="357" count="80" type="cond" truecount="1" falsecount="0"/>
        <line num="358" count="80" type="cond" truecount="1" falsecount="0"/>
        <line num="359" count="80" type="stmt"/>
        <line num="360" count="80" type="stmt"/>
        <line num="361" count="80" type="stmt"/>
        <line num="362" count="80" type="stmt"/>
        <line num="363" count="80" type="stmt"/>
        <line num="364" count="80" type="stmt"/>
        <line num="365" count="80" type="stmt"/>
        <line num="366" count="80" type="stmt"/>
        <line num="367" count="80" type="stmt"/>
        <line num="368" count="80" type="stmt"/>
        <line num="369" count="80" type="stmt"/>
        <line num="370" count="80" type="stmt"/>
        <line num="371" count="80" type="stmt"/>
        <line num="372" count="80" type="stmt"/>
        <line num="373" count="80" type="stmt"/>
        <line num="374" count="80" type="stmt"/>
        <line num="375" count="80" type="stmt"/>
        <line num="376" count="80" type="stmt"/>
        <line num="377" count="75" type="stmt"/>
        <line num="378" count="75" type="cond" truecount="1" falsecount="0"/>
        <line num="379" count="19" type="stmt"/>
        <line num="380" count="19" type="cond" truecount="1" falsecount="0"/>
        <line num="381" count="19" type="cond" truecount="1" falsecount="0"/>
        <line num="382" count="19" type="stmt"/>
        <line num="383" count="19" type="stmt"/>
        <line num="384" count="19" type="stmt"/>
        <line num="385" count="19" type="stmt"/>
        <line num="386" count="19" type="stmt"/>
        <line num="387" count="19" type="stmt"/>
        <line num="388" count="19" type="stmt"/>
        <line num="389" count="75" type="stmt"/>
        <line num="390" count="75" type="cond" truecount="1" falsecount="0"/>
        <line num="391" count="76" type="stmt"/>
        <line num="392" count="76" type="stmt"/>
        <line num="393" count="76" type="stmt"/>
        <line num="394" count="76" type="stmt"/>
        <line num="395" count="76" type="stmt"/>
        <line num="396" count="76" type="stmt"/>
        <line num="397" count="76" type="cond" truecount="1" falsecount="0"/>
        <line num="398" count="152" type="stmt"/>
        <line num="399" count="152" type="stmt"/>
        <line num="400" count="76" type="stmt"/>
        <line num="401" count="76" type="stmt"/>
        <line num="402" count="76" type="stmt"/>
        <line num="403" count="76" type="stmt"/>
        <line num="404" count="76" type="stmt"/>
        <line num="405" count="76" type="stmt"/>
        <line num="406" count="76" type="stmt"/>
        <line num="407" count="75" type="stmt"/>
        <line num="408" count="75" type="stmt"/>
        <line num="409" count="75" type="cond" truecount="1" falsecount="0"/>
        <line num="410" count="79" type="stmt"/>
        <line num="411" count="79" type="cond" truecount="2" falsecount="0"/>
        <line num="412" count="78" type="stmt"/>
        <line num="413" count="78" type="stmt"/>
        <line num="414" count="78" type="stmt"/>
        <line num="415" count="78" type="stmt"/>
        <line num="416" count="78" type="stmt"/>
        <line num="417" count="78" type="stmt"/>
        <line num="418" count="78" type="stmt"/>
        <line num="419" count="78" type="stmt"/>
        <line num="420" count="78" type="stmt"/>
        <line num="421" count="78" type="stmt"/>
        <line num="422" count="78" type="stmt"/>
        <line num="423" count="78" type="stmt"/>
        <line num="424" count="75" type="stmt"/>
        <line num="425" count="75" type="stmt"/>
        <line num="426" count="75" type="cond" truecount="1" falsecount="0"/>
        <line num="427" count="2" type="stmt"/>
        <line num="428" count="2" type="stmt"/>
        <line num="429" count="2" type="stmt"/>
        <line num="430" count="2" type="stmt"/>
        <line num="431" count="2" type="stmt"/>
        <line num="432" count="2" type="cond" truecount="1" falsecount="0"/>
        <line num="433" count="2" type="stmt"/>
        <line num="434" count="2" type="cond" truecount="0" falsecount="1"/>
        <line num="435" count="2" type="stmt"/>
        <line num="436" count="2" type="stmt"/>
        <line num="437" count="2" type="stmt"/>
        <line num="438" count="2" type="stmt"/>
        <line num="439" count="2" type="stmt"/>
        <line num="440" count="2" type="stmt"/>
        <line num="441" count="2" type="cond" truecount="0" falsecount="1"/>
        <line num="442" count="0" type="stmt"/>
        <line num="443" count="0" type="stmt"/>
        <line num="444" count="0" type="stmt"/>
        <line num="445" count="0" type="stmt"/>
        <line num="446" count="0" type="stmt"/>
        <line num="447" count="0" type="stmt"/>
        <line num="448" count="2" type="stmt"/>
        <line num="449" count="2" type="stmt"/>
        <line num="450" count="2" type="cond" truecount="1" falsecount="0"/>
        <line num="451" count="1" type="stmt"/>
        <line num="452" count="1" type="stmt"/>
        <line num="453" count="1" type="stmt"/>
        <line num="454" count="1" type="cond" truecount="1" falsecount="0"/>
        <line num="455" count="1" type="cond" truecount="1" falsecount="0"/>
        <line num="456" count="1" type="stmt"/>
        <line num="457" count="1" type="stmt"/>
        <line num="458" count="1" type="stmt"/>
        <line num="459" count="1" type="cond" truecount="1" falsecount="0"/>
        <line num="460" count="1" type="cond" truecount="1" falsecount="0"/>
        <line num="461" count="2" type="cond" truecount="1" falsecount="0"/>
        <line num="462" count="2" type="cond" truecount="1" falsecount="0"/>
        <line num="463" count="1" type="stmt"/>
        <line num="464" count="1" type="cond" truecount="0" falsecount="1"/>
        <line num="465" count="1" type="stmt"/>
        <line num="466" count="1" type="stmt"/>
        <line num="467" count="1" type="stmt"/>
        <line num="468" count="1" type="cond" truecount="1" falsecount="0"/>
        <line num="469" count="1" type="cond" truecount="0" falsecount="1"/>
        <line num="470" count="0" type="stmt"/>
        <line num="471" count="0" type="stmt"/>
        <line num="472" count="0" type="stmt"/>
        <line num="473" count="0" type="stmt"/>
        <line num="474" count="2" type="stmt"/>
        <line num="475" count="1" type="stmt"/>
        <line num="476" count="1" type="stmt"/>
        <line num="477" count="1" type="stmt"/>
        <line num="478" count="1" type="stmt"/>
        <line num="479" count="1" type="stmt"/>
        <line num="480" count="1" type="stmt"/>
        <line num="481" count="1" type="stmt"/>
        <line num="482" count="1" type="stmt"/>
        <line num="483" count="1" type="stmt"/>
        <line num="484" count="1" type="stmt"/>
        <line num="485" count="1" type="stmt"/>
        <line num="486" count="1" type="stmt"/>
        <line num="487" count="1" type="stmt"/>
        <line num="488" count="75" type="stmt"/>
        <line num="489" count="75" type="stmt"/>
        <line num="490" count="75" type="cond" truecount="1" falsecount="0"/>
        <line num="491" count="24" type="stmt"/>
        <line num="492" count="24" type="stmt"/>
        <line num="493" count="24" type="stmt"/>
        <line num="494" count="24" type="cond" truecount="0" falsecount="1"/>
        <line num="495" count="24" type="stmt"/>
        <line num="496" count="24" type="stmt"/>
        <line num="497" count="24" type="cond" truecount="1" falsecount="0"/>
        <line num="498" count="22" type="stmt"/>
        <line num="499" count="22" type="cond" truecount="3" falsecount="0"/>
        <line num="500" count="19" type="stmt"/>
        <line num="501" count="19" type="stmt"/>
        <line num="502" count="19" type="stmt"/>
        <line num="503" count="19" type="cond" truecount="1" falsecount="0"/>
        <line num="504" count="18" type="stmt"/>
        <line num="505" count="18" type="stmt"/>
        <line num="506" count="19" type="cond" truecount="1" falsecount="0"/>
        <line num="507" count="1" type="stmt"/>
        <line num="508" count="1" type="stmt"/>
        <line num="509" count="1" type="stmt"/>
[...]
        <line num="63" count="1" type="stmt"/>
        <line num="64" count="1" type="stmt"/>
        <line num="65" count="1" type="cond" truecount="1" falsecount="0"/>
        <line num="66" count="2" type="stmt"/>
        <line num="67" count="2" type="stmt"/>
        <line num="68" count="2" type="cond" truecount="1" falsecount="0"/>
        <line num="69" count="1" type="stmt"/>
        <line num="70" count="1" type="stmt"/>
        <line num="71" count="1" type="stmt"/>
        <line num="72" count="1" type="stmt"/>
        <line num="73" count="2" type="stmt"/>
        <line num="74" count="1" type="stmt"/>
        <line num="75" count="1" type="stmt"/>
        <line num="76" count="1" type="stmt"/>
        <line num="77" count="1" type="stmt"/>
        <line num="78" count="1" type="stmt"/>
        <line num="79" count="1" type="stmt"/>
        <line num="80" count="1" type="stmt"/>
        <line num="81" count="1" type="stmt"/>
        <line num="82" count="1" type="stmt"/>
        <line num="83" count="1" type="stmt"/>
        <line num="84" count="1" type="stmt"/>
        <line num="85" count="1" type="stmt"/>
        <line num="86" count="65" type="cond" truecount="1" falsecount="0"/>
        <line num="87" count="65" type="stmt"/>
        <line num="88" count="65" type="stmt"/>
        <line num="89" count="65" type="stmt"/>
        <line num="90" count="65" type="stmt"/>
        <line num="91" count="65" type="stmt"/>
        <line num="92" count="65" type="stmt"/>
        <line num="93" count="1" type="stmt"/>
        <line num="94" count="76" type="cond" truecount="1" falsecount="0"/>
        <line num="95" count="76" type="stmt"/>
        <line num="96" count="76" type="cond" truecount="2" falsecount="0"/>
        <line num="97" count="76" type="cond" truecount="2" falsecount="0"/>
        <line num="98" count="76" type="stmt"/>
        <line num="99" count="76" type="cond" truecount="1" falsecount="1"/>
        <line num="100" count="76" type="stmt"/>
        <line num="101" count="1" type="stmt"/>
        <line num="102" count="1" type="cond" truecount="1" falsecount="0"/>
        <line num="103" count="17" type="stmt"/>
        <line num="104" count="17" type="cond" truecount="2" falsecount="0"/>
        <line num="105" count="9" type="stmt"/>
        <line num="106" count="9" type="stmt"/>
        <line num="107" count="9" type="cond" truecount="0" falsecount="1"/>
        <line num="108" count="9" type="stmt"/>
        <line num="109" count="1" type="stmt"/>
        <line num="110" count="1" type="stmt"/>
        <line num="111" count="1" type="stmt"/>
        <line num="112" count="1" type="stmt"/>
        <line num="113" count="1" type="cond" truecount="1" falsecount="0"/>
        <line num="114" count="51" type="stmt"/>
        <line num="115" count="51" type="cond" truecount="0" falsecount="1"/>
        <line num="116" count="51" type="stmt"/>
        <line num="117" count="51" type="cond" truecount="1" falsecount="0"/>
        <line num="118" count="51" type="stmt"/>
        <line num="119" count="1" type="stmt"/>
        <line num="120" count="1" type="stmt"/>
        <line num="121" count="1" type="stmt"/>
        <line num="122" count="1" type="cond" truecount="1" falsecount="0"/>
        <line num="123" count="39" type="stmt"/>
        <line num="124" count="39" type="cond" truecount="0" falsecount="1"/>
        <line num="125" count="39" type="stmt"/>
        <line num="126" count="39" type="cond" truecount="2" falsecount="0"/>
        <line num="127" count="39" type="cond" truecount="0" falsecount="1"/>
        <line num="128" count="39" type="cond" truecount="1" falsecount="0"/>
        <line num="129" count="25" type="stmt"/>
        <line num="130" count="25" type="stmt"/>
        <line num="131" count="25" type="stmt"/>
        <line num="132" count="1" type="stmt"/>
        <line num="133" count="1" type="stmt"/>
        <line num="134" count="1" type="stmt"/>
        <line num="135" count="1" type="stmt"/>
        <line num="136" count="1" type="stmt"/>
        <line num="137" count="1" type="stmt"/>
        <line num="138" count="1" type="cond" truecount="1" falsecount="0"/>
        <line num="139" count="228" type="cond" truecount="1" falsecount="0"/>
        <line num="140" count="1" type="stmt"/>
        <line num="141" count="1" type="stmt"/>
        <line num="142" count="1" type="stmt"/>
        <line num="143" count="1" type="cond" truecount="1" falsecount="0"/>
        <line num="144" count="171" type="cond" truecount="1" falsecount="0"/>
        <line num="145" count="1" type="stmt"/>
        <line num="146" count="1" type="stmt"/>
        <line num="147" count="1" type="stmt"/>
        <line num="148" count="1" type="cond" truecount="1" falsecount="0"/>
        <line num="149" count="171" type="cond" truecount="1" falsecount="0"/>
        <line num="150" count="1" type="stmt"/>
        <line num="151" count="1" type="stmt"/>
        <line num="152" count="1" type="stmt"/>
        <line num="153" count="1" type="cond" truecount="1" falsecount="0"/>
        <line num="154" count="57" type="cond" truecount="1" falsecount="0"/>
        <line num="155" count="16" type="stmt"/>
        <line num="156" count="16" type="stmt"/>
        <line num="157" count="16" type="cond" truecount="1" falsecount="0"/>
        <line num="158" count="41" type="cond" truecount="1" falsecount="0"/>
        <line num="159" count="245" type="cond" truecount="1" falsecount="0"/>
        <line num="160" count="6" type="stmt"/>
        <line num="161" count="6" type="stmt"/>
        <line num="162" count="6" type="stmt"/>
        <line num="163" count="41" type="stmt"/>
        <line num="164" count="41" type="stmt"/>
        <line num="165" count="1" type="stmt"/>
      </file>
      <file name="inline_handlers.js" path="/home/morik/emotion_music_box/app/javascript/custom/inline_handlers.js">
        <metrics statements="107" coveredstatements="105" conditionals="20" coveredconditionals="20" methods="13" coveredmethods="12"/>
        <line num="1" count="1" type="stmt"/>
        <line num="2" count="1" type="stmt"/>
        <line num="3" count="1" type="stmt"/>
        <line num="4" count="1" type="cond" truecount="1" falsecount="0"/>
        <line num="5" count="2" type="stmt"/>
        <line num="6" count="2" type="stmt"/>
        <line num="7" count="2" type="cond" truecount="1" falsecount="0"/>
        <line num="8" count="1" type="stmt"/>
        <line num="9" count="1" type="stmt"/>
        <line num="10" count="1" type="stmt"/>
        <line num="11" count="1" type="stmt"/>
        <line num="12" count="2" type="stmt"/>
        <line num="13" count="1" type="stmt"/>
        <line num="14" count="4" type="cond" truecount="1" falsecount="0"/>
        <line num="15" count="4" type="stmt"/>
        <line num="16" count="4" type="stmt"/>
        <line num="17" count="4" type="stmt"/>
        <line num="18" count="1" type="stmt"/>
        <line num="19" count="96" type="cond" truecount="1" falsecount="0"/>
        <line num="20" count="96" type="cond" truecount="1" falsecount="0"/>
        <line num="21" count="6" type="stmt"/>
        <line num="22" count="6" type="stmt"/>
        <line num="23" count="96" type="stmt"/>
        <line num="24" count="96" type="stmt"/>
        <line num="25" count="1" type="stmt"/>
        <line num="26" count="1" type="stmt"/>
        <line num="27" count="1" type="stmt"/>
        <line num="28" count="1" type="stmt"/>
        <line num="29" count="1" type="stmt"/>
        <line num="30" count="0" type="stmt"/>
        <line num="31" count="0" type="stmt"/>
        <line num="32" count="1" type="stmt"/>
        <line num="33" count="1" type="cond" truecount="1" falsecount="0"/>
        <line num="34" count="1" type="stmt"/>
        <line num="35" count="1" type="stmt"/>
        <line num="36" count="1" type="stmt"/>
        <line num="37" count="1" type="stmt"/>
        <line num="38" count="96" type="cond" truecount="1" falsecount="0"/>
        <line num="39" count="96" type="cond" truecount="1" falsecount="0"/>
        <line num="40" count="3" type="stmt"/>
        <line num="41" count="3" type="stmt"/>
        <line num="42" count="96" type="stmt"/>
        <line num="43" count="96" type="stmt"/>
        <line num="44" count="1" type="stmt"/>
        <line num="45" count="1" type="stmt"/>
        <line num="46" count="1" type="stmt"/>
        <line num="47" count="1" type="stmt"/>
        <line num="48" count="2" type="cond" truecount="1" falsecount="0"/>
        <line num="49" count="2" type="cond" truecount="1" falsecount="0"/>
        <line num="50" count="1" type="stmt"/>
        <line num="51" count="1" type="stmt"/>
        <line num="52" count="2" type="stmt"/>
        <line num="53" count="1" type="stmt"/>
        <line num="54" count="96" type="cond" truecount="1" falsecount="0"/>
        <line num="55" count="96" type="cond" truecount="1" falsecount="0"/>
        <line num="56" count="3" type="stmt"/>
        <line num="57" count="3" type="stmt"/>
        <line num="58" count="96" type="stmt"/>
        <line num="59" count="96" type="stmt"/>
        <line num="60" count="1" type="stmt"/>
        <line num="61" count="1" type="stmt"/>
        <line num="62" count="1" type="stmt"/>
        <line num="63" count="1" type="stmt"/>
        <line num="64" count="2" type="cond" truecount="1" falsecount="0"/>
        <line num="65" count="2" type="cond" truecount="1" falsecount="0"/>
        <line num="66" count="1" type="stmt"/>
        <line num="67" count="1" type="stmt"/>
        <line num="68" count="2" type="stmt"/>
        <line num="69" count="1" type="stmt"/>
        <line num="70" count="96" type="cond" truecount="1" falsecount="0"/>
        <line num="71" count="96" type="cond" truecount="1" falsecount="0"/>
        <line num="72" count="3" type="stmt"/>
        <line num="73" count="3" type="stmt"/>
        <line num="74" count="96" type="stmt"/>
        <line num="75" count="96" type="stmt"/>
        <line num="76" count="1" type="stmt"/>
        <line num="77" count="1" type="stmt"/>
        <line num="78" count="1" type="stmt"/>
        <line num="79" count="1" type="stmt"/>
        <line num="80" count="1" type="cond" truecount="1" falsecount="0"/>
        <line num="81" count="1" type="stmt"/>
        <line num="82" count="1" type="stmt"/>
        <line num="83" count="1" type="stmt"/>
        <line num="84" count="96" type="cond" truecount="1" falsecount="0"/>
        <line num="85" count="96" type="cond" truecount="1" falsecount="0"/>
        <line num="86" count="2" type="stmt"/>
        <line num="87" count="2" type="stmt"/>
        <line num="88" count="96" type="stmt"/>
        <line num="89" count="96" type="stmt"/>
        <line num="90" count="1" type="stmt"/>
        <line num="91" count="1" type="stmt"/>
        <line num="92" count="1" type="stmt"/>
        <line num="93" count="1" type="stmt"/>
        <line num="94" count="96" type="cond" truecount="1" falsecount="0"/>
        <line num="95" count="96" type="stmt"/>
        <line num="96" count="96" type="stmt"/>
        <line num="97" count="96" type="stmt"/>
        <line num="98" count="96" type="stmt"/>
        <line num="99" count="96" type="stmt"/>
        <line num="100" count="96" type="stmt"/>
        <line num="101" count="96" type="stmt"/>
        <line num="102" count="1" type="stmt"/>
        <line num="103" count="1" type="stmt"/>
        <line num="104" count="1" type="stmt"/>
        <line num="105" count="1" type="stmt"/>
        <line num="106" count="1" type="stmt"/>
        <line num="107" count="1" type="stmt"/>
      </file>
      <file name="push_subscription.js" path="/home/morik/emotion_music_box/app/javascript/custom/push_subscription.js">
        <metrics statements="45" coveredstatements="45" conditionals="12" coveredconditionals="12" methods="2" coveredmethods="2"/>
        <line num="1" count="1" type="stmt"/>
        <line num="2" count="1" type="cond" truecount="1" falsecount="0"/>
        <line num="3" count="13" type="cond" truecount="3" falsecount="0"/>
        <line num="4" count="8" type="stmt"/>
        <line num="5" count="8" type="stmt"/>
        <line num="6" count="8" type="cond" truecount="1" falsecount="0"/>
        <line num="7" count="5" type="stmt"/>
        <line num="8" count="5" type="stmt"/>
        <line num="9" count="5" type="stmt"/>
        <line num="10" count="5" type="stmt"/>
        <line num="11" count="5" type="stmt"/>
        <line num="12" count="5" type="stmt"/>
        <line num="13" count="5" type="stmt"/>
        <line num="14" count="5" type="cond" truecount="2" falsecount="0"/>
        <line num="15" count="4" type="stmt"/>
        <line num="16" count="4" type="stmt"/>
        <line num="17" count="4" type="stmt"/>
        <line num="18" count="4" type="stmt"/>
        <line num="19" count="4" type="stmt"/>
        <line num="20" count="4" type="stmt"/>
        <line num="21" count="4" type="stmt"/>
        <line num="22" count="4" type="stmt"/>
        <line num="23" count="4" type="stmt"/>
        <line num="24" count="4" type="stmt"/>
        <line num="25" count="4" type="stmt"/>
        <line num="26" count="8" type="cond" truecount="1" falsecount="0"/>
        <line num="27" count="3" type="stmt"/>
        <line num="28" count="3" type="cond" truecount="1" falsecount="0"/>
        <line num="29" count="1" type="stmt"/>
        <line num="30" count="1" type="stmt"/>
        <line num="31" count="13" type="cond" truecount="1" falsecount="0"/>
        <line num="32" count="1" type="stmt"/>
        <line num="33" count="1" type="stmt"/>
        <line num="34" count="13" type="stmt"/>
        <line num="35" count="1" type="stmt"/>
        <line num="36" count="1" type="stmt"/>
        <line num="37" count="6" type="cond" truecount="1" falsecount="0"/>
        <line num="38" count="6" type="stmt"/>
        <line num="39" count="6" type="stmt"/>
        <line num="40" count="6" type="stmt"/>
        <line num="41" count="6" type="stmt"/>
        <line num="42" count="6" type="stmt"/>
        <line num="43" count="6" type="stmt"/>
        <line num="44" count="6" type="cond" truecount="1" falsecount="0"/>
        <line num="45" count="6" type="stmt"/>
      </file>
      <file name="register_service_worker.js" path="/home/morik/emotion_music_box/app/javascript/custom/register_service_worker.js">
        <metrics statements="15" coveredstatements="15" conditionals="6" coveredconditionals="6" methods="1" coveredmethods="1"/>
        <line num="1" count="1" type="stmt"/>
        <line num="2" count="1" type="cond" truecount="1" falsecount="0"/>
        <line num="3" count="34" type="cond" truecount="1" falsecount="0"/>
        <line num="4" count="11" type="stmt"/>
        <line num="5" count="11" type="stmt"/>
        <line num="6" count="11" type="cond" truecount="2" falsecount="0"/>
        <line num="7" count="23" type="stmt"/>
        <line num="8" count="23" type="cond" truecount="1" falsecount="0"/>
        <line num="9" count="22" type="stmt"/>
        <line num="10" count="22" type="stmt"/>
        <line num="11" count="22" type="cond" truecount="1" falsecount="0"/>
        <line num="12" count="1" type="stmt"/>
        <line num="13" count="1" type="stmt"/>
        <line num="14" count="1" type="stmt"/>
        <line num="15" count="34" type="stmt"/>
      </file>
      <file name="swal_my_create.js" path="/home/morik/emotion_music_box/app/javascript/custom/swal_my_create.js">
        <metrics statements="80" coveredstatements="77" conditionals="17" coveredconditionals="14" methods="4" coveredmethods="4"/>
        <line num="1" count="1" type="stmt"/>
        <line num="2" count="1" type="cond" truecount="1" falsecount="0"/>
        <line num="3" count="6" type="stmt"/>
        <line num="4" count="6" type="stmt"/>
        <line num="5" count="6" type="stmt"/>
        <line num="6" count="6" type="stmt"/>
        <line num="7" count="6" type="stmt"/>
        <line num="8" count="6" type="stmt"/>
        <line num="9" count="6" type="stmt"/>
        <line num="10" count="6" type="stmt"/>
        <line num="11" count="6" type="stmt"/>
        <line num="12" count="6" type="stmt"/>
        <line num="13" count="6" type="stmt"/>
        <line num="14" count="6" type="stmt"/>
        <line num="15" count="6" type="stmt"/>
        <line num="16" count="6" type="cond" truecount="1" falsecount="0"/>
        <line num="17" count="3" type="cond" truecount="1" falsecount="0"/>
        <line num="18" count="2" type="cond" truecount="2" falsecount="0"/>
        <line num="19" count="6" type="stmt"/>
        <line num="20" count="6" type="stmt"/>
        <line num="21" count="6" type="stmt"/>
        <line num="22" count="6" type="cond" truecount="1" falsecount="0"/>
        <line num="23" count="6" type="stmt"/>
        <line num="24" count="6" type="stmt"/>
        <line num="25" count="6" type="stmt"/>
        <line num="26" count="6" type="stmt"/>
        <line num="27" count="6" type="stmt"/>
        <line num="28" count="6" type="stmt"/>
        <line num="29" count="6" type="stmt"/>
        <line num="30" count="6" type="stmt"/>
        <line num="31" count="6" type="stmt"/>
        <line num="32" count="6" type="stmt"/>
        <line num="33" count="6" type="cond" truecount="1" falsecount="0"/>
        <line num="34" count="6" type="stmt"/>
        <line num="35" count="6" type="cond" truecount="2" falsecount="0"/>
        <line num="36" count="6" type="stmt"/>
        <line num="37" count="6" type="stmt"/>
        <line num="38" count="6" type="stmt"/>
        <line num="39" count="6" type="stmt"/>
        <line num="40" count="6" type="stmt"/>
        <line num="41" count="6" type="stmt"/>
        <line num="42" count="6" type="stmt"/>
        <line num="43" count="6" type="stmt"/>
        <line num="44" count="6" type="stmt"/>
        <line num="45" count="6" type="stmt"/>
        <line num="46" count="6" type="stmt"/>
        <line num="47" count="6" type="stmt"/>
        <line num="48" count="6" type="stmt"/>
        <line num="49" count="0" type="stmt"/>
        <line num="50" count="0" type="stmt"/>
        <line num="51" count="0" type="stmt"/>
        <line num="52" count="6" type="stmt"/>
        <line num="53" count="6" type="stmt"/>
        <line num="54" count="6" type="stmt"/>
        <line num="55" count="6" type="stmt"/>
        <line num="56" count="6" type="stmt"/>
        <line num="57" count="6" type="cond" truecount="1" falsecount="0"/>
        <line num="58" count="4" type="stmt"/>
        <line num="59" count="4" type="stmt"/>
        <line num="60" count="4" type="cond" truecount="0" falsecount="1"/>
        <line num="61" count="6" type="stmt"/>
        <line num="62" count="6" type="stmt"/>
        <line num="63" count="6" type="cond" truecount="1" falsecount="0"/>
        <line num="64" count="1" type="cond" truecount="1" falsecount="0"/>
        <line num="65" count="1" type="stmt"/>
        <line num="66" count="1" type="cond" truecount="0" falsecount="1"/>
        <line num="67" count="1" type="stmt"/>
        <line num="68" count="1" type="stmt"/>
        <line num="69" count="6" type="stmt"/>
        <line num="70" count="6" type="cond" truecount="1" falsecount="0"/>
        <line num="71" count="1" type="stmt"/>
        <line num="72" count="1" type="cond" truecount="0" falsecount="1"/>
        <line num="73" count="6" type="stmt"/>
        <line num="74" count="6" type="stmt"/>
        <line num="75" count="6" type="stmt"/>
        <line num="76" count="6" type="cond" truecount="1" falsecount="0"/>
        <line num="77" count="6" type="stmt"/>
        <line num="78" count="6" type="stmt"/>
        <line num="79" count="6" type="stmt"/>
        <line num="80" count="1" type="stmt"/>
      </file>
    </package>
  </project>
</coverage>
