{"/home/morik/emotion_music_box/app/javascript/controllers/search_music_controller.js": {"path":"/home/morik/emotion_music_box/app/javascript/controllers/search_music_controller.js","statementMap":{"0":{"start":{"line":7,"column":19},"end":{"line":7,"column":79}},"1":{"start":{"line":10,"column":4},"end":{"line":10,"column":25}},"2":{"start":{"line":11,"column":4},"end":{"line":11,"column":28}},"3":{"start":{"line":15,"column":14},"end":{"line":15,"column":43}},"4":{"start":{"line":16,"column":4},"end":{"line":16,"column":48}},"5":{"start":{"line":16,"column":14},"end":{"line":16,"column":38}},"6":{"start":{"line":16,"column":39},"end":{"line":16,"column":46}},"7":{"start":{"line":18,"column":4},"end":{"line":18,"column":42}},"8":{"start":{"line":19,"column":4},"end":{"line":35,"column":5}},"9":{"start":{"line":20,"column":18},"end":{"line":23,"column":8}},"10":{"start":{"line":24,"column":19},"end":{"line":24,"column":53}},"11":{"start":{"line":24,"column":48},"end":{"line":24,"column":52}},"12":{"start":{"line":25,"column":6},"end":{"line":25,"column":72}},"13":{"start":{"line":25,"column":19},"end":{"line":25,"column":72}},"14":{"start":{"line":27,"column":6},"end":{"line":27,"column":32}},"15":{"start":{"line":28,"column":6},"end":{"line":28,"column":27}},"16":{"start":{"line":29,"column":6},"end":{"line":29,"column":24}},"17":{"start":{"line":31,"column":6},"end":{"line":31,"column":33}},"18":{"start":{"line":32,"column":6},"end":{"line":32,"column":38}},"19":{"start":{"line":34,"column":6},"end":{"line":34,"column":48}},"20":{"start":{"line":39,"column":4},"end":{"line":39,"column":38}},"21":{"start":{"line":40,"column":4},"end":{"line":43,"column":5}},"22":{"start":{"line":41,"column":6},"end":{"line":41,"column":65}},"23":{"start":{"line":42,"column":6},"end":{"line":42,"column":13}},"24":{"start":{"line":45,"column":20},"end":{"line":45,"column":22}},"25":{"start":{"line":46,"column":18},"end":{"line":46,"column":50}},"26":{"start":{"line":47,"column":17},"end":{"line":47,"column":65}},"27":{"start":{"line":49,"column":4},"end":{"line":105,"column":7}},"28":{"start":{"line":50,"column":18},"end":{"line":50,"column":47}},"29":{"start":{"line":51,"column":6},"end":{"line":51,"column":48}},"30":{"start":{"line":53,"column":22},"end":{"line":53,"column":51}},"31":{"start":{"line":54,"column":6},"end":{"line":54,"column":60}},"32":{"start":{"line":56,"column":18},"end":{"line":56,"column":47}},"33":{"start":{"line":57,"column":6},"end":{"line":57,"column":72}},"34":{"start":{"line":58,"column":6},"end":{"line":58,"column":49}},"35":{"start":{"line":59,"column":6},"end":{"line":59,"column":32}},"36":{"start":{"line":60,"column":6},"end":{"line":60,"column":33}},"37":{"start":{"line":62,"column":19},"end":{"line":62,"column":48}},"38":{"start":{"line":63,"column":16},"end":{"line":63,"column":43}},"39":{"start":{"line":64,"column":6},"end":{"line":64,"column":80}},"40":{"start":{"line":66,"column":16},"end":{"line":66,"column":43}},"41":{"start":{"line":67,"column":6},"end":{"line":67,"column":35}},"42":{"start":{"line":68,"column":6},"end":{"line":68,"column":42}},"43":{"start":{"line":69,"column":6},"end":{"line":69,"column":38}},"44":{"start":{"line":70,"column":6},"end":{"line":70,"column":26}},"45":{"start":{"line":71,"column":6},"end":{"line":71,"column":33}},"46":{"start":{"line":72,"column":6},"end":{"line":72,"column":32}},"47":{"start":{"line":73,"column":6},"end":{"line":73,"column":39}},"48":{"start":{"line":75,"column":18},"end":{"line":75,"column":50}},"49":{"start":{"line":76,"column":6},"end":{"line":76,"column":26}},"50":{"start":{"line":77,"column":6},"end":{"line":77,"column":47}},"51":{"start":{"line":78,"column":6},"end":{"line":78,"column":33}},"52":{"start":{"line":79,"column":6},"end":{"line":79,"column":49}},"53":{"start":{"line":80,"column":6},"end":{"line":80,"column":46}},"54":{"start":{"line":81,"column":6},"end":{"line":81,"column":37}},"55":{"start":{"line":82,"column":6},"end":{"line":82,"column":47}},"56":{"start":{"line":83,"column":6},"end":{"line":83,"column":37}},"57":{"start":{"line":84,"column":6},"end":{"line":84,"column":36}},"58":{"start":{"line":85,"column":6},"end":{"line":85,"column":35}},"59":{"start":{"line":86,"column":6},"end":{"line":86,"column":35}},"60":{"start":{"line":88,"column":6},"end":{"line":88,"column":26}},"61":{"start":{"line":89,"column":6},"end":{"line":89,"column":26}},"62":{"start":{"line":90,"column":6},"end":{"line":90,"column":28}},"63":{"start":{"line":92,"column":6},"end":{"line":92,"column":31}},"64":{"start":{"line":93,"column":6},"end":{"line":93,"column":32}},"65":{"start":{"line":95,"column":25},"end":{"line":95,"column":54}},"66":{"start":{"line":96,"column":6},"end":{"line":96,"column":48}},"67":{"start":{"line":98,"column":17},"end":{"line":98,"column":45}},"68":{"start":{"line":100,"column":6},"end":{"line":100,"column":31}},"69":{"start":{"line":101,"column":6},"end":{"line":101,"column":34}},"70":{"start":{"line":102,"column":6},"end":{"line":102,"column":26}},"71":{"start":{"line":104,"column":6},"end":{"line":104,"column":42}},"72":{"start":{"line":107,"column":18},"end":{"line":107,"column":64}},"73":{"start":{"line":108,"column":16},"end":{"line":108,"column":45}},"74":{"start":{"line":109,"column":4},"end":{"line":109,"column":53}},"75":{"start":{"line":111,"column":4},"end":{"line":118,"column":5}},"76":{"start":{"line":112,"column":19},"end":{"line":112,"column":51}},"77":{"start":{"line":113,"column":6},"end":{"line":113,"column":27}},"78":{"start":{"line":114,"column":6},"end":{"line":114,"column":48}},"79":{"start":{"line":115,"column":6},"end":{"line":115,"column":30}},"80":{"start":{"line":116,"column":6},"end":{"line":116,"column":52}},"81":{"start":{"line":117,"column":6},"end":{"line":117,"column":28}},"82":{"start":{"line":120,"column":17},"end":{"line":120,"column":47}},"83":{"start":{"line":121,"column":4},"end":{"line":121,"column":60}},"84":{"start":{"line":122,"column":4},"end":{"line":122,"column":26}},"85":{"start":{"line":124,"column":4},"end":{"line":131,"column":5}},"86":{"start":{"line":125,"column":19},"end":{"line":125,"column":51}},"87":{"start":{"line":126,"column":6},"end":{"line":126,"column":27}},"88":{"start":{"line":127,"column":6},"end":{"line":127,"column":48}},"89":{"start":{"line":128,"column":6},"end":{"line":128,"column":30}},"90":{"start":{"line":129,"column":6},"end":{"line":129,"column":52}},"91":{"start":{"line":130,"column":6},"end":{"line":130,"column":28}},"92":{"start":{"line":133,"column":4},"end":{"line":133,"column":40}},"93":{"start":{"line":137,"column":4},"end":{"line":140,"column":5}},"94":{"start":{"line":138,"column":6},"end":{"line":138,"column":25}},"95":{"start":{"line":139,"column":6},"end":{"line":139,"column":24}},"96":{"start":{"line":144,"column":4},"end":{"line":147,"column":5}},"97":{"start":{"line":145,"column":6},"end":{"line":145,"column":25}},"98":{"start":{"line":146,"column":6},"end":{"line":146,"column":24}},"99":{"start":{"line":151,"column":36},"end":{"line":151,"column":52}},"100":{"start":{"line":152,"column":4},"end":{"line":152,"column":35}},"101":{"start":{"line":153,"column":4},"end":{"line":153,"column":51}},"102":{"start":{"line":154,"column":4},"end":{"line":154,"column":77}},"103":{"start":{"line":154,"column":59},"end":{"line":154,"column":75}},"104":{"start":{"line":156,"column":4},"end":{"line":161,"column":8}},"105":{"start":{"line":163,"column":17},"end":{"line":163,"column":80}},"106":{"start":{"line":164,"column":23},"end":{"line":164,"column":55}},"107":{"start":{"line":165,"column":4},"end":{"line":165,"column":31}},"108":{"start":{"line":166,"column":4},"end":{"line":166,"column":57}},"109":{"start":{"line":167,"column":4},"end":{"line":167,"column":38}},"110":{"start":{"line":168,"column":4},"end":{"line":168,"column":55}},"111":{"start":{"line":169,"column":4},"end":{"line":169,"column":40}},"112":{"start":{"line":171,"column":4},"end":{"line":171,"column":33}},"113":{"start":{"line":172,"column":4},"end":{"line":172,"column":65}},"114":{"start":{"line":176,"column":4},"end":{"line":176,"column":183}},"115":{"start":{"line":180,"column":20},"end":{"line":180,"column":62}},"116":{"start":{"line":181,"column":4},"end":{"line":181,"column":69}},"117":{"start":{"line":181,"column":17},"end":{"line":181,"column":69}},"118":{"start":{"line":183,"column":16},"end":{"line":186,"column":6}},"119":{"start":{"line":187,"column":4},"end":{"line":187,"column":51}},"120":{"start":{"line":187,"column":19},"end":{"line":187,"column":41}},"121":{"start":{"line":187,"column":42},"end":{"line":187,"column":49}},"122":{"start":{"line":189,"column":4},"end":{"line":189,"column":48}},"123":{"start":{"line":191,"column":21},"end":{"line":191,"column":63}},"124":{"start":{"line":192,"column":4},"end":{"line":192,"column":71}},"125":{"start":{"line":192,"column":18},"end":{"line":192,"column":71}},"126":{"start":{"line":194,"column":4},"end":{"line":197,"column":5}},"127":{"start":{"line":195,"column":22},"end":{"line":195,"column":62}},"128":{"start":{"line":196,"column":6},"end":{"line":196,"column":52}},"129":{"start":{"line":196,"column":19},"end":{"line":196,"column":52}},"130":{"start":{"line":201,"column":4},"end":{"line":221,"column":5}},"131":{"start":{"line":202,"column":18},"end":{"line":205,"column":8}},"132":{"start":{"line":206,"column":6},"end":{"line":206,"column":57}},"133":{"start":{"line":206,"column":19},"end":{"line":206,"column":57}},"134":{"start":{"line":208,"column":6},"end":{"line":208,"column":50}},"135":{"start":{"line":210,"column":6},"end":{"line":213,"column":7}},"136":{"start":{"line":211,"column":24},"end":{"line":211,"column":64}},"137":{"start":{"line":212,"column":8},"end":{"line":212,"column":54}},"138":{"start":{"line":212,"column":21},"end":{"line":212,"column":54}},"139":{"start":{"line":215,"column":20},"end":{"line":215,"column":62}},"140":{"start":{"line":216,"column":6},"end":{"line":216,"column":67}},"141":{"start":{"line":216,"column":17},"end":{"line":216,"column":67}},"142":{"start":{"line":219,"column":6},"end":{"line":219,"column":37}},"143":{"start":{"line":220,"column":6},"end":{"line":220,"column":29}}},"fnMap":{"0":{"name":"(anonymous_0)","decl":{"start":{"line":9,"column":2},"end":{"line":9,"column":3}},"loc":{"start":{"line":9,"column":13},"end":{"line":12,"column":3}},"line":9},"1":{"name":"(anonymous_1)","decl":{"start":{"line":14,"column":2},"end":{"line":14,"column":3}},"loc":{"start":{"line":14,"column":18},"end":{"line":36,"column":3}},"line":14},"2":{"name":"(anonymous_2)","decl":{"start":{"line":24,"column":42},"end":{"line":24,"column":43}},"loc":{"start":{"line":24,"column":48},"end":{"line":24,"column":52}},"line":24},"3":{"name":"(anonymous_3)","decl":{"start":{"line":38,"column":2},"end":{"line":38,"column":3}},"loc":{"start":{"line":38,"column":16},"end":{"line":134,"column":3}},"line":38},"4":{"name":"(anonymous_4)","decl":{"start":{"line":49,"column":17},"end":{"line":49,"column":18}},"loc":{"start":{"line":49,"column":26},"end":{"line":105,"column":5}},"line":49},"5":{"name":"(anonymous_5)","decl":{"start":{"line":136,"column":2},"end":{"line":136,"column":3}},"loc":{"start":{"line":136,"column":14},"end":{"line":141,"column":3}},"line":136},"6":{"name":"(anonymous_6)","decl":{"start":{"line":143,"column":2},"end":{"line":143,"column":3}},"loc":{"start":{"line":143,"column":14},"end":{"line":148,"column":3}},"line":143},"7":{"name":"(anonymous_7)","decl":{"start":{"line":150,"column":2},"end":{"line":150,"column":3}},"loc":{"start":{"line":150,"column":12},"end":{"line":173,"column":3}},"line":150},"8":{"name":"(anonymous_8)","decl":{"start":{"line":154,"column":54},"end":{"line":154,"column":55}},"loc":{"start":{"line":154,"column":59},"end":{"line":154,"column":75}},"line":154},"9":{"name":"(anonymous_9)","decl":{"start":{"line":175,"column":2},"end":{"line":175,"column":3}},"loc":{"start":{"line":175,"column":19},"end":{"line":177,"column":3}},"line":175},"10":{"name":"(anonymous_10)","decl":{"start":{"line":179,"column":2},"end":{"line":179,"column":3}},"loc":{"start":{"line":179,"column":24},"end":{"line":198,"column":3}},"line":179},"11":{"name":"(anonymous_11)","decl":{"start":{"line":200,"column":2},"end":{"line":200,"column":3}},"loc":{"start":{"line":200,"column":26},"end":{"line":222,"column":3}},"line":200}},"branchMap":{"0":{"loc":{"start":{"line":16,"column":4},"end":{"line":16,"column":48}},"type":"if","locations":[{"start":{"line":16,"column":4},"end":{"line":16,"column":48}},{"start":{},"end":{}}],"line":16},"1":{"loc":{"start":{"line":25,"column":6},"end":{"line":25,"column":72}},"type":"if","locations":[{"start":{"line":25,"column":6},"end":{"line":25,"column":72}},{"start":{},"end":{}}],"line":25},"2":{"loc":{"start":{"line":25,"column":35},"end":{"line":25,"column":70}},"type":"binary-expr","locations":[{"start":{"line":25,"column":35},"end":{"line":25,"column":46}},{"start":{"line":25,"column":50},"end":{"line":25,"column":70}}],"line":25},"3":{"loc":{"start":{"line":40,"column":4},"end":{"line":43,"column":5}},"type":"if","locations":[{"start":{"line":40,"column":4},"end":{"line":43,"column":5}},{"start":{},"end":{}}],"line":40},"4":{"loc":{"start":{"line":57,"column":16},"end":{"line":57,"column":71}},"type":"binary-expr","locations":[{"start":{"line":57,"column":16},"end":{"line":57,"column":33}},{"start":{"line":57,"column":37},"end":{"line":57,"column":71}}],"line":57},"5":{"loc":{"start":{"line":111,"column":4},"end":{"line":118,"column":5}},"type":"if","locations":[{"start":{"line":111,"column":4},"end":{"line":118,"column":5}},{"start":{},"end":{}}],"line":111},"6":{"loc":{"start":{"line":124,"column":4},"end":{"line":131,"column":5}},"type":"if","locations":[{"start":{"line":124,"column":4},"end":{"line":131,"column":5}},{"start":{},"end":{}}],"line":124},"7":{"loc":{"start":{"line":137,"column":4},"end":{"line":140,"column":5}},"type":"if","locations":[{"start":{"line":137,"column":4},"end":{"line":140,"column":5}},{"start":{},"end":{}}],"line":137},"8":{"loc":{"start":{"line":144,"column":4},"end":{"line":147,"column":5}},"type":"if","locations":[{"start":{"line":144,"column":4},"end":{"line":147,"column":5}},{"start":{},"end":{}}],"line":144},"9":{"loc":{"start":{"line":181,"column":4},"end":{"line":181,"column":69}},"type":"if","locations":[{"start":{"line":181,"column":4},"end":{"line":181,"column":69}},{"start":{},"end":{}}],"line":181},"10":{"loc":{"start":{"line":187,"column":4},"end":{"line":187,"column":51}},"type":"if","locations":[{"start":{"line":187,"column":4},"end":{"line":187,"column":51}},{"start":{},"end":{}}],"line":187},"11":{"loc":{"start":{"line":192,"column":4},"end":{"line":192,"column":71}},"type":"if","locations":[{"start":{"line":192,"column":4},"end":{"line":192,"column":71}},{"start":{},"end":{}}],"line":192},"12":{"loc":{"start":{"line":194,"column":4},"end":{"line":197,"column":5}},"type":"if","locations":[{"start":{"line":194,"column":4},"end":{"line":197,"column":5}},{"start":{},"end":{}}],"line":194},"13":{"loc":{"start":{"line":194,"column":8},"end":{"line":194,"column":44}},"type":"binary-expr","locations":[{"start":{"line":194,"column":8},"end":{"line":194,"column":32}},{"start":{"line":194,"column":36},"end":{"line":194,"column":44}}],"line":194},"14":{"loc":{"start":{"line":196,"column":6},"end":{"line":196,"column":52}},"type":"if","locations":[{"start":{"line":196,"column":6},"end":{"line":196,"column":52}},{"start":{},"end":{}}],"line":196},"15":{"loc":{"start":{"line":206,"column":6},"end":{"line":206,"column":57}},"type":"if","locations":[{"start":{"line":206,"column":6},"end":{"line":206,"column":57}},{"start":{},"end":{}}],"line":206},"16":{"loc":{"start":{"line":210,"column":6},"end":{"line":213,"column":7}},"type":"if","locations":[{"start":{"line":210,"column":6},"end":{"line":213,"column":7}},{"start":{},"end":{}}],"line":210},"17":{"loc":{"start":{"line":212,"column":8},"end":{"line":212,"column":54}},"type":"if","locations":[{"start":{"line":212,"column":8},"end":{"line":212,"column":54}},{"start":{},"end":{}}],"line":212},"18":{"loc":{"start":{"line":216,"column":6},"end":{"line":216,"column":67}},"type":"if","locations":[{"start":{"line":216,"column":6},"end":{"line":216,"column":67}},{"start":{},"end":{}}],"line":216}},"s":{"0":3,"1":7,"2":7,"3":3,"4":3,"5":1,"6":1,"7":2,"8":2,"9":2,"10":2,"11":0,"12":2,"13":1,"14":1,"15":1,"16":1,"17":1,"18":1,"19":2,"20":5,"21":5,"22":0,"23":0,"24":5,"25":5,"26":5,"27":5,"28":32,"29":32,"30":32,"31":32,"32":32,"33":32,"34":32,"35":32,"36":32,"37":32,"38":32,"39":32,"40":32,"41":32,"42":32,"43":32,"44":32,"45":32,"46":32,"47":32,"48":32,"49":32,"50":32,"51":32,"52":32,"53":32,"54":32,"55":32,"56":32,"57":32,"58":32,"59":32,"60":32,"61":32,"62":32,"63":32,"64":32,"65":32,"66":32,"67":32,"68":32,"69":32,"70":32,"71":32,"72":5,"73":5,"74":5,"75":5,"76":1,"77":1,"78":1,"79":1,"80":1,"81":1,"82":5,"83":5,"84":5,"85":5,"86":2,"87":2,"88":2,"89":2,"90":2,"91":2,"92":5,"93":2,"94":1,"95":1,"96":1,"97":1,"98":1,"99":1,"100":1,"101":1,"102":1,"103":1,"104":1,"105":1,"106":1,"107":1,"108":1,"109":1,"110":1,"111":1,"112":1,"113":1,"114":2,"115":1,"116":1,"117":1,"118":1,"119":1,"120":0,"121":0,"122":1,"123":1,"124":1,"125":1,"126":1,"127":0,"128":0,"129":0,"130":1,"131":1,"132":1,"133":0,"134":1,"135":1,"136":0,"137":0,"138":0,"139":1,"140":1,"141":1,"142":0,"143":0},"f":{"0":7,"1":3,"2":0,"3":5,"4":32,"5":2,"6":1,"7":1,"8":1,"9":2,"10":1,"11":1},"b":{"0":[1,2],"1":[1,1],"2":[1,0],"3":[0,5],"4":[32,32],"5":[1,4],"6":[2,3],"7":[1,1],"8":[1,0],"9":[1,0],"10":[0,1],"11":[1,0],"12":[0,1],"13":[1,0],"14":[0,0],"15":[0,1],"16":[0,1],"17":[0,0],"18":[1,0]},"_coverageSchema":"1a1c01bbd47fc00a2c39e90264f33305004495a9","hash":"60bc0a16fea32bf51a0752bf148b62b3e433f7b8"}
,"/home/morik/emotion_music_box/app/javascript/custom/gages_test.js": {"path":"/home/morik/emotion_music_box/app/javascript/custom/gages_test.js","statementMap":{"0":{"start":{"line":6,"column":0},"end":{"line":66,"column":2}},"1":{"start":{"line":8,"column":15},"end":{"line":8,"column":63}},"2":{"start":{"line":9,"column":23},"end":{"line":9,"column":64}},"3":{"start":{"line":10,"column":26},"end":{"line":10,"column":70}},"4":{"start":{"line":11,"column":32},"end":{"line":11,"column":83}},"5":{"start":{"line":13,"column":2},"end":{"line":13,"column":32}},"6":{"start":{"line":13,"column":25},"end":{"line":13,"column":32}},"7":{"start":{"line":16,"column":16},"end":{"line":16,"column":37}},"8":{"start":{"line":17,"column":2},"end":{"line":32,"column":3}},"9":{"start":{"line":18,"column":4},"end":{"line":30,"column":7}},"10":{"start":{"line":19,"column":6},"end":{"line":29,"column":7}},"11":{"start":{"line":20,"column":8},"end":{"line":20,"column":29}},"12":{"start":{"line":22,"column":19},"end":{"line":27,"column":10}},"13":{"start":{"line":23,"column":10},"end":{"line":26,"column":11}},"14":{"start":{"line":24,"column":12},"end":{"line":24,"column":28}},"15":{"start":{"line":25,"column":12},"end":{"line":25,"column":33}},"16":{"start":{"line":28,"column":8},"end":{"line":28,"column":26}},"17":{"start":{"line":31,"column":4},"end":{"line":31,"column":11}},"18":{"start":{"line":34,"column":17},"end":{"line":34,"column":53}},"19":{"start":{"line":35,"column":21},"end":{"line":37,"column":8}},"20":{"start":{"line":39,"column":2},"end":{"line":39,"column":58}},"21":{"start":{"line":40,"column":19},"end":{"line":40,"column":37}},"22":{"start":{"line":43,"column":2},"end":{"line":46,"column":5}},"23":{"start":{"line":44,"column":4},"end":{"line":44,"column":29}},"24":{"start":{"line":45,"column":4},"end":{"line":45,"column":31}},"25":{"start":{"line":48,"column":2},"end":{"line":48,"column":60}},"26":{"start":{"line":48,"column":23},"end":{"line":48,"column":60}},"27":{"start":{"line":49,"column":2},"end":{"line":49,"column":72}},"28":{"start":{"line":49,"column":29},"end":{"line":49,"column":72}},"29":{"start":{"line":52,"column":16},"end":{"line":52,"column":79}},"30":{"start":{"line":52,"column":27},"end":{"line":52,"column":79}},"31":{"start":{"line":52,"column":46},"end":{"line":52,"column":77}},"32":{"start":{"line":53,"column":2},"end":{"line":65,"column":3}},"33":{"start":{"line":54,"column":4},"end":{"line":54,"column":17}},"34":{"start":{"line":55,"column":4},"end":{"line":55,"column":62}},"35":{"start":{"line":55,"column":22},"end":{"line":55,"column":62}},"36":{"start":{"line":56,"column":9},"end":{"line":65,"column":3}},"37":{"start":{"line":57,"column":4},"end":{"line":57,"column":20}},"38":{"start":{"line":58,"column":4},"end":{"line":58,"column":65}},"39":{"start":{"line":58,"column":22},"end":{"line":58,"column":65}},"40":{"start":{"line":59,"column":9},"end":{"line":65,"column":3}},"41":{"start":{"line":60,"column":4},"end":{"line":60,"column":21}},"42":{"start":{"line":61,"column":4},"end":{"line":61,"column":62}},"43":{"start":{"line":61,"column":22},"end":{"line":61,"column":62}},"44":{"start":{"line":63,"column":4},"end":{"line":63,"column":19}},"45":{"start":{"line":64,"column":4},"end":{"line":64,"column":62}},"46":{"start":{"line":64,"column":22},"end":{"line":64,"column":62}},"47":{"start":{"line":71,"column":0},"end":{"line":79,"column":2}},"48":{"start":{"line":72,"column":19},"end":{"line":72,"column":55}},"49":{"start":{"line":73,"column":13},"end":{"line":73,"column":35}},"50":{"start":{"line":74,"column":2},"end":{"line":78,"column":3}},"51":{"start":{"line":75,"column":4},"end":{"line":75,"column":64}},"52":{"start":{"line":77,"column":4},"end":{"line":77,"column":32}},"53":{"start":{"line":84,"column":27},"end":{"line":90,"column":11}},"54":{"start":{"line":93,"column":12},"end":{"line":93,"column":54}},"55":{"start":{"line":94,"column":2},"end":{"line":97,"column":3}},"56":{"start":{"line":95,"column":4},"end":{"line":95,"column":52}},"57":{"start":{"line":96,"column":4},"end":{"line":96,"column":25}},"58":{"start":{"line":101,"column":13},"end":{"line":101,"column":51}},"59":{"start":{"line":102,"column":2},"end":{"line":102,"column":23}},"60":{"start":{"line":102,"column":11},"end":{"line":102,"column":23}},"61":{"start":{"line":103,"column":14},"end":{"line":103,"column":70}},"62":{"start":{"line":104,"column":12},"end":{"line":104,"column":27}},"63":{"start":{"line":105,"column":2},"end":{"line":105,"column":39}},"64":{"start":{"line":108,"column":0},"end":{"line":115,"column":3}},"65":{"start":{"line":109,"column":12},"end":{"line":109,"column":20}},"66":{"start":{"line":110,"column":2},"end":{"line":110,"column":42}},"67":{"start":{"line":110,"column":35},"end":{"line":110,"column":42}},"68":{"start":{"line":111,"column":2},"end":{"line":114,"column":3}},"69":{"start":{"line":112,"column":14},"end":{"line":112,"column":33}},"70":{"start":{"line":113,"column":4},"end":{"line":113,"column":47}},"71":{"start":{"line":113,"column":28},"end":{"line":113,"column":47}},"72":{"start":{"line":117,"column":0},"end":{"line":122,"column":9}},"73":{"start":{"line":118,"column":15},"end":{"line":118,"column":23}},"74":{"start":{"line":119,"column":2},"end":{"line":119,"column":49}},"75":{"start":{"line":119,"column":42},"end":{"line":119,"column":49}},"76":{"start":{"line":120,"column":12},"end":{"line":120,"column":35}},"77":{"start":{"line":121,"column":2},"end":{"line":121,"column":37}},"78":{"start":{"line":121,"column":18},"end":{"line":121,"column":37}},"79":{"start":{"line":124,"column":0},"end":{"line":134,"column":3}},"80":{"start":{"line":125,"column":15},"end":{"line":125,"column":23}},"81":{"start":{"line":126,"column":2},"end":{"line":126,"column":49}},"82":{"start":{"line":126,"column":42},"end":{"line":126,"column":49}},"83":{"start":{"line":128,"column":4},"end":{"line":129,"column":42}},"84":{"start":{"line":130,"column":2},"end":{"line":133,"column":3}},"85":{"start":{"line":131,"column":14},"end":{"line":131,"column":37}},"86":{"start":{"line":132,"column":4},"end":{"line":132,"column":39}},"87":{"start":{"line":132,"column":20},"end":{"line":132,"column":39}},"88":{"start":{"line":140,"column":0},"end":{"line":142,"column":2}},"89":{"start":{"line":141,"column":2},"end":{"line":141,"column":60}},"90":{"start":{"line":141,"column":39},"end":{"line":141,"column":59}},"91":{"start":{"line":145,"column":0},"end":{"line":147,"column":2}},"92":{"start":{"line":146,"column":2},"end":{"line":146,"column":58}},"93":{"start":{"line":146,"column":37},"end":{"line":146,"column":57}},"94":{"start":{"line":150,"column":0},"end":{"line":152,"column":2}},"95":{"start":{"line":151,"column":2},"end":{"line":151,"column":66}},"96":{"start":{"line":151,"column":39},"end":{"line":151,"column":59}},"97":{"start":{"line":155,"column":0},"end":{"line":167,"column":5}},"98":{"start":{"line":156,"column":2},"end":{"line":159,"column":3}},"99":{"start":{"line":157,"column":4},"end":{"line":157,"column":25}},"100":{"start":{"line":158,"column":4},"end":{"line":158,"column":11}},"101":{"start":{"line":160,"column":13},"end":{"line":165,"column":4}},"102":{"start":{"line":161,"column":4},"end":{"line":164,"column":5}},"103":{"start":{"line":162,"column":6},"end":{"line":162,"column":22}},"104":{"start":{"line":163,"column":6},"end":{"line":163,"column":27}},"105":{"start":{"line":166,"column":2},"end":{"line":166,"column":75}}},"fnMap":{"0":{"name":"(anonymous_0)","decl":{"start":{"line":6,"column":21},"end":{"line":6,"column":22}},"loc":{"start":{"line":6,"column":33},"end":{"line":66,"column":1}},"line":6},"1":{"name":"(anonymous_1)","decl":{"start":{"line":18,"column":26},"end":{"line":18,"column":27}},"loc":{"start":{"line":18,"column":32},"end":{"line":30,"column":5}},"line":18},"2":{"name":"(anonymous_2)","decl":{"start":{"line":22,"column":38},"end":{"line":22,"column":39}},"loc":{"start":{"line":22,"column":44},"end":{"line":27,"column":9}},"line":22},"3":{"name":"(anonymous_3)","decl":{"start":{"line":43,"column":15},"end":{"line":43,"column":16}},"loc":{"start":{"line":43,"column":20},"end":{"line":46,"column":3}},"line":43},"4":{"name":"(anonymous_4)","decl":{"start":{"line":52,"column":16},"end":{"line":52,"column":17}},"loc":{"start":{"line":52,"column":27},"end":{"line":52,"column":79}},"line":52},"5":{"name":"(anonymous_5)","decl":{"start":{"line":52,"column":40},"end":{"line":52,"column":41}},"loc":{"start":{"line":52,"column":46},"end":{"line":52,"column":77}},"line":52},"6":{"name":"(anonymous_6)","decl":{"start":{"line":71,"column":25},"end":{"line":71,"column":26}},"loc":{"start":{"line":71,"column":37},"end":{"line":79,"column":1}},"line":71},"7":{"name":"setHPAndRefresh","decl":{"start":{"line":92,"column":9},"end":{"line":92,"column":24}},"loc":{"start":{"line":92,"column":33},"end":{"line":98,"column":1}},"line":92},"8":{"name":"getHPFromDocument","decl":{"start":{"line":100,"column":9},"end":{"line":100,"column":26}},"loc":{"start":{"line":100,"column":44},"end":{"line":106,"column":1}},"line":100},"9":{"name":"(anonymous_9)","decl":{"start":{"line":108,"column":35},"end":{"line":108,"column":36}},"loc":{"start":{"line":108,"column":42},"end":{"line":115,"column":1}},"line":108},"10":{"name":"(anonymous_10)","decl":{"start":{"line":117,"column":36},"end":{"line":117,"column":37}},"loc":{"start":{"line":117,"column":43},"end":{"line":122,"column":1}},"line":117},"11":{"name":"(anonymous_11)","decl":{"start":{"line":124,"column":46},"end":{"line":124,"column":47}},"loc":{"start":{"line":124,"column":53},"end":{"line":134,"column":1}},"line":124},"12":{"name":"(anonymous_12)","decl":{"start":{"line":140,"column":79},"end":{"line":140,"column":80}},"loc":{"start":{"line":141,"column":2},"end":{"line":141,"column":60}},"line":141},"13":{"name":"(anonymous_13)","decl":{"start":{"line":141,"column":33},"end":{"line":141,"column":34}},"loc":{"start":{"line":141,"column":39},"end":{"line":141,"column":59}},"line":141},"14":{"name":"(anonymous_14)","decl":{"start":{"line":145,"column":52},"end":{"line":145,"column":53}},"loc":{"start":{"line":146,"column":2},"end":{"line":146,"column":58}},"line":146},"15":{"name":"(anonymous_15)","decl":{"start":{"line":146,"column":31},"end":{"line":146,"column":32}},"loc":{"start":{"line":146,"column":37},"end":{"line":146,"column":57}},"line":146},"16":{"name":"(anonymous_16)","decl":{"start":{"line":150,"column":65},"end":{"line":150,"column":66}},"loc":{"start":{"line":151,"column":2},"end":{"line":151,"column":66}},"line":151},"17":{"name":"(anonymous_17)","decl":{"start":{"line":151,"column":33},"end":{"line":151,"column":34}},"loc":{"start":{"line":151,"column":39},"end":{"line":151,"column":59}},"line":151},"18":{"name":"ensureHPBarOnce","decl":{"start":{"line":155,"column":10},"end":{"line":155,"column":25}},"loc":{"start":{"line":155,"column":28},"end":{"line":167,"column":1}},"line":155},"19":{"name":"(anonymous_19)","decl":{"start":{"line":160,"column":34},"end":{"line":160,"column":35}},"loc":{"start":{"line":160,"column":40},"end":{"line":165,"column":3}},"line":160}},"branchMap":{"0":{"loc":{"start":{"line":13,"column":2},"end":{"line":13,"column":32}},"type":"if","locations":[{"start":{"line":13,"column":2},"end":{"line":13,"column":32}},{"start":{},"end":{}}],"line":13},"1":{"loc":{"start":{"line":17,"column":2},"end":{"line":32,"column":3}},"type":"if","locations":[{"start":{"line":17,"column":2},"end":{"line":32,"column":3}},{"start":{},"end":{}}],"line":17},"2":{"loc":{"start":{"line":17,"column":6},"end":{"line":17,"column":38}},"type":"binary-expr","locations":[{"start":{"line":17,"column":6},"end":{"line":17,"column":11}},{"start":{"line":17,"column":15},"end":{"line":17,"column":38}}],"line":17},"3":{"loc":{"start":{"line":19,"column":6},"end":{"line":29,"column":7}},"type":"if","locations":[{"start":{"line":19,"column":6},"end":{"line":29,"column":7}},{"start":{"line":21,"column":13},"end":{"line":29,"column":7}}],"line":19},"4":{"loc":{"start":{"line":23,"column":10},"end":{"line":26,"column":11}},"type":"if","locations":[{"start":{"line":23,"column":10},"end":{"line":26,"column":11}},{"start":{},"end":{}}],"line":23},"5":{"loc":{"start":{"line":35,"column":21},"end":{"line":37,"column":8}},"type":"cond-expr","locations":[{"start":{"line":36,"column":6},"end":{"line":36,"column":26}},{"start":{"line":37,"column":6},"end":{"line":37,"column":8}}],"line":35},"6":{"loc":{"start":{"line":35,"column":22},"end":{"line":35,"column":71}},"type":"binary-expr","locations":[{"start":{"line":35,"column":22},"end":{"line":35,"column":39}},{"start":{"line":35,"column":43},"end":{"line":35,"column":71}}],"line":35},"7":{"loc":{"start":{"line":48,"column":2},"end":{"line":48,"column":60}},"type":"if","locations":[{"start":{"line":48,"column":2},"end":{"line":48,"column":60}},{"start":{},"end":{}}],"line":48},"8":{"loc":{"start":{"line":49,"column":2},"end":{"line":49,"column":72}},"type":"if","locations":[{"start":{"line":49,"column":2},"end":{"line":49,"column":72}},{"start":{},"end":{}}],"line":49},"9":{"loc":{"start":{"line":53,"column":2},"end":{"line":65,"column":3}},"type":"if","locations":[{"start":{"line":53,"column":2},"end":{"line":65,"column":3}},{"start":{"line":56,"column":9},"end":{"line":65,"column":3}}],"line":53},"10":{"loc":{"start":{"line":55,"column":4},"end":{"line":55,"column":62}},"type":"if","locations":[{"start":{"line":55,"column":4},"end":{"line":55,"column":62}},{"start":{},"end":{}}],"line":55},"11":{"loc":{"start":{"line":56,"column":9},"end":{"line":65,"column":3}},"type":"if","locations":[{"start":{"line":56,"column":9},"end":{"line":65,"column":3}},{"start":{"line":59,"column":9},"end":{"line":65,"column":3}}],"line":56},"12":{"loc":{"start":{"line":58,"column":4},"end":{"line":58,"column":65}},"type":"if","locations":[{"start":{"line":58,"column":4},"end":{"line":58,"column":65}},{"start":{},"end":{}}],"line":58},"13":{"loc":{"start":{"line":59,"column":9},"end":{"line":65,"column":3}},"type":"if","locations":[{"start":{"line":59,"column":9},"end":{"line":65,"column":3}},{"start":{"line":62,"column":9},"end":{"line":65,"column":3}}],"line":59},"14":{"loc":{"start":{"line":61,"column":4},"end":{"line":61,"column":62}},"type":"if","locations":[{"start":{"line":61,"column":4},"end":{"line":61,"column":62}},{"start":{},"end":{}}],"line":61},"15":{"loc":{"start":{"line":64,"column":4},"end":{"line":64,"column":62}},"type":"if","locations":[{"start":{"line":64,"column":4},"end":{"line":64,"column":62}},{"start":{},"end":{}}],"line":64},"16":{"loc":{"start":{"line":74,"column":2},"end":{"line":78,"column":3}},"type":"if","locations":[{"start":{"line":74,"column":2},"end":{"line":78,"column":3}},{"start":{"line":76,"column":9},"end":{"line":78,"column":3}}],"line":74},"17":{"loc":{"start":{"line":94,"column":2},"end":{"line":97,"column":3}},"type":"if","locations":[{"start":{"line":94,"column":2},"end":{"line":97,"column":3}},{"start":{},"end":{}}],"line":94},"18":{"loc":{"start":{"line":100,"column":27},"end":{"line":100,"column":42}},"type":"default-arg","locations":[{"start":{"line":100,"column":34},"end":{"line":100,"column":42}}],"line":100},"19":{"loc":{"start":{"line":102,"column":2},"end":{"line":102,"column":23}},"type":"if","locations":[{"start":{"line":102,"column":2},"end":{"line":102,"column":23}},{"start":{},"end":{}}],"line":102},"20":{"loc":{"start":{"line":103,"column":14},"end":{"line":103,"column":70}},"type":"binary-expr","locations":[{"start":{"line":103,"column":14},"end":{"line":103,"column":22}},{"start":{"line":103,"column":26},"end":{"line":103,"column":50}},{"start":{"line":103,"column":54},"end":{"line":103,"column":70}}],"line":103},"21":{"loc":{"start":{"line":105,"column":9},"end":{"line":105,"column":38}},"type":"cond-expr","locations":[{"start":{"line":105,"column":30},"end":{"line":105,"column":31}},{"start":{"line":105,"column":34},"end":{"line":105,"column":38}}],"line":105},"22":{"loc":{"start":{"line":110,"column":2},"end":{"line":110,"column":42}},"type":"if","locations":[{"start":{"line":110,"column":2},"end":{"line":110,"column":42}},{"start":{},"end":{}}],"line":110},"23":{"loc":{"start":{"line":111,"column":2},"end":{"line":114,"column":3}},"type":"if","locations":[{"start":{"line":111,"column":2},"end":{"line":114,"column":3}},{"start":{},"end":{}}],"line":111},"24":{"loc":{"start":{"line":113,"column":4},"end":{"line":113,"column":47}},"type":"if","locations":[{"start":{"line":113,"column":4},"end":{"line":113,"column":47}},{"start":{},"end":{}}],"line":113},"25":{"loc":{"start":{"line":119,"column":2},"end":{"line":119,"column":49}},"type":"if","locations":[{"start":{"line":119,"column":2},"end":{"line":119,"column":49}},{"start":{},"end":{}}],"line":119},"26":{"loc":{"start":{"line":121,"column":2},"end":{"line":121,"column":37}},"type":"if","locations":[{"start":{"line":121,"column":2},"end":{"line":121,"column":37}},{"start":{},"end":{}}],"line":121},"27":{"loc":{"start":{"line":126,"column":2},"end":{"line":126,"column":49}},"type":"if","locations":[{"start":{"line":126,"column":2},"end":{"line":126,"column":49}},{"start":{},"end":{}}],"line":126},"28":{"loc":{"start":{"line":128,"column":4},"end":{"line":129,"column":42}},"type":"binary-expr","locations":[{"start":{"line":128,"column":4},"end":{"line":128,"column":45}},{"start":{"line":129,"column":5},"end":{"line":129,"column":41}}],"line":128},"29":{"loc":{"start":{"line":129,"column":5},"end":{"line":129,"column":41}},"type":"cond-expr","locations":[{"start":{"line":129,"column":34},"end":{"line":129,"column":37}},{"start":{"line":129,"column":40},"end":{"line":129,"column":41}}],"line":129},"30":{"loc":{"start":{"line":130,"column":2},"end":{"line":133,"column":3}},"type":"if","locations":[{"start":{"line":130,"column":2},"end":{"line":133,"column":3}},{"start":{},"end":{}}],"line":130},"31":{"loc":{"start":{"line":130,"column":6},"end":{"line":130,"column":35}},"type":"binary-expr","locations":[{"start":{"line":130,"column":6},"end":{"line":130,"column":19}},{"start":{"line":130,"column":23},"end":{"line":130,"column":35}}],"line":130},"32":{"loc":{"start":{"line":132,"column":4},"end":{"line":132,"column":39}},"type":"if","locations":[{"start":{"line":132,"column":4},"end":{"line":132,"column":39}},{"start":{},"end":{}}],"line":132},"33":{"loc":{"start":{"line":156,"column":2},"end":{"line":159,"column":3}},"type":"if","locations":[{"start":{"line":156,"column":2},"end":{"line":159,"column":3}},{"start":{},"end":{}}],"line":156},"34":{"loc":{"start":{"line":161,"column":4},"end":{"line":164,"column":5}},"type":"if","locations":[{"start":{"line":161,"column":4},"end":{"line":164,"column":5}},{"start":{},"end":{}}],"line":161}},"s":{"0":1,"1":16,"2":16,"3":16,"4":16,"5":16,"6":1,"7":15,"8":15,"9":1,"10":1,"11":1,"12":0,"13":0,"14":0,"15":0,"16":0,"17":1,"18":14,"19":14,"20":14,"21":14,"22":14,"23":14,"24":14,"25":14,"26":3,"27":14,"28":3,"29":14,"30":14,"31":14,"32":14,"33":1,"34":1,"35":1,"36":13,"37":5,"38":5,"39":3,"40":8,"41":4,"42":4,"43":1,"44":4,"45":4,"46":1,"47":1,"48":1,"49":1,"50":1,"51":0,"52":1,"53":1,"54":3,"55":3,"56":3,"57":3,"58":2,"59":2,"60":0,"61":2,"62":2,"63":2,"64":1,"65":1,"66":1,"67":0,"68":1,"69":1,"70":1,"71":1,"72":1,"73":1,"74":1,"75":0,"76":1,"77":1,"78":1,"79":1,"80":1,"81":1,"82":0,"83":1,"84":1,"85":1,"86":1,"87":1,"88":1,"89":4,"90":4,"91":1,"92":3,"93":3,"94":1,"95":3,"96":0,"97":1,"98":1,"99":0,"100":0,"101":1,"102":3,"103":1,"104":1,"105":1},"f":{"0":16,"1":1,"2":0,"3":14,"4":14,"5":14,"6":1,"7":3,"8":2,"9":1,"10":1,"11":1,"12":4,"13":4,"14":3,"15":3,"16":3,"17":0,"18":1,"19":3},"b":{"0":[1,15],"1":[1,14],"2":[15,15],"3":[1,0],"4":[0,0],"5":[12,2],"6":[14,12],"7":[3,11],"8":[3,11],"9":[1,13],"10":[1,0],"11":[5,8],"12":[3,2],"13":[4,4],"14":[1,3],"15":[1,3],"16":[0,1],"17":[3,0],"18":[0],"19":[0,2],"20":[2,0,0],"21":[2,0],"22":[0,1],"23":[1,0],"24":[1,0],"25":[0,1],"26":[1,0],"27":[0,1],"28":[1,1],"29":[1,0],"30":[1,0],"31":[1,1],"32":[1,0],"33":[0,1],"34":[1,2]},"_coverageSchema":"1a1c01bbd47fc00a2c39e90264f33305004495a9","hash":"686323ebd9f4a4c45c6b3de68e38f827e6d804ef"}
,"/home/morik/emotion_music_box/app/javascript/custom/push_subscription.js": {"path":"/home/morik/emotion_music_box/app/javascript/custom/push_subscription.js","statementMap":{"0":{"start":{"line":3,"column":2},"end":{"line":6,"column":3}},"1":{"start":{"line":4,"column":4},"end":{"line":4,"column":46}},"2":{"start":{"line":5,"column":4},"end":{"line":5,"column":11}},"3":{"start":{"line":8,"column":2},"end":{"line":33,"column":3}},"4":{"start":{"line":9,"column":25},"end":{"line":9,"column":60}},"5":{"start":{"line":11,"column":25},"end":{"line":14,"column":6}},"6":{"start":{"line":17,"column":16},"end":{"line":24,"column":6}},"7":{"start":{"line":26,"column":4},"end":{"line":30,"column":5}},"8":{"start":{"line":27,"column":6},"end":{"line":27,"column":40}},"9":{"start":{"line":29,"column":6},"end":{"line":29,"column":41}},"10":{"start":{"line":32,"column":4},"end":{"line":32,"column":40}},"11":{"start":{"line":38,"column":18},"end":{"line":38,"column":63}},"12":{"start":{"line":39,"column":17},"end":{"line":41,"column":23}},"13":{"start":{"line":43,"column":18},"end":{"line":43,"column":30}},"14":{"start":{"line":44,"column":2},"end":{"line":44,"column":65}},"15":{"start":{"line":44,"column":47},"end":{"line":44,"column":62}}},"fnMap":{"0":{"name":"subscribeToPushNotifications","decl":{"start":{"line":2,"column":22},"end":{"line":2,"column":50}},"loc":{"start":{"line":2,"column":53},"end":{"line":34,"column":1}},"line":2},"1":{"name":"urlBase64ToUint8Array","decl":{"start":{"line":37,"column":9},"end":{"line":37,"column":30}},"loc":{"start":{"line":37,"column":45},"end":{"line":45,"column":1}},"line":37},"2":{"name":"(anonymous_2)","decl":{"start":{"line":44,"column":42},"end":{"line":44,"column":43}},"loc":{"start":{"line":44,"column":47},"end":{"line":44,"column":62}},"line":44}},"branchMap":{"0":{"loc":{"start":{"line":3,"column":2},"end":{"line":6,"column":3}},"type":"if","locations":[{"start":{"line":3,"column":2},"end":{"line":6,"column":3}},{"start":{},"end":{}}],"line":3},"1":{"loc":{"start":{"line":3,"column":6},"end":{"line":3,"column":67}},"type":"binary-expr","locations":[{"start":{"line":3,"column":6},"end":{"line":3,"column":37}},{"start":{"line":3,"column":41},"end":{"line":3,"column":67}}],"line":3},"2":{"loc":{"start":{"line":26,"column":4},"end":{"line":30,"column":5}},"type":"if","locations":[{"start":{"line":26,"column":4},"end":{"line":30,"column":5}},{"start":{"line":28,"column":11},"end":{"line":30,"column":5}}],"line":26}},"s":{"0":6,"1":1,"2":1,"3":5,"4":5,"5":5,"6":4,"7":4,"8":3,"9":1,"10":1,"11":5,"12":5,"13":5,"14":5,"15":53},"f":{"0":6,"1":5,"2":53},"b":{"0":[1,5],"1":[6,5],"2":[3,1]},"_coverageSchema":"1a1c01bbd47fc00a2c39e90264f33305004495a9","hash":"d82ce057a9b03741c5dfe2857359a1a02647043a"}
,"/home/morik/emotion_music_box/app/javascript/custom/register_service_worker.js": {"path":"/home/morik/emotion_music_box/app/javascript/custom/register_service_worker.js","statementMap":{"0":{"start":{"line":3,"column":2},"end":{"line":6,"column":3}},"1":{"start":{"line":4,"column":4},"end":{"line":4,"column":38}},"2":{"start":{"line":5,"column":4},"end":{"line":5,"column":16}},"3":{"start":{"line":7,"column":2},"end":{"line":14,"column":3}},"4":{"start":{"line":8,"column":16},"end":{"line":8,"column":76}},"5":{"start":{"line":9,"column":4},"end":{"line":9,"column":50}},"6":{"start":{"line":10,"column":4},"end":{"line":10,"column":15}},"7":{"start":{"line":12,"column":4},"end":{"line":12,"column":54}},"8":{"start":{"line":13,"column":4},"end":{"line":13,"column":16}}},"fnMap":{"0":{"name":"registerServiceWorker","decl":{"start":{"line":2,"column":22},"end":{"line":2,"column":43}},"loc":{"start":{"line":2,"column":46},"end":{"line":15,"column":1}},"line":2}},"branchMap":{"0":{"loc":{"start":{"line":3,"column":2},"end":{"line":6,"column":3}},"type":"if","locations":[{"start":{"line":3,"column":2},"end":{"line":6,"column":3}},{"start":{},"end":{}}],"line":3}},"s":{"0":3,"1":1,"2":1,"3":2,"4":2,"5":1,"6":1,"7":1,"8":1},"f":{"0":3},"b":{"0":[1,2]},"_coverageSchema":"1a1c01bbd47fc00a2c39e90264f33305004495a9","hash":"f9cca43b6ea7f17b0d61ee68e9fa58036bc53bc5"}
,"/home/morik/emotion_music_box/app/javascript/custom/swal_my_create.js": {"path":"/home/morik/emotion_music_box/app/javascript/custom/swal_my_create.js","statementMap":{"0":{"start":{"line":1,"column":0},"end":{"line":68,"column":2}},"1":{"start":{"line":10,"column":4},"end":{"line":66,"column":7}},"2":{"start":{"line":12,"column":21},"end":{"line":12,"column":23}},"3":{"start":{"line":13,"column":6},"end":{"line":16,"column":25}},"4":{"start":{"line":13,"column":30},"end":{"line":13,"column":85}},"5":{"start":{"line":14,"column":11},"end":{"line":16,"column":25}},"6":{"start":{"line":14,"column":33},"end":{"line":14,"column":86}},"7":{"start":{"line":15,"column":11},"end":{"line":16,"column":25}},"8":{"start":{"line":15,"column":36},"end":{"line":15,"column":92}},"9":{"start":{"line":16,"column":11},"end":{"line":16,"column":25}},"10":{"start":{"line":18,"column":22},"end":{"line":18,"column":39}},"11":{"start":{"line":19,"column":21},"end":{"line":19,"column":53}},"12":{"start":{"line":20,"column":6},"end":{"line":20,"column":38}},"13":{"start":{"line":20,"column":20},"end":{"line":20,"column":38}},"14":{"start":{"line":22,"column":6},"end":{"line":22,"column":47}},"15":{"start":{"line":23,"column":6},"end":{"line":39,"column":8}},"16":{"start":{"line":40,"column":6},"end":{"line":40,"column":42}},"17":{"start":{"line":43,"column":20},"end":{"line":43,"column":78}},"18":{"start":{"line":44,"column":6},"end":{"line":44,"column":19}},"19":{"start":{"line":47,"column":6},"end":{"line":51,"column":8}},"20":{"start":{"line":48,"column":8},"end":{"line":48,"column":21}},"21":{"start":{"line":49,"column":8},"end":{"line":49,"column":39}},"22":{"start":{"line":50,"column":8},"end":{"line":50,"column":49}},"23":{"start":{"line":50,"column":25},"end":{"line":50,"column":42}},"24":{"start":{"line":52,"column":6},"end":{"line":58,"column":7}},"25":{"start":{"line":53,"column":8},"end":{"line":57,"column":10}},"26":{"start":{"line":54,"column":10},"end":{"line":54,"column":23}},"27":{"start":{"line":55,"column":10},"end":{"line":55,"column":42}},"28":{"start":{"line":56,"column":10},"end":{"line":56,"column":51}},"29":{"start":{"line":56,"column":27},"end":{"line":56,"column":44}},"30":{"start":{"line":61,"column":6},"end":{"line":65,"column":8}},"31":{"start":{"line":62,"column":8},"end":{"line":62,"column":21}},"32":{"start":{"line":63,"column":8},"end":{"line":63,"column":40}},"33":{"start":{"line":64,"column":8},"end":{"line":64,"column":49}},"34":{"start":{"line":64,"column":25},"end":{"line":64,"column":42}}},"fnMap":{"0":{"name":"(anonymous_0)","decl":{"start":{"line":2,"column":8},"end":{"line":2,"column":9}},"loc":{"start":{"line":9,"column":5},"end":{"line":67,"column":3}},"line":9},"1":{"name":"(anonymous_1)","decl":{"start":{"line":10,"column":23},"end":{"line":10,"column":24}},"loc":{"start":{"line":10,"column":44},"end":{"line":66,"column":5}},"line":10},"2":{"name":"(anonymous_2)","decl":{"start":{"line":47,"column":57},"end":{"line":47,"column":58}},"loc":{"start":{"line":47,"column":69},"end":{"line":51,"column":7}},"line":47},"3":{"name":"(anonymous_3)","decl":{"start":{"line":50,"column":19},"end":{"line":50,"column":20}},"loc":{"start":{"line":50,"column":25},"end":{"line":50,"column":42}},"line":50},"4":{"name":"(anonymous_4)","decl":{"start":{"line":53,"column":63},"end":{"line":53,"column":64}},"loc":{"start":{"line":53,"column":75},"end":{"line":57,"column":9}},"line":53},"5":{"name":"(anonymous_5)","decl":{"start":{"line":56,"column":21},"end":{"line":56,"column":22}},"loc":{"start":{"line":56,"column":27},"end":{"line":56,"column":44}},"line":56},"6":{"name":"(anonymous_6)","decl":{"start":{"line":61,"column":53},"end":{"line":61,"column":54}},"loc":{"start":{"line":61,"column":65},"end":{"line":65,"column":7}},"line":61},"7":{"name":"(anonymous_7)","decl":{"start":{"line":64,"column":19},"end":{"line":64,"column":20}},"loc":{"start":{"line":64,"column":25},"end":{"line":64,"column":42}},"line":64}},"branchMap":{"0":{"loc":{"start":{"line":3,"column":4},"end":{"line":3,"column":14}},"type":"default-arg","locations":[{"start":{"line":3,"column":12},"end":{"line":3,"column":14}}],"line":3},"1":{"loc":{"start":{"line":4,"column":4},"end":{"line":4,"column":13}},"type":"default-arg","locations":[{"start":{"line":4,"column":11},"end":{"line":4,"column":13}}],"line":4},"2":{"loc":{"start":{"line":5,"column":4},"end":{"line":5,"column":17}},"type":"default-arg","locations":[{"start":{"line":5,"column":11},"end":{"line":5,"column":17}}],"line":5},"3":{"loc":{"start":{"line":6,"column":4},"end":{"line":6,"column":28}},"type":"default-arg","locations":[{"start":{"line":6,"column":24},"end":{"line":6,"column":28}}],"line":6},"4":{"loc":{"start":{"line":7,"column":4},"end":{"line":7,"column":28}},"type":"default-arg","locations":[{"start":{"line":7,"column":23},"end":{"line":7,"column":28}}],"line":7},"5":{"loc":{"start":{"line":8,"column":4},"end":{"line":8,"column":30}},"type":"default-arg","locations":[{"start":{"line":8,"column":23},"end":{"line":8,"column":30}}],"line":8},"6":{"loc":{"start":{"line":13,"column":6},"end":{"line":16,"column":25}},"type":"if","locations":[{"start":{"line":13,"column":6},"end":{"line":16,"column":25}},{"start":{"line":14,"column":11},"end":{"line":16,"column":25}}],"line":13},"7":{"loc":{"start":{"line":14,"column":11},"end":{"line":16,"column":25}},"type":"if","locations":[{"start":{"line":14,"column":11},"end":{"line":16,"column":25}},{"start":{"line":15,"column":11},"end":{"line":16,"column":25}}],"line":14},"8":{"loc":{"start":{"line":15,"column":11},"end":{"line":16,"column":25}},"type":"if","locations":[{"start":{"line":15,"column":11},"end":{"line":16,"column":25}},{"start":{"line":16,"column":11},"end":{"line":16,"column":25}}],"line":15},"9":{"loc":{"start":{"line":20,"column":6},"end":{"line":20,"column":38}},"type":"if","locations":[{"start":{"line":20,"column":6},"end":{"line":20,"column":38}},{"start":{},"end":{}}],"line":20},"10":{"loc":{"start":{"line":31,"column":63},"end":{"line":31,"column":73}},"type":"binary-expr","locations":[{"start":{"line":31,"column":63},"end":{"line":31,"column":67}},{"start":{"line":31,"column":71},"end":{"line":31,"column":73}}],"line":31},"11":{"loc":{"start":{"line":33,"column":16},"end":{"line":33,"column":144}},"type":"cond-expr","locations":[{"start":{"line":33,"column":35},"end":{"line":33,"column":139}},{"start":{"line":33,"column":142},"end":{"line":33,"column":144}}],"line":33},"12":{"loc":{"start":{"line":52,"column":6},"end":{"line":58,"column":7}},"type":"if","locations":[{"start":{"line":52,"column":6},"end":{"line":58,"column":7}},{"start":{},"end":{}}],"line":52}},"s":{"0":1,"1":3,"2":3,"3":3,"4":1,"5":2,"6":1,"7":1,"8":0,"9":1,"10":3,"11":3,"12":3,"13":0,"14":3,"15":3,"16":3,"17":3,"18":3,"19":3,"20":1,"21":1,"22":1,"23":0,"24":3,"25":1,"26":1,"27":1,"28":1,"29":0,"30":3,"31":1,"32":1,"33":1,"34":0},"f":{"0":3,"1":3,"2":1,"3":0,"4":1,"5":0,"6":1,"7":0},"b":{"0":[0],"1":[0],"2":[0],"3":[0],"4":[2],"5":[2],"6":[1,2],"7":[1,1],"8":[0,1],"9":[0,3],"10":[3,0],"11":[1,2],"12":[1,2]},"_coverageSchema":"1a1c01bbd47fc00a2c39e90264f33305004495a9","hash":"d5d1d7771e25c813f2ec003a9da4c6780a1c6989"}
}
