{"/home/morik/emotion_music_box/app/javascript/application.js": {"path":"/home/morik/emotion_music_box/app/javascript/application.js","all":false,"statementMap":{"0":{"start":{"line":1,"column":0},"end":{"line":1,"column":32}},"1":{"start":{"line":2,"column":0},"end":{"line":2,"column":31}},"2":{"start":{"line":3,"column":0},"end":{"line":3,"column":31}},"3":{"start":{"line":4,"column":0},"end":{"line":4,"column":39}},"4":{"start":{"line":5,"column":0},"end":{"line":5,"column":23}},"5":{"start":{"line":6,"column":0},"end":{"line":6,"column":27}},"6":{"start":{"line":7,"column":0},"end":{"line":7,"column":33}},"7":{"start":{"line":8,"column":0},"end":{"line":8,"column":29}},"8":{"start":{"line":9,"column":0},"end":{"line":9,"column":34}},"9":{"start":{"line":10,"column":0},"end":{"line":10,"column":33}},"10":{"start":{"line":11,"column":0},"end":{"line":11,"column":73}},"11":{"start":{"line":12,"column":0},"end":{"line":12,"column":74}},"12":{"start":{"line":13,"column":0},"end":{"line":13,"column":0}},"13":{"start":{"line":14,"column":0},"end":{"line":14,"column":14}},"14":{"start":{"line":15,"column":0},"end":{"line":15,"column":46}},"15":{"start":{"line":16,"column":0},"end":{"line":16,"column":0}},"16":{"start":{"line":17,"column":0},"end":{"line":17,"column":29}},"17":{"start":{"line":18,"column":0},"end":{"line":18,"column":0}},"18":{"start":{"line":19,"column":0},"end":{"line":19,"column":62}},"19":{"start":{"line":20,"column":0},"end":{"line":20,"column":23}},"20":{"start":{"line":21,"column":0},"end":{"line":21,"column":62}},"21":{"start":{"line":22,"column":0},"end":{"line":22,"column":51}},"22":{"start":{"line":23,"column":0},"end":{"line":23,"column":44}},"23":{"start":{"line":24,"column":0},"end":{"line":24,"column":65}},"24":{"start":{"line":25,"column":0},"end":{"line":25,"column":31}},"25":{"start":{"line":26,"column":0},"end":{"line":26,"column":28}},"26":{"start":{"line":27,"column":0},"end":{"line":27,"column":33}},"27":{"start":{"line":28,"column":0},"end":{"line":28,"column":33}},"28":{"start":{"line":29,"column":0},"end":{"line":29,"column":28}},"29":{"start":{"line":30,"column":0},"end":{"line":30,"column":47}},"30":{"start":{"line":31,"column":0},"end":{"line":31,"column":39}},"31":{"start":{"line":32,"column":0},"end":{"line":32,"column":5}},"32":{"start":{"line":33,"column":0},"end":{"line":33,"column":1}},"33":{"start":{"line":34,"column":0},"end":{"line":34,"column":0}},"34":{"start":{"line":35,"column":0},"end":{"line":35,"column":22}},"35":{"start":{"line":36,"column":0},"end":{"line":36,"column":40}},"36":{"start":{"line":37,"column":0},"end":{"line":37,"column":66}},"37":{"start":{"line":38,"column":0},"end":{"line":38,"column":56}},"38":{"start":{"line":39,"column":0},"end":{"line":39,"column":25}},"39":{"start":{"line":40,"column":0},"end":{"line":40,"column":0}},"40":{"start":{"line":41,"column":0},"end":{"line":41,"column":100}},"41":{"start":{"line":42,"column":0},"end":{"line":42,"column":31}},"42":{"start":{"line":43,"column":0},"end":{"line":43,"column":0}},"43":{"start":{"line":44,"column":0},"end":{"line":44,"column":72}},"44":{"start":{"line":45,"column":0},"end":{"line":45,"column":47}},"45":{"start":{"line":46,"column":0},"end":{"line":46,"column":49}},"46":{"start":{"line":47,"column":0},"end":{"line":47,"column":54}},"47":{"start":{"line":48,"column":0},"end":{"line":48,"column":0}},"48":{"start":{"line":49,"column":0},"end":{"line":49,"column":30}},"49":{"start":{"line":50,"column":0},"end":{"line":50,"column":41}},"50":{"start":{"line":51,"column":0},"end":{"line":51,"column":28}},"51":{"start":{"line":52,"column":0},"end":{"line":52,"column":1}},"52":{"start":{"line":53,"column":0},"end":{"line":53,"column":0}},"53":{"start":{"line":54,"column":0},"end":{"line":54,"column":35}},"54":{"start":{"line":55,"column":0},"end":{"line":55,"column":78}},"55":{"start":{"line":56,"column":0},"end":{"line":56,"column":78}},"56":{"start":{"line":57,"column":0},"end":{"line":57,"column":78}},"57":{"start":{"line":58,"column":0},"end":{"line":58,"column":0}},"58":{"start":{"line":59,"column":0},"end":{"line":59,"column":26}},"59":{"start":{"line":60,"column":0},"end":{"line":60,"column":44}},"60":{"start":{"line":61,"column":0},"end":{"line":61,"column":49}},"61":{"start":{"line":62,"column":0},"end":{"line":62,"column":3}},"62":{"start":{"line":63,"column":0},"end":{"line":63,"column":0}},"63":{"start":{"line":64,"column":0},"end":{"line":64,"column":13}},"64":{"start":{"line":65,"column":0},"end":{"line":65,"column":24}},"65":{"start":{"line":66,"column":0},"end":{"line":66,"column":0}},"66":{"start":{"line":67,"column":0},"end":{"line":67,"column":0}},"67":{"start":{"line":68,"column":0},"end":{"line":68,"column":20}},"68":{"start":{"line":69,"column":0},"end":{"line":69,"column":0}},"69":{"start":{"line":70,"column":0},"end":{"line":70,"column":30}},"70":{"start":{"line":71,"column":0},"end":{"line":71,"column":53}},"71":{"start":{"line":72,"column":0},"end":{"line":72,"column":20}},"72":{"start":{"line":73,"column":0},"end":{"line":73,"column":3}},"73":{"start":{"line":74,"column":0},"end":{"line":74,"column":0}},"74":{"start":{"line":75,"column":0},"end":{"line":75,"column":19}},"75":{"start":{"line":76,"column":0},"end":{"line":76,"column":48}},"76":{"start":{"line":77,"column":0},"end":{"line":77,"column":60}},"77":{"start":{"line":78,"column":0},"end":{"line":78,"column":59}},"78":{"start":{"line":79,"column":0},"end":{"line":79,"column":3}},"79":{"start":{"line":80,"column":0},"end":{"line":80,"column":0}},"80":{"start":{"line":81,"column":0},"end":{"line":81,"column":47}},"81":{"start":{"line":82,"column":0},"end":{"line":82,"column":60}},"82":{"start":{"line":83,"column":0},"end":{"line":83,"column":57}},"83":{"start":{"line":84,"column":0},"end":{"line":84,"column":0}},"84":{"start":{"line":85,"column":0},"end":{"line":85,"column":22}},"85":{"start":{"line":86,"column":0},"end":{"line":86,"column":20}},"86":{"start":{"line":87,"column":0},"end":{"line":87,"column":0}},"87":{"start":{"line":88,"column":0},"end":{"line":88,"column":12}},"88":{"start":{"line":89,"column":0},"end":{"line":89,"column":54}},"89":{"start":{"line":90,"column":0},"end":{"line":90,"column":51}},"90":{"start":{"line":91,"column":0},"end":{"line":91,"column":0}},"91":{"start":{"line":92,"column":0},"end":{"line":92,"column":28}},"92":{"start":{"line":93,"column":0},"end":{"line":93,"column":47}},"93":{"start":{"line":94,"column":0},"end":{"line":94,"column":42}},"94":{"start":{"line":95,"column":0},"end":{"line":95,"column":3}},"95":{"start":{"line":96,"column":0},"end":{"line":96,"column":0}},"96":{"start":{"line":97,"column":0},"end":{"line":97,"column":26}},"97":{"start":{"line":98,"column":0},"end":{"line":98,"column":55}},"98":{"start":{"line":99,"column":0},"end":{"line":99,"column":63}},"99":{"start":{"line":100,"column":0},"end":{"line":100,"column":54}},"100":{"start":{"line":101,"column":0},"end":{"line":101,"column":5}},"101":{"start":{"line":102,"column":0},"end":{"line":102,"column":0}},"102":{"start":{"line":103,"column":0},"end":{"line":103,"column":23}},"103":{"start":{"line":104,"column":0},"end":{"line":104,"column":55}},"104":{"start":{"line":105,"column":0},"end":{"line":105,"column":56}},"105":{"start":{"line":106,"column":0},"end":{"line":106,"column":66}},"106":{"start":{"line":107,"column":0},"end":{"line":107,"column":63}},"107":{"start":{"line":108,"column":0},"end":{"line":108,"column":43}},"108":{"start":{"line":109,"column":0},"end":{"line":109,"column":43}},"109":{"start":{"line":110,"column":0},"end":{"line":110,"column":5}},"110":{"start":{"line":111,"column":0},"end":{"line":111,"column":5}},"111":{"start":{"line":112,"column":0},"end":{"line":112,"column":0}},"112":{"start":{"line":113,"column":0},"end":{"line":113,"column":43}},"113":{"start":{"line":114,"column":0},"end":{"line":114,"column":20}},"114":{"start":{"line":115,"column":0},"end":{"line":115,"column":18}},"115":{"start":{"line":116,"column":0},"end":{"line":116,"column":5}},"116":{"start":{"line":117,"column":0},"end":{"line":117,"column":0}},"117":{"start":{"line":118,"column":0},"end":{"line":118,"column":12}},"118":{"start":{"line":119,"column":0},"end":{"line":119,"column":78}},"119":{"start":{"line":120,"column":0},"end":{"line":120,"column":24}},"120":{"start":{"line":121,"column":0},"end":{"line":121,"column":53}},"121":{"start":{"line":122,"column":0},"end":{"line":122,"column":60}},"122":{"start":{"line":123,"column":0},"end":{"line":123,"column":36}},"123":{"start":{"line":124,"column":0},"end":{"line":124,"column":23}},"124":{"start":{"line":125,"column":0},"end":{"line":125,"column":56}},"125":{"start":{"line":126,"column":0},"end":{"line":126,"column":14}},"126":{"start":{"line":127,"column":0},"end":{"line":127,"column":60}},"127":{"start":{"line":128,"column":0},"end":{"line":128,"column":7}},"128":{"start":{"line":129,"column":0},"end":{"line":129,"column":7}},"129":{"start":{"line":130,"column":0},"end":{"line":130,"column":3}},"130":{"start":{"line":131,"column":0},"end":{"line":131,"column":0}},"131":{"start":{"line":132,"column":0},"end":{"line":132,"column":26}},"132":{"start":{"line":133,"column":0},"end":{"line":133,"column":59}},"133":{"start":{"line":134,"column":0},"end":{"line":134,"column":71}},"134":{"start":{"line":135,"column":0},"end":{"line":135,"column":61}},"135":{"start":{"line":136,"column":0},"end":{"line":136,"column":65}},"136":{"start":{"line":137,"column":0},"end":{"line":137,"column":57}},"137":{"start":{"line":138,"column":0},"end":{"line":138,"column":63}},"138":{"start":{"line":139,"column":0},"end":{"line":139,"column":67}},"139":{"start":{"line":140,"column":0},"end":{"line":140,"column":72}},"140":{"start":{"line":141,"column":0},"end":{"line":141,"column":0}},"141":{"start":{"line":142,"column":0},"end":{"line":142,"column":114}},"142":{"start":{"line":143,"column":0},"end":{"line":143,"column":58}},"143":{"start":{"line":144,"column":0},"end":{"line":144,"column":11}},"144":{"start":{"line":145,"column":0},"end":{"line":145,"column":3}},"145":{"start":{"line":146,"column":0},"end":{"line":146,"column":0}},"146":{"start":{"line":147,"column":0},"end":{"line":147,"column":45}},"147":{"start":{"line":148,"column":0},"end":{"line":148,"column":29}},"148":{"start":{"line":149,"column":0},"end":{"line":149,"column":57}},"149":{"start":{"line":150,"column":0},"end":{"line":150,"column":0}},"150":{"start":{"line":151,"column":0},"end":{"line":151,"column":30}},"151":{"start":{"line":152,"column":0},"end":{"line":152,"column":70}},"152":{"start":{"line":153,"column":0},"end":{"line":153,"column":3}},"153":{"start":{"line":154,"column":0},"end":{"line":154,"column":0}},"154":{"start":{"line":155,"column":0},"end":{"line":155,"column":40}},"155":{"start":{"line":156,"column":0},"end":{"line":156,"column":28}},"156":{"start":{"line":157,"column":0},"end":{"line":157,"column":29}},"157":{"start":{"line":158,"column":0},"end":{"line":158,"column":38}},"158":{"start":{"line":159,"column":0},"end":{"line":159,"column":44}},"159":{"start":{"line":160,"column":0},"end":{"line":160,"column":36}},"160":{"start":{"line":161,"column":0},"end":{"line":161,"column":37}},"161":{"start":{"line":162,"column":0},"end":{"line":162,"column":30}},"162":{"start":{"line":163,"column":0},"end":{"line":163,"column":38}},"163":{"start":{"line":164,"column":0},"end":{"line":164,"column":43}},"164":{"start":{"line":165,"column":0},"end":{"line":165,"column":0}},"165":{"start":{"line":166,"column":0},"end":{"line":166,"column":45}},"166":{"start":{"line":167,"column":0},"end":{"line":167,"column":37}},"167":{"start":{"line":168,"column":0},"end":{"line":168,"column":22}},"168":{"start":{"line":169,"column":0},"end":{"line":169,"column":0}},"169":{"start":{"line":170,"column":0},"end":{"line":170,"column":36}},"170":{"start":{"line":171,"column":0},"end":{"line":171,"column":30}},"171":{"start":{"line":172,"column":0},"end":{"line":172,"column":37}},"172":{"start":{"line":173,"column":0},"end":{"line":173,"column":27}},"173":{"start":{"line":174,"column":0},"end":{"line":174,"column":13}},"174":{"start":{"line":175,"column":0},"end":{"line":175,"column":5}},"175":{"start":{"line":176,"column":0},"end":{"line":176,"column":0}},"176":{"start":{"line":177,"column":0},"end":{"line":177,"column":66}},"177":{"start":{"line":178,"column":0},"end":{"line":178,"column":44}},"178":{"start":{"line":179,"column":0},"end":{"line":179,"column":44}},"179":{"start":{"line":180,"column":0},"end":{"line":180,"column":27}},"180":{"start":{"line":181,"column":0},"end":{"line":181,"column":13}},"181":{"start":{"line":182,"column":0},"end":{"line":182,"column":5}},"182":{"start":{"line":183,"column":0},"end":{"line":183,"column":0}},"183":{"start":{"line":184,"column":0},"end":{"line":184,"column":36}},"184":{"start":{"line":185,"column":0},"end":{"line":185,"column":27}},"185":{"start":{"line":186,"column":0},"end":{"line":186,"column":36}},"186":{"start":{"line":187,"column":0},"end":{"line":187,"column":17}},"187":{"start":{"line":188,"column":0},"end":{"line":188,"column":17}},"188":{"start":{"line":189,"column":0},"end":{"line":189,"column":24}},"189":{"start":{"line":190,"column":0},"end":{"line":190,"column":19}},"190":{"start":{"line":191,"column":0},"end":{"line":191,"column":6}},"191":{"start":{"line":192,"column":0},"end":{"line":192,"column":31}},"192":{"start":{"line":193,"column":0},"end":{"line":193,"column":5}},"193":{"start":{"line":194,"column":0},"end":{"line":194,"column":0}},"194":{"start":{"line":195,"column":0},"end":{"line":195,"column":54}},"195":{"start":{"line":196,"column":0},"end":{"line":196,"column":23}},"196":{"start":{"line":197,"column":0},"end":{"line":197,"column":22}},"197":{"start":{"line":198,"column":0},"end":{"line":198,"column":27}},"198":{"start":{"line":199,"column":0},"end":{"line":199,"column":27}},"199":{"start":{"line":200,"column":0},"end":{"line":200,"column":49}},"200":{"start":{"line":201,"column":0},"end":{"line":201,"column":44}},"201":{"start":{"line":202,"column":0},"end":{"line":202,"column":5}},"202":{"start":{"line":203,"column":0},"end":{"line":203,"column":0}},"203":{"start":{"line":204,"column":0},"end":{"line":204,"column":54}},"204":{"start":{"line":205,"column":0},"end":{"line":205,"column":28}},"205":{"start":{"line":206,"column":0},"end":{"line":206,"column":38}},"206":{"start":{"line":207,"column":0},"end":{"line":207,"column":38}},"207":{"start":{"line":208,"column":0},"end":{"line":208,"column":17}},"208":{"start":{"line":209,"column":0},"end":{"line":209,"column":17}},"209":{"start":{"line":210,"column":0},"end":{"line":210,"column":27}},"210":{"start":{"line":211,"column":0},"end":{"line":211,"column":27}},"211":{"start":{"line":212,"column":0},"end":{"line":212,"column":22}},"212":{"start":{"line":213,"column":0},"end":{"line":213,"column":5}},"213":{"start":{"line":214,"column":0},"end":{"line":214,"column":0}},"214":{"start":{"line":215,"column":0},"end":{"line":215,"column":52}},"215":{"start":{"line":216,"column":0},"end":{"line":216,"column":21}},"216":{"start":{"line":217,"column":0},"end":{"line":217,"column":25}},"217":{"start":{"line":218,"column":0},"end":{"line":218,"column":55}},"218":{"start":{"line":219,"column":0},"end":{"line":219,"column":42}},"219":{"start":{"line":220,"column":0},"end":{"line":220,"column":5}},"220":{"start":{"line":221,"column":0},"end":{"line":221,"column":5}},"221":{"start":{"line":222,"column":0},"end":{"line":222,"column":0}},"222":{"start":{"line":223,"column":0},"end":{"line":223,"column":58}},"223":{"start":{"line":224,"column":0},"end":{"line":224,"column":37}},"224":{"start":{"line":225,"column":0},"end":{"line":225,"column":54}},"225":{"start":{"line":226,"column":0},"end":{"line":226,"column":42}},"226":{"start":{"line":227,"column":0},"end":{"line":227,"column":88}},"227":{"start":{"line":228,"column":0},"end":{"line":228,"column":47}},"228":{"start":{"line":229,"column":0},"end":{"line":229,"column":49}},"229":{"start":{"line":230,"column":0},"end":{"line":230,"column":68}},"230":{"start":{"line":231,"column":0},"end":{"line":231,"column":64}},"231":{"start":{"line":232,"column":0},"end":{"line":232,"column":7}},"232":{"start":{"line":233,"column":0},"end":{"line":233,"column":3}},"233":{"start":{"line":234,"column":0},"end":{"line":234,"column":0}},"234":{"start":{"line":235,"column":0},"end":{"line":235,"column":52}},"235":{"start":{"line":236,"column":0},"end":{"line":236,"column":45}},"236":{"start":{"line":237,"column":0},"end":{"line":237,"column":0}},"237":{"start":{"line":238,"column":0},"end":{"line":238,"column":52}},"238":{"start":{"line":239,"column":0},"end":{"line":239,"column":40}},"239":{"start":{"line":240,"column":0},"end":{"line":240,"column":22}},"240":{"start":{"line":241,"column":0},"end":{"line":241,"column":23}},"241":{"start":{"line":242,"column":0},"end":{"line":242,"column":0}},"242":{"start":{"line":243,"column":0},"end":{"line":243,"column":48}},"243":{"start":{"line":244,"column":0},"end":{"line":244,"column":50}},"244":{"start":{"line":245,"column":0},"end":{"line":245,"column":66}},"245":{"start":{"line":246,"column":0},"end":{"line":246,"column":68}},"246":{"start":{"line":247,"column":0},"end":{"line":247,"column":36}},"247":{"start":{"line":248,"column":0},"end":{"line":248,"column":36}},"248":{"start":{"line":249,"column":0},"end":{"line":249,"column":0}},"249":{"start":{"line":250,"column":0},"end":{"line":250,"column":18}},"250":{"start":{"line":251,"column":0},"end":{"line":251,"column":16}},"251":{"start":{"line":252,"column":0},"end":{"line":252,"column":13}},"252":{"start":{"line":253,"column":0},"end":{"line":253,"column":46}},"253":{"start":{"line":254,"column":0},"end":{"line":254,"column":11}},"254":{"start":{"line":255,"column":0},"end":{"line":255,"column":33}},"255":{"start":{"line":256,"column":0},"end":{"line":256,"column":6}},"256":{"start":{"line":257,"column":0},"end":{"line":257,"column":0}},"257":{"start":{"line":258,"column":0},"end":{"line":258,"column":50}},"258":{"start":{"line":259,"column":0},"end":{"line":259,"column":32}},"259":{"start":{"line":260,"column":0},"end":{"line":260,"column":30}},"260":{"start":{"line":261,"column":0},"end":{"line":261,"column":17}},"261":{"start":{"line":262,"column":0},"end":{"line":262,"column":0}},"262":{"start":{"line":263,"column":0},"end":{"line":263,"column":74}},"263":{"start":{"line":264,"column":0},"end":{"line":264,"column":11}},"264":{"start":{"line":265,"column":0},"end":{"line":265,"column":47}},"265":{"start":{"line":266,"column":0},"end":{"line":266,"column":0}},"266":{"start":{"line":267,"column":0},"end":{"line":267,"column":45}},"267":{"start":{"line":268,"column":0},"end":{"line":268,"column":40}},"268":{"start":{"line":269,"column":0},"end":{"line":269,"column":64}},"269":{"start":{"line":270,"column":0},"end":{"line":270,"column":36}},"270":{"start":{"line":271,"column":0},"end":{"line":271,"column":55}},"271":{"start":{"line":272,"column":0},"end":{"line":272,"column":70}},"272":{"start":{"line":273,"column":0},"end":{"line":273,"column":0}},"273":{"start":{"line":274,"column":0},"end":{"line":274,"column":39}},"274":{"start":{"line":275,"column":0},"end":{"line":275,"column":85}},"275":{"start":{"line":276,"column":0},"end":{"line":276,"column":14}},"276":{"start":{"line":277,"column":0},"end":{"line":277,"column":12}},"277":{"start":{"line":278,"column":0},"end":{"line":278,"column":0}},"278":{"start":{"line":279,"column":0},"end":{"line":279,"column":50}},"279":{"start":{"line":280,"column":0},"end":{"line":280,"column":53}},"280":{"start":{"line":281,"column":0},"end":{"line":281,"column":52}},"281":{"start":{"line":282,"column":0},"end":{"line":282,"column":52}},"282":{"start":{"line":283,"column":0},"end":{"line":283,"column":10}},"283":{"start":{"line":284,"column":0},"end":{"line":284,"column":32}},"284":{"start":{"line":285,"column":0},"end":{"line":285,"column":21}},"285":{"start":{"line":286,"column":0},"end":{"line":286,"column":55}},"286":{"start":{"line":287,"column":0},"end":{"line":287,"column":50}},"287":{"start":{"line":288,"column":0},"end":{"line":288,"column":50}},"288":{"start":{"line":289,"column":0},"end":{"line":289,"column":7}},"289":{"start":{"line":290,"column":0},"end":{"line":290,"column":12}},"290":{"start":{"line":291,"column":0},"end":{"line":291,"column":37}},"291":{"start":{"line":292,"column":0},"end":{"line":292,"column":48}},"292":{"start":{"line":293,"column":0},"end":{"line":293,"column":5}},"293":{"start":{"line":294,"column":0},"end":{"line":294,"column":5}},"294":{"start":{"line":295,"column":0},"end":{"line":295,"column":0}},"295":{"start":{"line":296,"column":0},"end":{"line":296,"column":69}},"296":{"start":{"line":297,"column":0},"end":{"line":297,"column":79}},"297":{"start":{"line":298,"column":0},"end":{"line":298,"column":0}},"298":{"start":{"line":299,"column":0},"end":{"line":299,"column":48}},"299":{"start":{"line":300,"column":0},"end":{"line":300,"column":53}},"300":{"start":{"line":301,"column":0},"end":{"line":301,"column":53}},"301":{"start":{"line":302,"column":0},"end":{"line":302,"column":71}},"302":{"start":{"line":303,"column":0},"end":{"line":303,"column":0}},"303":{"start":{"line":304,"column":0},"end":{"line":304,"column":32}},"304":{"start":{"line":305,"column":0},"end":{"line":305,"column":50}},"305":{"start":{"line":306,"column":0},"end":{"line":306,"column":88}},"306":{"start":{"line":307,"column":0},"end":{"line":307,"column":85}},"307":{"start":{"line":308,"column":0},"end":{"line":308,"column":87}},"308":{"start":{"line":309,"column":0},"end":{"line":309,"column":7}},"309":{"start":{"line":310,"column":0},"end":{"line":310,"column":7}},"310":{"start":{"line":311,"column":0},"end":{"line":311,"column":3}},"311":{"start":{"line":312,"column":0},"end":{"line":312,"column":0}},"312":{"start":{"line":313,"column":0},"end":{"line":313,"column":46}},"313":{"start":{"line":314,"column":0},"end":{"line":314,"column":13}},"314":{"start":{"line":315,"column":0},"end":{"line":315,"column":44}},"315":{"start":{"line":316,"column":0},"end":{"line":316,"column":68}},"316":{"start":{"line":317,"column":0},"end":{"line":317,"column":27}},"317":{"start":{"line":318,"column":0},"end":{"line":318,"column":39}},"318":{"start":{"line":319,"column":0},"end":{"line":319,"column":7}},"319":{"start":{"line":320,"column":0},"end":{"line":320,"column":7}},"320":{"start":{"line":321,"column":0},"end":{"line":321,"column":3}},"321":{"start":{"line":322,"column":0},"end":{"line":322,"column":3}},"322":{"start":{"line":323,"column":0},"end":{"line":323,"column":0}},"323":{"start":{"line":324,"column":0},"end":{"line":324,"column":37}},"324":{"start":{"line":325,"column":0},"end":{"line":325,"column":57}},"325":{"start":{"line":326,"column":0},"end":{"line":326,"column":54}},"326":{"start":{"line":327,"column":0},"end":{"line":327,"column":64}},"327":{"start":{"line":328,"column":0},"end":{"line":328,"column":60}},"328":{"start":{"line":329,"column":0},"end":{"line":329,"column":40}},"329":{"start":{"line":330,"column":0},"end":{"line":330,"column":40}},"330":{"start":{"line":331,"column":0},"end":{"line":331,"column":38}},"331":{"start":{"line":332,"column":0},"end":{"line":332,"column":3}},"332":{"start":{"line":333,"column":0},"end":{"line":333,"column":3}},"333":{"start":{"line":334,"column":0},"end":{"line":334,"column":0}},"334":{"start":{"line":335,"column":0},"end":{"line":335,"column":45}},"335":{"start":{"line":336,"column":0},"end":{"line":336,"column":18}},"336":{"start":{"line":337,"column":0},"end":{"line":337,"column":16}},"337":{"start":{"line":338,"column":0},"end":{"line":338,"column":3}},"338":{"start":{"line":339,"column":0},"end":{"line":339,"column":0}},"339":{"start":{"line":340,"column":0},"end":{"line":340,"column":15}},"340":{"start":{"line":341,"column":0},"end":{"line":341,"column":38}},"341":{"start":{"line":342,"column":0},"end":{"line":342,"column":56}},"342":{"start":{"line":343,"column":0},"end":{"line":343,"column":32}},"343":{"start":{"line":344,"column":0},"end":{"line":344,"column":19}},"344":{"start":{"line":345,"column":0},"end":{"line":345,"column":64}},"345":{"start":{"line":346,"column":0},"end":{"line":346,"column":10}},"346":{"start":{"line":347,"column":0},"end":{"line":347,"column":56}},"347":{"start":{"line":348,"column":0},"end":{"line":348,"column":3}},"348":{"start":{"line":349,"column":0},"end":{"line":349,"column":2}},"349":{"start":{"line":350,"column":0},"end":{"line":350,"column":0}},"350":{"start":{"line":351,"column":0},"end":{"line":351,"column":22}},"351":{"start":{"line":352,"column":0},"end":{"line":352,"column":28}},"352":{"start":{"line":353,"column":0},"end":{"line":353,"column":62}},"353":{"start":{"line":354,"column":0},"end":{"line":354,"column":14}},"354":{"start":{"line":355,"column":0},"end":{"line":355,"column":22}},"355":{"start":{"line":356,"column":0},"end":{"line":356,"column":34}},"356":{"start":{"line":357,"column":0},"end":{"line":357,"column":69}},"357":{"start":{"line":358,"column":0},"end":{"line":358,"column":13}},"358":{"start":{"line":359,"column":0},"end":{"line":359,"column":3}},"359":{"start":{"line":360,"column":0},"end":{"line":360,"column":1}},"360":{"start":{"line":361,"column":0},"end":{"line":361,"column":0}},"361":{"start":{"line":362,"column":0},"end":{"line":362,"column":17}},"362":{"start":{"line":363,"column":0},"end":{"line":363,"column":58}},"363":{"start":{"line":364,"column":0},"end":{"line":364,"column":66}},"364":{"start":{"line":365,"column":0},"end":{"line":365,"column":19}},"365":{"start":{"line":366,"column":0},"end":{"line":366,"column":45}},"366":{"start":{"line":367,"column":0},"end":{"line":367,"column":23}},"367":{"start":{"line":368,"column":0},"end":{"line":368,"column":0}},"368":{"start":{"line":369,"column":0},"end":{"line":369,"column":65}},"369":{"start":{"line":370,"column":0},"end":{"line":370,"column":75}},"370":{"start":{"line":371,"column":0},"end":{"line":371,"column":35}},"371":{"start":{"line":372,"column":0},"end":{"line":372,"column":0}},"372":{"start":{"line":373,"column":0},"end":{"line":373,"column":51}},"373":{"start":{"line":374,"column":0},"end":{"line":374,"column":40}},"374":{"start":{"line":375,"column":0},"end":{"line":375,"column":6}},"375":{"start":{"line":376,"column":0},"end":{"line":376,"column":40}},"376":{"start":{"line":377,"column":0},"end":{"line":377,"column":21}},"377":{"start":{"line":378,"column":0},"end":{"line":378,"column":33}},"378":{"start":{"line":379,"column":0},"end":{"line":379,"column":38}},"379":{"start":{"line":380,"column":0},"end":{"line":380,"column":38}},"380":{"start":{"line":381,"column":0},"end":{"line":381,"column":64}},"381":{"start":{"line":382,"column":0},"end":{"line":382,"column":9}},"382":{"start":{"line":383,"column":0},"end":{"line":383,"column":9}},"383":{"start":{"line":384,"column":0},"end":{"line":384,"column":5}},"384":{"start":{"line":385,"column":0},"end":{"line":385,"column":3}},"385":{"start":{"line":386,"column":0},"end":{"line":386,"column":0}},"386":{"start":{"line":387,"column":0},"end":{"line":387,"column":61}},"387":{"start":{"line":388,"column":0},"end":{"line":388,"column":49}},"388":{"start":{"line":389,"column":0},"end":{"line":389,"column":57}},"389":{"start":{"line":390,"column":0},"end":{"line":390,"column":0}},"390":{"start":{"line":391,"column":0},"end":{"line":391,"column":62}},"391":{"start":{"line":392,"column":0},"end":{"line":392,"column":52}},"392":{"start":{"line":393,"column":0},"end":{"line":393,"column":15}},"393":{"start":{"line":394,"column":0},"end":{"line":394,"column":65}},"394":{"start":{"line":395,"column":0},"end":{"line":395,"column":68}},"395":{"start":{"line":396,"column":0},"end":{"line":396,"column":54}},"396":{"start":{"line":397,"column":0},"end":{"line":397,"column":0}},"397":{"start":{"line":398,"column":0},"end":{"line":398,"column":53}},"398":{"start":{"line":399,"column":0},"end":{"line":399,"column":53}},"399":{"start":{"line":400,"column":0},"end":{"line":400,"column":71}},"400":{"start":{"line":401,"column":0},"end":{"line":401,"column":0}},"401":{"start":{"line":402,"column":0},"end":{"line":402,"column":39}},"402":{"start":{"line":403,"column":0},"end":{"line":403,"column":39}},"403":{"start":{"line":404,"column":0},"end":{"line":404,"column":23}},"404":{"start":{"line":405,"column":0},"end":{"line":405,"column":33}},"405":{"start":{"line":406,"column":0},"end":{"line":406,"column":57}},"406":{"start":{"line":407,"column":0},"end":{"line":407,"column":42}},"407":{"start":{"line":408,"column":0},"end":{"line":408,"column":62}},"408":{"start":{"line":409,"column":0},"end":{"line":409,"column":7}},"409":{"start":{"line":410,"column":0},"end":{"line":410,"column":7}},"410":{"start":{"line":411,"column":0},"end":{"line":411,"column":4}},"411":{"start":{"line":412,"column":0},"end":{"line":412,"column":3}}},"s":{"0":1,"1":1,"2":1,"3":1,"4":1,"5":1,"6":1,"7":1,"8":1,"9":1,"10":1,"11":1,"12":1,"13":1,"14":1,"15":1,"16":1,"17":1,"18":1,"19":1,"20":1,"21":1,"22":1,"23":1,"24":1,"25":84,"26":84,"27":36,"28":8,"29":8,"30":0,"31":8,"32":8,"33":1,"34":1,"35":15,"36":15,"37":15,"38":15,"39":9,"40":15,"41":15,"42":9,"43":9,"44":9,"45":9,"46":9,"47":9,"48":9,"49":9,"50":9,"51":9,"52":1,"53":1,"54":1,"55":1,"56":1,"57":1,"58":1,"59":1,"60":4,"61":1,"62":1,"63":1,"64":1,"65":1,"66":1,"67":1,"68":1,"69":1,"70":1,"71":15,"72":1,"73":1,"74":1,"75":1,"76":7,"77":7,"78":1,"79":1,"80":1,"81":69,"82":69,"83":69,"84":69,"85":69,"86":69,"87":69,"88":69,"89":69,"90":69,"91":69,"92":17,"93":17,"94":17,"95":69,"96":69,"97":69,"98":3,"99":3,"100":69,"101":69,"102":69,"103":69,"104":338,"105":338,"106":338,"107":338,"108":19,"109":19,"110":69,"111":69,"112":69,"113":69,"114":69,"115":69,"116":69,"117":69,"118":69,"119":69,"120":3,"121":3,"122":3,"123":3,"124":0,"125":3,"126":3,"127":3,"128":3,"129":3,"130":69,"131":69,"132":69,"133":69,"134":69,"135":69,"136":69,"137":69,"138":69,"139":69,"140":69,"141":69,"142":29,"143":29,"144":29,"145":40,"146":40,"147":40,"148":40,"149":40,"150":40,"151":11,"152":11,"153":40,"154":40,"155":40,"156":40,"157":40,"158":40,"159":40,"160":40,"161":40,"162":40,"163":40,"164":40,"165":40,"166":0,"167":0,"168":0,"169":0,"170":0,"171":0,"172":0,"173":0,"174":0,"175":0,"176":0,"177":0,"178":0,"179":0,"180":0,"181":0,"182":0,"183":0,"184":0,"185":0,"186":0,"187":0,"188":0,"189":0,"190":0,"191":0,"192":40,"193":40,"194":40,"195":11,"196":11,"197":11,"198":11,"199":11,"200":11,"201":40,"202":40,"203":40,"204":11,"205":11,"206":11,"207":11,"208":11,"209":11,"210":11,"211":11,"212":40,"213":40,"214":40,"215":11,"216":11,"217":11,"218":11,"219":11,"220":40,"221":40,"222":40,"223":5,"224":5,"225":5,"226":5,"227":5,"228":5,"229":5,"230":5,"231":5,"232":5,"233":40,"234":40,"235":9,"236":9,"237":9,"238":9,"239":9,"240":9,"241":9,"242":9,"243":9,"244":9,"245":9,"246":9,"247":9,"248":9,"249":9,"250":9,"251":9,"252":9,"253":9,"254":9,"255":9,"256":9,"257":9,"258":9,"259":9,"260":9,"261":9,"262":9,"263":5,"264":5,"265":5,"266":5,"267":5,"268":5,"269":5,"270":5,"271":5,"272":5,"273":5,"274":5,"275":5,"276":5,"277":5,"278":5,"279":5,"280":5,"281":5,"282":5,"283":5,"284":5,"285":0,"286":0,"287":0,"288":0,"289":9,"290":4,"291":4,"292":4,"293":40,"294":40,"295":40,"296":40,"297":40,"298":69,"299":32,"300":16,"301":16,"302":16,"303":16,"304":16,"305":16,"306":16,"307":16,"308":16,"309":32,"310":32,"311":40,"312":40,"313":58,"314":32,"315":11,"316":11,"317":11,"318":11,"319":32,"320":32,"321":1,"322":1,"323":1,"324":1,"325":206,"326":206,"327":206,"328":206,"329":14,"330":14,"331":14,"332":1,"333":1,"334":1,"335":1,"336":1,"337":1,"338":1,"339":1,"340":1,"341":4,"342":4,"343":4,"344":2,"345":2,"346":2,"347":2,"348":4,"349":1,"350":1,"351":109,"352":109,"353":109,"354":52,"355":6,"356":6,"357":52,"358":52,"359":109,"360":1,"361":1,"362":1,"363":15,"364":15,"365":9,"366":3,"367":3,"368":3,"369":3,"370":3,"371":3,"372":3,"373":3,"374":3,"375":3,"376":3,"377":3,"378":3,"379":3,"380":1,"381":1,"382":3,"383":9,"384":1,"385":1,"386":1,"387":1,"388":1,"389":1,"390":1,"391":1,"392":1,"393":1,"394":1,"395":15,"396":15,"397":15,"398":15,"399":15,"400":15,"401":15,"402":15,"403":15,"404":15,"405":15,"406":15,"407":15,"408":15,"409":15,"410":15,"411":1},"branchMap":{"0":{"type":"branch","line":26,"loc":{"start":{"line":26,"column":0},"end":{"line":33,"column":1}},"locations":[{"start":{"line":26,"column":0},"end":{"line":33,"column":1}}]},"1":{"type":"branch","line":27,"loc":{"start":{"line":27,"column":26},"end":{"line":27,"column":33}},"locations":[{"start":{"line":27,"column":26},"end":{"line":27,"column":33}}]},"2":{"type":"branch","line":27,"loc":{"start":{"line":27,"column":26},"end":{"line":33,"column":1}},"locations":[{"start":{"line":27,"column":26},"end":{"line":33,"column":1}}]},"3":{"type":"branch","line":27,"loc":{"start":{"line":27,"column":26},"end":{"line":28,"column":26}},"locations":[{"start":{"line":27,"column":26},"end":{"line":28,"column":26}}]},"4":{"type":"branch","line":28,"loc":{"start":{"line":28,"column":26},"end":{"line":28,"column":33}},"locations":[{"start":{"line":28,"column":26},"end":{"line":28,"column":33}}]},"5":{"type":"branch","line":28,"loc":{"start":{"line":28,"column":26},"end":{"line":33,"column":1}},"locations":[{"start":{"line":28,"column":26},"end":{"line":33,"column":1}}]},"6":{"type":"branch","line":36,"loc":{"start":{"line":36,"column":0},"end":{"line":52,"column":1}},"locations":[{"start":{"line":36,"column":0},"end":{"line":52,"column":1}}]},"7":{"type":"branch","line":39,"loc":{"start":{"line":39,"column":9},"end":{"line":39,"column":16}},"locations":[{"start":{"line":39,"column":9},"end":{"line":39,"column":16}}]},"8":{"type":"branch","line":39,"loc":{"start":{"line":39,"column":18},"end":{"line":39,"column":25}},"locations":[{"start":{"line":39,"column":18},"end":{"line":39,"column":25}}]},"9":{"type":"branch","line":39,"loc":{"start":{"line":39,"column":18},"end":{"line":41,"column":99}},"locations":[{"start":{"line":39,"column":18},"end":{"line":41,"column":99}}]},"10":{"type":"branch","line":42,"loc":{"start":{"line":42,"column":23},"end":{"line":52,"column":1}},"locations":[{"start":{"line":42,"column":23},"end":{"line":52,"column":1}}]},"11":{"type":"branch","line":42,"loc":{"start":{"line":42,"column":23},"end":{"line":42,"column":31}},"locations":[{"start":{"line":42,"column":23},"end":{"line":42,"column":31}}]},"12":{"type":"branch","line":44,"loc":{"start":{"line":44,"column":55},"end":{"line":44,"column":70}},"locations":[{"start":{"line":44,"column":55},"end":{"line":44,"column":70}}]},"13":{"type":"branch","line":60,"loc":{"start":{"line":60,"column":37},"end":{"line":62,"column":2}},"locations":[{"start":{"line":60,"column":37},"end":{"line":62,"column":2}}]},"14":{"type":"branch","line":71,"loc":{"start":{"line":71,"column":46},"end":{"line":73,"column":2}},"locations":[{"start":{"line":71,"column":46},"end":{"line":73,"column":2}}]},"15":{"type":"branch","line":76,"loc":{"start":{"line":76,"column":41},"end":{"line":79,"column":2}},"locations":[{"start":{"line":76,"column":41},"end":{"line":79,"column":2}}]},"16":{"type":"branch","line":78,"loc":{"start":{"line":78,"column":14},"end":{"line":78,"column":53}},"locations":[{"start":{"line":78,"column":14},"end":{"line":78,"column":53}}]},"17":{"type":"branch","line":81,"loc":{"start":{"line":81,"column":40},"end":{"line":322,"column":2}},"locations":[{"start":{"line":81,"column":40},"end":{"line":322,"column":2}}]},"18":{"type":"branch","line":83,"loc":{"start":{"line":83,"column":14},"end":{"line":83,"column":50}},"locations":[{"start":{"line":83,"column":14},"end":{"line":83,"column":50}}]},"19":{"type":"branch","line":92,"loc":{"start":{"line":92,"column":27},"end":{"line":95,"column":3}},"locations":[{"start":{"line":92,"column":27},"end":{"line":95,"column":3}}]},"20":{"type":"branch","line":120,"loc":{"start":{"line":120,"column":23},"end":{"line":130,"column":3}},"locations":[{"start":{"line":120,"column":23},"end":{"line":130,"column":3}}]},"21":{"type":"branch","line":142,"loc":{"start":{"line":142,"column":113},"end":{"line":145,"column":3}},"locations":[{"start":{"line":142,"column":113},"end":{"line":145,"column":3}}]},"22":{"type":"branch","line":145,"loc":{"start":{"line":145,"column":2},"end":{"line":299,"column":45}},"locations":[{"start":{"line":145,"column":2},"end":{"line":299,"column":45}}]},"23":{"type":"branch","line":145,"loc":{"start":{"line":145,"column":2},"end":{"line":299,"column":25}},"locations":[{"start":{"line":145,"column":2},"end":{"line":299,"column":25}}]},"24":{"type":"branch","line":299,"loc":{"start":{"line":299,"column":21},"end":{"line":299,"column":45}},"locations":[{"start":{"line":299,"column":21},"end":{"line":299,"column":45}}]},"25":{"type":"branch","line":299,"loc":{"start":{"line":299,"column":47},"end":{"line":321,"column":3}},"locations":[{"start":{"line":299,"column":47},"end":{"line":321,"column":3}}]},"26":{"type":"branch","line":299,"loc":{"start":{"line":299,"column":47},"end":{"line":311,"column":3}},"locations":[{"start":{"line":299,"column":47},"end":{"line":311,"column":3}}]},"27":{"type":"branch","line":311,"loc":{"start":{"line":311,"column":2},"end":{"line":314,"column":12}},"locations":[{"start":{"line":311,"column":2},"end":{"line":314,"column":12}}]},"28":{"type":"branch","line":314,"loc":{"start":{"line":314,"column":12},"end":{"line":321,"column":3}},"locations":[{"start":{"line":314,"column":12},"end":{"line":321,"column":3}}]},"29":{"type":"branch","line":98,"loc":{"start":{"line":98,"column":48},"end":{"line":101,"column":3}},"locations":[{"start":{"line":98,"column":48},"end":{"line":101,"column":3}}]},"30":{"type":"branch","line":104,"loc":{"start":{"line":104,"column":48},"end":{"line":111,"column":3}},"locations":[{"start":{"line":104,"column":48},"end":{"line":111,"column":3}}]},"31":{"type":"branch","line":108,"loc":{"start":{"line":108,"column":13},"end":{"line":108,"column":29}},"locations":[{"start":{"line":108,"column":13},"end":{"line":108,"column":29}}]},"32":{"type":"branch","line":108,"loc":{"start":{"line":108,"column":29},"end":{"line":108,"column":40}},"locations":[{"start":{"line":108,"column":29},"end":{"line":108,"column":40}}]},"33":{"type":"branch","line":108,"loc":{"start":{"line":108,"column":42},"end":{"line":110,"column":5}},"locations":[{"start":{"line":108,"column":42},"end":{"line":110,"column":5}}]},"34":{"type":"branch","line":121,"loc":{"start":{"line":121,"column":46},"end":{"line":129,"column":5}},"locations":[{"start":{"line":121,"column":46},"end":{"line":129,"column":5}}]},"35":{"type":"branch","line":124,"loc":{"start":{"line":124,"column":22},"end":{"line":126,"column":7}},"locations":[{"start":{"line":124,"column":22},"end":{"line":126,"column":7}}]},"36":{"type":"branch","line":151,"loc":{"start":{"line":151,"column":2},"end":{"line":153,"column":3}},"locations":[{"start":{"line":151,"column":2},"end":{"line":153,"column":3}}]},"37":{"type":"branch","line":195,"loc":{"start":{"line":195,"column":48},"end":{"line":202,"column":3}},"locations":[{"start":{"line":195,"column":48},"end":{"line":202,"column":3}}]},"38":{"type":"branch","line":204,"loc":{"start":{"line":204,"column":48},"end":{"line":213,"column":3}},"locations":[{"start":{"line":204,"column":48},"end":{"line":213,"column":3}}]},"39":{"type":"branch","line":205,"loc":{"start":{"line":205,"column":21},"end":{"line":205,"column":28}},"locations":[{"start":{"line":205,"column":21},"end":{"line":205,"column":28}}]},"40":{"type":"branch","line":215,"loc":{"start":{"line":215,"column":46},"end":{"line":221,"column":3}},"locations":[{"start":{"line":215,"column":46},"end":{"line":221,"column":3}}]},"41":{"type":"branch","line":223,"loc":{"start":{"line":223,"column":2},"end":{"line":233,"column":3}},"locations":[{"start":{"line":223,"column":2},"end":{"line":233,"column":3}}]},"42":{"type":"branch","line":224,"loc":{"start":{"line":224,"column":24},"end":{"line":232,"column":5}},"locations":[{"start":{"line":224,"column":24},"end":{"line":232,"column":5}}]},"43":{"type":"branch","line":231,"loc":{"start":{"line":231,"column":21},"end":{"line":231,"column":43}},"locations":[{"start":{"line":231,"column":21},"end":{"line":231,"column":43}}]},"44":{"type":"branch","line":235,"loc":{"start":{"line":235,"column":39},"end":{"line":294,"column":3}},"locations":[{"start":{"line":235,"column":39},"end":{"line":294,"column":3}}]},"45":{"type":"branch","line":263,"loc":{"start":{"line":263,"column":36},"end":{"line":263,"column":71}},"locations":[{"start":{"line":263,"column":36},"end":{"line":263,"column":71}}]},"46":{"type":"branch","line":263,"loc":{"start":{"line":263,"column":73},"end":{"line":290,"column":5}},"locations":[{"start":{"line":263,"column":73},"end":{"line":290,"column":5}}]},"47":{"type":"branch","line":285,"loc":{"start":{"line":285,"column":8},"end":{"line":289,"column":7}},"locations":[{"start":{"line":285,"column":8},"end":{"line":289,"column":7}}]},"48":{"type":"branch","line":290,"loc":{"start":{"line":290,"column":5},"end":{"line":293,"column":5}},"locations":[{"start":{"line":290,"column":5},"end":{"line":293,"column":5}}]},"49":{"type":"branch","line":268,"loc":{"start":{"line":268,"column":27},"end":{"line":283,"column":9}},"locations":[{"start":{"line":268,"column":27},"end":{"line":283,"column":9}}]},"50":{"type":"branch","line":300,"loc":{"start":{"line":300,"column":46},"end":{"line":310,"column":5}},"locations":[{"start":{"line":300,"column":46},"end":{"line":310,"column":5}}]},"51":{"type":"branch","line":302,"loc":{"start":{"line":302,"column":34},"end":{"line":302,"column":52}},"locations":[{"start":{"line":302,"column":34},"end":{"line":302,"column":52}}]},"52":{"type":"branch","line":302,"loc":{"start":{"line":302,"column":52},"end":{"line":302,"column":70}},"locations":[{"start":{"line":302,"column":52},"end":{"line":302,"column":70}}]},"53":{"type":"branch","line":306,"loc":{"start":{"line":306,"column":66},"end":{"line":306,"column":75}},"locations":[{"start":{"line":306,"column":66},"end":{"line":306,"column":75}}]},"54":{"type":"branch","line":306,"loc":{"start":{"line":306,"column":75},"end":{"line":306,"column":87}},"locations":[{"start":{"line":306,"column":75},"end":{"line":306,"column":87}}]},"55":{"type":"branch","line":315,"loc":{"start":{"line":315,"column":37},"end":{"line":320,"column":5}},"locations":[{"start":{"line":315,"column":37},"end":{"line":320,"column":5}}]},"56":{"type":"branch","line":325,"loc":{"start":{"line":325,"column":50},"end":{"line":333,"column":2}},"locations":[{"start":{"line":325,"column":50},"end":{"line":333,"column":2}}]},"57":{"type":"branch","line":329,"loc":{"start":{"line":329,"column":11},"end":{"line":329,"column":27}},"locations":[{"start":{"line":329,"column":11},"end":{"line":329,"column":27}}]},"58":{"type":"branch","line":329,"loc":{"start":{"line":329,"column":27},"end":{"line":329,"column":37}},"locations":[{"start":{"line":329,"column":27},"end":{"line":329,"column":37}}]},"59":{"type":"branch","line":329,"loc":{"start":{"line":329,"column":39},"end":{"line":332,"column":3}},"locations":[{"start":{"line":329,"column":39},"end":{"line":332,"column":3}}]},"60":{"type":"branch","line":341,"loc":{"start":{"line":341,"column":25},"end":{"line":349,"column":2}},"locations":[{"start":{"line":341,"column":25},"end":{"line":349,"column":2}}]},"61":{"type":"branch","line":344,"loc":{"start":{"line":344,"column":18},"end":{"line":348,"column":3}},"locations":[{"start":{"line":344,"column":18},"end":{"line":348,"column":3}}]},"62":{"type":"branch","line":352,"loc":{"start":{"line":352,"column":0},"end":{"line":360,"column":1}},"locations":[{"start":{"line":352,"column":0},"end":{"line":360,"column":1}}]},"63":{"type":"branch","line":354,"loc":{"start":{"line":354,"column":13},"end":{"line":359,"column":3}},"locations":[{"start":{"line":354,"column":13},"end":{"line":359,"column":3}}]},"64":{"type":"branch","line":355,"loc":{"start":{"line":355,"column":15},"end":{"line":358,"column":5}},"locations":[{"start":{"line":355,"column":15},"end":{"line":358,"column":5}}]},"65":{"type":"branch","line":357,"loc":{"start":{"line":357,"column":17},"end":{"line":357,"column":62}},"locations":[{"start":{"line":357,"column":17},"end":{"line":357,"column":62}}]},"66":{"type":"branch","line":363,"loc":{"start":{"line":363,"column":46},"end":{"line":385,"column":2}},"locations":[{"start":{"line":363,"column":46},"end":{"line":385,"column":2}}]},"67":{"type":"branch","line":365,"loc":{"start":{"line":365,"column":12},"end":{"line":365,"column":19}},"locations":[{"start":{"line":365,"column":12},"end":{"line":365,"column":19}}]},"68":{"type":"branch","line":365,"loc":{"start":{"line":365,"column":12},"end":{"line":385,"column":2}},"locations":[{"start":{"line":365,"column":12},"end":{"line":385,"column":2}}]},"69":{"type":"branch","line":366,"loc":{"start":{"line":366,"column":32},"end":{"line":384,"column":3}},"locations":[{"start":{"line":366,"column":32},"end":{"line":384,"column":3}}]},"70":{"type":"branch","line":371,"loc":{"start":{"line":371,"column":28},"end":{"line":371,"column":35}},"locations":[{"start":{"line":371,"column":28},"end":{"line":371,"column":35}}]},"71":{"type":"branch","line":376,"loc":{"start":{"line":376,"column":12},"end":{"line":376,"column":39}},"locations":[{"start":{"line":376,"column":12},"end":{"line":376,"column":39}}]},"72":{"type":"branch","line":377,"loc":{"start":{"line":377,"column":12},"end":{"line":383,"column":7}},"locations":[{"start":{"line":377,"column":12},"end":{"line":383,"column":7}}]},"73":{"type":"branch","line":380,"loc":{"start":{"line":380,"column":24},"end":{"line":382,"column":9}},"locations":[{"start":{"line":380,"column":24},"end":{"line":382,"column":9}}]},"74":{"type":"branch","line":395,"loc":{"start":{"line":395,"column":57},"end":{"line":412,"column":2}},"locations":[{"start":{"line":395,"column":57},"end":{"line":412,"column":2}}]},"75":{"type":"branch","line":396,"loc":{"start":{"line":396,"column":47},"end":{"line":396,"column":54}},"locations":[{"start":{"line":396,"column":47},"end":{"line":396,"column":54}}]},"76":{"type":"branch","line":400,"loc":{"start":{"line":400,"column":64},"end":{"line":400,"column":71}},"locations":[{"start":{"line":400,"column":64},"end":{"line":400,"column":71}}]},"77":{"type":"branch","line":403,"loc":{"start":{"line":403,"column":25},"end":{"line":411,"column":3}},"locations":[{"start":{"line":403,"column":25},"end":{"line":411,"column":3}}]},"78":{"type":"branch","line":405,"loc":{"start":{"line":405,"column":26},"end":{"line":410,"column":5}},"locations":[{"start":{"line":405,"column":26},"end":{"line":410,"column":5}}]}},"b":{"0":[84],"1":[57],"2":[36],"3":[27],"4":[19],"5":[8],"6":[15],"7":[9],"8":[6],"9":[9],"10":[9],"11":[0],"12":[2],"13":[4],"14":[15],"15":[7],"16":[6],"17":[69],"18":[53],"19":[17],"20":[3],"21":[29],"22":[58],"23":[40],"24":[32],"25":[58],"26":[32],"27":[40],"28":[32],"29":[3],"30":[338],"31":[19],"32":[19],"33":[19],"34":[3],"35":[0],"36":[11],"37":[11],"38":[11],"39":[0],"40":[11],"41":[5],"42":[5],"43":[5],"44":[9],"45":[5],"46":[5],"47":[0],"48":[4],"49":[5],"50":[16],"51":[8],"52":[8],"53":[8],"54":[8],"55":[11],"56":[206],"57":[14],"58":[14],"59":[14],"60":[4],"61":[2],"62":[109],"63":[52],"64":[6],"65":[6],"66":[15],"67":[6],"68":[9],"69":[3],"70":[0],"71":[3],"72":[3],"73":[1],"74":[15],"75":[0],"76":[0],"77":[15],"78":[15]},"fnMap":{"0":{"name":"requestPushOnce","decl":{"start":{"line":26,"column":0},"end":{"line":33,"column":1}},"loc":{"start":{"line":26,"column":0},"end":{"line":33,"column":1}},"line":26},"1":{"name":"hideMobileSearchModalSafely","decl":{"start":{"line":36,"column":0},"end":{"line":52,"column":1}},"loc":{"start":{"line":36,"column":0},"end":{"line":52,"column":1}},"line":36},"2":{"name":"updateTransform","decl":{"start":{"line":151,"column":2},"end":{"line":153,"column":3}},"loc":{"start":{"line":151,"column":2},"end":{"line":153,"column":3}},"line":151},"3":{"name":"resizeImage","decl":{"start":{"line":223,"column":2},"end":{"line":233,"column":3}},"loc":{"start":{"line":223,"column":2},"end":{"line":233,"column":3}},"line":223},"4":{"name":"tempImage.onload","decl":{"start":{"line":268,"column":27},"end":{"line":283,"column":9}},"loc":{"start":{"line":268,"column":27},"end":{"line":283,"column":9}},"line":268},"5":{"name":"Object.<anonymous>.window.goToRecommended","decl":{"start":{"line":341,"column":25},"end":{"line":349,"column":2}},"loc":{"start":{"line":341,"column":25},"end":{"line":349,"column":2}},"line":341},"6":{"name":"hideScreenCover","decl":{"start":{"line":352,"column":0},"end":{"line":360,"column":1}},"loc":{"start":{"line":352,"column":0},"end":{"line":360,"column":1}},"line":352},"7":{"name":"modal.onclick","decl":{"start":{"line":380,"column":24},"end":{"line":382,"column":9}},"loc":{"start":{"line":380,"column":24},"end":{"line":382,"column":9}},"line":380},"8":{"name":"event.detail.render","decl":{"start":{"line":403,"column":25},"end":{"line":411,"column":3}},"loc":{"start":{"line":403,"column":25},"end":{"line":411,"column":3}},"line":403}},"f":{"0":84,"1":15,"2":11,"3":5,"4":5,"5":4,"6":109,"7":1,"8":15}}
,"/home/morik/emotion_music_box/app/javascript/controllers/add_song_modal_controller.js": {"path":"/home/morik/emotion_music_box/app/javascript/controllers/add_song_modal_controller.js","all":false,"statementMap":{"0":{"start":{"line":1,"column":0},"end":{"line":1,"column":47}},"1":{"start":{"line":2,"column":0},"end":{"line":2,"column":38}},"2":{"start":{"line":3,"column":0},"end":{"line":3,"column":41}},"3":{"start":{"line":4,"column":0},"end":{"line":4,"column":27}},"4":{"start":{"line":5,"column":0},"end":{"line":5,"column":0}},"5":{"start":{"line":6,"column":0},"end":{"line":6,"column":13}},"6":{"start":{"line":7,"column":0},"end":{"line":7,"column":45}},"7":{"start":{"line":8,"column":0},"end":{"line":8,"column":0}},"8":{"start":{"line":9,"column":0},"end":{"line":9,"column":60}},"9":{"start":{"line":10,"column":0},"end":{"line":10,"column":24}},"10":{"start":{"line":11,"column":0},"end":{"line":11,"column":0}},"11":{"start":{"line":12,"column":0},"end":{"line":12,"column":62}},"12":{"start":{"line":13,"column":0},"end":{"line":13,"column":0}},"13":{"start":{"line":14,"column":0},"end":{"line":14,"column":21}},"14":{"start":{"line":15,"column":0},"end":{"line":15,"column":55}},"15":{"start":{"line":16,"column":0},"end":{"line":16,"column":44}},"16":{"start":{"line":17,"column":0},"end":{"line":17,"column":30}},"17":{"start":{"line":18,"column":0},"end":{"line":18,"column":6}},"18":{"start":{"line":19,"column":0},"end":{"line":19,"column":3}},"19":{"start":{"line":20,"column":0},"end":{"line":20,"column":0}},"20":{"start":{"line":21,"column":0},"end":{"line":21,"column":19}},"21":{"start":{"line":22,"column":0},"end":{"line":22,"column":45}},"22":{"start":{"line":23,"column":0},"end":{"line":23,"column":68}},"23":{"start":{"line":24,"column":0},"end":{"line":24,"column":23}},"24":{"start":{"line":25,"column":0},"end":{"line":25,"column":3}},"25":{"start":{"line":26,"column":0},"end":{"line":26,"column":1}}},"s":{"0":1,"1":1,"2":1,"3":1,"4":1,"5":1,"6":3,"7":3,"8":3,"9":3,"10":2,"11":2,"12":2,"13":2,"14":2,"15":1,"16":1,"17":2,"18":2,"19":1,"20":1,"21":1,"22":1,"23":1,"24":1,"25":1},"branchMap":{"0":{"type":"branch","line":4,"loc":{"start":{"line":4,"column":2},"end":{"line":4,"column":27}},"locations":[{"start":{"line":4,"column":2},"end":{"line":4,"column":27}}]},"1":{"type":"branch","line":6,"loc":{"start":{"line":6,"column":2},"end":{"line":19,"column":3}},"locations":[{"start":{"line":6,"column":2},"end":{"line":19,"column":3}}]},"2":{"type":"branch","line":10,"loc":{"start":{"line":10,"column":18},"end":{"line":10,"column":24}},"locations":[{"start":{"line":10,"column":18},"end":{"line":10,"column":24}}]},"3":{"type":"branch","line":10,"loc":{"start":{"line":10,"column":18},"end":{"line":19,"column":3}},"locations":[{"start":{"line":10,"column":18},"end":{"line":19,"column":3}}]},"4":{"type":"branch","line":15,"loc":{"start":{"line":15,"column":48},"end":{"line":18,"column":5}},"locations":[{"start":{"line":15,"column":48},"end":{"line":18,"column":5}}]},"5":{"type":"branch","line":21,"loc":{"start":{"line":21,"column":2},"end":{"line":25,"column":3}},"locations":[{"start":{"line":21,"column":2},"end":{"line":25,"column":3}}]}},"b":{"0":[40],"1":[3],"2":[1],"3":[2],"4":[1],"5":[1]},"fnMap":{"0":{"name":"<static_initializer>","decl":{"start":{"line":4,"column":2},"end":{"line":4,"column":27}},"loc":{"start":{"line":4,"column":2},"end":{"line":4,"column":27}},"line":4},"1":{"name":"connect","decl":{"start":{"line":6,"column":2},"end":{"line":19,"column":3}},"loc":{"start":{"line":6,"column":2},"end":{"line":19,"column":3}},"line":6},"2":{"name":"hideItem","decl":{"start":{"line":21,"column":2},"end":{"line":25,"column":3}},"loc":{"start":{"line":21,"column":2},"end":{"line":25,"column":3}},"line":21}},"f":{"0":40,"1":3,"2":1}}
,"/home/morik/emotion_music_box/app/javascript/controllers/application.js": {"path":"/home/morik/emotion_music_box/app/javascript/controllers/application.js","all":false,"statementMap":{"0":{"start":{"line":1,"column":0},"end":{"line":1,"column":48}},"1":{"start":{"line":2,"column":0},"end":{"line":2,"column":0}},"2":{"start":{"line":3,"column":0},"end":{"line":3,"column":39}},"3":{"start":{"line":4,"column":0},"end":{"line":4,"column":0}},"4":{"start":{"line":5,"column":0},"end":{"line":5,"column":44}},"5":{"start":{"line":6,"column":0},"end":{"line":6,"column":25}},"6":{"start":{"line":7,"column":0},"end":{"line":7,"column":31}},"7":{"start":{"line":8,"column":0},"end":{"line":8,"column":0}},"8":{"start":{"line":9,"column":0},"end":{"line":9,"column":22}}},"s":{"0":1,"1":1,"2":1,"3":1,"4":1,"5":1,"6":1,"7":1,"8":1},"branchMap":{},"b":{},"fnMap":{},"f":{}}
,"/home/morik/emotion_music_box/app/javascript/controllers/bookmark_controller.js": {"path":"/home/morik/emotion_music_box/app/javascript/controllers/bookmark_controller.js","all":false,"statementMap":{"0":{"start":{"line":1,"column":0},"end":{"line":1,"column":52}},"1":{"start":{"line":2,"column":0},"end":{"line":2,"column":47}},"2":{"start":{"line":3,"column":0},"end":{"line":3,"column":0}},"3":{"start":{"line":4,"column":0},"end":{"line":4,"column":41}},"4":{"start":{"line":5,"column":0},"end":{"line":5,"column":65}},"5":{"start":{"line":6,"column":0},"end":{"line":6,"column":0}},"6":{"start":{"line":7,"column":0},"end":{"line":7,"column":13}},"7":{"start":{"line":8,"column":0},"end":{"line":8,"column":45}},"8":{"start":{"line":9,"column":0},"end":{"line":9,"column":9}},"9":{"start":{"line":10,"column":0},"end":{"line":10,"column":88}},"10":{"start":{"line":11,"column":0},"end":{"line":11,"column":17}},"11":{"start":{"line":12,"column":0},"end":{"line":12,"column":31}},"12":{"start":{"line":13,"column":0},"end":{"line":13,"column":5}},"13":{"start":{"line":14,"column":0},"end":{"line":14,"column":0}},"14":{"start":{"line":15,"column":0},"end":{"line":15,"column":24}},"15":{"start":{"line":16,"column":0},"end":{"line":16,"column":32}},"16":{"start":{"line":17,"column":0},"end":{"line":17,"column":0}},"17":{"start":{"line":18,"column":0},"end":{"line":18,"column":31}},"18":{"start":{"line":19,"column":0},"end":{"line":19,"column":29}},"19":{"start":{"line":20,"column":0},"end":{"line":20,"column":60}},"20":{"start":{"line":21,"column":0},"end":{"line":21,"column":28}},"21":{"start":{"line":22,"column":0},"end":{"line":22,"column":36}},"22":{"start":{"line":23,"column":0},"end":{"line":23,"column":7}},"23":{"start":{"line":24,"column":0},"end":{"line":24,"column":5}},"24":{"start":{"line":25,"column":0},"end":{"line":25,"column":67}},"25":{"start":{"line":26,"column":0},"end":{"line":26,"column":0}},"26":{"start":{"line":27,"column":0},"end":{"line":27,"column":28}},"27":{"start":{"line":28,"column":0},"end":{"line":28,"column":24}},"28":{"start":{"line":29,"column":0},"end":{"line":29,"column":49}},"29":{"start":{"line":30,"column":0},"end":{"line":30,"column":32}},"30":{"start":{"line":31,"column":0},"end":{"line":31,"column":42}},"31":{"start":{"line":32,"column":0},"end":{"line":32,"column":35}},"32":{"start":{"line":33,"column":0},"end":{"line":33,"column":20}},"33":{"start":{"line":34,"column":0},"end":{"line":34,"column":34}},"34":{"start":{"line":35,"column":0},"end":{"line":35,"column":5}},"35":{"start":{"line":36,"column":0},"end":{"line":36,"column":54}},"36":{"start":{"line":37,"column":0},"end":{"line":37,"column":3}},"37":{"start":{"line":38,"column":0},"end":{"line":38,"column":0}},"38":{"start":{"line":39,"column":0},"end":{"line":39,"column":16}},"39":{"start":{"line":40,"column":0},"end":{"line":40,"column":70}},"40":{"start":{"line":41,"column":0},"end":{"line":41,"column":57}},"41":{"start":{"line":42,"column":0},"end":{"line":42,"column":3}},"42":{"start":{"line":43,"column":0},"end":{"line":43,"column":0}},"43":{"start":{"line":44,"column":0},"end":{"line":44,"column":27}},"44":{"start":{"line":45,"column":0},"end":{"line":45,"column":27}},"45":{"start":{"line":46,"column":0},"end":{"line":46,"column":24}},"46":{"start":{"line":47,"column":0},"end":{"line":47,"column":0}},"47":{"start":{"line":48,"column":0},"end":{"line":48,"column":29}},"48":{"start":{"line":49,"column":0},"end":{"line":49,"column":76}},"49":{"start":{"line":50,"column":0},"end":{"line":50,"column":50}},"50":{"start":{"line":51,"column":0},"end":{"line":51,"column":5}},"51":{"start":{"line":52,"column":0},"end":{"line":52,"column":24}},"52":{"start":{"line":53,"column":0},"end":{"line":53,"column":22}},"53":{"start":{"line":54,"column":0},"end":{"line":54,"column":84}},"54":{"start":{"line":55,"column":0},"end":{"line":55,"column":76}},"55":{"start":{"line":56,"column":0},"end":{"line":56,"column":0}},"56":{"start":{"line":57,"column":0},"end":{"line":57,"column":23}},"57":{"start":{"line":58,"column":0},"end":{"line":58,"column":28}},"58":{"start":{"line":59,"column":0},"end":{"line":59,"column":29}},"59":{"start":{"line":60,"column":0},"end":{"line":60,"column":0}},"60":{"start":{"line":61,"column":0},"end":{"line":61,"column":76}},"61":{"start":{"line":62,"column":0},"end":{"line":62,"column":64}},"62":{"start":{"line":63,"column":0},"end":{"line":63,"column":17}},"63":{"start":{"line":64,"column":0},"end":{"line":64,"column":60}},"64":{"start":{"line":65,"column":0},"end":{"line":65,"column":53}},"65":{"start":{"line":66,"column":0},"end":{"line":66,"column":9}},"66":{"start":{"line":67,"column":0},"end":{"line":67,"column":7}},"67":{"start":{"line":68,"column":0},"end":{"line":68,"column":59}},"68":{"start":{"line":69,"column":0},"end":{"line":69,"column":43}},"69":{"start":{"line":70,"column":0},"end":{"line":70,"column":0}},"70":{"start":{"line":71,"column":0},"end":{"line":71,"column":34}},"71":{"start":{"line":72,"column":0},"end":{"line":72,"column":36}},"72":{"start":{"line":73,"column":0},"end":{"line":73,"column":0}},"73":{"start":{"line":74,"column":0},"end":{"line":74,"column":63}},"74":{"start":{"line":75,"column":0},"end":{"line":75,"column":58}},"75":{"start":{"line":76,"column":0},"end":{"line":76,"column":94}},"76":{"start":{"line":77,"column":0},"end":{"line":77,"column":48}},"77":{"start":{"line":78,"column":0},"end":{"line":78,"column":12}},"78":{"start":{"line":79,"column":0},"end":{"line":79,"column":5}},"79":{"start":{"line":80,"column":0},"end":{"line":80,"column":0}},"80":{"start":{"line":81,"column":0},"end":{"line":81,"column":75}},"81":{"start":{"line":82,"column":0},"end":{"line":82,"column":60}},"82":{"start":{"line":83,"column":0},"end":{"line":83,"column":115}},"83":{"start":{"line":84,"column":0},"end":{"line":84,"column":68}},"84":{"start":{"line":85,"column":0},"end":{"line":85,"column":120}},"85":{"start":{"line":86,"column":0},"end":{"line":86,"column":3}},"86":{"start":{"line":87,"column":0},"end":{"line":87,"column":0}},"87":{"start":{"line":88,"column":0},"end":{"line":88,"column":38}},"88":{"start":{"line":89,"column":0},"end":{"line":89,"column":36}},"89":{"start":{"line":90,"column":0},"end":{"line":90,"column":28}},"90":{"start":{"line":91,"column":0},"end":{"line":91,"column":20}},"91":{"start":{"line":92,"column":0},"end":{"line":92,"column":25}},"92":{"start":{"line":93,"column":0},"end":{"line":93,"column":26}},"93":{"start":{"line":94,"column":0},"end":{"line":94,"column":21}},"94":{"start":{"line":95,"column":0},"end":{"line":95,"column":0}},"95":{"start":{"line":96,"column":0},"end":{"line":96,"column":16}},"96":{"start":{"line":97,"column":0},"end":{"line":97,"column":9}},"97":{"start":{"line":98,"column":0},"end":{"line":98,"column":69}},"98":{"start":{"line":99,"column":0},"end":{"line":99,"column":17}},"99":{"start":{"line":100,"column":0},"end":{"line":100,"column":51}},"100":{"start":{"line":101,"column":0},"end":{"line":101,"column":5}},"101":{"start":{"line":102,"column":0},"end":{"line":102,"column":0}},"102":{"start":{"line":103,"column":0},"end":{"line":103,"column":36}},"103":{"start":{"line":104,"column":0},"end":{"line":104,"column":19}},"104":{"start":{"line":105,"column":0},"end":{"line":105,"column":61}},"105":{"start":{"line":106,"column":0},"end":{"line":106,"column":77}},"106":{"start":{"line":107,"column":0},"end":{"line":107,"column":0}},"107":{"start":{"line":108,"column":0},"end":{"line":108,"column":21}},"108":{"start":{"line":109,"column":0},"end":{"line":109,"column":49}},"109":{"start":{"line":110,"column":0},"end":{"line":110,"column":31}},"110":{"start":{"line":111,"column":0},"end":{"line":111,"column":41}},"111":{"start":{"line":112,"column":0},"end":{"line":112,"column":33}},"112":{"start":{"line":113,"column":0},"end":{"line":113,"column":5}},"113":{"start":{"line":114,"column":0},"end":{"line":114,"column":35}},"114":{"start":{"line":115,"column":0},"end":{"line":115,"column":0}},"115":{"start":{"line":116,"column":0},"end":{"line":116,"column":27}},"116":{"start":{"line":117,"column":0},"end":{"line":117,"column":83}},"117":{"start":{"line":118,"column":0},"end":{"line":118,"column":23}},"118":{"start":{"line":119,"column":0},"end":{"line":119,"column":47}},"119":{"start":{"line":120,"column":0},"end":{"line":120,"column":24}},"120":{"start":{"line":121,"column":0},"end":{"line":121,"column":33}},"121":{"start":{"line":122,"column":0},"end":{"line":122,"column":18}},"122":{"start":{"line":123,"column":0},"end":{"line":123,"column":25}},"123":{"start":{"line":124,"column":0},"end":{"line":124,"column":6}},"124":{"start":{"line":125,"column":0},"end":{"line":125,"column":3}},"125":{"start":{"line":126,"column":0},"end":{"line":126,"column":0}},"126":{"start":{"line":127,"column":0},"end":{"line":127,"column":21}},"127":{"start":{"line":128,"column":0},"end":{"line":128,"column":35}},"128":{"start":{"line":129,"column":0},"end":{"line":129,"column":61}},"129":{"start":{"line":130,"column":0},"end":{"line":130,"column":28}},"130":{"start":{"line":131,"column":0},"end":{"line":131,"column":92}},"131":{"start":{"line":132,"column":0},"end":{"line":132,"column":32}},"132":{"start":{"line":133,"column":0},"end":{"line":133,"column":3}},"133":{"start":{"line":134,"column":0},"end":{"line":134,"column":0}},"134":{"start":{"line":135,"column":0},"end":{"line":135,"column":17}},"135":{"start":{"line":136,"column":0},"end":{"line":136,"column":19}},"136":{"start":{"line":137,"column":0},"end":{"line":137,"column":64}},"137":{"start":{"line":138,"column":0},"end":{"line":138,"column":54}},"138":{"start":{"line":139,"column":0},"end":{"line":139,"column":6}},"139":{"start":{"line":140,"column":0},"end":{"line":140,"column":3}},"140":{"start":{"line":141,"column":0},"end":{"line":141,"column":0}},"141":{"start":{"line":142,"column":0},"end":{"line":142,"column":27}},"142":{"start":{"line":143,"column":0},"end":{"line":143,"column":16}},"143":{"start":{"line":144,"column":0},"end":{"line":144,"column":9}},"144":{"start":{"line":145,"column":0},"end":{"line":145,"column":69}},"145":{"start":{"line":146,"column":0},"end":{"line":146,"column":17}},"146":{"start":{"line":147,"column":0},"end":{"line":147,"column":51}},"147":{"start":{"line":148,"column":0},"end":{"line":148,"column":5}},"148":{"start":{"line":149,"column":0},"end":{"line":149,"column":42}},"149":{"start":{"line":150,"column":0},"end":{"line":150,"column":56}},"150":{"start":{"line":151,"column":0},"end":{"line":151,"column":5}},"151":{"start":{"line":152,"column":0},"end":{"line":152,"column":3}},"152":{"start":{"line":153,"column":0},"end":{"line":153,"column":0}},"153":{"start":{"line":154,"column":0},"end":{"line":154,"column":13}},"154":{"start":{"line":155,"column":0},"end":{"line":155,"column":77}},"155":{"start":{"line":156,"column":0},"end":{"line":156,"column":3}},"156":{"start":{"line":157,"column":0},"end":{"line":157,"column":1}}},"s":{"0":1,"1":1,"2":1,"3":1,"4":1,"5":1,"6":1,"7":16,"8":16,"9":16,"10":16,"11":1,"12":1,"13":16,"14":16,"15":16,"16":16,"17":16,"18":1,"19":1,"20":1,"21":1,"22":1,"23":1,"24":16,"25":16,"26":16,"27":3,"28":3,"29":2,"30":3,"31":1,"32":2,"33":2,"34":2,"35":16,"36":16,"37":1,"38":1,"39":15,"40":15,"41":15,"42":1,"43":1,"44":7,"45":7,"46":7,"47":7,"48":7,"49":7,"50":7,"51":7,"52":7,"53":7,"54":4,"55":7,"56":7,"57":3,"58":3,"59":3,"60":3,"61":3,"62":3,"63":3,"64":6,"65":6,"66":3,"67":3,"68":1,"69":3,"70":3,"71":3,"72":3,"73":3,"74":3,"75":2,"76":1,"77":3,"78":3,"79":4,"80":4,"81":4,"82":4,"83":7,"84":7,"85":7,"86":1,"87":1,"88":1,"89":1,"90":1,"91":1,"92":2,"93":2,"94":1,"95":1,"96":1,"97":2,"98":2,"99":0,"100":0,"101":1,"102":1,"103":1,"104":1,"105":1,"106":2,"107":2,"108":1,"109":1,"110":1,"111":1,"112":1,"113":1,"114":1,"115":1,"116":1,"117":1,"118":3,"119":3,"120":3,"121":3,"122":3,"123":1,"124":1,"125":1,"126":1,"127":2,"128":1,"129":1,"130":2,"131":2,"132":2,"133":1,"134":1,"135":1,"136":17,"137":15,"138":17,"139":17,"140":1,"141":1,"142":20,"143":20,"144":20,"145":20,"146":1,"147":1,"148":20,"149":11,"150":11,"151":20,"152":1,"153":1,"154":2,"155":2,"156":1},"branchMap":{"0":{"type":"branch","line":5,"loc":{"start":{"line":5,"column":2},"end":{"line":5,"column":65}},"locations":[{"start":{"line":5,"column":2},"end":{"line":5,"column":65}}]},"1":{"type":"branch","line":7,"loc":{"start":{"line":7,"column":2},"end":{"line":37,"column":3}},"locations":[{"start":{"line":7,"column":2},"end":{"line":37,"column":3}}]},"2":{"type":"branch","line":10,"loc":{"start":{"line":10,"column":78},"end":{"line":10,"column":86}},"locations":[{"start":{"line":10,"column":78},"end":{"line":10,"column":86}}]},"3":{"type":"branch","line":11,"loc":{"start":{"line":11,"column":6},"end":{"line":13,"column":5}},"locations":[{"start":{"line":11,"column":6},"end":{"line":13,"column":5}}]},"4":{"type":"branch","line":18,"loc":{"start":{"line":18,"column":24},"end":{"line":24,"column":5}},"locations":[{"start":{"line":18,"column":24},"end":{"line":24,"column":5}}]},"5":{"type":"branch","line":20,"loc":{"start":{"line":20,"column":28},"end":{"line":20,"column":57}},"locations":[{"start":{"line":20,"column":28},"end":{"line":20,"column":57}}]},"6":{"type":"branch","line":27,"loc":{"start":{"line":27,"column":21},"end":{"line":35,"column":5}},"locations":[{"start":{"line":27,"column":21},"end":{"line":35,"column":5}}]},"7":{"type":"branch","line":29,"loc":{"start":{"line":29,"column":43},"end":{"line":29,"column":49}},"locations":[{"start":{"line":29,"column":43},"end":{"line":29,"column":49}}]},"8":{"type":"branch","line":29,"loc":{"start":{"line":29,"column":43},"end":{"line":31,"column":21}},"locations":[{"start":{"line":29,"column":43},"end":{"line":31,"column":21}}]},"9":{"type":"branch","line":31,"loc":{"start":{"line":31,"column":21},"end":{"line":32,"column":35}},"locations":[{"start":{"line":31,"column":21},"end":{"line":32,"column":35}}]},"10":{"type":"branch","line":33,"loc":{"start":{"line":33,"column":-1},"end":{"line":35,"column":5}},"locations":[{"start":{"line":33,"column":-1},"end":{"line":35,"column":5}}]},"11":{"type":"branch","line":39,"loc":{"start":{"line":39,"column":2},"end":{"line":42,"column":3}},"locations":[{"start":{"line":39,"column":2},"end":{"line":42,"column":3}}]},"12":{"type":"branch","line":44,"loc":{"start":{"line":44,"column":2},"end":{"line":86,"column":3}},"locations":[{"start":{"line":44,"column":2},"end":{"line":86,"column":3}}]},"13":{"type":"branch","line":49,"loc":{"start":{"line":49,"column":49},"end":{"line":49,"column":59}},"locations":[{"start":{"line":49,"column":49},"end":{"line":49,"column":59}}]},"14":{"type":"branch","line":54,"loc":{"start":{"line":54,"column":81},"end":{"line":55,"column":76}},"locations":[{"start":{"line":54,"column":81},"end":{"line":55,"column":76}}]},"15":{"type":"branch","line":57,"loc":{"start":{"line":57,"column":22},"end":{"line":79,"column":5}},"locations":[{"start":{"line":57,"column":22},"end":{"line":79,"column":5}}]},"16":{"type":"branch","line":64,"loc":{"start":{"line":64,"column":59},"end":{"line":66,"column":9}},"locations":[{"start":{"line":64,"column":59},"end":{"line":66,"column":9}}]},"17":{"type":"branch","line":68,"loc":{"start":{"line":68,"column":22},"end":{"line":68,"column":59}},"locations":[{"start":{"line":68,"column":22},"end":{"line":68,"column":59}}]},"18":{"type":"branch","line":69,"loc":{"start":{"line":69,"column":-1},"end":{"line":69,"column":43}},"locations":[{"start":{"line":69,"column":-1},"end":{"line":69,"column":43}}]},"19":{"type":"branch","line":75,"loc":{"start":{"line":75,"column":17},"end":{"line":75,"column":58}},"locations":[{"start":{"line":75,"column":17},"end":{"line":75,"column":58}}]},"20":{"type":"branch","line":76,"loc":{"start":{"line":76,"column":-1},"end":{"line":77,"column":48}},"locations":[{"start":{"line":76,"column":-1},"end":{"line":77,"column":48}}]},"21":{"type":"branch","line":76,"loc":{"start":{"line":76,"column":27},"end":{"line":76,"column":34}},"locations":[{"start":{"line":76,"column":27},"end":{"line":76,"column":34}}]},"22":{"type":"branch","line":76,"loc":{"start":{"line":76,"column":36},"end":{"line":77,"column":48}},"locations":[{"start":{"line":76,"column":36},"end":{"line":77,"column":48}}]},"23":{"type":"branch","line":79,"loc":{"start":{"line":79,"column":4},"end":{"line":84,"column":20}},"locations":[{"start":{"line":79,"column":4},"end":{"line":84,"column":20}}]},"24":{"type":"branch","line":84,"loc":{"start":{"line":84,"column":20},"end":{"line":84,"column":68}},"locations":[{"start":{"line":84,"column":20},"end":{"line":84,"column":68}}]},"25":{"type":"branch","line":85,"loc":{"start":{"line":85,"column":-1},"end":{"line":85,"column":16}},"locations":[{"start":{"line":85,"column":-1},"end":{"line":85,"column":16}}]},"26":{"type":"branch","line":85,"loc":{"start":{"line":85,"column":16},"end":{"line":85,"column":23}},"locations":[{"start":{"line":85,"column":16},"end":{"line":85,"column":23}}]},"27":{"type":"branch","line":85,"loc":{"start":{"line":85,"column":23},"end":{"line":85,"column":77}},"locations":[{"start":{"line":85,"column":23},"end":{"line":85,"column":77}}]},"28":{"type":"branch","line":85,"loc":{"start":{"line":85,"column":77},"end":{"line":85,"column":120}},"locations":[{"start":{"line":85,"column":77},"end":{"line":85,"column":120}}]},"29":{"type":"branch","line":83,"loc":{"start":{"line":83,"column":49},"end":{"line":83,"column":114}},"locations":[{"start":{"line":83,"column":49},"end":{"line":83,"column":114}}]},"30":{"type":"branch","line":92,"loc":{"start":{"line":92,"column":2},"end":{"line":125,"column":3}},"locations":[{"start":{"line":92,"column":2},"end":{"line":125,"column":3}}]},"31":{"type":"branch","line":93,"loc":{"start":{"line":93,"column":18},"end":{"line":93,"column":26}},"locations":[{"start":{"line":93,"column":18},"end":{"line":93,"column":26}}]},"32":{"type":"branch","line":94,"loc":{"start":{"line":94,"column":15},"end":{"line":98,"column":64}},"locations":[{"start":{"line":94,"column":15},"end":{"line":98,"column":64}}]},"33":{"type":"branch","line":98,"loc":{"start":{"line":98,"column":60},"end":{"line":98,"column":68}},"locations":[{"start":{"line":98,"column":60},"end":{"line":98,"column":68}}]},"34":{"type":"branch","line":99,"loc":{"start":{"line":99,"column":6},"end":{"line":101,"column":5}},"locations":[{"start":{"line":99,"column":6},"end":{"line":101,"column":5}}]},"35":{"type":"branch","line":101,"loc":{"start":{"line":101,"column":4},"end":{"line":106,"column":77}},"locations":[{"start":{"line":101,"column":4},"end":{"line":106,"column":77}}]},"36":{"type":"branch","line":106,"loc":{"start":{"line":106,"column":38},"end":{"line":106,"column":69}},"locations":[{"start":{"line":106,"column":38},"end":{"line":106,"column":69}}]},"37":{"type":"branch","line":108,"loc":{"start":{"line":108,"column":20},"end":{"line":125,"column":3}},"locations":[{"start":{"line":108,"column":20},"end":{"line":125,"column":3}}]},"38":{"type":"branch","line":118,"loc":{"start":{"line":118,"column":16},"end":{"line":124,"column":5}},"locations":[{"start":{"line":118,"column":16},"end":{"line":124,"column":5}}]},"39":{"type":"branch","line":127,"loc":{"start":{"line":127,"column":2},"end":{"line":133,"column":3}},"locations":[{"start":{"line":127,"column":2},"end":{"line":133,"column":3}}]},"40":{"type":"branch","line":128,"loc":{"start":{"line":128,"column":29},"end":{"line":130,"column":28}},"locations":[{"start":{"line":128,"column":29},"end":{"line":130,"column":28}}]},"41":{"type":"branch","line":131,"loc":{"start":{"line":131,"column":65},"end":{"line":131,"column":91}},"locations":[{"start":{"line":131,"column":65},"end":{"line":131,"column":91}}]},"42":{"type":"branch","line":136,"loc":{"start":{"line":136,"column":2},"end":{"line":140,"column":3}},"locations":[{"start":{"line":136,"column":2},"end":{"line":140,"column":3}}]},"43":{"type":"branch","line":137,"loc":{"start":{"line":137,"column":57},"end":{"line":139,"column":5}},"locations":[{"start":{"line":137,"column":57},"end":{"line":139,"column":5}}]},"44":{"type":"branch","line":142,"loc":{"start":{"line":142,"column":2},"end":{"line":152,"column":3}},"locations":[{"start":{"line":142,"column":2},"end":{"line":152,"column":3}}]},"45":{"type":"branch","line":145,"loc":{"start":{"line":145,"column":60},"end":{"line":145,"column":68}},"locations":[{"start":{"line":145,"column":60},"end":{"line":145,"column":68}}]},"46":{"type":"branch","line":146,"loc":{"start":{"line":146,"column":6},"end":{"line":148,"column":5}},"locations":[{"start":{"line":146,"column":6},"end":{"line":148,"column":5}}]},"47":{"type":"branch","line":147,"loc":{"start":{"line":147,"column":46},"end":{"line":147,"column":51}},"locations":[{"start":{"line":147,"column":46},"end":{"line":147,"column":51}}]},"48":{"type":"branch","line":149,"loc":{"start":{"line":149,"column":41},"end":{"line":151,"column":5}},"locations":[{"start":{"line":149,"column":41},"end":{"line":151,"column":5}}]},"49":{"type":"branch","line":154,"loc":{"start":{"line":154,"column":2},"end":{"line":156,"column":3}},"locations":[{"start":{"line":154,"column":2},"end":{"line":156,"column":3}}]}},"b":{"0":[39],"1":[16],"2":[0],"3":[1],"4":[1],"5":[0],"6":[3],"7":[1],"8":[2],"9":[1],"10":[2],"11":[15],"12":[7],"13":[1],"14":[4],"15":[3],"16":[6],"17":[2],"18":[1],"19":[1],"20":[2],"21":[1],"22":[1],"23":[4],"24":[2],"25":[4],"26":[2],"27":[2],"28":[2],"29":[16],"30":[2],"31":[1],"32":[1],"33":[0],"34":[0],"35":[1],"36":[0],"37":[1],"38":[3],"39":[2],"40":[1],"41":[2],"42":[17],"43":[15],"44":[20],"45":[0],"46":[1],"47":[0],"48":[11],"49":[2]},"fnMap":{"0":{"name":"<static_initializer>","decl":{"start":{"line":5,"column":2},"end":{"line":5,"column":65}},"loc":{"start":{"line":5,"column":2},"end":{"line":5,"column":65}},"line":5},"1":{"name":"connect","decl":{"start":{"line":7,"column":2},"end":{"line":37,"column":3}},"loc":{"start":{"line":7,"column":2},"end":{"line":37,"column":3}},"line":7},"2":{"name":"onFrameLoad","decl":{"start":{"line":18,"column":24},"end":{"line":24,"column":5}},"loc":{"start":{"line":18,"column":24},"end":{"line":24,"column":5}},"line":18},"3":{"name":"onChange","decl":{"start":{"line":27,"column":21},"end":{"line":35,"column":5}},"loc":{"start":{"line":27,"column":21},"end":{"line":35,"column":5}},"line":27},"4":{"name":"disconnect","decl":{"start":{"line":39,"column":2},"end":{"line":42,"column":3}},"loc":{"start":{"line":39,"column":2},"end":{"line":42,"column":3}},"line":39},"5":{"name":"toggleMyPageLogs","decl":{"start":{"line":44,"column":2},"end":{"line":86,"column":3}},"loc":{"start":{"line":44,"column":2},"end":{"line":86,"column":3}},"line":44},"6":{"name":"submitPlaylistForm","decl":{"start":{"line":92,"column":2},"end":{"line":125,"column":3}},"loc":{"start":{"line":92,"column":2},"end":{"line":125,"column":3}},"line":92},"7":{"name":"clearSelection","decl":{"start":{"line":127,"column":2},"end":{"line":133,"column":3}},"loc":{"start":{"line":127,"column":2},"end":{"line":133,"column":3}},"line":127},"8":{"name":"restoreChecks","decl":{"start":{"line":136,"column":2},"end":{"line":140,"column":3}},"loc":{"start":{"line":136,"column":2},"end":{"line":140,"column":3}},"line":136},"9":{"name":"fillHiddenFromStorage","decl":{"start":{"line":142,"column":2},"end":{"line":152,"column":3}},"loc":{"start":{"line":142,"column":2},"end":{"line":152,"column":3}},"line":142},"10":{"name":"persist","decl":{"start":{"line":154,"column":2},"end":{"line":156,"column":3}},"loc":{"start":{"line":154,"column":2},"end":{"line":156,"column":3}},"line":154}},"f":{"0":39,"1":16,"2":1,"3":3,"4":15,"5":7,"6":2,"7":2,"8":17,"9":20,"10":2}}
,"/home/morik/emotion_music_box/app/javascript/controllers/bookmark_toggle_controller.js": {"path":"/home/morik/emotion_music_box/app/javascript/controllers/bookmark_toggle_controller.js","all":false,"statementMap":{"0":{"start":{"line":1,"column":0},"end":{"line":1,"column":47}},"1":{"start":{"line":2,"column":0},"end":{"line":2,"column":0}},"2":{"start":{"line":3,"column":0},"end":{"line":3,"column":41}},"3":{"start":{"line":4,"column":0},"end":{"line":4,"column":36}},"4":{"start":{"line":5,"column":0},"end":{"line":5,"column":0}},"5":{"start":{"line":6,"column":0},"end":{"line":6,"column":13}},"6":{"start":{"line":7,"column":0},"end":{"line":7,"column":48}},"7":{"start":{"line":8,"column":0},"end":{"line":8,"column":61}},"8":{"start":{"line":9,"column":0},"end":{"line":9,"column":66}},"9":{"start":{"line":10,"column":0},"end":{"line":10,"column":7}},"10":{"start":{"line":11,"column":0},"end":{"line":11,"column":3}},"11":{"start":{"line":12,"column":0},"end":{"line":12,"column":0}},"12":{"start":{"line":13,"column":0},"end":{"line":13,"column":17}},"13":{"start":{"line":14,"column":0},"end":{"line":14,"column":36}},"14":{"start":{"line":15,"column":0},"end":{"line":15,"column":0}},"15":{"start":{"line":16,"column":0},"end":{"line":16,"column":34}},"16":{"start":{"line":17,"column":0},"end":{"line":17,"column":68}},"17":{"start":{"line":18,"column":0},"end":{"line":18,"column":77}},"18":{"start":{"line":19,"column":0},"end":{"line":19,"column":0}},"19":{"start":{"line":20,"column":0},"end":{"line":20,"column":22}},"20":{"start":{"line":21,"column":0},"end":{"line":21,"column":35}},"21":{"start":{"line":22,"column":0},"end":{"line":22,"column":47}},"22":{"start":{"line":23,"column":0},"end":{"line":23,"column":46}},"23":{"start":{"line":24,"column":0},"end":{"line":24,"column":48}},"24":{"start":{"line":25,"column":0},"end":{"line":25,"column":0}},"25":{"start":{"line":26,"column":0},"end":{"line":26,"column":16}},"26":{"start":{"line":27,"column":0},"end":{"line":27,"column":52}},"27":{"start":{"line":28,"column":0},"end":{"line":28,"column":37}},"28":{"start":{"line":29,"column":0},"end":{"line":29,"column":0}},"29":{"start":{"line":30,"column":0},"end":{"line":30,"column":22}},"30":{"start":{"line":31,"column":0},
[...]
0},"end":{"line":82,"column":1}}]},"17":{"type":"branch","line":84,"loc":{"start":{"line":84,"column":0},"end":{"line":89,"column":1}},"locations":[{"start":{"line":84,"column":0},"end":{"line":89,"column":1}}]},"18":{"type":"branch","line":85,"loc":{"start":{"line":85,"column":60},"end":{"line":88,"column":3}},"locations":[{"start":{"line":85,"column":60},"end":{"line":88,"column":3}}]},"19":{"type":"branch","line":94,"loc":{"start":{"line":94,"column":0},"end":{"line":101,"column":1}},"locations":[{"start":{"line":94,"column":0},"end":{"line":101,"column":1}}]}},"b":{"0":[2],"1":[1],"2":[4],"3":[96],"4":[6],"5":[1],"6":[96],"7":[3],"8":[2],"9":[1],"10":[96],"11":[3],"12":[2],"13":[1],"14":[96],"15":[3],"16":[1],"17":[96],"18":[2],"19":[96]},"fnMap":{"0":{"name":"Object.<anonymous>.window.goToRecommended","decl":{"start":{"line":4,"column":25},"end":{"line":12,"column":2}},"loc":{"start":{"line":4,"column":25},"end":{"line":12,"column":2}},"line":4},"1":{"name":"goToRecommended","decl":{"start":{"line":14,"column":0},"end":{"line":17,"column":1}},"loc":{"start":{"line":14,"column":0},"end":{"line":17,"column":1}},"line":14},"2":{"name":"setupRecommendedBtn","decl":{"start":{"line":19,"column":0},"end":{"line":24,"column":1}},"loc":{"start":{"line":19,"column":0},"end":{"line":24,"column":1}},"line":19},"3":{"name":"Object.<anonymous>.window.closeWindow","decl":{"start":{"line":29,"column":21},"end":{"line":31,"column":2}},"loc":{"start":{"line":29,"column":21},"end":{"line":31,"column":2}},"line":29},"4":{"name":"closeWindowHandler","decl":{"start":{"line":33,"column":0},"end":{"line":36,"column":1}},"loc":{"start":{"line":33,"column":0},"end":{"line":36,"column":1}},"line":33},"5":{"name":"setupCloseWindowBtn","decl":{"start":{"line":38,"column":0},"end":{"line":43,"column":1}},"loc":{"start":{"line":38,"column":0},"end":{"line":43,"column":1}},"line":38},"6":{"name":"confirmPlaylistDelete","decl":{"start":{"line":48,"column":0},"end":{"line":52,"column":1}},"loc":{"start":{"line":48,"column":0},"end":{"line":52,"column":1}},"line":48},"7":{"name":"setupPlaylistDeleteBtns","decl":{"start":{"line":54,"column":0},"end":{"line":59,"column":1}},"loc":{"start":{"line":54,"column":0},"end":{"line":59,"column":1}},"line":54},"8":{"name":"confirmAccountDelete","decl":{"start":{"line":64,"column":0},"end":{"line":68,"column":1}},"loc":{"start":{"line":64,"column":0},"end":{"line":68,"column":1}},"line":64},"9":{"name":"setupAccountDeleteBtn","decl":{"start":{"line":70,"column":0},"end":{"line":75,"column":1}},"loc":{"start":{"line":70,"column":0},"end":{"line":75,"column":1}},"line":70},"10":{"name":"handleAutoSubmitEmotion","decl":{"start":{"line":80,"column":0},"end":{"line":82,"column":1}},"loc":{"start":{"line":80,"column":0},"end":{"line":82,"column":1}},"line":80},"11":{"name":"setupAutoSubmitEmotion","decl":{"start":{"line":84,"column":0},"end":{"line":89,"column":1}},"loc":{"start":{"line":84,"column":0},"end":{"line":89,"column":1}},"line":84},"12":{"name":"setupInlineHandlers","decl":{"start":{"line":94,"column":0},"end":{"line":101,"column":1}},"loc":{"start":{"line":94,"column":0},"end":{"line":101,"column":1}},"line":94}},"f":{"0":2,"1":4,"2":96,"3":0,"4":1,"5":96,"6":2,"7":96,"8":2,"9":96,"10":1,"11":96,"12":96}}
,"/home/morik/emotion_music_box/app/javascript/custom/push_subscription.js": {"path":"/home/morik/emotion_music_box/app/javascript/custom/push_subscription.js","all":false,"statementMap":{"0":{"start":{"line":1,"column":0},"end":{"line":1,"column":0}},"1":{"start":{"line":2,"column":0},"end":{"line":2,"column":54}},"2":{"start":{"line":3,"column":0},"end":{"line":3,"column":70}},"3":{"start":{"line":4,"column":0},"end":{"line":4,"column":46}},"4":{"start":{"line":5,"column":0},"end":{"line":5,"column":11}},"5":{"start":{"line":6,"column":0},"end":{"line":6,"column":3}},"6":{"start":{"line":7,"column":0},"end":{"line":7,"column":0}},"7":{"start":{"line":8,"column":0},"end":{"line":8,"column":7}},"8":{"start":{"line":9,"column":0},"end":{"line":9,"column":61}},"9":{"start":{"line":10,"column":0},"end":{"line":10,"column":0}},"10":{"start":{"line":11,"column":0},"end":{"line":11,"column":67}},"11":{"start":{"line":12,"column":0},"end":{"line":12,"column":28}},"12":{"start":{"line":13,"column":0},"end":{"line":13,"column":94}},"13":{"start":{"line":14,"column":0},"end":{"line":14,"column":7}},"14":{"start":{"line":15,"column":0},"end":{"line":15,"column":0}},"15":{"start":{"line":16,"column":0},"end":{"line":16,"column":41}},"16":{"start":{"line":17,"column":0},"end":{"line":17,"column":51}},"17":{"start":{"line":18,"column":0},"end":{"line":18,"column":21}},"18":{"start":{"line":19,"column":0},"end":{"line":19,"column":16}},"19":{"start":{"line":20,"column":0},"end":{"line":20,"column":43}},"20":{"start":{"line":21,"column":0},"end":{"line":21,"column":82}},"21":{"start":{"line":22,"column":0},"end":{"line":22,"column":8}},"22":{"start":{"line":23,"column":0},"end":{"line":23,"column":45}},"23":{"start":{"line":24,"column":0},"end":{"line":24,"column":7}},"24":{"start":{"line":25,"column":0},"end":{"line":25,"column":0}},"25":{"start":{"line":26,"column":0},"end":{"line":26,"column":17}},"26":{"start":{"line":27,"column":0},"end":{"line":27,"column":40}},"27":{"start":{"line":28,"column":0},"end":{"line":28,"column":12}},"28":{"start":{"line":29,"column":0},"end":{"line":29,"column":41}},"29":{"start":{"line":30,"column":0},"end":{"line":30,"column":5}},"30":{"start":{"line":31,"column":0},"end":{"line":31,"column":17}},"31":{"start":{"line":32,"column":0},"end":{"line":32,"column":40}},"32":{"start":{"line":33,"column":0},"end":{"line":33,"column":3}},"33":{"start":{"line":34,"column":0},"end":{"line":34,"column":1}},"34":{"start":{"line":35,"column":0},"end":{"line":35,"column":0}},"35":{"start":{"line":36,"column":0},"end":{"line":36,"column":22}},"36":{"start":{"line":37,"column":0},"end":{"line":37,"column":46}},"37":{"start":{"line":38,"column":0},"end":{"line":38,"column":64}},"38":{"start":{"line":39,"column":0},"end":{"line":39,"column":41}},"39":{"start":{"line":40,"column":0},"end":{"line":40,"column":24}},"40":{"start":{"line":41,"column":0},"end":{"line":41,"column":24}},"41":{"start":{"line":42,"column":0},"end":{"line":42,"column":0}},"42":{"start":{"line":43,"column":0},"end":{"line":43,"column":31}},"43":{"start":{"line":44,"column":0},"end":{"line":44,"column":65}},"44":{"start":{"line":45,"column":0},"end":{"line":45,"column":1}}},"s":{"0":1,"1":1,"2":11,"3":6,"4":6,"5":6,"6":5,"7":5,"8":5,"9":5,"10":5,"11":5,"12":5,"13":5,"14":4,"15":4,"16":4,"17":4,"18":4,"19":4,"20":4,"21":4,"22":4,"23":4,"24":4,"25":6,"26":3,"27":3,"28":1,"29":1,"30":11,"31":1,"32":1,"33":11,"34":1,"35":1,"36":5,"37":5,"38":5,"39":5,"40":5,"41":5,"42":5,"43":5,"44":5},"branchMap":{"0":{"type":"branch","line":2,"loc":{"start":{"line":2,"column":7},"end":{"line":34,"column":1}},"locations":[{"start":{"line":2,"column":7},"end":{"line":34,"column":1}}]},"1":{"type":"branch","line":3,"loc":{"start":{"line":3,"column":37},"end":{"line":3,"column":67}},"locations":[{"start":{"line":3,"column":37},"end":{"line":3,"column":67}}]},"2":{"type":"branch","line":3,"loc":{"start":{"line":3,"column":69},"end":{"line":30,"column":5}},"locations":[{"start":{"line":3,"column":69},"end":{"line":30,"column":5}}]},"3":{"type":"branch","line":6,"loc":{"start":{"line":6,"column":2},"end":{"line":14,"column":7}},"locations":[{"start":{"line":6,"column":2},"end":{"line":14,"column":7}}]},"4":{"type":"branch","line":14,"loc":{"start":{"line":14,"column":6},"end":{"line":26,"column":16}},"locations":[{"start":{"line":14,"column":6},"end":{"line":26,"column":16}}]},"5":{"type":"branch","line":26,"loc":{"start":{"line":26,"column":16},"end":{"line":30,"column":5}},"locations":[{"start":{"line":26,"column":16},"end":{"line":30,"column":5}}]},"6":{"type":"branch","line":28,"loc":{"start":{"line":28,"column":5},"end":{"line":30,"column":5}},"locations":[{"start":{"line":28,"column":5},"end":{"line":30,"column":5}}]},"7":{"type":"branch","line":31,"loc":{"start":{"line":31,"column":4},"end":{"line":33,"column":3}},"locations":[{"start":{"line":31,"column":4},"end":{"line":33,"column":3}}]},"8":{"type":"branch","line":37,"loc":{"start":{"line":37,"column":0},"end":{"line":45,"column":1}},"locations":[{"start":{"line":37,"column":0},"end":{"line":45,"column":1}}]},"9":{"type":"branch","line":44,"loc":{"start":{"line":44,"column":42},"end":{"line":44,"column":62}},"locations":[{"start":{"line":44,"column":42},"end":{"line":44,"column":62}}]}},"b":{"0":[11],"1":[5],"2":[6],"3":[5],"4":[4],"5":[3],"6":[1],"7":[1],"8":[5],"9":[53]},"fnMap":{"0":{"name":"subscribeToPushNotifications","decl":{"start":{"line":2,"column":7},"end":{"line":34,"column":1}},"loc":{"start":{"line":2,"column":7},"end":{"line":34,"column":1}},"line":2},"1":{"name":"urlBase64ToUint8Array","decl":{"start":{"line":37,"column":0},"end":{"line":45,"column":1}},"loc":{"start":{"line":37,"column":0},"end":{"line":45,"column":1}},"line":37}},"f":{"0":11,"1":5}}
,"/home/morik/emotion_music_box/app/javascript/custom/register_service_worker.js": {"path":"/home/morik/emotion_music_box/app/javascript/custom/register_service_worker.js","all":false,"statementMap":{"0":{"start":{"line":1,"column":0},"end":{"line":1,"column":51}},"1":{"start":{"line":2,"column":0},"end":{"line":2,"column":47}},"2":{"start":{"line":3,"column":0},"end":{"line":3,"column":40}},"3":{"start":{"line":4,"column":0},"end":{"line":4,"column":38}},"4":{"start":{"line":5,"column":0},"end":{"line":5,"column":16}},"5":{"start":{"line":6,"column":0},"end":{"line":6,"column":3}},"6":{"start":{"line":7,"column":0},"end":{"line":7,"column":7}},"7":{"start":{"line":8,"column":0},"end":{"line":8,"column":77}},"8":{"start":{"line":9,"column":0},"end":{"line":9,"column":50}},"9":{"start":{"line":10,"column":0},"end":{"line":10,"column":15}},"10":{"start":{"line":11,"column":0},"end":{"line":11,"column":19}},"11":{"start":{"line":12,"column":0},"end":{"line":12,"column":54}},"12":{"start":{"line":13,"column":0},"end":{"line":13,"column":16}},"13":{"start":{"line":14,"column":0},"end":{"line":14,"column":3}},"14":{"start":{"line":15,"column":0},"end":{"line":15,"column":1}}},"s":{"0":1,"1":1,"2":31,"3":10,"4":10,"5":10,"6":21,"7":21,"8":21,"9":21,"10":21,"11":0,"12":0,"13":0,"14":31},"branchMap":{"0":{"type":"branch","line":2,"loc":{"start":{"line":2,"column":7},"end":{"line":15,"column":1}},"locations":[{"start":{"line":2,"column":7},"end":{"line":15,"column":1}}]},"1":{"type":"branch","line":3,"loc":{"start":{"line":3,"column":39},"end":{"line":6,"column":3}},"locations":[{"start":{"line":3,"column":39},"end":{"line":6,"column":3}}]},"2":{"type":"branch","line":6,"loc":{"start":{"line":6,"column":2},"end":{"line":14,"column":3}},"locations":[{"start":{"line":6,"column":2},"end":{"line":14,"column":3}}]},"3":{"type":"branch","line":11,"loc":{"start":{"line":11,"column":4},"end":{"line":14,"column":3}},"locations":[{"start":{"line":11,"column":4},"end":{"line":14,"column":3}}]}},"b":{"0":[31],"1":[10],"2":[21],"3":[0]},"fnMap":{"0":{"name":"registerServiceWorker","decl":{"start":{"line":2,"column":7},"end":{"line":15,"column":1}},"loc":{"start":{"line":2,"column":7},"end":{"line":15,"column":1}},"line":2}},"f":{"0":31}}
,"/home/morik/emotion_music_box/app/javascript/custom/swal_my_create.js": {"path":"/home/morik/emotion_music_box/app/javascript/custom/swal_my_create.js","all":false,"statementMap":{"0":{"start":{"line":1,"column":0},"end":{"line":1,"column":15}},"1":{"start":{"line":2,"column":0},"end":{"line":2,"column":18}},"2":{"start":{"line":3,"column":0},"end":{"line":3,"column":15}},"3":{"start":{"line":4,"column":0},"end":{"line":4,"column":14}},"4":{"start":{"line":5,"column":0},"end":{"line":5,"column":18}},"5":{"start":{"line":6,"column":0},"end":{"line":6,"column":29}},"6":{"start":{"line":7,"column":0},"end":{"line":7,"column":29}},"7":{"start":{"line":8,"column":0},"end":{"line":8,"column":30}},"8":{"start":{"line":9,"column":0},"end":{"line":9,"column":6}},"9":{"start":{"line":10,"column":0},"end":{"line":10,"column":45}},"10":{"start":{"line":11,"column":0},"end":{"line":11,"column":28}},"11":{"start":{"line":12,"column":0},"end":{"line":12,"column":24}},"12":{"start":{"line":13,"column":0},"end":{"line":13,"column":85}},"13":{"start":{"line":14,"column":0},"end":{"line":14,"column":86}},"14":{"start":{"line":15,"column":0},"end":{"line":15,"column":92}},"15":{"start":{"line":16,"column":0},"end":{"line":16,"column":25}},"16":{"start":{"line":17,"column":0},"end":{"line":17,"column":0}},"17":{"start":{"line":18,"column":0},"end":{"line":18,"column":40}},"18":{"start":{"line":19,"column":0},"end":{"line":19,"column":54}},"19":{"start":{"line":20,"column":0},"end":{"line":20,"column":38}},"20":{"start":{"line":21,"column":0},"end":{"line":21,"column":0}},"21":{"start":{"line":22,"column":0},"end":{"line":22,"column":47}},"22":{"start":{"line":23,"column":0},"end":{"line":23,"column":28}},"23":{"start":{"line":24,"column":0},"end":{"line":24,"column":60}},"24":{"start":{"line":25,"column":0},"end":{"line":25,"column":56}},"25":{"start":{"line":26,"column":0},"end":{"line":26,"column":49}},"26":{"start":{"line":27,"column":0},"end":{"line":27,"column":47}},"27":{"start":{"line":28,"column":0},"end":{"line":28,"column":96}},"28":{"start":{"line":29,"column":0},"end":{"line":29,"column":106}},"29":{"start":{"line":30,"column":0},"end":{"line":30,"column":18}},"30":{"start":{"line":31,"column":0},"end":{"line":31,"column":87}},"31":{"start":{"line":32,"column":0},"end":{"line":32,"column":47}},"32":{"start":{"line":33,"column":0},"end":{"line":33,"column":145}},"33":{"start":{"line":34,"column":0},"end":{"line":34,"column":109}},"34":{"start":{"line":35,"column":0},"end":{"line":35,"column":18}},"35":{"start":{"line":36,"column":0},"end":{"line":36,"column":16}},"36":{"start":{"line":37,"column":0},"end":{"line":37,"column":14}},"37":{"start":{"line":38,"column":0},"end":{"line":38,"column":12}},"38":{"start":{"line":39,"column":0},"end":{"line":39,"column":8}},"39":{"start":{"line":40,"column":0},"end":{"line":40,"column":42}},"40":{"start":{"line":41,"column":0},"end":{"line":41,"column":0}},"41":{"start":{"line":42,"column":0},"end":{"line":42,"column":26}},"42":{"start":{"line":43,"column":0},"end":{"line":43,"column":79}},"43":{"start":{"line":44,"column":0},"end":{"line":44,"column":19}},"44":{"start":{"line":45,"column":0},"end":{"line":45,"column":0}},"45":{"start":{"line":46,"column":0},"end":{"line":46,"column":20}},"46":{"start":{"line":47,"column":0},"end":{"line":47,"column":70}},"47":{"start":{"line":48,"column":0},"end":{"line":48,"column":21}},"48":{"start":{"line":49,"column":0},"end":{"line":49,"column":39}},"49":{"start":{"line":50,"column":0},"end":{"line":50,"column":49}},"50":{"start":{"line":51,"column":0},"end":{"line":51,"column":8}},"51":{"start":{"line":52,"column":0},"end":{"line":52,"column":29}},"52":{"start":{"line":53,"column":0},"end":{"line":53,"column":76}},"53":{"start":{"line":54,"column":0},"end":{"line":54,"column":23}},"54":{"start":{"line":55,"column":0},"end":{"line":55,"column":42}},"55":{"start":{"line":56,"column":0},"end":{"line":56,"column":51}},"56":{"start":{"line":57,"column":0},"end":{"line":57,"column":10}},"57":{"start":{"line":58,"column":0},"end":{"line":58,"column":7}},"58":{"start":{"line":59,"column":0},"end":{"line":59,"column":0}},"59":{"start":{"line":60,"column":0},"end":{"line":60,"column":16}},"60":{"start":{"line":61,"column":0},"end":{"line":61,"column":66}},"61":{"start":{"line":62,"column":0},"end":{"line":62,"column":21}},"62":{"start":{"line":63,"column":0},"end":{"line":63,"column":40}},"63":{"start":{"line":64,"column":0},"end":{"line":64,"column":49}},"64":{"start":{"line":65,"column":0},"end":{"line":65,"column":8}},"65":{"start":{"line":66,"column":0},"end":{"line":66,"column":7}},"66":{"start":{"line":67,"column":0},"end":{"line":67,"column":3}},"67":{"start":{"line":68,"column":0},"end":{"line":68,"column":2}}},"s":{"0":1,"1":1,"2":6,"3":6,"4":6,"5":6,"6":6,"7":6,"8":6,"9":6,"10":6,"11":6,"12":6,"13":3,"14":2,"15":1,"16":6,"17":6,"18":6,"19":6,"20":6,"21":6,"22":6,"23":6,"24":6,"25":6,"26":6,"27":6,"28":6,"29":6,"30":6,"31":6,"32":6,"33":6,"34":6,"35":6,"36":6,"37":6,"38":6,"39":6,"40":6,"41":6,"42":6,"43":6,"44":6,"45":6,"46":6,"47":4,"48":4,"49":4,"50":6,"51":6,"52":1,"53":1,"54":1,"55":1,"56":1,"57":1,"58":6,"59":6,"60":6,"61":1,"62":1,"63":1,"64":6,"65":6,"66":6,"67":1},"branchMap":{"0":{"type":"branch","line":2,"loc":{"start":{"line":2,"column":8},"end":{"line":67,"column":3}},"locations":[{"start":{"line":2,"column":8},"end":{"line":67,"column":3}}]},"1":{"type":"branch","line":10,"loc":{"start":{"line":10,"column":23},"end":{"line":66,"column":5}},"locations":[{"start":{"line":10,"column":23},"end":{"line":66,"column":5}}]},"2":{"type":"branch","line":13,"loc":{"start":{"line":13,"column":30},"end":{"line":16,"column":25}},"locations":[{"start":{"line":13,"column":30},"end":{"line":16,"column":25}}]},"3":{"type":"branch","line":14,"loc":{"start":{"line":14,"column":33},"end":{"line":14,"column":86}},"locations":[{"start":{"line":14,"column":33},"end":{"line":14,"column":86}}]},"4":{"type":"branch","line":15,"loc":{"start":{"line":15,"column":-1},"end":{"line":16,"column":25}},"locations":[{"start":{"line":15,"column":-1},"end":{"line":16,"column":25}}]},"5":{"type":"branch","line":15,"loc":{"start":{"line":15,"column":36},"end":{"line":16,"column":25}},"locations":[{"start":{"line":15,"column":36},"end":{"line":16,"column":25}}]},"6":{"type":"branch","line":20,"loc":{"start":{"line":20,"column":20},"end":{"line":20,"column":38}},"locations":[{"start":{"line":20,"column":20},"end":{"line":20,"column":38}}]},"7":{"type":"branch","line":31,"loc":{"start":{"line":31,"column":67},"end":{"line":31,"column":73}},"locations":[{"start":{"line":31,"column":67},"end":{"line":31,"column":73}}]},"8":{"type":"branch","line":33,"loc":{"start":{"line":33,"column":32},"end":{"line":33,"column":139}},"locations":[{"start":{"line":33,"column":32},"end":{"line":33,"column":139}}]},"9":{"type":"branch","line":33,"loc":{"start":{"line":33,"column":139},"end":{"line":33,"column":144}},"locations":[{"start":{"line":33,"column":139},"end":{"line":33,"column":144}}]},"10":{"type":"branch","line":52,"loc":{"start":{"line":52,"column":28},"end":{"line":58,"column":7}},"locations":[{"start":{"line":52,"column":28},"end":{"line":58,"column":7}}]},"11":{"type":"branch","line":47,"loc":{"start":{"line":47,"column":57},"end":{"line":51,"column":7}},"locations":[{"start":{"line":47,"column":57},"end":{"line":51,"column":7}}]},"12":{"type":"branch","line":53,"loc":{"start":{"line":53,"column":63},"end":{"line":57,"column":9}},"locations":[{"start":{"line":53,"column":63},"end":{"line":57,"column":9}}]},"13":{"type":"branch","line":61,"loc":{"start":{"line":61,"column":53},"end":{"line":65,"column":7}},"locations":[{"start":{"line":61,"column":53},"end":{"line":65,"column":7}}]}},"b":{"0":[6],"1":[6],"2":[3],"3":[1],"4":[2],"5":[1],"6":[1],"7":[1],"8":[1],"9":[5],"10":[1],"11":[4],"12":[1],"13":[1]},"fnMap":{"0":{"name":"fire","decl":{"start":{"line":2,"column":8},"end":{"line":67,"column":3}},"loc":{"start":{"line":2,"column":8},"end":{"line":67,"column":3}},"line":2},"1":{"name":"modalDiv.querySelector.onclick","decl":{"start":{"line":47,"column":57},"end":{"line":51,"column":7}},"loc":{"start":{"line":47,"column":57},"end":{"line":51,"column":7}},"line":47},"2":{"name":"modalDiv.querySelector.onclick","decl":{"start":{"line":53,"column":63},"end":{"line":57,"column":9}},"loc":{"start":{"line":53,"column":63},"end":{"line":57,"column":9}},"line":53},"3":{"name":"modalDiv.querySelector.onclick","decl":{"start":{"line":61,"column":53},"end":{"line":65,"column":7}},"loc":{"start":{"line":61,"column":53},"end":{"line":65,"column":7}},"line":61}},"f":{"0":6,"1":4,"2":1,"3":1}}
}
