TN:
SF:app/javascript/application.js
FN:26,requestPushOnce
FN:36,hideMobileSearchModalSafely
FN:151,updateTransform
FN:223,resizeImage
FN:341,Object.<anonymous>.window.goToRecommended
FN:352,hideScreenCover
FNF:6
FNH:4
FNDA:5,requestPushOnce
FNDA:5,hideMobileSearchModalSafely
FNDA:0,updateTransform
FNDA:0,resizeImage
FNDA:2,Object.<anonymous>.window.goToRecommended
FNDA:9,hideScreenCover
DA:1,1
DA:2,1
DA:3,1
DA:4,1
DA:5,1
DA:6,1
DA:7,1
DA:8,1
DA:9,1
DA:10,1
DA:11,1
DA:12,1
DA:13,1
DA:14,1
DA:15,1
DA:16,1
DA:17,1
DA:18,1
DA:19,1
DA:20,1
DA:21,1
DA:22,1
DA:23,1
DA:24,1
DA:25,1
DA:26,5
DA:27,5
DA:28,0
DA:29,0
DA:30,0
DA:31,0
DA:32,0
DA:33,0
DA:34,1
DA:35,1
DA:36,5
DA:37,5
DA:38,5
DA:39,5
DA:40,0
DA:41,5
DA:42,5
DA:43,0
DA:44,0
DA:45,0
DA:46,0
DA:47,0
DA:48,0
DA:49,0
DA:50,0
DA:51,0
DA:52,0
DA:53,1
DA:54,1
DA:55,1
DA:56,1
DA:57,1
DA:58,1
DA:59,1
DA:60,1
DA:61,0
DA:62,1
DA:63,1
DA:64,1
DA:65,1
DA:66,1
DA:67,1
DA:68,1
DA:69,1
DA:70,1
DA:71,1
DA:72,0
DA:73,1
DA:74,1
DA:75,1
DA:76,1
DA:77,5
DA:78,5
DA:79,1
DA:80,1
DA:81,1
DA:82,5
DA:83,5
DA:84,5
DA:85,5
DA:86,5
DA:87,5
DA:88,5
DA:89,5
DA:90,5
DA:91,5
DA:92,5
DA:93,2
DA:94,2
DA:95,2
DA:96,5
DA:97,5
DA:98,5
DA:99,0
DA:100,0
DA:101,5
DA:102,5
DA:103,5
DA:104,5
DA:105,16
DA:106,16
DA:107,16
DA:108,16
DA:109,5
DA:110,5
DA:111,5
DA:112,5
DA:113,5
DA:114,5
DA:115,5
DA:116,5
DA:117,5
DA:118,5
DA:119,5
DA:120,5
DA:121,0
DA:122,0
DA:123,0
DA:124,0
DA:125,0
DA:126,0
DA:127,0
DA:128,0
DA:129,0
DA:130,0
DA:131,5
DA:132,5
DA:133,5
DA:134,5
DA:135,5
DA:136,5
DA:137,5
DA:138,5
DA:139,5
DA:140,5
DA:141,5
DA:142,5
DA:143,5
DA:144,5
DA:145,5
DA:146,0
DA:147,0
DA:148,0
DA:149,0
DA:150,0
DA:151,0
DA:152,0
DA:153,0
DA:154,0
DA:155,0
DA:156,0
DA:157,0
DA:158,0
DA:159,0
DA:160,0
DA:161,0
DA:162,0
DA:163,0
DA:164,0
DA:165,0
DA:166,0
DA:167,0
DA:168,0
DA:169,0
DA:170,0
DA:171,0
DA:172,0
DA:173,0
DA:174,0
DA:175,0
DA:176,0
DA:177,0
DA:178,0
DA:179,0
DA:180,0
DA:181,0
DA:182,0
DA:183,0
DA:184,0
DA:185,0
DA:186,0
DA:187,0
DA:188,0
DA:189,0
DA:190,0
DA:191,0
DA:192,0
DA:193,0
DA:194,0
DA:195,0
DA:196,0
DA:197,0
DA:198,0
DA:199,0
DA:200,0
DA:201,0
DA:202,0
DA:203,0
DA:204,0
DA:205,0
DA:206,0
DA:207,0
DA:208,0
DA:209,0
DA:210,0
DA:211,0
DA:212,0
DA:213,0
DA:214,0
DA:215,0
DA:216,0
DA:217,0
DA:218,0
DA:219,0
DA:220,0
DA:221,0
DA:222,0
DA:223,0
DA:224,0
DA:225,0
DA:226,0
DA:227,0
DA:228,0
DA:229,0
DA:230,0
DA:231,0
DA:232,0
DA:233,0
DA:234,0
DA:235,0
DA:236,0
DA:237,0
DA:238,0
DA:239,0
DA:240,0
DA:241,0
DA:242,0
DA:243,0
DA:244,0
DA:245,0
DA:246,0
DA:247,0
DA:248,0
DA:249,0
DA:250,0
DA:251,0
DA:252,0
DA:253,0
DA:254,0
DA:255,0
DA:256,0
DA:257,0
DA:258,0
DA:259,0
DA:260,0
DA:261,0
DA:262,0
DA:263,0
DA:264,0
DA:265,0
DA:266,0
DA:267,0
DA:268,0
DA:269,0
DA:270,0
DA:271,0
DA:272,0
DA:273,0
DA:274,0
DA:275,0
DA:276,0
DA:277,0
DA:278,0
DA:279,0
DA:280,0
DA:281,0
DA:282,0
DA:283,0
DA:284,0
DA:285,0
DA:286,0
DA:287,0
DA:288,0
DA:289,0
DA:290,0
DA:291,0
DA:292,0
DA:293,0
DA:294,0
DA:295,0
DA:296,0
DA:297,0
DA:298,0
DA:299,5
DA:300,0
DA:301,0
DA:302,0
DA:303,0
DA:304,0
DA:305,0
DA:306,0
DA:307,0
DA:308,0
DA:309,0
DA:310,0
DA:311,0
DA:312,0
DA:313,0
DA:314,0
DA:315,0
DA:316,0
DA:317,0
DA:318,0
DA:319,0
DA:320,0
DA:321,0
DA:322,1
DA:323,1
DA:324,1
DA:325,1
DA:326,31
DA:327,31
DA:328,31
DA:329,31
DA:330,4
DA:331,4
DA:332,4
DA:333,1
DA:334,1
DA:335,1
DA:336,1
DA:337,1
DA:338,1
DA:339,1
DA:340,1
DA:341,1
DA:342,2
DA:343,2
DA:344,2
DA:345,1
DA:346,1
DA:347,1
DA:348,1
DA:349,2
DA:350,1
DA:351,1
DA:352,9
DA:353,9
DA:354,9
DA:355,0
DA:356,0
DA:357,0
DA:358,0
DA:359,0
DA:360,9
DA:361,1
DA:362,1
DA:363,1
DA:364,0
DA:365,0
DA:366,0
DA:367,0
DA:368,0
DA:369,0
DA:370,0
DA:371,0
DA:372,0
DA:373,0
DA:374,0
DA:375,0
DA:376,0
DA:377,0
DA:378,0
DA:379,0
DA:380,0
DA:381,0
DA:382,0
DA:383,0
DA:384,0
DA:385,1
DA:386,1
DA:387,1
DA:388,1
DA:389,1
DA:390,1
DA:391,1
DA:392,1
DA:393,1
DA:394,1
DA:395,1
DA:396,0
DA:397,0
DA:398,0
DA:399,0
DA:400,0
DA:401,0
DA:402,0
DA:403,0
DA:404,0
DA:405,0
DA:406,0
DA:407,0
DA:408,0
DA:409,0
DA:410,0
DA:411,0
DA:412,1
LF:412
LH:164
BRDA:26,0,0,5
BRDA:27,1,0,0
BRDA:36,2,0,5
BRDA:39,3,0,0
BRDA:39,4,0,0
BRDA:42,5,0,0
BRDA:76,6,0,5
BRDA:81,7,0,5
BRDA:92,8,0,2
BRDA:120,9,0,0
BRDA:145,10,0,0
BRDA:299,11,0,0
BRDA:104,12,0,16
BRDA:108,13,0,5
BRDA:108,14,0,5
BRDA:108,15,0,5
BRDA:325,16,0,31
BRDA:329,17,0,4
BRDA:329,18,0,4
BRDA:329,19,0,4
BRDA:341,20,0,2
BRDA:344,21,0,1
BRDA:352,22,0,9
BRDA:354,23,0,0
BRF:24
BRH:16
end_of_record
TN:
SF:app/javascript/controllers/add_song_modal_controller.js
FN:4,<static_initializer>
FN:6,connect
FN:21,hideItem
FNF:3
FNH:3
FNDA:10,<static_initializer>
FNDA:3,connect
FNDA:1,hideItem
DA:1,1
DA:2,1
DA:3,1
DA:4,1
DA:5,1
DA:6,1
DA:7,3
DA:8,3
DA:9,3
DA:10,3
DA:11,2
DA:12,2
DA:13,2
DA:14,2
DA:15,2
DA:16,1
DA:17,1
DA:18,2
DA:19,2
DA:20,1
DA:21,1
DA:22,1
DA:23,1
DA:24,1
DA:25,1
DA:26,1
LF:26
LH:26
BRDA:4,0,0,10
BRDA:6,1,0,3
BRDA:10,2,0,1
BRDA:10,3,0,2
BRDA:15,4,0,1
BRDA:21,5,0,1
BRF:6
BRH:6
end_of_record
TN:
SF:app/javascript/controllers/application.js
FNF:0
FNH:0
DA:1,1
DA:2,1
DA:3,1
DA:4,1
DA:5,1
DA:6,1
DA:7,1
DA:8,1
DA:9,1
LF:9
LH:9
BRF:0
BRH:0
end_of_record
TN:
SF:app/javascript/controllers/bookmark_controller.js
FN:5,<static_initializer>
FN:7,connect
FN:18,onFrameLoad
FN:27,onChange
FN:39,disconnect
FN:44,toggleMyPageLogs
FN:92,submitPlaylistForm
FN:127,clearSelection
FN:136,restoreChecks
FN:142,fillHiddenFromStorage
FN:154,persist
FNF:11
FNH:11
FNDA:8,<static_initializer>
FNDA:13,connect
FNDA:1,onFrameLoad
FNDA:3,onChange
FNDA:13,disconnect
FNDA:4,toggleMyPageLogs
FNDA:1,submitPlaylistForm
FNDA:2,clearSelection
FNDA:14,restoreChecks
FNDA:17,fillHiddenFromStorage
FNDA:2,persist
DA:1,1
DA:2,1
DA:3,1
DA:4,1
DA:5,1
DA:6,1
DA:7,1
DA:8,13
DA:9,13
DA:10,13
DA:11,13
DA:12,1
DA:13,1
DA:14,13
DA:15,13
DA:16,13
DA:17,13
DA:18,13
DA:19,1
DA:20,1
DA:21,1
DA:22,1
DA:23,1
DA:24,1
DA:25,13
DA:26,13
DA:27,13
DA:28,3
DA:29,3
DA:30,2
DA:31,3
DA:32,1
DA:33,2
DA:34,2
DA:35,2
DA:36,13
DA:37,13
DA:38,1
DA:39,1
DA:40,13
DA:41,13
DA:42,13
DA:43,1
DA:44,1
DA:45,4
DA:46,4
DA:47,4
DA:48,4
DA:49,4
DA:50,4
DA:51,4
DA:52,4
DA:53,4
DA:54,4
DA:55,2
DA:56,4
DA:57,4
DA:58,2
DA:59,2
DA:60,2
DA:61,2
DA:62,2
DA:63,2
DA:64,2
DA:65,4
DA:66,4
DA:67,2
DA:68,2
DA:69,1
DA:70,2
DA:71,2
DA:72,2
DA:73,2
DA:74,2
DA:75,2
DA:76,1
DA:77,0
DA:78,2
DA:79,2
DA:80,2
DA:81,2
DA:82,2
DA:83,2
DA:84,4
DA:85,4
DA:86,4
DA:87,1
DA:88,1
DA:89,1
DA:90,1
DA:91,1
DA:92,1
DA:93,1
DA:94,1
DA:95,1
DA:96,1
DA:97,1
DA:98,1
DA:99,1
DA:100,0
DA:101,0
DA:102,1
DA:103,1
DA:104,1
DA:105,1
DA:106,1
DA:107,1
DA:108,1
DA:109,1
DA:110,1
DA:111,1
DA:112,1
DA:113,1
DA:114,1
DA:115,1
DA:116,1
DA:117,1
DA:118,1
DA:119,3
DA:120,3
DA:121,3
DA:122,3
DA:123,3
DA:124,1
DA:125,1
DA:126,1
DA:127,1
DA:128,2
DA:129,1
DA:130,1
DA:131,2
DA:132,2
DA:133,2
DA:134,1
DA:135,1
DA:136,1
DA:137,14
DA:138,15
DA:139,14
DA:140,14
DA:141,1
DA:142,1
DA:143,17
DA:144,17
DA:145,17
DA:146,17
DA:147,1
DA:148,1
DA:149,17
DA:150,11
DA:151,11
DA:152,17
DA:153,1
DA:154,1
DA:155,2
DA:156,2
DA:157,1
LF:157
LH:154
BRDA:5,0,0,8
BRDA:7,1,0,13
BRDA:10,2,0,0
BRDA:11,3,0,1
BRDA:18,4,0,1
BRDA:20,5,0,0
BRDA:27,6,0,3
BRDA:29,7,0,1
BRDA:29,8,0,2
BRDA:31,9,0,1
BRDA:33,10,0,2
BRDA:39,11,0,13
BRDA:44,12,0,4
BRDA:49,13,0,1
BRDA:54,14,0,2
BRDA:57,15,0,2
BRDA:64,16,0,4
BRDA:68,17,0,1
BRDA:75,18,0,1
BRDA:77,19,0,0
BRDA:84,20,0,1
BRDA:85,21,0,2
BRDA:85,22,0,2
BRDA:85,23,0,0
BRDA:83,24,0,8
BRDA:92,25,0,1
BRDA:94,26,0,0
BRDA:98,27,0,0
BRDA:99,28,0,0
BRDA:106,29,0,0
BRDA:118,30,0,3
BRDA:127,31,0,2
BRDA:128,32,0,1
BRDA:131,33,0,2
BRDA:136,34,0,14
BRDA:137,35,0,15
BRDA:142,36,0,17
BRDA:145,37,0,0
BRDA:146,38,0,1
BRDA:147,39,0,0
BRDA:149,40,0,11
BRDA:154,41,0,2
BRF:42
BRH:32
end_of_record
TN:
SF:app/javascript/controllers/bookmark_toggle_controller.js
FN:4,<static_initializer>
FN:6,connect
FN:13,toggle
FNF:3
FNH:3
FNDA:8,<static_initializer>
FNDA:4,connect
FNDA:3,toggle
DA:1,1
DA:2,1
DA:3,1
DA:4,1
DA:5,1
DA:6,1
DA:7,4
DA:8,4
DA:9,1
DA:10,4
DA:11,4
DA:12,1
DA:13,1
DA:14,3
DA:15,3
DA:16,3
DA:17,3
DA:18,3
DA:19,3
DA:20,3
DA:21,3
DA:22,1
DA:23,3
DA:24,3
DA:25,3
DA:26,3
DA:27,3
DA:28,3
DA:29,3
DA:30,3
DA:31,3
DA:32,3
DA:33,3
DA:34,3
DA:35,3
DA:36,3
DA:37,3
DA:38,3
DA:39,3
DA:40,3
DA:41,1
LF:41
LH:41
BRDA:4,0,0,8
BRDA:6,1,0,4
BRDA:8,2,0,1
BRDA:13,3,0,3
BRDA:22,4,0,1
BRDA:23,5,0,2
BRDA:31,6,0,1
BRDA:31,7,0,2
BRDA:36,8,0,1
BRDA:36,9,0,2
BRF:10
BRH:10
end_of_record
TN:
SF:app/javascript/controllers/comment_form_controller.js
FN:5,<static_initializer>
FN:7,sending
FN:12,sent
FN:25,showToast
FN:45,scrollToBottom
FNF:5
FNH:5
FNDA:8,<static_initializer>
FNDA:1,sending
FNDA:2,sent
FNDA:4,showToast
FNDA:2,scrollToBottom
DA:1,1
DA:2,1
DA:3,1
DA:4,1
DA:5,1
DA:6,1
DA:7,1
DA:8,1
DA:9,1
DA:10,1
DA:11,1
DA:12,1
DA:13,2
DA:14,1
DA:15,1
DA:16,1
DA:17,1
DA:18,1
DA:19,1
DA:20,1
DA:21,2
DA:22,2
DA:23,1
DA:24,1
DA:25,1
DA:26,4
DA:27,4
DA:28,4
DA:29,4
DA:30,4
DA:31,4
DA:32,4
DA:33,4
DA:34,4
DA:35,4
DA:36,4
DA:37,4
DA:38,4
DA:39,3
DA:40,1
DA:41,3
DA:42,3
DA:43,4
DA:44,1
DA:45,1
DA:46,2
DA:47,1
DA:48,2
DA:49,2
DA:50,2
DA:51,1
LF:51
LH:51
BRDA:5,0,0,8
BRDA:7,1,0,1
BRDA:12,2,0,2
BRDA:13,3,0,1
BRDA:25,4,0,4
BRDA:38,5,0,3
BRDA:39,6,0,1
BRDA:45,7,0,2
BRDA:46,8,0,1
BRDA:47,9,0,1
BRDA:48,10,0,0
BRF:11
BRH:10
end_of_record
TN:
SF:app/javascript/controllers/comment_update_controller.js
FN:5,connect
FNF:1
FNH:1
FNDA:1,connect
DA:1,1
DA:2,1
DA:3,1
DA:4,1
DA:5,1
DA:6,1
DA:7,1
DA:8,1
DA:9,1
DA:10,1
LF:10
LH:10
BRDA:5,0,0,1
BRDA:6,1,0,1
BRF:2
BRH:2
end_of_record
TN:
SF:app/javascript/controllers/global-player_controller.js
FN:3,<instance_members_initializer>
FN:4,<static_initializer>
FN:6,cleanup
FN:16,setArtist
FN:22,connect
FN:100,savePlayerState
FN:116,tryRestore
FN:142,restorePlayerState
FN:166,iframeElement.onload
FN:195,setTrackTitle
FN:201,playFromExternal
FN:222,iframeElement.onload
FN:251,startWaveformAnime
FN:260,animate
FN:279,stopWaveformAnime
FN:285,toggleShuffle
FN:291,toggleRepeat
FN:296,updatePlaylistOrder
FN:300,shufflePlaylistOrder
FN:308,showLoadingUI
FN:329,hideLoadingUI
FN:339,resetPlayerUI
FN:356,replaceIframeWithNew
FN:373,loadAndPlay
FN:401,iframeElement.onload
FN:407,trySetTitle
FN:436,togglePlayPause
FN:473,seek
FN:483,changeVolume
FN:489,onPlayIconClick
FN:509,onPlay
FN:528,onPause
FN:537,onFinish
FN:555,stopPropagation
FN:563,stopPropagation
FN:572,updateTrackIcon
FN:585,bindWidgetEvents
FN:596,startProgressTracking
FN:612,formatTime
FN:624,prevTrack
FN:632,stopPropagation
FN:636,nextTrack
FN:644,stopPropagation
FN:648,playFirstTrack
FN:654,stopPropagation
FN:660,switchPlayerTopRow
FNF:46
FNH:42
FNDA:75,<instance_members_initializer>
FNDA:8,<static_initializer>
FNDA:45,cleanup
FNDA:18,setArtist
FNDA:75,connect
FNDA:85,savePlayerState
FNDA:10,tryRestore
FNDA:82,restorePlayerState
FNDA:2,iframeElement.onload
FNDA:18,setTrackTitle
FNDA:53,playFromExternal
FNDA:4,iframeElement.onload
FNDA:22,startWaveformAnime
FNDA:842,animate
FNDA:35,stopWaveformAnime
FNDA:4,toggleShuffle
FNDA:4,toggleRepeat
FNDA:103,updatePlaylistOrder
FNDA:4,shufflePlaylistOrder
FNDA:80,showLoadingUI
FNDA:19,hideLoadingUI
FNDA:76,resetPlayerUI
FNDA:79,replaceIframeWithNew
FNDA:2,loadAndPlay
FNDA:1,iframeElement.onload
FNDA:2,trySetTitle
FNDA:24,togglePlayPause
FNDA:2,seek
FNDA:10,changeVolume
FNDA:2,onPlayIconClick
FNDA:19,onPlay
FNDA:26,onPause
FNDA:6,onFinish
FNDA:0,stopPropagation
FNDA:1,stopPropagation
FNDA:58,updateTrackIcon
FNDA:28,bindWidgetEvents
FNDA:12,startProgressTracking
FNDA:32,formatTime
FNDA:4,prevTrack
FNDA:0,stopPropagation
FNDA:3,nextTrack
FNDA:0,stopPropagation
FNDA:2,playFirstTrack
FNDA:0,stopPropagation
FNDA:242,switchPlayerTopRow
DA:1,1
DA:2,1
DA:3,1
DA:4,75
DA:5,75
DA:6,75
DA:7,45
DA:8,45
DA:9,15
DA:10,15
DA:11,15
DA:12,15
DA:13,15
DA:14,75
DA:15,75
DA:16,75
DA:17,18
DA:18,18
DA:19,18
DA:20,18
DA:21,75
DA:22,75
DA:23,75
DA:24,75
DA:25,75
DA:26,75
DA:27,1
DA:28,1
DA:29,75
DA:30,75
DA:31,75
DA:32,75
DA:33,75
DA:34,75
DA:35,75
DA:36,75
DA:37,75
DA:38,75
DA:39,75
DA:40,75
DA:41,75
DA:42,75
DA:43,75
DA:44,75
DA:45,75
DA:46,75
DA:47,75
DA:48,75
DA:49,75
DA:50,75
DA:51,75
DA:52,75
DA:53,75
DA:54,75
DA:55,75
DA:56,75
DA:57,75
DA:58,75
DA:59,75
DA:60,1
DA:61,1
DA:62,75
DA:63,75
DA:64,57
DA:65,1
DA:66,1
DA:67,1
DA:68,75
DA:69,75
DA:70,75
DA:71,75
DA:72,75
DA:73,75
DA:74,75
DA:75,75
DA:76,75
DA:77,75
DA:78,75
DA:79,75
DA:80,75
DA:81,75
DA:82,49
DA:83,49
DA:84,75
DA:85,75
DA:86,75
DA:87,75
DA:88,166
DA:89,166
DA:90,166
DA:91,166
DA:92,166
DA:93,75
DA:94,75
DA:95,75
DA:96,75
DA:97,75
DA:98,75
DA:99,75
DA:100,75
DA:101,85
DA:102,81
DA:103,81
DA:104,81
DA:105,81
DA:106,81
DA:107,81
DA:108,81
DA:109,81
DA:110,81
DA:111,81
DA:112,81
DA:113,81
DA:114,81
DA:115,75
DA:116,75
DA:117,10
DA:118,10
DA:119,10
DA:120,10
DA:121,10
DA:122,10
DA:123,10
DA:124,1
DA:125,1
DA:126,1
DA:127,1
DA:128,10
DA:129,8
DA:130,9
DA:131,1
DA:132,1
DA:133,1
DA:134,1
DA:135,10
DA:136,10
DA:137,10
DA:138,10
DA:139,10
DA:140,10
DA:141,75
DA:142,75
DA:143,82
DA:144,82
DA:145,23
DA:146,23
DA:147,82
DA:148,22
DA:149,22
DA:150,82
DA:151,82
DA:152,82
DA:153,82
DA:154,1
DA:155,1
DA:156,1
DA:157,1
DA:158,1
DA:159,1
DA:160,22
DA:161,82
DA:162,22
DA:163,22
DA:164,22
DA:165,22
DA:166,22
DA:167,2
DA:168,2
DA:169,2
DA:170,2
DA:171,2
DA:172,2
DA:173,2
DA:174,2
DA:175,2
DA:176,2
DA:177,2
DA:178,0
DA:179,0
DA:180,0
DA:181,2
DA:182,2
DA:183,2
DA:184,2
DA:185,2
DA:186,2
DA:187,2
DA:188,2
DA:189,2
DA:190,2
DA:191,2
DA:192,22
DA:193,22
DA:194,75
DA:195,75
DA:196,18
DA:197,18
DA:198,18
DA:199,75
DA:200,75
DA:201,75
DA:202,53
DA:203,53
DA:204,53
DA:205,53
DA:206,1
DA:207,1
DA:208,1
DA:209,1
DA:210,1
DA:211,1
DA:212,53
DA:213,53
DA:214,53
DA:215,1
DA:216,1
DA:217,1
DA:218,52
DA:219,52
DA:220,52
DA:221,52
DA:222,52
DA:223,4
DA:224,4
DA:225,4
DA:226,4
DA:227,4
DA:228,4
DA:229,4
DA:230,3
DA:231,3
DA:232,3
DA:233,4
DA:234,1
DA:235,1
DA:236,1
DA:237,4
DA:238,4
DA:239,4
DA:240,4
DA:241,4
DA:242,4
DA:243,4
DA:244,4
DA:245,4
DA:246,4
DA:247,52
DA:248,52
DA:249,75
DA:250,75
DA:251,75
DA:252,22
DA:253,22
DA:254,22
DA:255,22
DA:256,22
DA:257,22
DA:258,22
DA:259,22
DA:260,22
DA:261,842
DA:262,835
DA:263,835
DA:264,835
DA:265,835
DA:266,835
DA:267,842
DA:268,62625
DA:269,62625
DA:270,62625
DA:271,835
DA:272,835
DA:273,835
DA:274,835
DA:275,22
DA:276,22
DA:277,22
DA:278,75
DA:279,75
DA:280,35
DA:281,35
DA:282,35
DA:283,75
DA:284,75
DA:285,75
DA:286,4
DA:287,4
DA:288,4
DA:289,4
DA:290,75
DA:291,75
DA:292,4
DA:293,4
DA:294,4
DA:295,75
DA:296,75
DA:297,103
DA:298,103
DA:299,103
DA:300,75
DA:301,4
DA:302,4
DA:303,4
DA:304,4
DA:305,4
DA:306,75
DA:307,75
DA:308,75
DA:309,80
DA:310,80
DA:311,80
DA:312,80
DA:313,80
DA:314,80
DA:315,80
DA:316,80
DA:317,80
DA:318,80
DA:319,80
DA:320,80
DA:321,80
DA:322,80
DA:323,80
DA:324,80
DA:325,80
DA:326,80
DA:327,80
DA:328,75
DA:329,75
DA:330,19
DA:331,19
DA:332,19
DA:333,19
DA:334,19
DA:335,19
DA:336,19
DA:337,19
DA:338,75
DA:339,75
DA:340,76
DA:341,76
DA:342,76
DA:343,76
DA:344,76
DA:345,76
DA:346,152
DA:347,152
DA:348,76
DA:349,76
DA:350,76
DA:351,76
DA:352,76
DA:353,76
DA:354,75
DA:355,75
DA:356,75
DA:357,79
DA:358,79
DA:359,78
DA:360,78
DA:361,78
DA:362,78
DA:363,78
DA:364,78
DA:365,78
DA:366,78
DA:367,78
DA:368,78
DA:369,78
DA:370,78
DA:371,75
DA:372,75
DA:373,75
DA:374,2
DA:375,2
DA:376,2
DA:377,2
DA:378,2
DA:379,2
DA:380,2
DA:381,2
DA:382,2
DA:383,2
DA:384,2
DA:385,2
DA:386,2
DA:387,2
DA:388,2
DA:389,0
DA:390,0
DA:391,0
DA:392,0
DA:393,0
DA:394,0
DA:395,2
DA:396,2
DA:397,2
DA:398,1
DA:399,1
DA:400,1
DA:401,1
DA:402,1
DA:403,1
DA:404,1
DA:405,1
DA:406,1
DA:407,1
DA:408,2
DA:409,2
DA:410,1
DA:411,1
DA:412,1
DA:413,1
DA:414,1
DA:415,1
DA:416,1
DA:417,0
DA:418,0
DA:419,0
DA:420,0
DA:421,2
DA:422,1
DA:423,1
DA:424,1
DA:425,1
DA:426,1
DA:427,1
DA:428,1
DA:429,1
DA:430,1
DA:431,1
DA:432,1
DA:433,1
DA:434,75
DA:435,75
DA:436,75
DA:437,24
DA:438,24
DA:439,24
DA:440,24
DA:441,24
DA:442,24
DA:443,24
DA:444,22
DA:445,22
DA:446,22
DA:447,19
DA:448,19
DA:449,19
DA:450,19
DA:451,19
DA:452,18
DA:453,18
DA:454,19
DA:455,1
DA:456,1
DA:457,1
DA:458,22
DA:459,3
DA:460,3
DA:461,3
DA:462,22
DA:463,20
DA:464,20
DA:465,20
DA:466,20
DA:467,20
DA:468,20
DA:469,20
DA:470,20
DA:471,75
DA:472,75
DA:473,75
DA:474,2
DA:475,2
DA:476,2
DA:477,2
DA:478,1
DA:479,1
DA:480,2
DA:481,2
DA:482,75
DA:483,75
DA:484,10
DA:485,10
DA:486,10
DA:487,10
DA:488,75
DA:489,75
DA:490,2
DA:491,2
DA:492,2
DA:493,2
DA:494,2
DA:495,2
DA:496,2
DA:497,1
DA:498,1
DA:499,1
DA:500,1
DA:501,2
DA:502,2
DA:503,2
DA:504,0
DA:505,0
DA:506,75
DA:507,75
DA:508,75
DA:509,75
DA:510,19
DA:511,19
DA:512,19
DA:513,19
DA:514,19
DA:515,19
DA:516,19
DA:517,19
DA:518,19
DA:519,7
DA:520,7
DA:521,7
DA:522,7
DA:523,7
DA:524,19
DA:525,19
DA:526,75
DA:527,75
DA:528,75
DA:529,26
DA:530,26
DA:531,26
DA:532,26
DA:533,26
DA:534,26
DA:535,75
DA:536,75
DA:537,75
DA:538,6
DA:539,6
DA:540,6
DA:541,6
DA:542,2
DA:543,1
DA:544,2
DA:545,2
DA:546,6
DA:547,6
DA:548,6
DA:549,6
DA:550,6
DA:551,6
DA:552,6
DA:553,6
DA:554,1
DA:555,1
DA:556,1
DA:557,1
DA:558,5
DA:559,5
DA:560,5
DA:561,6
DA:562,4
DA:563,4
DA:564,4
DA:565,4
DA:566,1
DA:567,6
DA:568,6
DA:569,75
DA:570,75
DA:571,75
DA:572,75
DA:573,58
DA:574,58
DA:575,116
DA:576,22
DA:577,22
DA:578,116
DA:579,94
DA:580,94
DA:581,94
DA:582,58
DA:583,58
DA:584,75
DA:585,75
DA:586,28
DA:587,27
DA:588,27
DA:589,27
DA:590,27
DA:591,27
DA:592,27
DA:593,27
DA:594,75
DA:595,75
DA:596,75
DA:597,12
DA:598,12
DA:599,13
DA:600,10
DA:601,10
DA:602,10
DA:603,10
DA:604,10
DA:605,10
DA:606,10
DA:607,10
DA:608,10
DA:609,12
DA:610,12
DA:611,75
DA:612,75
DA:613,32
DA:614,32
DA:615,32
DA:616,26
DA:617,26
DA:618,26
DA:619,26
DA:620,26
DA:621,75
DA:622,75
DA:623,75
DA:624,75
DA:625,4
DA:626,4
DA:627,4
DA:628,3
DA:629,3
DA:630,4
DA:631,2
DA:632,2
DA:633,2
DA:634,4
DA:635,75
DA:636,75
DA:637,3
DA:638,3
DA:639,3
DA:640,3
DA:641,3
DA:642,3
DA:643,2
DA:644,2
DA:645,2
DA:646,3
DA:647,75
DA:648,75
DA:649,2
DA:650,2
DA:651,2
DA:652,2
DA:653,2
DA:654,2
DA:655,2
DA:656,75
DA:657,75
DA:658,75
DA:659,75
DA:660,75
DA:661,242
DA:662,242
DA:663,242
DA:664,242
DA:665,241
DA:666,242
DA:667,242
DA:668,242
DA:669,75
LF:669
LH:654
BRDA:3,0,0,75
BRDA:4,1,0,8
BRDA:6,2,0,45
BRDA:8,3,0,15
BRDA:16,4,0,18
BRDA:22,5,0,75
BRDA:26,6,0,1
BRDA:59,7,0,1
BRDA:63,8,0,57
BRDA:64,9,0,1
BRDA:81,10,0,49
BRDA:87,11,0,166
BRDA:100,12,0,85
BRDA:101,13,0,4
BRDA:101,14,0,81
BRDA:102,15,0,81
BRDA:103,16,0,81
BRDA:116,17,0,10
BRDA:117,18,0,0
BRDA:119,19,0,10
BRDA:120,20,0,0
BRDA:122,21,0,10
BRDA:123,22,0,1
BRDA:125,23,0,0
BRDA:128,24,0,9
BRDA:128,25,0,8
BRDA:130,26,0,1
BRDA:129,27,0,8
BRDA:142,28,0,82
BRDA:144,29,0,59
BRDA:144,30,0,23
BRDA:147,31,0,1
BRDA:147,32,0,22
BRDA:153,33,0,1
BRDA:159,34,0,22
BRDA:161,35,0,0
BRDA:161,36,0,22
BRDA:166,37,0,2
BRDA:167,38,0,2
BRDA:171,39,0,2
BRDA:172,40,0,2
BRDA:175,41,0,0
BRDA:177,42,0,0
BRDA:183,43,0,0
BRDA:195,44,0,18
BRDA:201,45,0,53
BRDA:205,46,0,1
BRDA:214,47,0,1
BRDA:217,48,0,52
BRDA:222,49,0,4
BRDA:223,50,0,4
BRDA:227,51,0,4
BRDA:228,52,0,4
BRDA:229,53,0,3
BRDA:231,54,0,0
BRDA:233,55,0,1
BRDA:251,56,0,22
BRDA:252,57,0,0
BRDA:260,58,0,842
BRDA:261,59,0,7
BRDA:261,60,0,835
BRDA:267,61,0,62625
BRDA:270,62,0,835
BRDA:279,63,0,35
BRDA:285,64,0,4
BRDA:291,65,0,4
BRDA:296,66,0,103
BRDA:298,67,0,4
BRDA:297,68,0,206
BRDA:300,69,0,4
BRDA:308,70,0,80
BRDA:310,71,0,2
BRDA:329,72,0,19
BRDA:331,73,0,1
BRDA:339,74,0,76
BRDA:345,75,0,152
BRDA:356,76,0,79
BRDA:358,77,0,1
BRDA:358,78,0,78
BRDA:373,79,0,2
BRDA:381,80,0,0
BRDA:388,81,0,0
BRDA:397,82,0,1
BRDA:379,83,0,2
BRDA:401,84,0,1
BRDA:402,85,0,1
BRDA:406,86,0,1
BRDA:407,87,0,2
BRDA:408,88,0,2
BRDA:409,89,0,1
BRDA:411,90,0,0
BRDA:416,91,0,0
BRDA:415,92,0,1
BRDA:436,93,0,24
BRDA:440,94,0,0
BRDA:443,95,0,22
BRDA:446,96,0,21
BRDA:446,97,0,19
BRDA:446,98,0,19
BRDA:451,99,0,18
BRDA:454,100,0,1
BRDA:458,101,0,3
BRDA:462,102,0,20
BRDA:465,103,0,20
BRDA:467,104,0,10
BRDA:467,105,0,10
BRDA:468,106,0,20
BRDA:473,107,0,2
BRDA:474,108,0,0
BRDA:476,109,0,2
BRDA:477,110,0,1
BRDA:483,111,0,10
BRDA:484,112,0,0
BRDA:489,113,0,2
BRDA:503,114,0,0
BRDA:495,115,0,2
BRDA:496,116,0,1
BRDA:509,117,0,19
BRDA:517,118,0,19
BRDA:518,119,0,17
BRDA:518,120,0,7
BRDA:520,121,0,0
BRDA:528,122,0,26
BRDA:537,123,0,6
BRDA:538,124,0,0
BRDA:541,125,0,3
BRDA:541,126,0,2
BRDA:542,127,0,1
BRDA:544,128,0,1
BRDA:553,129,0,1
BRDA:557,130,0,5
BRDA:561,131,0,4
BRDA:565,132,0,1
BRDA:554,133,0,1
BRDA:555,134,0,1
BRDA:562,135,0,7
BRDA:563,136,0,4
BRDA:563,137,0,1
BRDA:572,138,0,58
BRDA:573,139,0,0
BRDA:574,140,0,116
BRDA:575,141,0,22
BRDA:578,142,0,94
BRDA:585,143,0,28
BRDA:586,144,0,1
BRDA:586,145,0,27
BRDA:596,146,0,12
BRDA:598,147,0,13
BRDA:599,148,0,3
BRDA:599,149,0,10
BRDA:600,150,0,10
BRDA:601,151,0,10
BRDA:602,152,0,0
BRDA:612,153,0,32
BRDA:615,154,0,31
BRDA:615,155,0,6
BRDA:615,156,0,26
BRDA:624,157,0,4
BRDA:625,158,0,0
BRDA:627,159,0,1
BRDA:627,160,0,3
BRDA:630,161,0,2
BRDA:631,162,0,2
BRDA:636,163,0,3
BRDA:637,164,0,0
BRDA:639,165,0,0
BRDA:642,166,0,2
BRDA:643,167,0,4
BRDA:648,168,0,2
BRDA:649,169,0,0
BRDA:651,170,0,0
BRDA:653,171,0,2
BRDA:660,172,0,242
BRDA:664,173,0,241
BRDA:664,174,0,1
BRDA:664,175,0,241
BRDA:666,176,0,58
BRDA:666,177,0,183
BRDA:667,178,0,58
BRDA:667,179,0,183
BRF:180
BRH:154
end_of_record
TN:
SF:app/javascript/controllers/mobile_footer_controller.js
FN:11,<static_initializer>
FN:13,connect
FN:25,disconnect
FN:31,onClick
FN:37,onSearchClick
FN:43,onPlaylistClick
FN:49,onFrameLoad
FN:56,updateActiveFromURL
FN:83,setActiveElement
FN:88,clearAllActive
FN:95,_applyActive
FN:100,_resolveHref
FNF:12
FNH:12
FNDA:8,<static_initializer>
FNDA:9,connect
FNDA:1,disconnect
FNDA:1,onClick
FNDA:1,onSearchClick
FNDA:1,onPlaylistClick
FNDA:11,onFrameLoad
FNDA:32,updateActiveFromURL
FNDA:4,setActiveElement
FNDA:37,clearAllActive
FNDA:36,_applyActive
FNDA:161,_resolveHref
DA:1,1
DA:2,1
DA:3,1
DA:4,1
DA:5,1
DA:6,1
DA:7,1
DA:8,1
DA:9,1
DA:10,1
DA:11,1
DA:12,1
DA:13,1
DA:14,9
DA:15,9
DA:16,9
DA:17,9
DA:18,9
DA:19,9
DA:20,9
DA:21,9
DA:22,9
DA:23,9
DA:24,1
DA:25,1
DA:26,1
DA:27,1
DA:28,1
DA:29,1
DA:30,1
DA:31,1
DA:32,1
DA:33,1
DA:34,1
DA:35,1
DA:36,1
DA:37,1
DA:38,1
DA:39,1
DA:40,1
DA:41,1
DA:42,1
DA:43,1
DA:44,1
DA:45,1
DA:46,1
DA:47,1
DA:48,1
DA:49,1
DA:50,11
DA:51,11
DA:52,11
DA:53,11
DA:54,1
DA:55,1
DA:56,1
DA:57,32
DA:58,32
DA:59,32
DA:60,32
DA:61,32
DA:62,32
DA:63,32
DA:64,32
DA:65,161
DA:66,161
DA:67,160
DA:68,161
DA:69,31
DA:70,31
DA:71,31
DA:72,32
DA:73,32
DA:74,32
DA:75,32
DA:76,1
DA:77,1
DA:78,1
DA:79,1
DA:80,1
DA:81,32
DA:82,1
DA:83,1
DA:84,4
DA:85,4
DA:86,4
DA:87,1
DA:88,1
DA:89,37
DA:90,186
DA:91,186
DA:92,37
DA:93,37
DA:94,1
DA:95,1
DA:96,36
DA:97,36
DA:98,36
DA:99,1
DA:100,1
DA:101,161
DA:102,161
DA:103,161
DA:104,161
DA:105,1
LF:105
LH:105
BRDA:11,0,0,8
BRDA:13,1,0,9
BRDA:25,2,0,1
BRDA:31,3,0,1
BRDA:37,4,0,1
BRDA:43,5,0,1
BRDA:49,6,0,11
BRDA:56,7,0,32
BRDA:75,8,0,1
BRDA:75,9,0,1
BRDA:64,10,0,161
BRDA:66,11,0,1
BRDA:66,12,0,160
BRDA:68,13,0,31
BRDA:77,14,0,1
BRDA:77,15,0,0
BRDA:83,16,0,4
BRDA:88,17,0,37
BRDA:89,18,0,186
BRDA:95,19,0,36
BRDA:100,20,0,161
BRDA:102,21,0,96
BRDA:102,22,0,65
BRDA:103,23,0,1
BRF:24
BRH:23
end_of_record
TN:
SF:app/javascript/controllers/mobile_super_search_controller.js
FN:5,<static_initializer>
FN:7,connect
FN:12,_onShown
FN:13,_onHidden
FN:15,_beforeCache
FN:16,_beforeRender
FN:29,disconnect
FN:41,open
FN:53,close
FN:58,beforeSubmit
FN:64,afterSubmit
FN:70,_hideIfExists
FN:78,_modalEl
FN:85,_scrub
FNF:14
FNH:14
FNDA:8,<static_initializer>
FNDA:15,connect
FNDA:1,_onShown
FNDA:2,_onHidden
FNDA:6,_beforeCache
FNDA:6,_beforeRender
FNDA:1,disconnect
FNDA:3,open
FNDA:2,close
FNDA:2,beforeSubmit
FNDA:2,afterSubmit
FNDA:19,_hideIfExists
FNDA:27,_modalEl
FNDA:4,_scrub
DA:1,1
DA:2,1
DA:3,1
DA:4,1
DA:5,1
DA:6,1
DA:7,1
DA:8,15
DA:9,15
DA:10,15
DA:11,15
DA:12,15
DA:13,15
DA:14,15
DA:15,15
DA:16,15
DA:17,15
DA:18,15
DA:19,9
DA:20,9
DA:21,9
DA:22,9
DA:23,9
DA:24,9
DA:25,9
DA:26,9
DA:27,15
DA:28,1
DA:29,1
DA:30,1
DA:31,1
DA:32,1
DA:33,1
DA:34,1
DA:35,1
DA:36,1
DA:37,1
DA:38,1
DA:39,1
DA:40,1
DA:41,1
DA:42,3
DA:43,3
DA:44,3
DA:45,2
DA:46,2
DA:47,2
DA:48,2
DA:49,2
DA:50,2
DA:51,2
DA:52,1
DA:53,1
DA:54,2
DA:55,2
DA:56,2
DA:57,1
DA:58,1
DA:59,2
DA:60,2
DA:61,2
DA:62,2
DA:63,1
DA:64,1
DA:65,2
DA:66,2
DA:67,2
DA:68,1
DA:69,1
DA:70,1
DA:71,19
DA:72,19
DA:73,7
DA:74,19
DA:75,19
DA:76,19
DA:77,1
DA:78,1
DA:79,27
DA:80,27
DA:81,27
DA:82,27
DA:83,27
DA:84,1
DA:85,1
DA:86,4
DA:87,4
DA:88,4
DA:89,4
DA:90,4
DA:91,1
LF:91
LH:91
BRDA:5,0,0,8
BRDA:7,1,0,15
BRDA:18,2,0,9
BRDA:12,3,0,1
BRDA:13,4,0,2
BRDA:15,5,0,6
BRDA:16,6,0,6
BRDA:29,7,0,1
BRDA:41,8,0,3
BRDA:44,9,0,1
BRDA:44,10,0,2
BRDA:53,11,0,2
BRDA:54,12,0,1
BRDA:58,13,0,2
BRDA:61,14,0,1
BRDA:64,15,0,2
BRDA:66,16,0,1
BRDA:70,17,0,19
BRDA:72,18,0,18
BRDA:72,19,0,12
BRDA:72,20,0,7
BRDA:75,21,0,0
BRDA:78,22,0,27
BRDA:79,23,0,21
BRDA:80,24,0,6
BRDA:80,25,0,2
BRDA:81,26,0,4
BRDA:81,27,0,2
BRDA:82,28,0,2
BRDA:82,29,0,2
BRDA:85,30,0,4
BRDA:86,31,0,2
BRF:32
BRH:31
end_of_record
TN:
SF:app/javascript/controllers/modal_controller.js
FN:8,connect
FN:17,m.addEventListener.once
FN:37,_onHidden
FN:51,disconnect
FN:61,m.addEventListener.once
FN:82,m.addEventListener.once
FNF:6
FNH:5
FNDA:5,connect
FNDA:5,m.addEventListener.once
FNDA:1,_onHidden
FNDA:0,disconnect
FNDA:3,m.addEventListener.once
FNDA:8,m.addEventListener.once
DA:1,1
DA:2,1
DA:3,1
DA:4,1
DA:5,1
DA:6,1
DA:7,1
DA:8,1
DA:9,5
DA:10,5
DA:11,5
DA:12,5
DA:13,5
DA:14,5
DA:15,5
DA:16,5
DA:17,5
DA:18,5
DA:19,5
DA:20,5
DA:21,5
DA:22,5
DA:23,5
DA:24,5
DA:25,5
DA:26,5
DA:27,5
DA:28,5
DA:29,5
DA:30,5
DA:31,5
DA:32,5
DA:33,5
DA:34,5
DA:35,5
DA:36,5
DA:37,5
DA:38,1
DA:39,1
DA:40,1
DA:41,1
DA:42,1
DA:43,1
DA:44,1
DA:45,1
DA:46,1
DA:47,1
DA:48,5
DA:49,5
DA:50,1
DA:51,1
DA:52,0
DA:53,0
DA:54,0
DA:55,1
DA:56,1
DA:57,1
DA:58,1
DA:59,3
DA:60,3
DA:61,3
DA:62,3
DA:63,3
DA:64,3
DA:65,3
DA:66,3
DA:67,3
DA:68,3
DA:69,3
DA:70,3
DA:71,1
DA:72,1
DA:73,13
DA:74,13
DA:75,13
DA:76,13
DA:77,13
DA:78,13
DA:79,13
DA:80,8
DA:81,8
DA:82,8
DA:83,8
DA:84,8
DA:85,8
DA:86,8
DA:87,8
DA:88,8
DA:89,13
LF:89
LH:86
BRDA:8,0,0,5
BRDA:10,1,0,5
BRDA:15,2,0,5
BRDA:17,3,0,5
BRDA:18,4,0,0
BRDA:34,5,0,5
BRDA:34,6,0,0
BRDA:37,7,0,1
BRDA:38,8,0,0
BRDA:58,9,0,3
BRDA:59,10,0,3
BRDA:61,11,0,3
BRDA:62,12,0,0
BRDA:67,13,0,1
BRDA:72,14,0,13
BRDA:74,15,0,0
BRDA:79,16,0,8
BRDA:79,17,0,8
BRDA:80,18,0,8
BRDA:82,19,0,8
BRDA:83,20,0,0
BRF:21
BRH:15
end_of_record
TN:
SF:app/javascript/controllers/noonclick_controller.js
FN:5,goToRecommended
FN:9,closeWindow
FN:13,confirmDelete
FNF:3
FNH:3
FNDA:1,goToRecommended
FNDA:1,closeWindow
FNDA:2,confirmDelete
DA:1,1
DA:2,1
DA:3,1
DA:4,1
DA:5,1
DA:6,1
DA:7,1
DA:8,1
DA:9,1
DA:10,1
DA:11,1
DA:12,1
DA:13,1
DA:14,2
DA:15,1
DA:16,1
DA:17,1
DA:18,2
DA:19,1
LF:19
LH:19
BRDA:5,0,0,1
BRDA:9,1,0,1
BRDA:13,2,0,2
BRDA:14,3,0,1
BRF:4
BRH:4
end_of_record
TN:
SF:app/javascript/controllers/playlist_modal_controller.js
FN:21,<static_initializer>
FN:26,connect
FN:38,_onHidden
FN:49,disconnect
FN:61,open
FN:100,close
FN:109,#closeAllModals
FN:124,#cleanupBackdropsAndBody
FN:138,#cleanupSwalArtifacts
FN:160,runGlobalOverlayCleanup
FNF:10
FNH:10
FNDA:18,<static_initializer>
FNDA:12,connect
FNDA:1,_onHidden
FNDA:1,disconnect
FNDA:7,open
FNDA:1,close
FNDA:6,#closeAllModals
FNDA:19,#cleanupBackdropsAndBody
FNDA:19,#cleanupSwalArtifacts
FNDA:29,runGlobalOverlayCleanup
DA:1,1
DA:2,1
DA:3,1
DA:4,1
DA:5,1
DA:6,1
DA:7,1
DA:8,1
DA:9,1
DA:10,1
DA:11,1
DA:12,1
DA:13,1
DA:14,1
DA:15,1
DA:16,1
DA:17,1
DA:18,1
DA:19,1
DA:20,1
DA:21,1
DA:22,18
DA:23,18
DA:24,18
DA:25,1
DA:26,1
DA:27,12
DA:28,12
DA:29,12
DA:30,1
DA:31,1
DA:32,1
DA:33,11
DA:34,11
DA:35,11
DA:36,11
DA:37,11
DA:38,11
DA:39,1
DA:40,1
DA:41,1
DA:42,1
DA:43,1
DA:44,1
DA:45,1
DA:46,11
DA:47,11
DA:48,1
DA:49,1
DA:50,1
DA:51,1
DA:52,1
DA:53,1
DA:54,1
DA:55,1
DA:56,1
DA:57,1
DA:58,1
DA:59,1
DA:60,1
DA:61,1
DA:62,7
DA:63,7
DA:64,7
DA:65,1
DA:66,1
DA:67,1
DA:68,6
DA:69,6
DA:70,6
DA:71,6
DA:72,6
DA:73,6
DA:74,6
DA:75,6
DA:76,6
DA:77,6
DA:78,6
DA:79,6
DA:80,6
DA:81,6
DA:82,6
DA:83,6
DA:84,6
DA:85,6
DA:86,5
DA:87,5
DA:88,5
DA:89,12
DA:90,12
DA:91,12
DA:92,12
DA:93,12
DA:94,5
DA:95,5
DA:96,6
DA:97,6
DA:98,1
DA:99,1
DA:100,1
DA:101,1
DA:102,1
DA:103,1
DA:104,1
DA:105,1
DA:106,1
DA:107,1
DA:108,1
DA:109,1
DA:110,6
DA:111,6
DA:112,6
DA:113,6
DA:114,6
DA:115,6
DA:116,6
DA:117,6
DA:118,6
DA:119,6
DA:120,6
DA:121,6
DA:122,6
DA:123,1
DA:124,1
DA:125,19
DA:126,19
DA:127,19
DA:128,19
DA:129,19
DA:130,19
DA:131,19
DA:132,19
DA:133,19
DA:134,19
DA:135,19
DA:136,19
DA:137,1
DA:138,1
DA:139,19
DA:140,19
DA:141,19
DA:142,19
DA:143,19
DA:144,19
DA:145,19
DA:146,19
DA:147,95
DA:148,25
DA:149,3
DA:150,3
DA:151,3
DA:152,3
DA:153,95
DA:154,19
DA:155,19
DA:156,19
DA:157,1
DA:158,1
DA:159,1
DA:160,29
DA:161,29
DA:162,29
DA:163,5
DA:164,5
DA:165,5
DA:166,5
DA:167,5
DA:168,5
DA:169,5
DA:170,5
DA:171,29
DA:172,29
DA:173,29
DA:174,29
DA:175,29
DA:176,29
DA:177,29
DA:178,29
DA:179,29
DA:180,29
DA:181,145
DA:182,24
DA:183,22
DA:184,22
DA:185,22
DA:186,22
DA:187,145
DA:188,29
DA:189,29
DA:190,29
DA:191,29
DA:192,1
DA:193,1
DA:194,20
DA:195,20
DA:196,1
DA:197,1
DA:198,9
DA:199,9
LF:199
LH:199
BRDA:21,0,0,18
BRDA:26,1,0,12
BRDA:29,2,0,1
BRDA:32,3,0,11
BRDA:38,4,0,1
BRDA:42,5,0,0
BRDA:49,6,0,1
BRDA:55,7,0,0
BRDA:61,8,0,7
BRDA:62,9,0,1
BRDA:64,10,0,1
BRDA:67,11,0,6
BRDA:83,12,0,6
BRDA:85,13,0,5
BRDA:88,14,0,12
BRDA:100,15,0,1
BRDA:101,16,0,0
BRDA:102,17,0,0
BRDA:109,18,0,6
BRDA:110,19,0,6
BRDA:115,20,0,0
BRDA:124,21,0,19
BRDA:138,22,0,19
BRDA:146,23,0,95
BRDA:147,24,0,25
BRDA:148,25,0,3
BRDA:160,26,0,29
BRDA:162,27,0,5
BRDA:166,28,0,0
BRDA:180,29,0,145
BRDA:181,30,0,24
BRDA:182,31,0,22
BRDA:193,32,0,20
BRDA:197,33,0,9
BRF:34
BRH:28
end_of_record
TN:
SF:app/javascript/controllers/push_controller.js
FN:5,connect
FN:46,_urlBase64ToUint8Array
FNF:2
FNH:2
FNDA:7,connect
FNDA:3,_urlBase64ToUint8Array
DA:1,1
DA:2,1
DA:3,1
DA:4,1
DA:5,1
DA:6,7
DA:7,6
DA:8,6
DA:9,7
DA:10,3
DA:11,3
DA:12,3
DA:13,7
DA:14,2
DA:15,2
DA:16,2
DA:17,2
DA:18,2
DA:19,7
DA:20,1
DA:21,1
DA:22,1
DA:23,1
DA:24,1
DA:25,1
DA:26,2
DA:27,2
DA:28,2
DA:29,2
DA:30,2
DA:31,2
DA:32,2
DA:33,2
DA:34,2
DA:35,2
DA:36,2
DA:37,2
DA:38,2
DA:39,2
DA:40,2
DA:41,7
DA:42,1
DA:43,1
DA:44,7
DA:45,1
DA:46,1
DA:47,3
DA:48,3
DA:49,3
DA:50,3
DA:51,3
DA:52,1
LF:52
LH:52
BRDA:5,0,0,7
BRDA:6,1,0,1
BRDA:6,2,0,6
BRDA:8,3,0,5
BRDA:9,4,0,2
BRDA:9,5,0,3
BRDA:13,6,0,1
BRDA:13,7,0,2
BRDA:19,8,0,1
BRDA:21,9,0,0
BRDA:25,10,0,2
BRDA:41,11,0,1
BRDA:46,12,0,3
BRDA:50,13,0,15
BRF:14
BRH:13
end_of_record
TN:
SF:app/javascript/controllers/reaction_controller.js
FN:9,<static_initializer>
FN:11,toggle
FNF:2
FNH:2
FNDA:8,<static_initializer>
FNDA:7,toggle
DA:1,1
DA:2,1
DA:3,1
DA:4,1
DA:5,1
DA:6,1
DA:7,1
DA:8,1
DA:9,1
DA:10,1
DA:11,1
DA:12,7
DA:13,7
DA:14,7
DA:15,7
DA:16,7
DA:17,7
DA:18,7
DA:19,7
DA:20,7
DA:21,7
DA:22,7
DA:23,7
DA:24,7
DA:25,7
DA:26,7
DA:27,7
DA:28,3
DA:29,3
DA:30,7
DA:31,4
DA:32,4
DA:33,4
DA:34,7
DA:35,7
DA:36,7
DA:37,7
DA:38,7
DA:39,7
DA:40,7
DA:41,7
DA:42,7
DA:43,7
DA:44,7
DA:45,7
DA:46,7
DA:47,7
DA:48,7
DA:49,6
DA:50,1
DA:51,1
DA:52,7
DA:53,7
DA:54,1
DA:55,7
DA:56,7
DA:57,1
LF:57
LH:57
BRDA:9,0,0,8
BRDA:11,1,0,7
BRDA:18,2,0,0
BRDA:20,3,0,5
BRDA:20,4,0,2
BRDA:21,5,0,5
BRDA:21,6,0,2
BRDA:27,7,0,3
BRDA:30,8,0,4
BRDA:47,9,0,6
BRDA:48,10,0,6
BRDA:49,11,0,1
BRDA:53,12,0,1
BRF:13
BRH:12
end_of_record
TN:
SF:app/javascript/controllers/record_btn_controller.js
FN:4,hide
FN:8,connect
FNF:2
FNH:2
FNDA:1,hide
FNDA:4,connect
DA:1,1
DA:2,1
DA:3,1
DA:4,1
DA:5,1
DA:6,1
DA:7,1
DA:8,1
DA:9,4
DA:10,2
DA:11,4
DA:12,4
DA:13,5
DA:14,4
DA:15,4
DA:16,1
LF:16
LH:16
BRDA:4,0,0,1
BRDA:8,1,0,4
BRDA:9,2,0,2
BRDA:12,3,0,5
BRF:4
BRH:4
end_of_record
TN:
SF:app/javascript/controllers/redirect_controller.js
FN:5,connect
FNF:1
FNH:1
FNDA:2,connect
DA:1,1
DA:2,1
DA:3,1
DA:4,1
DA:5,1
DA:6,2
DA:7,2
DA:8,2
DA:9,2
DA:10,1
LF:10
LH:10
BRDA:5,0,0,2
BRDA:6,1,0,2
BRF:2
BRH:2
end_of_record
TN:
SF:app/javascript/controllers/search_music_controller.js
FN:7,<static_initializer>
FN:9,connect
FN:14,search
FN:38,renderPage
FN:136,prevPage
FN:143,nextPage
FN:150,select
FN:175,confirm
FN:179,backToSearch
FN:200,fetchAndSwap
FNF:10
FNH:10
FNDA:11,<static_initializer>
FNDA:21,connect
FNDA:8,search
FNDA:11,renderPage
FNDA:2,prevPage
FNDA:3,nextPage
FNDA:2,select
FNDA:2,confirm
FNDA:4,backToSearch
FNDA:4,fetchAndSwap
DA:1,1
DA:2,1
DA:3,1
DA:4,1
DA:5,1
DA:6,1
DA:7,1
DA:8,1
DA:9,1
DA:10,21
DA:11,21
DA:12,21
DA:13,1
DA:14,1
DA:15,8
DA:16,8
DA:17,6
DA:18,6
DA:19,6
DA:20,6
DA:21,6
DA:22,6
DA:23,6
DA:24,6
DA:25,8
DA:26,3
DA:27,3
DA:28,3
DA:29,3
DA:30,3
DA:31,3
DA:32,3
DA:33,8
DA:34,6
DA:35,6
DA:36,8
DA:37,1
DA:38,1
DA:39,11
DA:40,11
DA:41,1
DA:42,1
DA:43,1
DA:44,10
DA:45,10
DA:46,10
DA:47,10
DA:48,10
DA:49,10
DA:50,57
DA:51,57
DA:52,57
DA:53,57
DA:54,57
DA:55,57
DA:56,57
DA:57,57
DA:58,57
DA:59,57
DA:60,57
DA:61,57
DA:62,57
DA:63,57
DA:64,57
DA:65,57
DA:66,57
DA:67,57
DA:68,57
DA:69,57
DA:70,57
DA:71,57
DA:72,57
DA:73,57
DA:74,57
DA:75,57
DA:76,57
DA:77,57
DA:78,57
DA:79,57
DA:80,57
DA:81,57
DA:82,57
DA:83,57
DA:84,57
DA:85,57
DA:86,57
DA:87,57
DA:88,57
DA:89,57
DA:90,57
DA:91,57
DA:92,57
DA:93,57
DA:94,57
DA:95,57
DA:96,57
DA:97,57
DA:98,57
DA:99,57
DA:100,57
DA:101,57
DA:102,57
DA:103,57
DA:104,57
DA:105,10
DA:106,10
DA:107,10
DA:108,10
DA:109,10
DA:110,10
DA:111,11
DA:112,2
DA:113,2
DA:114,2
DA:115,2
DA:116,2
DA:117,2
DA:118,2
DA:119,10
DA:120,10
DA:121,10
DA:122,10
DA:123,10
DA:124,11
DA:125,4
DA:126,4
DA:127,4
DA:128,4
DA:129,4
DA:130,4
DA:131,4
DA:132,10
DA:133,10
DA:134,10
DA:135,1
DA:136,1
DA:137,2
DA:138,2
DA:139,2
DA:140,2
DA:141,2
DA:142,1
DA:143,1
DA:144,3
DA:145,2
DA:146,2
DA:147,2
DA:148,3
DA:149,1
DA:150,1
DA:151,2
DA:152,2
DA:153,2
DA:154,2
DA:155,2
DA:156,2
DA:157,2
DA:158,2
DA:159,2
DA:160,2
DA:161,2
DA:162,2
DA:163,2
DA:164,2
DA:165,2
DA:166,2
DA:167,2
DA:168,2
DA:169,2
DA:170,2
DA:171,2
DA:172,2
DA:173,2
DA:174,1
DA:175,1
DA:176,2
DA:177,2
DA:178,1
DA:179,1
DA:180,4
DA:181,4
DA:182,4
DA:183,4
DA:184,4
DA:185,4
DA:186,4
DA:187,4
DA:188,3
DA:189,3
DA:190,3
DA:191,3
DA:192,4
DA:193,3
DA:194,4
DA:195,1
DA:196,1
DA:197,1
DA:198,4
DA:199,1
DA:200,1
DA:201,4
DA:202,4
DA:203,4
DA:204,4
DA:205,4
DA:206,4
DA:207,3
DA:208,3
DA:209,3
DA:210,4
DA:211,1
DA:212,1
DA:213,1
DA:214,3
DA:215,3
DA:216,4
DA:217,4
DA:218,4
DA:219,1
DA:220,1
DA:221,1
DA:222,4
DA:223,1
LF:223
LH:223
BRDA:7,0,0,11
BRDA:9,1,0,21
BRDA:14,2,0,8
BRDA:16,3,0,2
BRDA:16,4,0,6
BRDA:25,5,0,3
BRDA:25,6,0,2
BRDA:25,7,0,1
BRDA:33,8,0,6
BRDA:24,9,0,1
BRDA:38,10,0,11
BRDA:40,11,0,1
BRDA:43,12,0,10
BRDA:111,13,0,2
BRDA:118,14,0,10
BRDA:124,15,0,4
BRDA:131,16,0,10
BRDA:49,17,0,57
BRDA:57,18,0,56
BRDA:136,19,0,2
BRDA:143,20,0,3
BRDA:144,21,0,2
BRDA:150,22,0,2
BRDA:154,23,0,2
BRDA:175,24,0,2
BRDA:179,25,0,4
BRDA:181,26,0,3
BRDA:187,27,0,1
BRDA:187,28,0,3
BRDA:192,29,0,2
BRDA:192,30,0,3
BRDA:194,31,0,1
BRDA:194,32,0,1
BRDA:194,33,0,1
BRDA:200,34,0,4
BRDA:206,35,0,1
BRDA:206,36,0,3
BRDA:210,37,0,1
BRDA:210,38,0,1
BRDA:212,39,0,0
BRDA:213,40,0,3
BRDA:216,41,0,2
BRDA:218,42,0,1
BRF:43
BRH:42
end_of_record
TN:
SF:app/javascript/controllers/soundcloud_controller.js
FN:5,open
FNF:1
FNH:1
FNDA:5,open
DA:1,1
DA:2,1
DA:3,1
DA:4,1
DA:5,1
DA:6,5
DA:7,5
DA:8,5
DA:9,5
DA:10,5
DA:11,5
DA:12,5
DA:13,5
DA:14,5
DA:15,5
DA:16,5
DA:17,4
DA:18,3
DA:19,3
DA:20,3
DA:21,5
DA:22,5
DA:23,1
LF:23
LH:23
BRDA:5,0,0,5
BRDA:16,1,0,4
BRDA:17,2,0,3
BRDA:17,3,0,3
BRF:4
BRH:4
end_of_record
TN:
SF:app/javascript/controllers/submit_handler_controller.js
FN:6,<static_initializer>
FN:8,connect
FN:24,getHPFromForm
FN:38,saveHPBeforeFetch
FN:49,submit
FN:135,redirect
FNF:6
FNH:6
FNDA:8,<static_initializer>
FNDA:22,connect
FNDA:36,getHPFromForm
FNDA:18,saveHPBeforeFetch
FNDA:15,submit
FNDA:11,redirect
DA:1,1
DA:2,1
DA:3,1
DA:4,1
DA:5,1
DA:6,1
DA:7,1
DA:8,1
DA:9,22
DA:10,22
DA:11,22
DA:12,22
DA:13,22
DA:14,2
DA:15,2
DA:16,1
DA:17,1
DA:18,1
DA:19,1
DA:20,22
DA:21,22
DA:22,1
DA:23,1
DA:24,1
DA:25,36
DA:26,36
DA:27,36
DA:28,36
DA:29,36
DA:30,36
DA:31,36
DA:32,30
DA:33,36
DA:34,29
DA:35,29
DA:36,1
DA:37,1
DA:38,1
DA:39,18
DA:40,18
DA:41,3
DA:42,3
DA:43,3
DA:44,15
DA:45,18
DA:46,15
DA:47,15
DA:48,1
DA:49,1
DA:50,15
DA:51,15
DA:52,15
DA:53,15
DA:54,15
DA:55,15
DA:56,15
DA:57,15
DA:58,15
DA:59,15
DA:60,15
DA:61,15
DA:62,15
DA:63,15
DA:64,15
DA:65,15
DA:66,15
DA:67,15
DA:68,15
DA:69,14
DA:70,14
DA:71,14
DA:72,14
DA:73,12
DA:74,12
DA:75,12
DA:76,12
DA:77,12
DA:78,12
DA:79,12
DA:80,12
DA:81,12
DA:82,12
DA:83,12
DA:84,12
DA:85,12
DA:86,12
DA:87,12
DA:88,2
DA:89,2
DA:90,1
DA:91,1
DA:92,1
DA:93,1
DA:94,2
DA:95,12
DA:96,12
DA:97,12
DA:98,12
DA:99,12
DA:100,10
DA:101,10
DA:102,10
DA:103,10
DA:104,12
DA:105,12
DA:106,12
DA:107,12
DA:108,12
DA:109,12
DA:110,12
DA:111,12
DA:112,12
DA:113,12
DA:114,12
DA:115,12
DA:116,12
DA:117,3
DA:118,3
DA:119,3
DA:120,3
DA:121,3
DA:122,12
DA:123,9
DA:124,2
DA:125,2
DA:126,2
DA:127,2
DA:128,2
DA:129,2
DA:130,2
DA:131,2
DA:132,12
DA:133,12
DA:134,12
DA:135,12
DA:136,12
DA:137,6
DA:138,6
DA:139,6
DA:140,6
DA:141,6
DA:142,6
DA:143,6
DA:144,6
DA:145,6
DA:146,6
DA:147,6
DA:148,6
DA:149,14
DA:150,2
DA:151,2
DA:152,2
DA:153,2
DA:154,2
DA:155,2
DA:156,2
DA:157,2
DA:158,2
DA:159,2
DA:160,2
DA:161,2
DA:162,15
DA:163,15
DA:164,1
DA:165,1
DA:166,1
DA:167,1
DA:168,1
DA:169,1
DA:170,1
DA:171,1
DA:172,1
DA:173,1
DA:174,1
DA:175,15
DA:176,15
DA:177,15
DA:178,15
DA:179,15
DA:180,15
DA:181,15
DA:182,1
LF:182
LH:182
BRDA:6,0,0,8
BRDA:8,1,0,22
BRDA:10,2,0,20
BRDA:13,3,0,2
BRDA:15,4,0,1
BRDA:16,5,0,1
BRDA:24,6,0,36
BRDA:26,7,0,10
BRDA:27,8,0,9
BRDA:28,9,0,9
BRDA:29,10,0,8
BRDA:31,11,0,6
BRDA:31,12,0,30
BRDA:33,13,0,1
BRDA:33,14,0,29
BRDA:38,15,0,18
BRDA:40,16,0,3
BRDA:43,17,0,15
BRDA:45,18,0,14
BRDA:45,19,0,15
BRDA:49,20,0,15
BRDA:53,21,0,14
BRDA:54,22,0,14
BRDA:68,23,0,14
BRDA:70,24,0,13
BRDA:70,25,0,1
BRDA:72,26,0,12
BRDA:87,27,0,2
BRDA:89,28,0,1
BRDA:99,29,0,10
BRDA:109,30,0,2
BRDA:110,31,0,2
BRDA:111,32,0,2
BRDA:112,33,0,2
BRDA:115,34,0,10
BRDA:115,35,0,8
BRDA:116,36,0,3
BRDA:116,37,0,3
BRDA:122,38,0,9
BRDA:122,39,0,7
BRDA:122,40,0,5
BRDA:123,41,0,2
BRDA:123,42,0,2
BRDA:136,43,0,6
BRDA:149,44,0,2
BRDA:154,45,0,1
BRDA:154,46,0,1
BRDA:135,47,0,11
BRDA:135,48,0,10
BRDA:163,49,0,1
BRDA:176,50,0,15
BRDA:177,51,0,14
BRDA:178,52,0,14
BRF:53
BRH:53
end_of_record
TN:
SF:app/javascript/controllers/tag_autocomplete_controller.js
FN:4,<static_initializer>
FN:6,connect
FN:8,fetchSuggestionsBound
FN:23,fetchSuggestions
FN:43,li.onclick
FN:54,selectSuggestion
FN:63,closeSuggestions
FNF:7
FNH:7
FNDA:8,<static_initializer>
FNDA:8,connect
FNDA:7,fetchSuggestionsBound
FNDA:9,fetchSuggestions
FNDA:1,li.onclick
FNDA:1,selectSuggestion
FNDA:19,closeSuggestions
DA:1,1
DA:2,1
DA:3,1
DA:4,1
DA:5,1
DA:6,1
DA:7,8
DA:8,8
DA:9,8
DA:10,8
DA:11,1
DA:12,8
DA:13,8
DA:14,8
DA:15,1
DA:16,1
DA:17,8
DA:18,8
DA:19,8
DA:20,8
DA:21,8
DA:22,1
DA:23,1
DA:24,9
DA:25,7
DA:26,7
DA:27,9
DA:28,1
DA:29,1
DA:30,1
DA:31,6
DA:32,6
DA:33,6
DA:34,6
DA:35,5
DA:36,5
DA:37,5
DA:38,8
DA:39,8
DA:40,8
DA:41,8
DA:42,8
DA:43,8
DA:44,8
DA:45,8
DA:46,5
DA:47,6
DA:48,6
DA:49,1
DA:50,1
DA:51,6
DA:52,6
DA:53,1
DA:54,1
DA:55,1
DA:56,1
DA:57,1
DA:58,1
DA:59,1
DA:60,1
DA:61,1
DA:62,1
DA:63,1
DA:64,19
DA:65,18
DA:66,18
DA:67,19
DA:68,1
LF:68
LH:68
BRDA:4,0,0,8
BRDA:6,1,0,8
BRDA:8,2,0,7
BRDA:10,3,0,1
BRDA:14,4,0,1
BRDA:23,5,0,9
BRDA:24,6,0,2
BRDA:24,7,0,7
BRDA:27,8,0,1
BRDA:30,9,0,6
BRDA:33,10,0,5
BRDA:34,11,0,5
BRDA:37,12,0,8
BRDA:39,13,0,5
BRDA:43,14,0,1
BRDA:48,15,0,1
BRDA:54,16,0,1
BRDA:58,17,0,1
BRDA:63,18,0,19
BRDA:64,19,0,18
BRF:20
BRH:20
end_of_record
TN:
SF:app/javascript/controllers/tag_input_controller.js
FN:4,<static_initializer>
FN:6,connect
FN:20,keydown
FN:53,filterSuggestions
FN:74,_addTag
FN:80,_renderTags
FN:102,clearSuggestions
FN:106,_clearInput
FNF:8
FNH:8
FNDA:8,<static_initializer>
FNDA:14,connect
FNDA:7,keydown
FNDA:2,filterSuggestions
FNDA:3,_addTag
FNDA:24,_renderTags
FNDA:10,clearSuggestions
FNDA:8,_clearInput
DA:1,1
DA:2,1
DA:3,1
DA:4,1
DA:5,1
DA:6,1
DA:7,14
DA:8,14
DA:9,14
DA:10,14
DA:11,14
DA:12,14
DA:13,13
DA:14,13
DA:15,14
DA:16,14
DA:17,14
DA:18,14
DA:19,1
DA:20,1
DA:21,7
DA:22,6
DA:23,6
DA:24,6
DA:25,6
DA:26,6
DA:27,7
DA:28,5
DA:29,7
DA:30,1
DA:31,1
DA:32,1
DA:33,4
DA:34,7
DA:35,1
DA:36,1
DA:37,1
DA:38,3
DA:39,7
DA:40,1
DA:41,1
DA:42,1
DA:43,2
DA:44,7
DA:45,1
DA:46,1
DA:47,1
DA:48,1
DA:49,1
DA:50,1
DA:51,1
DA:52,1
DA:53,1
DA:54,2
DA:55,2
DA:56,1
DA:57,1
DA:58,1
DA:59,1
DA:60,1
DA:61,1
DA:62,2
DA:63,2
DA:64,2
DA:65,2
DA:66,1
DA:67,1
DA:68,2
DA:69,2
DA:70,1
DA:71,1
DA:72,1
DA:73,1
DA:74,1
DA:75,3
DA:76,3
DA:77,3
DA:78,3
DA:79,1
DA:80,1
DA:81,24
DA:82,24
DA:83,61
DA:84,61
DA:85,61
DA:86,61
DA:87,61
DA:88,61
DA:89,61
DA:90,61
DA:91,61
DA:92,6
DA:93,6
DA:94,6
DA:95,61
DA:96,61
DA:97,61
DA:98,61
DA:99,24
DA:100,24
DA:101,1
DA:102,1
DA:103,10
DA:104,10
DA:105,1
DA:106,1
DA:107,8
DA:108,8
DA:109,8
DA:110,1
LF:110
LH:110
BRDA:4,0,0,8
BRDA:6,1,0,14
BRDA:12,2,0,13
BRDA:13,3,0,52
BRDA:20,4,0,7
BRDA:21,5,0,1
BRDA:21,6,0,6
BRDA:27,7,0,1
BRDA:28,8,0,5
BRDA:29,9,0,1
BRDA:32,10,0,4
BRDA:34,11,0,1
BRDA:37,12,0,3
BRDA:39,13,0,1
BRDA:42,14,0,2
BRDA:44,15,0,1
BRDA:53,16,0,2
BRDA:55,17,0,1
BRDA:58,18,0,1
BRDA:59,19,0,1
BRDA:61,20,0,2
BRDA:65,21,0,1
BRDA:74,22,0,3
BRDA:80,23,0,24
BRDA:82,24,0,61
BRDA:91,25,0,6
BRDA:92,26,0,17
BRDA:102,27,0,10
BRDA:106,28,0,8
BRF:29
BRH:29
end_of_record
TN:
SF:app/javascript/controllers/view_switcher_controller.js
FN:4,connect
FN:18,disconnect
FN:25,switchView
FN:71,highlightActiveFooter
FNF:4
FNH:4
FNDA:8,connect
FNDA:9,disconnect
FNDA:10,switchView
FNDA:18,highlightActiveFooter
DA:1,1
DA:2,1
DA:3,1
DA:4,1
DA:5,8
DA:6,8
DA:7,8
DA:8,8
DA:9,8
DA:10,8
DA:11,8
DA:12,8
DA:13,8
DA:14,8
DA:15,8
DA:16,8
DA:17,1
DA:18,1
DA:19,9
DA:20,9
DA:21,9
DA:22,9
DA:23,9
DA:24,1
DA:25,1
DA:26,10
DA:27,10
DA:28,10
DA:29,10
DA:30,10
DA:31,10
DA:32,10
DA:33,10
DA:34,10
DA:35,10
DA:36,10
DA:37,10
DA:38,10
DA:39,10
DA:40,10
DA:41,10
DA:42,4
DA:43,10
DA:44,1
DA:45,1
DA:46,1
DA:47,9
DA:48,10
DA:49,2
DA:50,1
DA:51,1
DA:52,2
DA:53,1
DA:54,1
DA:55,2
DA:56,2
DA:57,7
DA:58,10
DA:59,3
DA:60,3
DA:61,10
DA:62,4
DA:63,4
DA:64,4
DA:65,7
DA:66,7
DA:67,7
DA:68,7
DA:69,1
DA:70,1
DA:71,1
DA:72,18
DA:73,18
DA:74,20
DA:75,18
DA:76,18
DA:77,18
DA:78,18
DA:79,18
DA:80,18
DA:81,7
DA:82,2
DA:83,7
DA:84,7
DA:85,18
DA:86,18
DA:87,1
DA:88,1
DA:89,1
DA:90,1
DA:91,18
DA:92,18
DA:93,2
DA:94,1
DA:95,2
DA:96,2
DA:97,18
DA:98,18
DA:99,18
DA:100,1
DA:101,1
DA:102,1
DA:103,1
DA:104,18
DA:105,18
DA:106,1
LF:106
LH:106
BRDA:4,0,0,8
BRDA:18,1,0,9
BRDA:25,2,0,10
BRDA:41,3,0,4
BRDA:43,4,0,1
BRDA:46,5,0,9
BRDA:48,6,0,8
BRDA:48,7,0,2
BRDA:49,8,0,1
BRDA:52,9,0,1
BRDA:56,10,0,7
BRDA:58,11,0,3
BRDA:61,12,0,4
BRDA:64,13,0,7
BRDA:34,14,0,10
BRDA:71,15,0,18
BRDA:80,16,0,16
BRDA:80,17,0,11
BRDA:80,18,0,7
BRDA:86,19,0,1
BRDA:92,20,0,2
BRDA:99,21,0,1
BRDA:73,22,0,20
BRDA:81,23,0,2
BRDA:87,24,0,1
BRDA:93,25,0,1
BRDA:100,26,0,1
BRF:27
BRH:27
end_of_record
TN:
SF:app/javascript/custom/comments.js
FN:2,createComment
FN:22,onComplete
FNF:2
FNH:2
FNDA:4,createComment
FNDA:4,onComplete
DA:1,1
DA:2,2
DA:3,4
DA:4,4
DA:5,4
DA:6,4
DA:7,4
DA:8,4
DA:9,4
DA:10,4
DA:11,4
DA:12,4
DA:13,4
DA:14,4
DA:15,4
DA:16,4
DA:17,4
DA:18,4
DA:19,4
DA:20,4
DA:21,4
DA:22,4
DA:23,4
DA:24,4
DA:25,4
DA:26,4
DA:27,2
DA:28,2
DA:29,2
DA:30,4
DA:31,2
DA:32,1
LF:32
LH:32
BRDA:1,0,0,2
BRDA:2,1,0,4
BRDA:22,2,0,4
BRDA:29,3,0,4
BRF:4
BRH:4
end_of_record
TN:
SF:app/javascript/custom/flash_messages.js
FN:5,showFlashSwal
FN:37,didClose
FN:65,didClose
FN:116,didClose
FNF:4
FNH:4
FNDA:13,showFlashSwal
FNDA:1,didClose
FNDA:3,didClose
FNDA:1,didClose
DA:1,1
DA:2,1
DA:3,1
DA:4,1
DA:5,20
DA:6,13
DA:7,13
DA:8,13
DA:9,13
DA:10,13
DA:11,13
DA:12,13
DA:13,1
DA:14,1
DA:15,1
DA:16,12
DA:17,12
DA:18,12
DA:19,13
DA:20,4
DA:21,4
DA:22,1
DA:23,1
DA:24,1
DA:25,3
DA:26,3
DA:27,3
DA:28,3
DA:29,3
DA:30,3
DA:31,3
DA:32,3
DA:33,3
DA:34,3
DA:35,3
DA:36,3
DA:37,3
DA:38,3
DA:39,3
DA:40,4
DA:41,4
DA:42,4
DA:43,8
DA:44,8
DA:45,13
DA:46,7
DA:47,7
DA:48,2
DA:49,2
DA:50,2
DA:51,5
DA:52,5
DA:53,5
DA:54,5
DA:55,5
DA:56,5
DA:57,5
DA:58,5
DA:59,5
DA:60,5
DA:61,5
DA:62,5
DA:63,5
DA:64,5
DA:65,5
DA:66,5
DA:67,5
DA:68,7
DA:69,7
DA:70,13
DA:71,20
DA:72,20
DA:73,20
DA:74,20
DA:75,20
DA:76,44
DA:77,66
DA:78,122
DA:79,6
DA:80,6
DA:81,6
DA:82,6
DA:83,6
DA:84,6
DA:85,6
DA:86,6
DA:87,122
DA:88,60
DA:89,20
DA:90,20
DA:91,20
DA:92,20
DA:93,20
DA:94,4
DA:95,4
DA:96,4
DA:97,4
DA:98,4
DA:99,4
DA:100,4
DA:101,1
DA:102,1
DA:103,1
DA:104,1
DA:105,3
DA:106,3
DA:107,3
DA:108,3
DA:109,3
DA:110,3
DA:111,3
DA:112,3
DA:113,3
DA:114,3
DA:115,3
DA:116,3
DA:117,3
DA:118,3
DA:119,2
DA:120,2
DA:121,2
DA:122,2
DA:123,2
DA:124,2
DA:125,2
DA:126,2
DA:127,2
DA:128,2
DA:129,2
DA:130,2
DA:131,2
DA:132,2
DA:133,2
DA:134,2
DA:135,2
DA:136,2
DA:137,2
DA:138,2
DA:139,2
DA:140,2
DA:141,2
DA:142,3
DA:143,4
DA:144,20
DA:145,1
DA:146,1
DA:147,1
DA:148,1
DA:149,11
DA:150,9
DA:151,9
DA:152,9
DA:153,1
LF:153
LH:153
BRDA:4,0,0,20
BRDA:5,1,0,13
BRDA:9,2,0,8
BRDA:9,3,0,7
BRDA:10,4,0,8
BRDA:10,5,0,10
BRDA:12,6,0,1
BRDA:15,7,0,12
BRDA:19,8,0,5
BRDA:19,9,0,4
BRDA:21,10,0,1
BRDA:24,11,0,3
BRDA:40,12,0,2
BRDA:42,13,0,8
BRDA:45,14,0,7
BRDA:47,15,0,2
BRDA:50,16,0,5
BRDA:68,17,0,4
BRDA:37,18,0,1
BRDA:65,19,0,3
BRDA:75,20,0,44
BRDA:76,21,0,66
BRDA:77,22,0,122
BRDA:78,23,0,6
BRDA:87,24,0,60
BRDA:88,25,0,38
BRDA:81,26,0,6
BRDA:93,27,0,4
BRDA:95,28,0,0
BRDA:97,29,0,4
BRDA:100,30,0,1
BRDA:104,31,0,3
BRDA:116,32,0,1
BRDA:117,33,0,3
BRDA:118,34,0,2
BRDA:148,35,0,11
BRDA:149,36,0,9
BRDA:149,37,0,9
BRF:38
BRH:37
end_of_record
TN:
SF:app/javascript/custom/gages_test.js
FN:6,Object.<anonymous>.window.updateHPBar
FN:52,paint
FN:71,Object.<anonymous>.window.goToRecommended
FN:92,setHPAndRefresh
FN:100,getHPFromDocument
FN:155,ensureHPBarOnce
FNF:6
FNH:6
FNDA:25,Object.<anonymous>.window.updateHPBar
FNDA:18,paint
FNDA:1,Object.<anonymous>.window.goToRecommended
FNDA:3,setHPAndRefresh
FNDA:2,getHPFromDocument
FNDA:8,ensureHPBarOnce
DA:1,1
DA:2,1
DA:3,1
DA:4,1
DA:5,1
DA:6,1
DA:7,25
DA:8,25
DA:9,25
DA:10,25
DA:11,25
DA:12,25
DA:13,25
DA:14,19
DA:15,19
DA:16,19
DA:17,25
DA:18,1
DA:19,1
DA:20,1
DA:21,1
DA:22,0
DA:23,0
DA:24,0
DA:25,0
DA:26,0
DA:27,0
DA:28,0
DA:29,0
DA:30,1
DA:31,1
DA:32,1
DA:33,18
DA:34,18
DA:35,25
DA:36,13
DA:37,25
DA:38,25
DA:39,25
DA:40,25
DA:41,25
DA:42,25
DA:43,25
DA:44,18
DA:45,18
DA:46,25
DA:47,25
DA:48,25
DA:49,20
DA:50,18
DA:51,18
DA:52,18
DA:53,20
DA:54,1
DA:55,1
DA:56,20
DA:57,5
DA:58,5
DA:59,17
DA:60,8
DA:61,8
DA:62,12
DA:63,4
DA:64,4
DA:65,4
DA:66,25
DA:67,1
DA:68,1
DA:69,1
DA:70,1
DA:71,1
DA:72,1
DA:73,1
DA:74,1
DA:75,0
DA:76,1
DA:77,1
DA:78,1
DA:79,1
DA:80,1
DA:81,1
DA:82,1
DA:83,1
DA:84,1
DA:85,1
DA:86,1
DA:87,1
DA:88,1
DA:89,1
DA:90,1
DA:91,1
DA:92,3
DA:93,3
DA:94,3
DA:95,3
DA:96,3
DA:97,3
DA:98,3
DA:99,1
DA:100,2
DA:101,2
DA:102,2
DA:103,2
DA:104,2
DA:105,2
DA:106,2
DA:107,1
DA:108,1
DA:109,1
DA:110,1
DA:111,1
DA:112,1
DA:113,1
DA:114,1
DA:115,1
DA:116,1
DA:117,1
DA:118,1
DA:119,1
DA:120,1
DA:121,1
DA:122,1
DA:123,1
DA:124,1
DA:125,1
DA:126,1
DA:127,1
DA:128,1
DA:129,1
DA:130,1
DA:131,1
DA:132,1
DA:133,1
DA:134,1
DA:135,1
DA:136,1
DA:137,1
DA:138,1
DA:139,1
DA:140,1
DA:141,32
DA:142,1
DA:143,1
DA:144,1
DA:145,1
DA:146,24
DA:147,1
DA:148,1
DA:149,1
DA:150,1
DA:151,24
DA:152,1
DA:153,1
DA:154,1
DA:155,1
DA:156,8
DA:157,3
DA:158,3
DA:159,3
DA:160,5
DA:161,23
DA:162,1
DA:163,1
DA:164,1
DA:165,5
DA:166,5
DA:167,1
LF:167
LH:158
BRDA:6,0,0,25
BRDA:13,1,0,6
BRDA:13,2,0,19
BRDA:17,3,0,20
BRDA:17,4,0,1
BRDA:32,5,0,18
BRDA:35,6,0,13
BRDA:35,7,0,13
BRDA:37,8,0,5
BRDA:48,9,0,20
BRDA:48,10,0,7
BRDA:48,11,0,18
BRDA:49,12,0,7
BRDA:49,13,0,18
BRDA:53,14,0,1
BRDA:56,15,0,17
BRDA:56,16,0,5
BRDA:58,17,0,3
BRDA:59,18,0,12
BRDA:59,19,0,8
BRDA:61,20,0,5
BRDA:62,21,0,4
BRDA:64,22,0,1
BRDA:18,23,0,1
BRDA:21,24,0,0
BRDA:43,25,0,18
BRDA:52,26,0,18
BRDA:52,27,0,18
BRDA:71,28,0,1
BRDA:74,29,0,0
BRDA:92,30,0,3
BRDA:100,31,0,2
BRDA:102,32,0,0
BRDA:103,33,0,0
BRDA:103,34,0,0
BRDA:105,35,0,0
BRDA:108,36,0,1
BRDA:110,37,0,0
BRDA:117,38,0,1
BRDA:119,39,0,0
BRDA:124,40,0,1
BRDA:126,41,0,0
BRDA:128,42,0,0
BRDA:129,43,0,0
BRDA:140,44,0,32
BRDA:141,45,0,9
BRDA:145,46,0,24
BRDA:146,47,0,3
BRDA:150,48,0,24
BRDA:155,49,0,8
BRDA:156,50,0,3
BRDA:159,51,0,5
BRDA:160,52,0,23
BRDA:161,53,0,1
BRF:54
BRH:43
end_of_record
TN:
SF:app/javascript/custom/inline_handlers.js
FN:4,Object.<anonymous>.window.goToRecommended
FN:14,goToRecommended
FN:19,setupRecommendedBtn
FN:29,Object.<anonymous>.window.closeWindow
FN:33,closeWindowHandler
FN:38,setupCloseWindowBtn
FN:48,confirmPlaylistDelete
FN:54,setupPlaylistDeleteBtns
FN:64,confirmAccountDelete
FN:70,setupAccountDeleteBtn
FN:80,handleAutoSubmitEmotion
FN:84,setupAutoSubmitEmotion
FN:94,setupInlineHandlers
FNF:13
FNH:5
FNDA:0,Object.<anonymous>.window.goToRecommended
FNDA:0,goToRecommended
FNDA:5,setupRecommendedBtn
FNDA:0,Object.<anonymous>.window.closeWindow
FNDA:0,closeWindowHandler
FNDA:5,setupCloseWindowBtn
FNDA:0,confirmPlaylistDelete
FNDA:5,setupPlaylistDeleteBtns
FNDA:0,confirmAccountDelete
FNDA:5,setupAccountDeleteBtn
FNDA:0,handleAutoSubmitEmotion
FNDA:0,setupAutoSubmitEmotion
FNDA:5,setupInlineHandlers
DA:1,1
DA:2,1
DA:3,1
DA:4,1
DA:5,0
DA:6,0
DA:7,0
DA:8,0
DA:9,0
DA:10,0
DA:11,0
DA:12,0
DA:13,1
DA:14,0
DA:15,0
DA:16,0
DA:17,0
DA:18,1
DA:19,5
DA:20,5
DA:21,0
DA:22,0
DA:23,5
DA:24,5
DA:25,1
DA:26,1
DA:27,1
DA:28,1
DA:29,1
DA:30,0
DA:31,0
DA:32,1
DA:33,0
DA:34,0
DA:35,0
DA:36,0
DA:37,1
DA:38,5
DA:39,5
DA:40,0
DA:41,0
DA:42,5
DA:43,5
DA:44,1
DA:45,1
DA:46,1
DA:47,1
DA:48,0
DA:49,0
DA:50,0
DA:51,0
DA:52,0
DA:53,1
DA:54,5
DA:55,5
DA:56,0
DA:57,0
DA:58,5
DA:59,5
DA:60,1
DA:61,1
DA:62,1
DA:63,1
DA:64,0
DA:65,0
DA:66,0
DA:67,0
DA:68,0
DA:69,1
DA:70,5
DA:71,5
DA:72,0
DA:73,0
DA:74,5
DA:75,5
DA:76,1
DA:77,1
DA:78,1
DA:79,1
DA:80,0
DA:81,0
DA:82,0
DA:83,1
DA:84,0
DA:85,0
DA:86,0
DA:87,0
DA:88,0
DA:89,0
DA:90,1
DA:91,1
DA:92,1
DA:93,1
DA:94,5
DA:95,5
DA:96,5
DA:97,5
DA:98,5
DA:99,5
DA:100,5
DA:101,1
DA:102,1
DA:103,1
DA:104,1
DA:105,1
DA:106,1
LF:106
LH:61
BRDA:19,0,0,5
BRDA:38,1,0,5
BRDA:54,2,0,5
BRDA:70,3,0,5
BRDA:94,4,0,5
BRF:5
BRH:5
end_of_record
TN:
SF:app/javascript/custom/push_subscription.js
FN:2,subscribeToPushNotifications
FN:37,urlBase64ToUint8Array
FNF:2
FNH:2
FNDA:5,subscribeToPushNotifications
FNDA:4,urlBase64ToUint8Array
DA:1,1
DA:2,1
DA:3,5
DA:4,1
DA:5,1
DA:6,1
DA:7,4
DA:8,4
DA:9,4
DA:10,4
DA:11,4
DA:12,4
DA:13,4
DA:14,4
DA:15,3
DA:16,3
DA:17,3
DA:18,3
DA:19,3
DA:20,3
DA:21,3
DA:22,3
DA:23,3
DA:24,3
DA:25,3
DA:26,5
DA:27,2
DA:28,2
DA:29,1
DA:30,1
DA:31,5
DA:32,1
DA:33,1
DA:34,5
DA:35,1
DA:36,1
DA:37,4
DA:38,4
DA:39,4
DA:40,4
DA:41,4
DA:42,4
DA:43,4
DA:44,4
DA:45,4
LF:45
LH:45
BRDA:2,0,0,5
BRDA:3,1,0,4
BRDA:3,2,0,1
BRDA:6,3,0,4
BRDA:14,4,0,3
BRDA:26,5,0,2
BRDA:28,6,0,1
BRDA:31,7,0,1
BRDA:37,8,0,4
BRDA:44,9,0,21
BRF:10
BRH:10
end_of_record
TN:
SF:app/javascript/custom/register_service_worker.js
FN:2,registerServiceWorker
FNF:1
FNH:1
FNDA:4,registerServiceWorker
DA:1,1
DA:2,1
DA:3,4
DA:4,2
DA:5,2
DA:6,2
DA:7,2
DA:8,2
DA:9,1
DA:10,1
DA:11,1
DA:12,1
DA:13,1
DA:14,1
DA:15,4
LF:15
LH:15
BRDA:2,0,0,4
BRDA:3,1,0,2
BRDA:6,2,0,3
BRDA:6,3,0,2
BRDA:8,4,0,1
BRF:5
BRH:5
end_of_record
TN:
SF:app/javascript/custom/swal_my_create.js
FN:2,fire
FN:47,modalDiv.querySelector.onclick
FN:53,modalDiv.querySelector.onclick
FN:61,modalDiv.querySelector.onclick
FNF:4
FNH:4
FNDA:3,fire
FNDA:1,modalDiv.querySelector.onclick
FNDA:1,modalDiv.querySelector.onclick
FNDA:1,modalDiv.querySelector.onclick
DA:1,1
DA:2,1
DA:3,3
DA:4,3
DA:5,3
DA:6,3
DA:7,3
DA:8,3
DA:9,3
DA:10,3
DA:11,3
DA:12,3
DA:13,3
DA:14,2
DA:15,1
DA:16,1
DA:17,3
DA:18,3
DA:19,3
DA:20,3
DA:21,3
DA:22,3
DA:23,3
DA:24,3
DA:25,3
DA:26,3
DA:27,3
DA:28,3
DA:29,3
DA:30,3
DA:31,3
DA:32,3
DA:33,3
DA:34,3
DA:35,3
DA:36,3
DA:37,3
DA:38,3
DA:39,3
DA:40,3
DA:41,3
DA:42,3
DA:43,3
DA:44,3
DA:45,3
DA:46,3
DA:47,3
DA:48,1
DA:49,1
DA:50,1
DA:51,3
DA:52,3
DA:53,1
DA:54,1
DA:55,1
DA:56,1
DA:57,1
DA:58,1
DA:59,3
DA:60,3
DA:61,3
DA:62,1
DA:63,1
DA:64,1
DA:65,3
DA:66,3
DA:67,3
DA:68,1
LF:68
LH:68
BRDA:2,0,0,3
BRDA:10,1,0,3
BRDA:13,2,0,1
BRDA:14,3,0,2
BRDA:14,4,0,1
BRDA:15,5,0,0
BRDA:20,6,0,0
BRDA:31,7,0,0
BRDA:33,8,0,1
BRDA:33,9,0,2
BRDA:52,10,0,1
BRDA:47,11,0,1
BRDA:53,12,0,1
BRDA:61,13,0,1
BRF:14
BRH:11
end_of_record
