TN:
SF:app/javascript/application.js
FN:26,requestPushOnce
FN:30,(anonymous_1)
FN:36,hideMobileSearchModalSafely
FN:44,(anonymous_3)
FN:60,(anonymous_4)
FN:71,(anonymous_5)
FN:76,(anonymous_6)
FN:81,(anonymous_7)
FN:98,(anonymous_8)
FN:104,(anonymous_9)
FN:121,(anonymous_10)
FN:151,updateTransform
FN:166,(anonymous_12)
FN:185,(anonymous_13)
FN:195,(anonymous_14)
FN:204,(anonymous_15)
FN:215,(anonymous_16)
FN:223,resizeImage
FN:224,(anonymous_18)
FN:231,(anonymous_19)
FN:235,(anonymous_20)
FN:268,(anonymous_21)
FN:300,(anonymous_22)
FN:315,(anonymous_23)
FN:325,(anonymous_24)
FN:341,(anonymous_25)
FN:352,hideScreenCover
FN:355,(anonymous_27)
FN:357,(anonymous_28)
FN:363,(anonymous_29)
FN:366,(anonymous_30)
FN:376,(anonymous_31)
FN:377,(anonymous_32)
FN:380,(anonymous_33)
FN:395,(anonymous_34)
FN:403,(anonymous_35)
FN:405,(anonymous_36)
FNF:37
FNH:8
FNDA:5,requestPushOnce
FNDA:0,(anonymous_1)
FNDA:5,hideMobileSearchModalSafely
FNDA:0,(anonymous_3)
FNDA:0,(anonymous_4)
FNDA:0,(anonymous_5)
FNDA:5,(anonymous_6)
FNDA:5,(anonymous_7)
FNDA:0,(anonymous_8)
FNDA:16,(anonymous_9)
FNDA:0,(anonymous_10)
FNDA:0,updateTransform
FNDA:0,(anonymous_12)
FNDA:0,(anonymous_13)
FNDA:0,(anonymous_14)
FNDA:0,(anonymous_15)
FNDA:0,(anonymous_16)
FNDA:0,resizeImage
FNDA:0,(anonymous_18)
FNDA:0,(anonymous_19)
FNDA:0,(anonymous_20)
FNDA:0,(anonymous_21)
FNDA:0,(anonymous_22)
FNDA:0,(anonymous_23)
FNDA:31,(anonymous_24)
FNDA:2,(anonymous_25)
FNDA:9,hideScreenCover
FNDA:0,(anonymous_27)
FNDA:0,(anonymous_28)
FNDA:0,(anonymous_29)
FNDA:0,(anonymous_30)
FNDA:0,(anonymous_31)
FNDA:0,(anonymous_32)
FNDA:0,(anonymous_33)
FNDA:0,(anonymous_34)
FNDA:0,(anonymous_35)
FNDA:0,(anonymous_36)
DA:14,7
DA:15,7
DA:17,7
DA:25,7
DA:27,5
DA:28,0
DA:29,0
DA:30,0
DA:31,0
DA:37,5
DA:38,5
DA:39,5
DA:41,0
DA:42,0
DA:44,0
DA:45,0
DA:46,0
DA:47,0
DA:49,0
DA:50,0
DA:51,0
DA:55,7
DA:56,7
DA:57,7
DA:60,7
DA:61,0
DA:65,7
DA:71,7
DA:72,0
DA:76,7
DA:77,5
DA:78,5
DA:81,7
DA:82,5
DA:83,5
DA:86,5
DA:89,5
DA:90,5
DA:92,5
DA:93,2
DA:94,2
DA:98,5
DA:99,0
DA:100,0
DA:104,5
DA:105,16
DA:106,16
DA:107,16
DA:108,16
DA:109,5
DA:113,5
DA:119,5
DA:120,5
DA:121,0
DA:122,0
DA:123,0
DA:124,0
DA:125,0
DA:127,0
DA:133,5
DA:134,5
DA:135,5
DA:136,5
DA:137,5
DA:138,5
DA:139,5
DA:140,5
DA:142,5
DA:143,5
DA:144,5
DA:147,0
DA:148,0
DA:149,0
DA:152,0
DA:155,0
DA:156,0
DA:157,0
DA:158,0
DA:159,0
DA:160,0
DA:161,0
DA:162,0
DA:163,0
DA:164,0
DA:166,0
DA:167,0
DA:168,0
DA:170,0
DA:171,0
DA:172,0
DA:173,0
DA:174,0
DA:177,0
DA:178,0
DA:179,0
DA:180,0
DA:181,0
DA:184,0
DA:185,0
DA:186,0
DA:187,0
DA:188,0
DA:189,0
DA:190,0
DA:192,0
DA:195,0
DA:196,0
DA:197,0
DA:198,0
DA:199,0
DA:200,0
DA:201,0
DA:204,0
DA:205,0
DA:206,0
DA:207,0
DA:208,0
DA:209,0
DA:210,0
DA:211,0
DA:212,0
DA:215,0
DA:216,0
DA:217,0
DA:218,0
DA:219,0
DA:224,0
DA:225,0
DA:226,0
DA:227,0
DA:228,0
DA:229,0
DA:230,0
DA:231,0
DA:235,0
DA:236,0
DA:238,0
DA:239,0
DA:240,0
DA:241,0
DA:243,0
DA:244,0
DA:245,0
DA:246,0
DA:247,0
DA:248,0
DA:250,0
DA:258,0
DA:259,0
DA:260,0
DA:261,0
DA:263,0
DA:264,0
DA:265,0
DA:267,0
DA:268,0
DA:269,0
DA:270,0
DA:271,0
DA:272,0
DA:274,0
DA:279,0
DA:280,0
DA:281,0
DA:282,0
DA:284,0
DA:286,0
DA:287,0
DA:288,0
DA:291,0
DA:292,0
DA:296,0
DA:297,0
DA:299,0
DA:300,0
DA:301,0
DA:302,0
DA:304,0
DA:305,0
DA:306,0
DA:307,0
DA:308,0
DA:313,0
DA:314,0
DA:315,0
DA:316,0
DA:317,0
DA:318,0
DA:325,7
DA:326,31
DA:327,31
DA:328,31
DA:329,31
DA:330,4
DA:331,4
DA:335,7
DA:341,7
DA:342,2
DA:343,2
DA:344,2
DA:345,1
DA:347,1
DA:353,9
DA:354,9
DA:355,0
DA:356,0
DA:357,0
DA:363,7
DA:364,0
DA:365,0
DA:366,0
DA:367,0
DA:369,0
DA:370,0
DA:371,0
DA:373,0
DA:376,0
DA:378,0
DA:379,0
DA:380,0
DA:381,0
DA:387,7
DA:388,7
DA:389,7
DA:395,7
DA:396,0
DA:398,0
DA:399,0
DA:400,0
DA:402,0
DA:403,0
DA:404,0
DA:405,0
DA:406,0
DA:407,0
DA:408,0
LF:236
LH:68
BRDA:27,0,0,5
BRDA:27,0,1,0
BRDA:28,1,0,0
BRDA:28,1,1,0
BRDA:38,2,0,5
BRDA:38,2,1,5
BRDA:39,3,0,5
BRDA:39,3,1,0
BRDA:39,4,0,5
BRDA:39,4,1,0
BRDA:41,5,0,0
BRDA:41,5,1,0
BRDA:61,6,0,0
BRDA:61,6,1,0
BRDA:78,7,0,5
BRDA:78,7,1,0
BRDA:83,8,0,5
BRDA:83,8,1,0
BRDA:92,9,0,2
BRDA:92,9,1,3
BRDA:100,10,0,0
BRDA:100,10,1,0
BRDA:108,11,0,5
BRDA:108,11,1,11
BRDA:108,12,0,16
BRDA:108,12,1,5
BRDA:108,12,2,5
BRDA:120,13,0,0
BRDA:120,13,1,5
BRDA:124,14,0,0
BRDA:124,14,1,0
BRDA:142,15,0,5
BRDA:142,15,1,0
BRDA:168,16,0,0
BRDA:168,16,1,0
BRDA:171,17,0,0
BRDA:171,17,1,0
BRDA:178,18,0,0
BRDA:178,18,1,0
BRDA:205,19,0,0
BRDA:205,19,1,0
BRDA:216,20,0,0
BRDA:216,20,1,0
BRDA:223,21,0,0
BRDA:236,22,0,0
BRDA:236,22,1,0
BRDA:263,23,0,0
BRDA:263,23,1,0
BRDA:263,24,0,0
BRDA:263,24,1,0
BRDA:281,25,0,0
BRDA:281,25,1,0
BRDA:288,26,0,0
BRDA:288,26,1,0
BRDA:292,27,0,0
BRDA:292,27,1,0
BRDA:299,28,0,0
BRDA:299,28,1,0
BRDA:299,29,0,0
BRDA:299,29,1,0
BRDA:302,30,0,0
BRDA:302,30,1,0
BRDA:304,31,0,0
BRDA:304,31,1,0
BRDA:306,32,0,0
BRDA:306,32,1,0
BRDA:314,33,0,0
BRDA:314,33,1,0
BRDA:316,34,0,0
BRDA:316,34,1,0
BRDA:316,35,0,0
BRDA:316,35,1,0
BRDA:329,36,0,4
BRDA:329,36,1,27
BRDA:329,37,0,31
BRDA:329,37,1,4
BRDA:329,37,2,4
BRDA:344,38,0,1
BRDA:344,38,1,1
BRDA:354,39,0,0
BRDA:354,39,1,9
BRDA:365,40,0,0
BRDA:365,40,1,0
BRDA:371,41,0,0
BRDA:371,41,1,0
BRDA:371,42,0,0
BRDA:371,42,1,0
BRDA:381,43,0,0
BRDA:381,43,1,0
BRDA:396,44,0,0
BRDA:396,44,1,0
BRDA:400,45,0,0
BRDA:400,45,1,0
BRDA:400,46,0,0
BRDA:400,46,1,0
BRDA:407,47,0,0
BRDA:407,47,1,0
BRDA:407,48,0,0
BRDA:407,48,1,0
BRF:99
BRH:24
end_of_record
TN:
SF:app/javascript/controllers/add_song_modal_controller.js
FN:6,(anonymous_0)
FN:15,(anonymous_1)
FN:21,(anonymous_2)
FNF:3
FNH:3
FNDA:3,(anonymous_0)
FNDA:1,(anonymous_1)
FNDA:1,(anonymous_2)
DA:4,11
DA:7,3
DA:9,3
DA:10,3
DA:12,2
DA:15,2
DA:16,1
DA:17,1
DA:22,1
DA:23,1
DA:24,1
LF:11
LH:11
BRDA:10,0,0,1
BRDA:10,0,1,2
BRDA:24,1,0,1
BRDA:24,1,1,0
BRF:4
BRH:3
end_of_record
TN:
SF:app/javascript/controllers/application.js
FNF:0
FNH:0
DA:3,1
DA:6,1
DA:7,1
LF:3
LH:3
BRF:0
BRH:0
end_of_record
TN:
SF:app/javascript/controllers/bookmark_controller.js
FN:7,(anonymous_0)
FN:18,(anonymous_1)
FN:27,(anonymous_2)
FN:39,(anonymous_3)
FN:44,(anonymous_4)
FN:83,(anonymous_5)
FN:92,(anonymous_6)
FN:117,(anonymous_7)
FN:118,(anonymous_8)
FN:127,(anonymous_9)
FN:131,(anonymous_10)
FN:136,(anonymous_11)
FN:137,(anonymous_12)
FN:142,(anonymous_13)
FN:154,(anonymous_14)
FNF:15
FNH:14
FNDA:13,(anonymous_0)
FNDA:1,(anonymous_1)
FNDA:3,(anonymous_2)
FNDA:13,(anonymous_3)
FNDA:4,(anonymous_4)
FNDA:8,(anonymous_5)
FNDA:1,(anonymous_6)
FNDA:0,(anonymous_7)
FNDA:3,(anonymous_8)
FNDA:2,(anonymous_9)
FNDA:2,(anonymous_10)
FNDA:14,(anonymous_11)
FNDA:15,(anonymous_12)
FNDA:17,(anonymous_13)
FNDA:2,(anonymous_14)
DA:5,9
DA:8,13
DA:9,13
DA:10,13
DA:12,1
DA:15,13
DA:16,13
DA:18,13
DA:19,1
DA:20,1
DA:21,1
DA:22,1
DA:25,13
DA:27,13
DA:28,3
DA:29,3
DA:30,2
DA:31,2
DA:32,1
DA:33,2
DA:34,2
DA:36,13
DA:40,13
DA:41,13
DA:45,4
DA:46,4
DA:48,4
DA:53,4
DA:57,4
DA:58,2
DA:59,2
DA:61,2
DA:62,2
DA:63,2
DA:64,2
DA:65,4
DA:68,2
DA:69,1
DA:71,2
DA:72,2
DA:74,2
DA:75,2
DA:76,1
DA:77,0
DA:78,2
DA:81,2
DA:82,2
DA:83,8
DA:84,2
DA:85,2
DA:93,1
DA:94,1
DA:96,1
DA:97,1
DA:98,1
DA:100,0
DA:105,1
DA:108,1
DA:109,1
DA:110,1
DA:111,1
DA:112,1
DA:114,1
DA:117,1
DA:118,1
DA:119,3
DA:120,3
DA:121,3
DA:122,3
DA:123,3
DA:128,2
DA:129,1
DA:130,1
DA:131,2
DA:132,1
DA:137,14
DA:138,15
DA:143,17
DA:144,17
DA:145,17
DA:147,1
DA:149,17
DA:150,11
DA:155,2
LF:84
LH:82
BRDA:10,0,0,13
BRDA:10,0,1,0
BRDA:20,1,0,1
BRDA:20,1,1,0
BRDA:20,2,0,1
BRDA:20,2,1,0
BRDA:29,3,0,1
BRDA:29,3,1,2
BRDA:31,4,0,1
BRDA:31,4,1,1
BRDA:49,5,0,4
BRDA:49,5,1,4
BRDA:53,6,0,4
BRDA:53,6,1,4
BRDA:53,6,2,4
BRDA:53,6,3,2
BRDA:53,6,4,2
BRDA:57,7,0,2
BRDA:57,7,1,2
BRDA:63,8,0,2
BRDA:63,8,1,0
BRDA:65,9,0,4
BRDA:65,9,1,0
BRDA:65,10,0,4
BRDA:65,10,1,4
BRDA:68,11,0,1
BRDA:68,11,1,1
BRDA:75,12,0,1
BRDA:75,12,1,1
BRDA:76,13,0,1
BRDA:76,13,1,0
BRDA:83,14,0,8
BRDA:83,14,1,0
BRDA:84,15,0,1
BRDA:84,15,1,1
BRDA:85,16,0,2
BRDA:85,16,1,0
BRDA:94,17,0,0
BRDA:94,17,1,1
BRDA:98,18,0,1
BRDA:98,18,1,0
BRDA:100,19,0,0
BRDA:100,19,1,0
BRDA:105,20,0,1
BRDA:105,20,1,1
BRDA:106,21,0,0
BRDA:106,21,1,1
BRDA:108,22,0,1
BRDA:108,22,1,0
BRDA:128,23,0,1
BRDA:128,23,1,1
BRDA:145,24,0,17
BRDA:145,24,1,0
BRDA:147,25,0,1
BRDA:147,25,1,0
BRDA:149,26,0,11
BRDA:149,26,1,6
BRF:57
BRH:41
end_of_record
TN:
SF:app/javascript/controllers/bookmark_toggle_controller.js
FN:6,(anonymous_0)
FN:8,(anonymous_1)
FN:13,(anonymous_2)
FNF:3
FNH:0
FNDA:0,(anonymous_0)
FNDA:0,(anonymous_1)
FNDA:0,(anonymous_2)
DA:4,8
DA:8,0
DA:17,0
DA:21,0
DA:27,0
DA:28,0
DA:31,0
DA:35,0
DA:36,0
DA:37,0
LF:10
LH:1
BRDA:21,0,0,0
BRDA:21,0,1,0
BRDA:31,1,0,0
BRDA:31,1,1,0
BRDA:36,2,0,0
BRDA:36,2,1,0
BRF:6
BRH:0
end_of_record
TN:
SF:app/javascript/controllers/comment_form_controller.js
FN:7,(anonymous_0)
FN:12,(anonymous_1)
FN:25,(anonymous_2)
FN:39,(anonymous_3)
FN:45,(anonymous_4)
FNF:5
FNH:0
FNDA:0,(anonymous_0)
FNDA:0,(anonymous_1)
FNDA:0,(anonymous_2)
FNDA:0,(anonymous_3)
FNDA:0,(anonymous_4)
DA:5,8
DA:8,0
DA:9,0
DA:13,0
DA:14,0
DA:15,0
DA:16,0
DA:17,0
DA:19,0
DA:21,0
DA:26,0
DA:28,0
DA:29,0
DA:30,0
DA:31,0
DA:32,0
DA:35,0
DA:36,0
DA:38,0
DA:39,0
DA:40,0
DA:46,0
DA:48,0
DA:49,0
LF:24
LH:1
BRDA:13,0,0,0
BRDA:13,0,1,0
BRDA:25,1,0,0
BRDA:28,2,0,0
BRDA:28,2,1,0
BRDA:38,3,0,0
BRDA:38,3,1,0
BRDA:46,4,0,0
BRDA:46,4,1,0
BRDA:48,5,0,0
BRDA:48,5,1,0
BRF:11
BRH:0
end_of_record
TN:
SF:app/javascript/controllers/comment_update_controller.js
FN:5,(anonymous_0)
FN:6,(anonymous_1)
FNF:2
FNH:0
FNDA:0,(anonymous_0)
FNDA:0,(anonymous_1)
DA:6,0
DA:7,0
LF:2
LH:0
BRF:0
BRH:0
end_of_record
TN:
SF:app/javascript/controllers/global-player_controller.js
FN:6,(anonymous_0)
FN:16,(anonymous_1)
FN:22,(anonymous_2)
FN:59,(anonymous_3)
FN:63,(anonymous_4)
FN:69,(anonymous_5)
FN:70,(anonymous_6)
FN:81,(anonymous_7)
FN:87,(anonymous_8)
FN:100,(anonymous_9)
FN:102,(anonymous_10)
FN:103,(anonymous_11)
FN:116,(anonymous_12)
FN:117,(anonymous_13)
FN:119,(anonymous_14)
FN:120,(anonymous_15)
FN:122,(anonymous_16)
FN:129,(anonymous_17)
FN:142,(anonymous_18)
FN:166,(anonymous_19)
FN:167,(anonymous_20)
FN:171,(anonymous_21)
FN:172,(anonymous_22)
FN:195,(anonymous_23)
FN:201,(anonymous_24)
FN:222,(anonymous_25)
FN:223,(anonymous_26)
FN:227,(anonymous_27)
FN:228,(anonymous_28)
FN:251,(anonymous_29)
FN:260,(anonymous_30)
FN:279,(anonymous_31)
FN:285,(anonymous_32)
FN:291,(anonymous_33)
FN:296,(anonymous_34)
FN:297,(anonymous_35)
FN:300,(anonymous_36)
FN:308,(anonymous_37)
FN:329,(anonymous_38)
FN:339,(anonymous_39)
FN:345,(anonymous_40)
FN:356,(anonymous_41)
FN:373,(anonymous_42)
FN:379,(anonymous_43)
FN:401,(anonymous_44)
FN:402,(anonymous_45)
FN:406,(anonymous_46)
FN:407,(anonymous_47)
FN:408,(anonymous_48)
FN:415,(anonymous_49)
FN:436,(anonymous_50)
FN:465,(anonymous_51)
FN:468,(anonymous_52)
FN:473,(anonymous_53)
FN:476,(anonymous_54)
FN:483,(anonymous_55)
FN:489,(anonymous_56)
FN:495,(anonymous_57)
FN:509,(anonymous_58)
FN:517,(anonymous_59)
FN:528,(anonymous_60)
FN:537,(anonymous_61)
FN:554,(anonymous_62)
FN:555,(anonymous_63)
FN:555,(anonymous_64)
FN:562,(anonymous_65)
FN:563,(anonymous_66)
FN:563,(anonymous_67)
FN:572,(anonymous_68)
FN:574,(anonymous_69)
FN:585,(anonymous_70)
FN:596,(anonymous_71)
FN:598,(anonymous_72)
FN:600,(anonymous_73)
FN:601,(anonymous_74)
FN:612,(anonymous_75)
FN:618,(anonymous_76)
FN:625,(anonymous_77)
FN:626,(anonymous_78)
FN:630,(anonymous_79)
FN:637,(anonymous_80)
FN:638,(anonymous_81)
FN:642,(anonymous_82)
FN:647,(anonymous_83)
FN:648,(anonymous_84)
FN:654,(anonymous_85)
FNF:86
FNH:0
FNDA:0,(anonymous_0)
FNDA:0,(anonymous_1)
FNDA:0,(anonymous_2)
FNDA:0,(anonymous_3)
FNDA:0,(anonymous_4)
FNDA:0,(anonymous_5)
FNDA:0,(anonymous_6)
FNDA:0,(anonymous_7)
FNDA:0,(anonymous_8)
FNDA:0,(anonymous_9)
FNDA:0,(anonymous_10)
FNDA:0,(anonymous_11)
FNDA:0,(anonymous_12)
FNDA:0,(anonymous_13)
FNDA:0,(anonymous_14)
FNDA:0,(anonymous_15)
FNDA:0,(anonymous_16)
FNDA:0,(anonymous_17)
FNDA:0,(anonymous_18)
FNDA:0,(anonymous_19)
FNDA:0,(anonymous_20)
FNDA:0,(anonymous_21)
FNDA:0,(anonymous_22)
FNDA:0,(anonymous_23)
FNDA:0,(anonymous_24)
FNDA:0,(anonymous_25)
FNDA:0,(anonymous_26)
FNDA:0,(anonymous_27)
FNDA:0,(anonymous_28)
FNDA:0,(anonymous_29)
FNDA:0,(anonymous_30)
FNDA:0,(anonymous_31)
FNDA:0,(anonymous_32)
FNDA:0,(anonymous_33)
FNDA:0,(anonymous_34)
FNDA:0,(anonymous_35)
FNDA:0,(anonymous_36)
FNDA:0,(anonymous_37)
FNDA:0,(anonymous_38)
FNDA:0,(anonymous_39)
FNDA:0,(anonymous_40)
FNDA:0,(anonymous_41)
FNDA:0,(anonymous_42)
FNDA:0,(anonymous_43)
FNDA:0,(anonymous_44)
FNDA:0,(anonymous_45)
FNDA:0,(anonymous_46)
FNDA:0,(anonymous_47)
FNDA:0,(anonymous_48)
FNDA:0,(anonymous_49)
FNDA:0,(anonymous_50)
FNDA:0,(anonymous_51)
FNDA:0,(anonymous_52)
FNDA:0,(anonymous_53)
FNDA:0,(anonymous_54)
FNDA:0,(anonymous_55)
FNDA:0,(anonymous_56)
FNDA:0,(anonymous_57)
FNDA:0,(anonymous_58)
FNDA:0,(anonymous_59)
FNDA:0,(anonymous_60)
FNDA:0,(anonymous_61)
FNDA:0,(anonymous_62)
FNDA:0,(anonymous_63)
FNDA:0,(anonymous_64)
FNDA:0,(anonymous_65)
FNDA:0,(anonymous_66)
FNDA:0,(anonymous_67)
FNDA:0,(anonymous_68)
FNDA:0,(anonymous_69)
FNDA:0,(anonymous_70)
FNDA:0,(anonymous_71)
FNDA:0,(anonymous_72)
FNDA:0,(anonymous_73)
FNDA:0,(anonymous_74)
FNDA:0,(anonymous_75)
FNDA:0,(anonymous_76)
FNDA:0,(anonymous_77)
FNDA:0,(anonymous_78)
FNDA:0,(anonymous_79)
FNDA:0,(anonymous_80)
FNDA:0,(anonymous_81)
FNDA:0,(anonymous_82)
FNDA:0,(anonymous_83)
FNDA:0,(anonymous_84)
FNDA:0,(anonymous_85)
DA:4,8
DA:6,0
DA:7,0
DA:8,0
DA:9,0
DA:10,0
DA:11,0
DA:12,0
DA:17,0
DA:18,0
DA:19,0
DA:23,0
DA:26,0
DA:27,0
DA:30,0
DA:31,0
DA:32,0
DA:33,0
DA:34,0
DA:35,0
DA:36,0
DA:37,0
DA:38,0
DA:39,0
DA:40,0
DA:41,0
DA:43,0
DA:44,0
DA:45,0
DA:46,0
DA:47,0
DA:49,0
DA:50,0
DA:52,0
DA:54,0
DA:55,0
DA:56,0
DA:59,0
DA:60,0
DA:61,0
DA:63,0
DA:64,0
DA:65,0
DA:66,0
DA:69,0
DA:70,0
DA:73,0
DA:74,0
DA:77,0
DA:78,0
DA:81,0
DA:82,0
DA:83,0
DA:86,0
DA:87,0
DA:88,0
DA:89,0
DA:90,0
DA:91,0
DA:95,0
DA:96,0
DA:101,0
DA:102,0
DA:103,0
DA:104,0
DA:111,0
DA:117,0
DA:119,0
DA:120,0
DA:122,0
DA:123,0
DA:124,0
DA:125,0
DA:126,0
DA:127,0
DA:128,0
DA:129,0
DA:131,0
DA:132,0
DA:133,0
DA:137,0
DA:138,0
DA:143,0
DA:144,0
DA:146,0
DA:147,0
DA:149,0
DA:150,0
DA:153,0
DA:154,0
DA:155,0
DA:156,0
DA:157,0
DA:158,0
DA:160,0
DA:161,0
DA:163,0
DA:164,0
DA:166,0
DA:167,0
DA:168,0
DA:169,0
DA:171,0
DA:172,0
DA:173,0
DA:174,0
DA:175,0
DA:176,0
DA:178,0
DA:179,0
DA:181,0
DA:182,0
DA:183,0
DA:185,0
DA:186,0
DA:187,0
DA:188,0
DA:196,0
DA:197,0
DA:202,0
DA:203,0
DA:205,0
DA:206,0
DA:207,0
DA:208,0
DA:209,0
DA:210,0
DA:213,0
DA:214,0
DA:215,0
DA:216,0
DA:219,0
DA:220,0
DA:222,0
DA:223,0
DA:224,0
DA:225,0
DA:227,0
DA:228,0
DA:229,0
DA:230,0
DA:231,0
DA:232,0
DA:234,0
DA:235,0
DA:237,0
DA:240,0
DA:241,0
DA:242,0
DA:243,0
DA:244,0
DA:252,0
DA:253,0
DA:255,0
DA:256,0
DA:257,0
DA:258,0
DA:260,0
DA:261,0
DA:262,0
DA:263,0
DA:264,0
DA:265,0
DA:266,0
DA:267,0
DA:268,0
DA:269,0
DA:271,0
DA:272,0
DA:273,0
DA:274,0
DA:276,0
DA:280,0
DA:281,0
DA:286,0
DA:287,0
DA:288,0
DA:292,0
DA:293,0
DA:297,0
DA:298,0
DA:301,0
DA:302,0
DA:303,0
DA:309,0
DA:310,0
DA:311,0
DA:312,0
DA:314,0
DA:315,0
DA:323,0
DA:325,0
DA:326,0
DA:330,0
DA:331,0
DA:332,0
DA:333,0
DA:334,0
DA:335,0
DA:336,0
DA:340,0
DA:341,0
DA:342,0
DA:344,0
DA:345,0
DA:346,0
DA:347,0
DA:350,0
DA:351,0
DA:352,0
DA:357,0
DA:358,0
DA:359,0
DA:360,0
DA:361,0
DA:362,0
DA:363,0
DA:364,0
DA:365,0
DA:366,0
DA:367,0
DA:368,0
DA:369,0
DA:374,0
DA:375,0
DA:377,0
DA:378,0
DA:379,0
DA:380,0
DA:381,0
DA:383,0
DA:384,0
DA:385,0
DA:386,0
DA:388,0
DA:389,0
DA:390,0
DA:391,0
DA:392,0
DA:393,0
DA:396,0
DA:397,0
DA:399,0
DA:401,0
DA:402,0
DA:403,0
DA:404,0
DA:406,0
DA:407,0
DA:408,0
DA:409,0
DA:410,0
DA:411,0
DA:412,0
DA:413,0
DA:414,0
DA:415,0
DA:417,0
DA:418,0
DA:419,0
DA:423,0
DA:424,0
DA:425,0
DA:426,0
DA:427,0
DA:428,0
DA:429,0
DA:437,0
DA:438,0
DA:440,0
DA:443,0
DA:444,0
DA:446,0
DA:447,0
DA:448,0
DA:449,0
DA:451,0
DA:452,0
DA:455,0
DA:456,0
DA:459,0
DA:460,0
DA:465,0
DA:466,0
DA:467,0
DA:468,0
DA:474,0
DA:475,0
DA:476,0
DA:477,0
DA:478,0
DA:479,0
DA:484,0
DA:485,0
DA:486,0
DA:490,0
DA:491,0
DA:492,0
DA:494,0
DA:495,0
DA:496,0
DA:497,0
DA:499,0
DA:502,0
DA:504,0
DA:509,0
DA:510,0
DA:512,0
DA:513,0
DA:514,0
DA:515,0
DA:517,0
DA:518,0
DA:519,0
DA:520,0
DA:521,0
DA:522,0
DA:525,0
DA:528,0
DA:529,0
DA:531,0
DA:532,0
DA:533,0
DA:534,0
DA:537,0
DA:538,0
DA:539,0
DA:541,0
DA:542,0
DA:547,0
DA:548,0
DA:549,0
DA:550,0
DA:553,0
DA:554,0
DA:555,0
DA:556,0
DA:559,0
DA:560,0
DA:561,0
DA:562,0
DA:563,0
DA:564,0
DA:567,0
DA:568,0
DA:573,0
DA:574,0
DA:575,0
DA:576,0
DA:577,0
DA:579,0
DA:580,0
DA:586,0
DA:587,0
DA:588,0
DA:589,0
DA:590,0
DA:591,0
DA:592,0
DA:597,0
DA:598,0
DA:599,0
DA:600,0
DA:601,0
DA:602,0
DA:603,0
DA:604,0
DA:605,0
DA:608,0
DA:613,0
DA:614,0
DA:619,0
DA:620,0
DA:621,0
DA:623,0
DA:624,0
DA:625,0
DA:626,0
DA:631,0
DA:632,0
DA:633,0
DA:635,0
DA:636,0
DA:637,0
DA:638,0
DA:643,0
DA:644,0
DA:645,0
DA:647,0
DA:648,0
DA:655,0
DA:656,0
DA:657,0
DA:658,0
DA:660,0
DA:661,0
LF:396
LH:1
BRDA:8,0,0,0
BRDA:8,0,1,0
BRDA:17,1,0,0
BRDA:17,1,1,0
BRDA:19,2,0,0
BRDA:19,2,1,0
BRDA:26,3,0,0
BRDA:26,3,1,0
BRDA:64,4,0,0
BRDA:64,4,1,0
BRDA:89,5,0,0
BRDA:89,5,1,0
BRDA:101,6,0,0
BRDA:101,6,1,0
BRDA:116,7,0,0
BRDA:117,8,0,0
BRDA:117,8,1,0
BRDA:120,9,0,0
BRDA:120,9,1,0
BRDA:123,10,0,0
BRDA:123,10,1,0
BRDA:125,11,0,0
BRDA:125,11,1,0
BRDA:128,12,0,0
BRDA:128,12,1,0
BRDA:138,13,0,0
BRDA:138,13,1,0
BRDA:144,14,0,0
BRDA:144,14,1,0
BRDA:147,15,0,0
BRDA:147,15,1,0
BRDA:153,16,0,0
BRDA:153,16,1,0
BRDA:161,17,0,0
BRDA:161,17,1,0
BRDA:173,18,0,0
BRDA:173,18,1,0
BRDA:175,19,0,0
BRDA:175,19,1,0
BRDA:183,20,0,0
BRDA:183,20,1,0
BRDA:196,21,0,0
BRDA:196,21,1,0
BRDA:197,22,0,0
BRDA:197,22,1,0
BRDA:205,23,0,0
BRDA:205,23,1,0
BRDA:214,24,0,0
BRDA:214,24,1,0
BRDA:229,25,0,0
BRDA:229,25,1,0
BRDA:231,26,0,0
BRDA:231,26,1,0
BRDA:252,27,0,0
BRDA:252,27,1,0
BRDA:261,28,0,0
BRDA:261,28,1,0
BRDA:281,29,0,0
BRDA:281,29,1,0
BRDA:298,30,0,0
BRDA:298,30,1,0
BRDA:314,31,0,0
BRDA:314,31,1,0
BRDA:325,32,0,0
BRDA:325,32,1,0
BRDA:326,33,0,0
BRDA:326,33,1,0
BRDA:340,34,0,0
BRDA:340,34,1,0
BRDA:341,35,0,0
BRDA:341,35,1,0
BRDA:342,36,0,0
BRDA:342,36,1,0
BRDA:344,37,0,0
BRDA:344,37,1,0
BRDA:358,38,0,0
BRDA:358,38,1,0
BRDA:381,39,0,0
BRDA:381,39,1,0
BRDA:388,40,0,0
BRDA:388,40,1,0
BRDA:397,41,0,0
BRDA:397,41,1,0
BRDA:407,42,0,0
BRDA:409,43,0,0
BRDA:409,43,1,0
BRDA:411,44,0,0
BRDA:411,44,1,0
BRDA:414,45,0,0
BRDA:414,45,1,0
BRDA:443,46,0,0
BRDA:443,46,1,0
BRDA:446,47,0,0
BRDA:446,47,1,0
BRDA:446,48,0,0
BRDA:446,48,1,0
BRDA:446,48,2,0
BRDA:451,49,0,0
BRDA:451,49,1,0
BRDA:467,50,0,0
BRDA:467,50,1,0
BRDA:474,51,0,0
BRDA:474,51,1,0
BRDA:477,52,0,0
BRDA:477,52,1,0
BRDA:484,53,0,0
BRDA:484,53,1,0
BRDA:494,54,0,0
BRDA:494,54,1,0
BRDA:494,55,0,0
BRDA:494,55,1,0
BRDA:496,56,0,0
BRDA:496,56,1,0
BRDA:518,57,0,0
BRDA:518,57,1,0
BRDA:518,58,0,0
BRDA:518,58,1,0
BRDA:520,59,0,0
BRDA:520,59,1,0
BRDA:538,60,0,0
BRDA:538,60,1,0
BRDA:541,61,0,0
BRDA:541,61,1,0
BRDA:541,62,0,0
BRDA:541,62,1,0
BRDA:542,63,0,0
BRDA:542,63,1,0
BRDA:553,64,0,0
BRDA:553,64,1,0
BRDA:555,65,0,0
BRDA:555,65,1,0
BRDA:561,66,0,0
BRDA:561,66,1,0
BRDA:563,67,0,0
BRDA:563,67,1,0
BRDA:573,68,0,0
BRDA:573,68,1,0
BRDA:575,69,0,0
BRDA:575,69,1,0
BRDA:586,70,0,0
BRDA:586,70,1,0
BRDA:599,71,0,0
BRDA:599,71,1,0
BRDA:599,72,0,0
BRDA:599,72,1,0
BRDA:602,73,0,0
BRDA:602,73,1,0
BRDA:603,74,0,0
BRDA:603,74,1,0
BRDA:604,75,0,0
BRDA:604,75,1,0
BRDA:605,76,0,0
BRDA:605,76,1,0
BRDA:613,77,0,0
BRDA:613,77,1,0
BRDA:621,78,0,0
BRDA:621,78,1,0
BRDA:624,79,0,0
BRDA:624,79,1,0
BRDA:626,80,0,0
BRDA:626,80,1,0
BRDA:633,81,0,0
BRDA:633,81,1,0
BRDA:636,82,0,0
BRDA:636,82,1,0
BRDA:638,83,0,0
BRDA:638,83,1,0
BRDA:645,84,0,0
BRDA:645,84,1,0
BRDA:648,85,0,0
BRDA:648,85,1,0
BRDA:658,86,0,0
BRDA:658,86,1,0
BRDA:658,87,0,0
BRDA:658,87,1,0
BRDA:660,88,0,0
BRDA:660,88,1,0
BRDA:661,89,0,0
BRDA:661,89,1,0
BRF:179
BRH:0
end_of_record
TN:
SF:app/javascript/controllers/mobile_footer_controller.js
FN:13,(anonymous_0)
FN:25,(anonymous_1)
FN:31,(anonymous_2)
FN:37,(anonymous_3)
FN:43,(anonymous_4)
FN:49,(anonymous_5)
FN:56,(anonymous_6)
FN:64,(anonymous_7)
FN:77,(anonymous_8)
FN:83,(anonymous_9)
FN:88,(anonymous_10)
FN:89,(anonymous_11)
FN:95,(anonymous_12)
FN:100,(anonymous_13)
FNF:14
FNH:0
FNDA:0,(anonymous_0)
FNDA:0,(anonymous_1)
FNDA:0,(anonymous_2)
FNDA:0,(anonymous_3)
FNDA:0,(anonymous_4)
FNDA:0,(anonymous_5)
FNDA:0,(anonymous_6)
FNDA:0,(anonymous_7)
FNDA:0,(anonymous_8)
FNDA:0,(anonymous_9)
FNDA:0,(anonymous_10)
FNDA:0,(anonymous_11)
FNDA:0,(anonymous_12)
FNDA:0,(anonymous_13)
DA:11,8
DA:15,0
DA:16,0
DA:18,0
DA:19,0
DA:22,0
DA:26,0
DA:27,0
DA:32,0
DA:33,0
DA:38,0
DA:39,0
DA:44,0
DA:45,0
DA:50,0
DA:51,0
DA:57,0
DA:60,0
DA:63,0
DA:64,0
DA:65,0
DA:66,0
DA:67,0
DA:68,0
DA:69,0
DA:70,0
DA:75,0
DA:76,0
DA:77,0
DA:79,0
DA:84,0
DA:85,0
DA:89,0
DA:90,0
DA:91,0
DA:96,0
DA:97,0
DA:102,0
DA:103,0
LF:39
LH:1
BRDA:50,0,0,0
BRDA:50,0,1,0
BRDA:50,1,0,0
BRDA:50,1,1,0
BRDA:66,2,0,0
BRDA:66,2,1,0
BRDA:68,3,0,0
BRDA:68,3,1,0
BRDA:75,4,0,0
BRDA:75,4,1,0
BRDA:75,5,0,0
BRDA:75,5,1,0
BRDA:77,6,0,0
BRDA:77,6,1,0
BRDA:79,7,0,0
BRDA:79,7,1,0
BRDA:102,8,0,0
BRDA:102,8,1,0
BRDA:103,9,0,0
BRDA:103,9,1,0
BRF:20
BRH:0
end_of_record
TN:
SF:app/javascript/controllers/mobile_super_search_controller.js
FN:7,(anonymous_0)
FN:12,(anonymous_1)
FN:13,(anonymous_2)
FN:15,(anonymous_3)
FN:16,(anonymous_4)
FN:29,(anonymous_5)
FN:41,(anonymous_6)
FN:53,(anonymous_7)
FN:58,(anonymous_8)
FN:64,(anonymous_9)
FN:70,(anonymous_10)
FN:78,(anonymous_11)
FN:85,(anonymous_12)
FN:86,(anonymous_13)
FNF:14
FNH:0
FNDA:0,(anonymous_0)
FNDA:0,(anonymous_1)
FNDA:0,(anonymous_2)
FNDA:0,(anonymous_3)
FNDA:0,(anonymous_4)
FNDA:0,(anonymous_5)
FNDA:0,(anonymous_6)
FNDA:0,(anonymous_7)
FNDA:0,(anonymous_8)
FNDA:0,(anonymous_9)
FNDA:0,(anonymous_10)
FNDA:0,(anonymous_11)
FNDA:0,(anonymous_12)
FNDA:0,(anonymous_13)
DA:5,8
DA:8,0
DA:9,0
DA:10,0
DA:12,0
DA:13,0
DA:15,0
DA:16,0
DA:18,0
DA:19,0
DA:20,0
DA:21,0
DA:24,0
DA:25,0
DA:30,0
DA:31,0
DA:32,0
DA:33,0
DA:34,0
DA:42,0
DA:43,0
DA:44,0
DA:45,0
DA:46,0
DA:47,0
DA:48,0
DA:49,0
DA:50,0
DA:54,0
DA:55,0
DA:59,0
DA:60,0
DA:61,0
DA:65,0
DA:66,0
DA:71,0
DA:72,0
DA:73,0
DA:74,0
DA:75,0
DA:79,0
DA:80,0
DA:81,0
DA:82,0
DA:86,0
DA:87,0
DA:88,0
DA:89,0
LF:48
LH:1
BRDA:18,0,0,0
BRDA:18,0,1,0
BRDA:30,1,0,0
BRDA:30,1,1,0
BRDA:44,2,0,0
BRDA:44,2,1,0
BRDA:61,3,0,0
BRDA:61,3,1,0
BRDA:66,4,0,0
BRDA:66,4,1,0
BRDA:72,5,0,0
BRDA:72,5,1,0
BRDA:72,6,0,0
BRDA:72,6,1,0
BRDA:73,7,0,0
BRDA:73,7,1,0
BRDA:79,8,0,0
BRDA:79,8,1,0
BRDA:80,9,0,0
BRDA:80,9,1,0
BRDA:81,10,0,0
BRDA:81,10,1,0
BRDA:82,11,0,0
BRDA:82,11,1,0
BRF:24
BRH:0
end_of_record
TN:
SF:app/javascript/controllers/modal_controller.js
FN:8,(anonymous_0)
FN:10,(anonymous_1)
FN:15,(anonymous_2)
FN:17,(anonymous_3)
FN:21,(anonymous_4)
FN:34,(anonymous_5)
FN:37,(anonymous_6)
FN:44,(anonymous_7)
FN:51,(anonymous_8)
FN:58,(anonymous_9)
FN:59,(anonymous_10)
FN:61,(anonymous_11)
FN:67,(anonymous_12)
FN:72,(anonymous_13)
FN:80,(anonymous_14)
FN:82,(anonymous_15)
FNF:16
FNH:13
FNDA:5,(anonymous_0)
FNDA:5,(anonymous_1)
FNDA:5,(anonymous_2)
FNDA:5,(anonymous_3)
FNDA:0,(anonymous_4)
FNDA:5,(anonymous_5)
FNDA:1,(anonymous_6)
FNDA:0,(anonymous_7)
FNDA:0,(anonymous_8)
FNDA:3,(anonymous_9)
FNDA:3,(anonymous_10)
FNDA:3,(anonymous_11)
FNDA:1,(anonymous_12)
FNDA:13,(anonymous_13)
FNDA:8,(anonymous_14)
FNDA:8,(anonymous_15)
DA:10,5
DA:11,5
DA:12,5
DA:15,5
DA:16,5
DA:17,5
DA:18,5
DA:19,5
DA:21,5
DA:22,5
DA:23,5
DA:25,5
DA:29,5
DA:30,5
DA:33,5
DA:34,5
DA:37,5
DA:38,1
DA:39,1
DA:41,1
DA:42,1
DA:44,1
DA:45,1
DA:46,1
DA:48,5
DA:52,0
DA:53,0
DA:58,13
DA:59,3
DA:60,3
DA:61,3
DA:62,3
DA:63,3
DA:65,3
DA:67,3
DA:68,3
DA:69,3
DA:72,13
DA:73,13
DA:74,13
DA:75,13
DA:76,13
DA:79,13
DA:80,8
DA:81,8
DA:82,8
DA:83,8
DA:84,8
DA:86,8
LF:49
LH:47
BRDA:16,0,0,5
BRDA:16,0,1,5
BRDA:34,1,0,5
BRDA:34,1,1,0
BRDA:42,2,0,1
BRDA:42,2,1,0
BRDA:60,3,0,3
BRDA:60,3,1,3
BRDA:74,4,0,0
BRDA:74,4,1,13
BRDA:79,5,0,8
BRDA:79,5,1,5
BRDA:79,6,0,13
BRDA:79,6,1,8
BRDA:81,7,0,8
BRDA:81,7,1,8
BRF:16
BRH:13
end_of_record
TN:
SF:app/javascript/controllers/playlist_modal_controller.js
FN:26,(anonymous_0)
FN:38,(anonymous_1)
FN:49,(anonymous_2)
FN:61,(anonymous_3)
FN:83,(anonymous_4)
FN:88,(anonymous_5)
FN:100,(anonymous_6)
FN:110,(anonymous_7)
FN:126,(anonymous_8)
FN:146,(anonymous_9)
FN:147,(anonymous_10)
FN:160,runGlobalOverlayCleanup
FN:162,(anonymous_12)
FN:174,(anonymous_13)
FN:180,(anonymous_14)
FN:181,(anonymous_15)
FN:193,(anonymous_16)
FN:197,(anonymous_17)
FNF:18
FNH:0
FNDA:0,(anonymous_0)
FNDA:0,(anonymous_1)
FNDA:0,(anonymous_2)
FNDA:0,(anonymous_3)
FNDA:0,(anonymous_4)
FNDA:0,(anonymous_5)
FNDA:0,(anonymous_6)
FNDA:0,(anonymous_7)
FNDA:0,(anonymous_8)
FNDA:0,(anonymous_9)
FNDA:0,(anonymous_10)
FNDA:0,runGlobalOverlayCleanup
FNDA:0,(anonymous_12)
FNDA:0,(anonymous_13)
FNDA:0,(anonymous_14)
FNDA:0,(anonymous_15)
FNDA:0,(anonymous_16)
FNDA:0,(anonymous_17)
DA:21,8
DA:28,0
DA:29,0
DA:30,0
DA:31,0
DA:35,0
DA:38,0
DA:39,0
DA:40,0
DA:41,0
DA:43,0
DA:46,0
DA:50,0
DA:51,0
DA:52,0
DA:53,0
DA:54,0
DA:57,0
DA:62,0
DA:64,0
DA:65,0
DA:66,0
DA:70,0
DA:71,0
DA:74,0
DA:79,0
DA:83,0
DA:84,0
DA:85,0
DA:86,0
DA:87,0
DA:88,0
DA:89,0
DA:90,0
DA:91,0
DA:92,0
DA:93,0
DA:101,0
DA:102,0
DA:103,0
DA:104,0
DA:110,0
DA:111,0
DA:112,0
DA:113,0
DA:114,0
DA:117,0
DA:118,0
DA:119,0
DA:120,0
DA:126,0
DA:127,0
DA:128,0
DA:129,0
DA:132,0
DA:135,0
DA:139,0
DA:146,0
DA:147,0
DA:148,0
DA:149,0
DA:150,0
DA:151,0
DA:155,0
DA:162,0
DA:163,0
DA:164,0
DA:165,0
DA:167,0
DA:168,0
DA:169,0
DA:170,0
DA:174,0
DA:175,0
DA:176,0
DA:177,0
DA:180,0
DA:181,0
DA:182,0
DA:183,0
DA:184,0
DA:185,0
DA:189,0
DA:190,0
DA:193,8
DA:194,0
DA:197,8
DA:198,0
LF:88
LH:3
BRDA:28,0,0,0
BRDA:28,0,1,0
BRDA:29,1,0,0
BRDA:29,1,1,0
BRDA:50,2,0,0
BRDA:50,2,1,0
BRDA:62,3,0,0
BRDA:62,3,1,0
BRDA:64,4,0,0
BRDA:64,4,1,0
BRDA:85,5,0,0
BRDA:85,5,1,0
BRDA:101,6,0,0
BRDA:101,6,1,0
BRDA:102,7,0,0
BRDA:102,7,1,0
BRDA:103,8,0,0
BRDA:103,8,1,0
BRDA:112,9,0,0
BRDA:112,9,1,0
BRDA:164,10,0,0
BRDA:164,10,1,0
BRF:22
BRH:0
end_of_record
TN:
SF:app/javascript/controllers/push_controller.js
FN:5,(anonymous_0)
FN:46,(anonymous_1)
FN:50,(anonymous_2)
FNF:3
FNH:0
FNDA:0,(anonymous_0)
FNDA:0,(anonymous_1)
FNDA:0,(anonymous_2)
DA:6,0
DA:7,0
DA:8,0
DA:9,0
DA:12,0
DA:13,0
DA:15,0
DA:16,0
DA:18,0
DA:19,0
DA:20,0
DA:21,0
DA:23,0
DA:27,0
DA:32,0
DA:33,0
DA:42,0
DA:47,0
DA:48,0
DA:49,0
DA:50,0
LF:21
LH:0
BRDA:6,0,0,0
BRDA:6,0,1,0
BRDA:9,1,0,0
BRDA:9,1,1,0
BRDA:13,2,0,0
BRDA:13,2,1,0
BRDA:19,3,0,0
BRDA:19,3,1,0
BRF:8
BRH:0
end_of_record
TN:
SF:app/javascript/controllers/reaction_controller.js
FN:11,(anonymous_0)
FN:47,(anonymous_1)
FN:48,(anonymous_2)
FN:53,(anonymous_3)
FNF:4
FNH:0
FNDA:0,(anonymous_0)
FNDA:0,(anonymous_1)
FNDA:0,(anonymous_2)
FNDA:0,(anonymous_3)
DA:4,8
DA:9,8
DA:12,0
DA:14,0
DA:15,0
DA:16,0
DA:17,0
DA:18,0
DA:20,0
DA:21,0
DA:22,0
DA:25,0
DA:27,0
DA:28,0
DA:29,0
DA:31,0
DA:32,0
DA:36,0
DA:39,0
DA:47,0
DA:49,0
DA:50,0
DA:54,0
LF:23
LH:2
BRDA:18,0,0,0
BRDA:18,0,1,0
BRDA:20,1,0,0
BRDA:20,1,1,0
BRDA:21,2,0,0
BRDA:21,2,1,0
BRDA:27,3,0,0
BRDA:27,3,1,0
BRDA:49,4,0,0
BRDA:49,4,1,0
BRF:10
BRH:0
end_of_record
TN:
SF:app/javascript/controllers/record_btn_controller.js
FN:4,(anonymous_0)
FN:8,(anonymous_1)
FN:9,(anonymous_2)
FN:12,(anonymous_3)
FNF:4
FNH:4
FNDA:1,(anonymous_0)
FNDA:4,(anonymous_1)
FNDA:2,(anonymous_2)
FNDA:5,(anonymous_3)
DA:5,1
DA:9,4
DA:10,2
DA:12,4
DA:13,5
LF:5
LH:5
BRF:0
BRH:0
end_of_record
TN:
SF:app/javascript/controllers/redirect_controller.js
FN:5,(anonymous_0)
FN:6,(anonymous_1)
FNF:2
FNH:0
FNDA:0,(anonymous_0)
FNDA:0,(anonymous_1)
DA:6,0
DA:7,0
LF:2
LH:0
BRF:0
BRH:0
end_of_record
TN:
SF:app/javascript/controllers/search_music_controller.js
FN:9,(anonymous_0)
FN:14,(anonymous_1)
FN:24,(anonymous_2)
FN:38,(anonymous_3)
FN:49,(anonymous_4)
FN:136,(anonymous_5)
FN:143,(anonymous_6)
FN:150,(anonymous_7)
FN:154,(anonymous_8)
FN:175,(anonymous_9)
FN:179,(anonymous_10)
FN:200,(anonymous_11)
FNF:12
FNH:11
FNDA:7,(anonymous_0)
FNDA:3,(anonymous_1)
FNDA:0,(anonymous_2)
FNDA:5,(anonymous_3)
FNDA:32,(anonymous_4)
FNDA:1,(anonymous_5)
FNDA:1,(anonymous_6)
FNDA:1,(anonymous_7)
FNDA:1,(anonymous_8)
FNDA:1,(anonymous_9)
FNDA:1,(anonymous_10)
FNDA:1,(anonymous_11)
DA:7,11
DA:10,7
DA:11,7
DA:15,3
DA:16,3
DA:18,2
DA:19,2
DA:20,2
DA:24,2
DA:25,2
DA:27,1
DA:28,1
DA:29,1
DA:31,1
DA:32,1
DA:34,2
DA:39,5
DA:40,5
DA:41,0
DA:42,0
DA:45,5
DA:46,5
DA:47,5
DA:49,5
DA:50,32
DA:51,32
DA:53,32
DA:54,32
DA:56,32
DA:57,32
DA:58,32
DA:59,32
DA:60,32
DA:62,32
DA:63,32
DA:64,32
DA:66,32
DA:67,32
DA:68,32
DA:69,32
DA:70,32
DA:71,32
DA:72,32
DA:73,32
DA:75,32
DA:76,32
DA:77,32
DA:78,32
DA:79,32
DA:80,32
DA:81,32
DA:82,32
DA:83,32
DA:84,32
DA:85,32
DA:86,32
DA:88,32
DA:89,32
DA:90,32
DA:92,32
DA:93,32
DA:95,32
DA:96,32
DA:98,32
DA:100,32
DA:101,32
DA:102,32
DA:104,32
DA:107,5
DA:108,5
DA:109,5
DA:111,5
DA:112,1
DA:113,1
DA:114,1
DA:115,1
DA:116,1
DA:117,1
DA:120,5
DA:121,5
DA:122,5
DA:124,5
DA:125,2
DA:126,2
DA:127,2
DA:128,2
DA:129,2
DA:130,2
DA:133,5
DA:137,1
DA:138,1
DA:139,1
DA:144,1
DA:145,1
DA:146,1
DA:151,1
DA:152,1
DA:153,1
DA:154,1
DA:156,1
DA:163,1
DA:164,1
DA:165,1
DA:166,1
DA:167,1
DA:168,1
DA:169,1
DA:171,1
DA:172,1
DA:176,1
DA:180,1
DA:181,1
DA:183,1
DA:187,1
DA:189,1
DA:191,1
DA:192,1
DA:194,1
DA:195,0
DA:196,0
DA:201,1
DA:202,1
DA:206,1
DA:208,1
DA:210,1
DA:211,0
DA:212,0
DA:215,1
DA:216,1
DA:219,0
DA:220,0
LF:131
LH:123
BRDA:16,0,0,1
BRDA:16,0,1,2
BRDA:25,1,0,1
BRDA:25,1,1,1
BRDA:25,2,0,1
BRDA:25,2,1,0
BRDA:40,3,0,0
BRDA:40,3,1,5
BRDA:57,4,0,32
BRDA:57,4,1,32
BRDA:111,5,0,1
BRDA:111,5,1,4
BRDA:124,6,0,2
BRDA:124,6,1,3
BRDA:137,7,0,1
BRDA:137,7,1,0
BRDA:144,8,0,1
BRDA:144,8,1,0
BRDA:181,9,0,1
BRDA:181,9,1,0
BRDA:187,10,0,0
BRDA:187,10,1,1
BRDA:192,11,0,1
BRDA:192,11,1,0
BRDA:194,12,0,0
BRDA:194,12,1,1
BRDA:194,13,0,1
BRDA:194,13,1,0
BRDA:196,14,0,0
BRDA:196,14,1,0
BRDA:206,15,0,0
BRDA:206,15,1,1
BRDA:210,16,0,0
BRDA:210,16,1,1
BRDA:212,17,0,0
BRDA:212,17,1,0
BRDA:216,18,0,1
BRDA:216,18,1,0
BRF:38
BRH:22
end_of_record
TN:
SF:app/javascript/controllers/submit_handler_controller.js
FN:8,(anonymous_0)
FN:13,(anonymous_1)
FN:16,(anonymous_2)
FN:24,(anonymous_3)
FN:38,(anonymous_4)
FN:49,(anonymous_5)
FN:68,(anonymous_6)
FN:135,(anonymous_7)
FN:163,(anonymous_8)
FN:176,(anonymous_9)
FNF:10
FNH:0
FNDA:0,(anonymous_0)
FNDA:0,(anonymous_1)
FNDA:0,(anonymous_2)
FNDA:0,(anonymous_3)
FNDA:0,(anonymous_4)
FNDA:0,(anonymous_5)
FNDA:0,(anonymous_6)
FNDA:0,(anonymous_7)
FNDA:0,(anonymous_8)
FNDA:0,(anonymous_9)
DA:6,8
DA:9,0
DA:10,0
DA:13,0
DA:14,0
DA:15,0
DA:16,0
DA:17,0
DA:26,0
DA:31,0
DA:32,0
DA:33,0
DA:34,0
DA:39,0
DA:40,0
DA:41,0
DA:42,0
DA:44,0
DA:45,0
DA:46,0
DA:50,0
DA:52,0
DA:53,0
DA:54,0
DA:56,0
DA:57,0
DA:60,0
DA:62,0
DA:69,0
DA:70,0
DA:72,0
DA:74,0
DA:87,0
DA:88,0
DA:89,0
DA:90,0
DA:91,0
DA:92,0
DA:98,0
DA:99,0
DA:100,0
DA:101,0
DA:102,0
DA:109,0
DA:115,0
DA:117,0
DA:118,0
DA:119,0
DA:120,0
DA:121,0
DA:122,0
DA:125,0
DA:126,0
DA:127,0
DA:128,0
DA:129,0
DA:135,0
DA:136,0
DA:137,0
DA:139,0
DA:151,0
DA:152,0
DA:164,0
DA:165,0
DA:166,0
DA:177,0
DA:178,0
DA:179,0
LF:68
LH:1
BRDA:10,0,0,0
BRDA:10,0,1,0
BRDA:15,1,0,0
BRDA:15,1,1,0
BRDA:26,2,0,0
BRDA:26,2,1,0
BRDA:26,2,2,0
BRDA:26,2,3,0
BRDA:26,2,4,0
BRDA:31,3,0,0
BRDA:31,3,1,0
BRDA:33,4,0,0
BRDA:33,4,1,0
BRDA:40,5,0,0
BRDA:40,5,1,0
BRDA:45,6,0,0
BRDA:45,6,1,0
BRDA:53,7,0,0
BRDA:53,7,1,0
BRDA:54,8,0,0
BRDA:54,8,1,0
BRDA:72,9,0,0
BRDA:72,9,1,0
BRDA:72,10,0,0
BRDA:72,10,1,0
BRDA:87,11,0,0
BRDA:87,11,1,0
BRDA:89,12,0,0
BRDA:89,12,1,0
BRDA:91,13,0,0
BRDA:91,13,1,0
BRDA:99,14,0,0
BRDA:99,14,1,0
BRDA:101,15,0,0
BRDA:101,15,1,0
BRDA:109,16,0,0
BRDA:109,16,1,0
BRDA:109,16,2,0
BRDA:109,16,3,0
BRDA:109,16,4,0
BRDA:115,17,0,0
BRDA:115,17,1,0
BRDA:115,18,0,0
BRDA:115,18,1,0
BRDA:115,18,2,0
BRDA:115,18,3,0
BRDA:117,19,0,0
BRDA:117,19,1,0
BRDA:120,20,0,0
BRDA:120,20,1,0
BRDA:122,21,0,0
BRDA:122,21,1,0
BRDA:122,22,0,0
BRDA:122,22,1,0
BRDA:122,22,2,0
BRDA:122,22,3,0
BRDA:126,23,0,0
BRDA:126,23,1,0
BRDA:128,24,0,0
BRDA:128,24,1,0
BRDA:135,25,0,0
BRDA:135,25,1,0
BRDA:136,26,0,0
BRDA:136,26,1,0
BRDA:151,27,0,0
BRDA:151,27,1,0
BRDA:154,28,0,0
BRDA:154,28,1,0
BRDA:154,29,0,0
BRDA:154,29,1,0
BRDA:165,30,0,0
BRDA:165,30,1,0
BRDA:177,31,0,0
BRDA:177,31,1,0
BRDA:178,32,0,0
BRDA:178,32,1,0
BRF:76
BRH:0
end_of_record
TN:
SF:app/javascript/controllers/tag_autocomplete_controller.js
FN:6,(anonymous_0)
FN:8,(anonymous_1)
FN:10,(anonymous_2)
FN:14,(anonymous_3)
FN:23,(anonymous_4)
FN:33,(anonymous_5)
FN:34,(anonymous_6)
FN:37,(anonymous_7)
FN:43,(anonymous_8)
FN:48,(anonymous_9)
FN:54,(anonymous_10)
FN:58,(anonymous_11)
FN:63,(anonymous_12)
FNF:13
FNH:0
FNDA:0,(anonymous_0)
FNDA:0,(anonymous_1)
FNDA:0,(anonymous_2)
FNDA:0,(anonymous_3)
FNDA:0,(anonymous_4)
FNDA:0,(anonymous_5)
FNDA:0,(anonymous_6)
FNDA:0,(anonymous_7)
FNDA:0,(anonymous_8)
FNDA:0,(anonymous_9)
FNDA:0,(anonymous_10)
FNDA:0,(anonymous_11)
FNDA:0,(anonymous_12)
DA:4,8
DA:7,0
DA:8,0
DA:10,0
DA:11,0
DA:14,0
DA:15,0
DA:16,0
DA:19,0
DA:20,0
DA:24,0
DA:26,0
DA:27,0
DA:28,0
DA:29,0
DA:32,0
DA:33,0
DA:35,0
DA:37,0
DA:38,0
DA:39,0
DA:40,0
DA:41,0
DA:43,0
DA:45,0
DA:49,0
DA:50,0
DA:55,0
DA:56,0
DA:57,0
DA:58,0
DA:59,0
DA:64,0
DA:65,0
LF:34
LH:1
BRDA:24,0,0,0
BRDA:24,0,1,0
BRDA:27,1,0,0
BRDA:27,1,1,0
BRDA:39,2,0,0
BRDA:39,2,1,0
BRDA:64,3,0,0
BRDA:64,3,1,0
BRF:8
BRH:0
end_of_record
TN:
SF:app/javascript/controllers/tag_input_controller.js
FN:6,(anonymous_0)
FN:13,(anonymous_1)
FN:20,(anonymous_2)
FN:53,(anonymous_3)
FN:58,(anonymous_4)
FN:59,(anonymous_5)
FN:61,(anonymous_6)
FN:65,(anonymous_7)
FN:74,(anonymous_8)
FN:80,(anonymous_9)
FN:82,(anonymous_10)
FN:91,(anonymous_11)
FN:92,(anonymous_12)
FN:102,(anonymous_13)
FN:106,(anonymous_14)
FNF:15
FNH:0
FNDA:0,(anonymous_0)
FNDA:0,(anonymous_1)
FNDA:0,(anonymous_2)
FNDA:0,(anonymous_3)
FNDA:0,(anonymous_4)
FNDA:0,(anonymous_5)
FNDA:0,(anonymous_6)
FNDA:0,(anonymous_7)
FNDA:0,(anonymous_8)
FNDA:0,(anonymous_9)
FNDA:0,(anonymous_10)
FNDA:0,(anonymous_11)
FNDA:0,(anonymous_12)
FNDA:0,(anonymous_13)
FNDA:0,(anonymous_14)
DA:4,8
DA:8,0
DA:11,0
DA:12,0
DA:13,0
DA:16,0
DA:17,0
DA:21,0
DA:22,0
DA:24,0
DA:27,0
DA:29,0
DA:30,0
DA:31,0
DA:34,0
DA:35,0
DA:36,0
DA:39,0
DA:40,0
DA:41,0
DA:44,0
DA:45,0
DA:46,0
DA:49,0
DA:50,0
DA:54,0
DA:55,0
DA:57,0
DA:58,0
DA:60,0
DA:61,0
DA:62,0
DA:63,0
DA:64,0
DA:65,0
DA:66,0
DA:67,0
DA:69,0
DA:75,0
DA:76,0
DA:77,0
DA:81,0
DA:82,0
DA:83,0
DA:84,0
DA:85,0
DA:87,0
DA:88,0
DA:89,0
DA:90,0
DA:91,0
DA:92,0
DA:93,0
DA:94,0
DA:97,0
DA:98,0
DA:103,0
DA:107,0
DA:108,0
LF:59
LH:1
BRDA:12,0,0,0
BRDA:12,0,1,0
BRDA:21,1,0,0
BRDA:21,1,1,0
BRDA:27,2,0,0
BRDA:27,2,1,0
BRDA:29,3,0,0
BRDA:29,3,1,0
BRDA:34,4,0,0
BRDA:34,4,1,0
BRDA:39,5,0,0
BRDA:39,5,1,0
BRDA:44,6,0,0
BRDA:44,6,1,0
BRDA:55,7,0,0
BRDA:55,7,1,0
BRF:16
BRH:0
end_of_record
TN:
SF:app/javascript/controllers/view_switcher_controller.js
FN:4,(anonymous_0)
FN:15,(anonymous_1)
FN:21,(anonymous_2)
FN:30,(anonymous_3)
FN:67,(anonymous_4)
FN:69,(anonymous_5)
FN:77,(anonymous_6)
FN:83,(anonymous_7)
FN:89,(anonymous_8)
FN:96,(anonymous_9)
FNF:10
FNH:0
FNDA:0,(anonymous_0)
FNDA:0,(anonymous_1)
FNDA:0,(anonymous_2)
FNDA:0,(anonymous_3)
FNDA:0,(anonymous_4)
FNDA:0,(anonymous_5)
FNDA:0,(anonymous_6)
FNDA:0,(anonymous_7)
FNDA:0,(anonymous_8)
FNDA:0,(anonymous_9)
DA:5,0
DA:6,0
DA:7,0
DA:8,0
DA:11,0
DA:12,0
DA:16,0
DA:17,0
DA:18,0
DA:22,0
DA:23,0
DA:24,0
DA:27,0
DA:30,0
DA:32,0
DA:33,0
DA:36,0
DA:40,0
DA:41,0
DA:44,0
DA:45,0
DA:46,0
DA:48,0
DA:49,0
DA:51,0
DA:54,0
DA:55,0
DA:56,0
DA:58,0
DA:59,0
DA:63,0
DA:69,0
DA:70,0
DA:74,0
DA:76,0
DA:77,0
DA:78,0
DA:82,0
DA:83,0
DA:84,0
DA:88,0
DA:89,0
DA:90,0
DA:95,0
DA:96,0
DA:97,0
LF:46
LH:0
BRDA:36,0,0,0
BRDA:36,0,1,0
BRDA:37,1,0,0
BRDA:37,1,1,0
BRDA:44,2,0,0
BRDA:44,2,1,0
BRDA:44,3,0,0
BRDA:44,3,1,0
BRDA:44,3,2,0
BRDA:45,4,0,0
BRDA:45,4,1,0
BRDA:48,5,0,0
BRDA:48,5,1,0
BRDA:54,6,0,0
BRDA:54,6,1,0
BRDA:76,7,0,0
BRDA:76,7,1,0
BRDA:76,8,0,0
BRDA:76,8,1,0
BRDA:76,8,2,0
BRDA:82,9,0,0
BRDA:82,9,1,0
BRDA:88,10,0,0
BRDA:88,10,1,0
BRDA:95,11,0,0
BRDA:95,11,1,0
BRF:26
BRH:0
end_of_record
TN:
SF:app/javascript/custom/comments.js
FN:1,(anonymous_0)
FN:2,createComment
FN:22,(anonymous_2)
FN:29,(anonymous_3)
FNF:4
FNH:0
FNDA:0,(anonymous_0)
FNDA:0,createComment
FNDA:0,(anonymous_2)
FNDA:0,(anonymous_3)
DA:1,7
DA:3,0
DA:4,0
DA:5,0
DA:6,0
DA:9,0
DA:10,0
DA:11,0
DA:14,0
DA:15,0
DA:18,0
DA:23,0
DA:29,0
DA:30,0
LF:14
LH:1
BRF:0
BRH:0
end_of_record
TN:
SF:app/javascript/custom/flash_messages.js
FN:4,(anonymous_0)
FN:5,showFlashSwal
FN:37,(anonymous_2)
FN:59,(anonymous_3)
FN:69,(anonymous_4)
FN:74,(anonymous_5)
FN:85,(anonymous_6)
FN:89,(anonymous_7)
FN:108,(anonymous_8)
FN:109,(anonymous_9)
FN:140,(anonymous_10)
FNF:11
FNH:3
FNDA:7,(anonymous_0)
FNDA:0,showFlashSwal
FNDA:0,(anonymous_2)
FNDA:0,(anonymous_3)
FNDA:38,(anonymous_4)
FNDA:0,(anonymous_5)
FNDA:0,(anonymous_6)
FNDA:0,(anonymous_7)
FNDA:0,(anonymous_8)
FNDA:0,(anonymous_9)
FNDA:2,(anonymous_10)
DA:2,7
DA:4,7
DA:6,0
DA:8,0
DA:9,0
DA:10,0
DA:13,0
DA:14,0
DA:15,0
DA:16,0
DA:19,0
DA:20,0
DA:21,0
DA:25,0
DA:26,0
DA:27,0
DA:28,0
DA:37,0
DA:39,0
DA:40,0
DA:41,0
DA:45,0
DA:46,0
DA:47,0
DA:48,0
DA:59,0
DA:61,0
DA:62,0
DA:66,7
DA:69,7
DA:70,38
DA:71,60
DA:72,116
DA:73,0
DA:74,0
DA:75,0
DA:77,0
DA:82,7
DA:85,7
DA:86,0
DA:87,0
DA:89,0
DA:90,0
DA:92,0
DA:93,0
DA:94,0
DA:95,0
DA:98,0
DA:108,0
DA:110,0
DA:111,0
DA:112,0
DA:113,0
DA:114,0
DA:116,0
DA:117,0
DA:118,0
DA:119,0
DA:120,0
DA:122,0
DA:123,0
DA:124,0
DA:125,0
DA:126,0
DA:127,0
DA:128,0
DA:131,0
DA:132,0
DA:140,7
DA:141,2
DA:142,0
DA:143,0
LF:72
LH:11
BRDA:2,0,0,7
BRDA:2,0,1,7
BRDA:5,1,0,0
BRDA:9,2,0,0
BRDA:9,2,1,0
BRDA:10,3,0,0
BRDA:10,3,1,0
BRDA:13,4,0,0
BRDA:13,4,1,0
BRDA:13,5,0,0
BRDA:13,5,1,0
BRDA:14,6,0,0
BRDA:14,6,1,0
BRDA:19,7,0,0
BRDA:19,7,1,0
BRDA:25,8,0,0
BRDA:25,8,1,0
BRDA:25,9,0,0
BRDA:25,9,1,0
BRDA:45,10,0,0
BRDA:45,10,1,0
BRDA:72,11,0,0
BRDA:72,11,1,116
BRDA:87,12,0,0
BRDA:87,12,1,0
BRDA:92,13,0,0
BRDA:92,13,1,0
BRDA:110,14,0,0
BRDA:110,14,1,0
BRDA:111,15,0,0
BRDA:111,15,1,0
BRDA:123,16,0,0
BRDA:123,16,1,0
BRDA:141,17,0,0
BRDA:141,17,1,2
BRF:35
BRH:4
end_of_record
TN:
SF:app/javascript/custom/gages_test.js
FN:6,(anonymous_0)
FN:18,(anonymous_1)
FN:22,(anonymous_2)
FN:43,(anonymous_3)
FN:52,(anonymous_4)
FN:52,(anonymous_5)
FN:71,(anonymous_6)
FN:92,setHPAndRefresh
FN:100,getHPFromDocument
FN:108,(anonymous_9)
FN:117,(anonymous_10)
FN:124,(anonymous_11)
FN:140,(anonymous_12)
FN:141,(anonymous_13)
FN:145,(anonymous_14)
FN:146,(anonymous_15)
FN:150,(anonymous_16)
FN:151,(anonymous_17)
FN:155,ensureHPBarOnce
FN:160,(anonymous_19)
FNF:20
FNH:18
FNDA:25,(anonymous_0)
FNDA:1,(anonymous_1)
FNDA:0,(anonymous_2)
FNDA:18,(anonymous_3)
FNDA:18,(anonymous_4)
FNDA:18,(anonymous_5)
FNDA:1,(anonymous_6)
FNDA:3,setHPAndRefresh
FNDA:2,getHPFromDocument
FNDA:1,(anonymous_9)
FNDA:1,(anonymous_10)
FNDA:1,(anonymous_11)
FNDA:32,(anonymous_12)
FNDA:9,(anonymous_13)
FNDA:24,(anonymous_14)
FNDA:3,(anonymous_15)
FNDA:24,(anonymous_16)
FNDA:0,(anonymous_17)
FNDA:8,ensureHPBarOnce
FNDA:23,(anonymous_19)
DA:6,8
DA:8,25
DA:9,25
DA:10,25
DA:11,25
DA:13,25
DA:16,19
DA:17,19
DA:18,1
DA:19,1
DA:20,1
DA:22,0
DA:23,0
DA:24,0
DA:25,0
DA:28,0
DA:31,1
DA:34,18
DA:35,18
DA:39,18
DA:40,18
DA:43,18
DA:44,18
DA:45,18
DA:48,18
DA:49,18
DA:52,18
DA:53,18
DA:54,1
DA:55,1
DA:56,17
DA:57,5
DA:58,5
DA:59,12
DA:60,8
DA:61,8
DA:63,4
DA:64,4
DA:71,8
DA:72,1
DA:73,1
DA:74,1
DA:75,0
DA:77,1
DA:84,8
DA:93,3
DA:94,3
DA:95,3
DA:96,3
DA:101,2
DA:102,2
DA:103,2
DA:104,2
DA:105,2
DA:108,8
DA:109,1
DA:110,1
DA:111,1
DA:112,1
DA:113,1
DA:117,8
DA:118,1
DA:119,1
DA:120,1
DA:121,1
DA:124,8
DA:125,1
DA:126,1
DA:128,1
DA:130,1
DA:131,1
DA:132,1
DA:140,8
DA:141,32
DA:145,8
DA:146,24
DA:150,8
DA:151,24
DA:155,8
DA:156,8
DA:157,3
DA:158,3
DA:160,5
DA:161,23
DA:162,1
DA:163,1
DA:166,5
LF:87
LH:81
BRDA:13,0,0,6
BRDA:13,0,1,19
BRDA:17,1,0,1
BRDA:17,1,1,18
BRDA:17,2,0,19
BRDA:17,2,1,19
BRDA:19,3,0,1
BRDA:19,3,1,0
BRDA:23,4,0,0
BRDA:23,4,1,0
BRDA:35,5,0,13
BRDA:35,5,1,5
BRDA:35,6,0,18
BRDA:35,6,1,13
BRDA:48,7,0,7
BRDA:48,7,1,11
BRDA:49,8,0,7
BRDA:49,8,1,11
BRDA:53,9,0,1
BRDA:53,9,1,17
BRDA:55,10,0,1
BRDA:55,10,1,0
BRDA:56,11,0,5
BRDA:56,11,1,12
BRDA:58,12,0,3
BRDA:58,12,1,2
BRDA:59,13,0,8
BRDA:59,13,1,4
BRDA:61,14,0,5
BRDA:61,14,1,3
BRDA:64,15,0,1
BRDA:64,15,1,3
BRDA:74,16,0,0
BRDA:74,16,1,1
BRDA:94,17,0,3
BRDA:94,17,1,0
BRDA:100,18,0,0
BRDA:102,19,0,0
BRDA:102,19,1,2
BRDA:103,20,0,2
BRDA:103,20,1,0
BRDA:103,20,2,0
BRDA:105,21,0,2
BRDA:105,21,1,0
BRDA:110,22,0,0
BRDA:110,22,1,1
BRDA:111,23,0,1
BRDA:111,23,1,0
BRDA:113,24,0,1
BRDA:113,24,1,0
BRDA:119,25,0,0
BRDA:119,25,1,1
BRDA:121,26,0,1
BRDA:121,26,1,0
BRDA:126,27,0,0
BRDA:126,27,1,1
BRDA:128,28,0,1
BRDA:128,28,1,1
BRDA:129,29,0,1
BRDA:129,29,1,0
BRDA:130,30,0,1
BRDA:130,30,1,0
BRDA:130,31,0,1
BRDA:130,31,1,1
BRDA:132,32,0,1
BRDA:132,32,1,0
BRDA:156,33,0,3
BRDA:156,33,1,5
BRDA:161,34,0,1
BRDA:161,34,1,22
BRF:70
BRH:50
end_of_record
TN:
SF:app/javascript/custom/inline_handlers.js
FN:4,(anonymous_0)
FN:14,goToRecommended
FN:19,setupRecommendedBtn
FN:20,(anonymous_3)
FN:29,(anonymous_4)
FN:33,closeWindowHandler
FN:38,setupCloseWindowBtn
FN:39,(anonymous_7)
FN:48,confirmPlaylistDelete
FN:54,setupPlaylistDeleteBtns
FN:55,(anonymous_10)
FN:64,confirmAccountDelete
FN:70,setupAccountDeleteBtn
FN:71,(anonymous_13)
FN:80,handleAutoSubmitEmotion
FN:84,setupAutoSubmitEmotion
FN:85,(anonymous_16)
FN:94,setupInlineHandlers
FNF:18
FNH:5
FNDA:0,(anonymous_0)
FNDA:0,goToRecommended
FNDA:5,setupRecommendedBtn
FNDA:0,(anonymous_3)
FNDA:0,(anonymous_4)
FNDA:0,closeWindowHandler
FNDA:5,setupCloseWindowBtn
FNDA:0,(anonymous_7)
FNDA:0,confirmPlaylistDelete
FNDA:5,setupPlaylistDeleteBtns
FNDA:0,(anonymous_10)
FNDA:0,confirmAccountDelete
FNDA:5,setupAccountDeleteBtn
FNDA:0,(anonymous_13)
FNDA:0,handleAutoSubmitEmotion
FNDA:0,setupAutoSubmitEmotion
FNDA:0,(anonymous_16)
FNDA:5,setupInlineHandlers
DA:4,7
DA:5,0
DA:6,0
DA:7,0
DA:8,0
DA:10,0
DA:15,0
DA:16,0
DA:20,5
DA:21,0
DA:22,0
DA:29,7
DA:30,0
DA:34,0
DA:35,0
DA:39,5
DA:40,0
DA:41,0
DA:49,0
DA:50,0
DA:55,5
DA:56,0
DA:57,0
DA:65,0
DA:66,0
DA:71,5
DA:72,0
DA:73,0
DA:81,0
DA:85,0
DA:86,0
DA:87,0
DA:95,5
DA:96,5
DA:97,5
DA:98,5
DA:99,5
DA:103,7
DA:104,7
DA:106,7
LF:40
LH:14
BRDA:7,0,0,0
BRDA:7,0,1,0
BRDA:49,1,0,0
BRDA:49,1,1,0
BRDA:65,2,0,0
BRDA:65,2,1,0
BRF:6
BRH:0
end_of_record
TN:
SF:app/javascript/custom/push_subscription.js
FN:2,subscribeToPushNotifications
FN:37,urlBase64ToUint8Array
FN:44,(anonymous_2)
FNF:3
FNH:3
FNDA:6,subscribeToPushNotifications
FNDA:5,urlBase64ToUint8Array
FNDA:53,(anonymous_2)
DA:3,6
DA:4,1
DA:5,1
DA:8,5
DA:9,5
DA:11,5
DA:17,4
DA:26,4
DA:27,3
DA:29,1
DA:32,1
DA:38,5
DA:39,5
DA:43,5
DA:44,53
LF:15
LH:15
BRDA:3,0,0,1
BRDA:3,0,1,5
BRDA:3,1,0,6
BRDA:3,1,1,5
BRDA:26,2,0,3
BRDA:26,2,1,1
BRF:6
BRH:6
end_of_record
TN:
SF:app/javascript/custom/register_service_worker.js
FN:2,registerServiceWorker
FNF:1
FNH:1
FNDA:3,registerServiceWorker
DA:3,3
DA:4,1
DA:5,1
DA:7,2
DA:8,2
DA:9,1
DA:10,1
DA:12,1
DA:13,1
LF:9
LH:9
BRDA:3,0,0,1
BRDA:3,0,1,2
BRF:2
BRH:2
end_of_record
TN:
SF:app/javascript/custom/swal_my_create.js
FN:2,(anonymous_0)
FN:10,(anonymous_1)
FN:47,(anonymous_2)
FN:50,(anonymous_3)
FN:53,(anonymous_4)
FN:56,(anonymous_5)
FN:61,(anonymous_6)
FN:64,(anonymous_7)
FNF:8
FNH:5
FNDA:3,(anonymous_0)
FNDA:3,(anonymous_1)
FNDA:1,(anonymous_2)
FNDA:0,(anonymous_3)
FNDA:1,(anonymous_4)
FNDA:0,(anonymous_5)
FNDA:1,(anonymous_6)
FNDA:0,(anonymous_7)
DA:1,8
DA:10,3
DA:12,3
DA:13,3
DA:14,2
DA:15,1
DA:16,1
DA:18,3
DA:19,3
DA:20,3
DA:22,3
DA:23,3
DA:40,3
DA:43,3
DA:44,3
DA:47,3
DA:48,1
DA:49,1
DA:50,1
DA:52,3
DA:53,1
DA:54,1
DA:55,1
DA:56,1
DA:61,3
DA:62,1
DA:63,1
DA:64,1
LF:28
LH:28
BRDA:3,0,0,0
BRDA:4,1,0,0
BRDA:5,2,0,0
BRDA:6,3,0,0
BRDA:7,4,0,2
BRDA:8,5,0,2
BRDA:13,6,0,1
BRDA:13,6,1,2
BRDA:14,7,0,1
BRDA:14,7,1,1
BRDA:15,8,0,0
BRDA:15,8,1,1
BRDA:20,9,0,0
BRDA:20,9,1,3
BRDA:31,10,0,3
BRDA:31,10,1,0
BRDA:33,11,0,1
BRDA:33,11,1,2
BRDA:52,12,0,1
BRDA:52,12,1,2
BRF:20
BRH:13
end_of_record
